# GETPAR_STA format version 1.0  of 2001.05.25
# gcrf-a1u-fix.spl
STA_GCX:  AGGO             X:   2765116663.53 -+     72.357  Y:  -4449233669.49 -+     88.386  Z:  -3626420626.88 -+     74.199 Obs_used:    4509 Obs_tot:    4617 Ses_used:    16 Ses_tot:    16 Date_beg: 2018.07.02 Date_end: 2019.06.24
STA_GCU:  AGGO             U:          -24.45 -+    125.680  E:           43.34 -+     37.133  N:         -108.31 -+     37.134
STA_CRL:  AGGO             C:  -.798  -.734   .802  -.999   .798   .738   .798  -.998  -.806  -.800   .732  -.799  -.998  -.740   .806
STA_GCX:  AIRA             X:  -3530219644.64 -+      1.273  Y:   4118797501.92 -+      1.348  Z:   3344015634.99 -+      1.224 Obs_used:  101043 Obs_tot:  108904 Ses_used:   181 Ses_tot:   181 Date_beg: 1997.07.17 Date_end: 2015.03.21
STA_GCU:  AIRA             U:            3.57 -+      2.144  E:           -1.20 -+      0.363  N:           -4.59 -+      0.456
STA_CRL:  AIRA             C:  -.927  -.875   .889  -.457   .403   .369   .454  -.398  -.416  -.831   .364  -.362  -.376  -.707   .802
STA_GCX:  ALGOPARK         X:    918034534.82 -+      0.265  Y:  -4346132316.57 -+      0.572  Z:   4561971216.66 -+      0.613 Obs_used:  334887 Obs_tot:  341510 Ses_used:   746 Ses_tot:   746 Date_beg: 1984.08.24 Date_end: 2006.08.03
STA_GCU:  ALGOPARK         U:            2.23 -+      0.805  E:           -0.50 -+      0.232  N:            0.08 -+      0.265
STA_CRL:  ALGOPARK         C:  -.445   .353  -.807   .366  -.113   .081  -.206   .488  -.357  -.078   .121  -.290   .404   .048  -.320
STA_GCX:  AUSTINTX         X:   -737794262.52 -+   9934.153  Y:  -5459892582.76 -+   9992.436  Z:   3202989638.32 -+   9984.897 Obs_used:     226 Obs_tot:     230 Ses_used:     1 Ses_tot:     1 Date_beg: 1987.07.11 Date_end: 1987.07.11
STA_GCU:  AUSTINTX         U:         -111.10 -+   9998.762  E:         -481.96 -+   9933.288  N:         -927.59 -+   9979.424
STA_CRL:  AUSTINTX         C:   .001  -.001  -.002   .000   .001  -.001   .001   .000  -.002   .001  -.001  -.002   .000  -.001  -.002
STA_GCX:  AZORES           X:   4552170358.10 -+   7954.125  Y:  -2186665970.06 -+   5921.493  Z:   3882782409.98 -+   7575.724 Obs_used:     803 Obs_tot:     803 Ses_used:     5 Ses_tot:     5 Date_beg: 1992.05.29 Date_end: 1992.06.03
STA_GCU:  AZORES           U:         -936.22 -+   9668.082  E:        -3141.24 -+   5157.511  N:         3859.48 -+   5970.934
STA_CRL:  AZORES           C:  -.374   .417  -.275   .000  -.374   .417  -.374   .000  -.275  -.374   .417  -.275   .000   .417  -.275
STA_GCX:  BADARY           X:   -838200986.65 -+      0.285  Y:   3865751562.47 -+      0.505  Z:   4987670891.46 -+      0.679 Obs_used:  407980 Obs_tot:  421818 Ses_used:   425 Ses_tot:   425 Date_beg: 2007.03.01 Date_end: 2019.06.20
STA_GCU:  BADARY           U:          -10.78 -+      0.781  E:           -0.78 -+      0.287  N:           -4.97 -+      0.326
STA_CRL:  BADARY           C:  -.118  -.251   .666   .034   .075   .045   .168  -.341  -.434   .130   .070  -.284  -.258   .014   .141
STA_GCX:  BERMUDA          X:   2307203551.25 -+   6775.401  Y:  -4874221999.89 -+   8792.420  Z:   3394343388.35 -+   7822.838 Obs_used:     718 Obs_tot:     730 Ses_used:     4 Ses_tot:     4 Date_beg: 1987.08.02 Date_end: 1987.08.08
STA_GCU:  BERMUDA          U:        15744.26 -+   9886.055  E:       -11906.96 -+   6340.971  N:        18067.16 -+   6816.707
STA_CRL:  BERMUDA          C:  -.248   .035  -.360   .000  -.248   .036  -.248   .000  -.360  -.248   .035  -.360   .000   .035  -.360
STA_GCX:  BLKBUTTE         X:  -2306307289.47 -+     72.293  Y:  -4787914381.79 -+    147.017  Z:   3515736288.26 -+    104.354 Obs_used:    2178 Obs_tot:    2179 Ses_used:    12 Ses_tot:    12 Date_beg: 1983.11.08 Date_end: 1988.10.26
STA_GCU:  BLKBUTTE         U:           52.67 -+    191.811  E:           18.28 -+     17.542  N:           25.31 -+     25.111
STA_CRL:  BLKBUTTE         C:   .963  -.946  -.957   .989   .950  -.935   .954   .989  -.948   .963  -.933  -.942   .987  -.946  -.957
STA_GCX:  BLOOMIND         X:    302384585.84 -+   9998.960  Y:  -4941698942.65 -+   9998.973  Z:   4007908563.52 -+   9998.364 Obs_used:      72 Obs_tot:      73 Ses_used:     1 Ses_tot:     1 Date_beg: 1987.08.19 Date_end: 1987.08.19
STA_GCU:  BLOOMIND         U:          -37.31 -+   9999.641  E:           64.20 -+   9998.965  N:          142.03 -+   9997.692
STA_CRL:  BLOOMIND         C:   .000  -.000  -.000   .000   .000  -.000   .000   .000  -.000   .000  -.000  -.000   .000  -.000  -.000
STA_GCX:  BR-VLBA          X:  -2112065163.02 -+      0.216  Y:  -3705356504.89 -+      0.290  Z:   4726813694.13 -+      0.295 Obs_used:  585090 Obs_tot:  597040 Ses_used:   260 Ses_tot:   260 Date_beg: 1993.04.21 Date_end: 2019.04.01
STA_GCU:  BR-VLBA          U:           -5.75 -+      0.326  E:           -0.69 -+      0.226  N:           -0.88 -+      0.246
STA_CRL:  BR-VLBA          C:   .090  -.110  -.257   .257  -.041   .060  -.042   .244   .039  -.240   .056   .029   .157   .072   .011
STA_GCX:  BREST            X:   4228868987.45 -+   9472.763  Y:   -333120339.23 -+   8567.355  Z:   4747192409.69 -+   9406.296 Obs_used:     354 Obs_tot:     354 Ses_used:     2 Ses_tot:     2 Date_beg: 1989.08.30 Date_end: 1989.09.02
STA_GCU:  BREST            U:         4036.13 -+   9972.614  E:       -16967.53 -+   8613.985  N:        12452.28 -+   8829.351
STA_CRL:  BREST            C:   .055   .120  -.031   .000   .055   .120   .055   .000  -.031   .055   .120  -.031   .000   .120  -.031
STA_GCX:  CARNUSTY         X:   3526415601.61 -+   9804.605  Y:   -171424578.24 -+   9277.449  Z:   5294099402.63 -+   9852.102 Obs_used:     369 Obs_tot:     369 Ses_used:     4 Ses_tot:     4 Date_beg: 1989.08.18 Date_end: 1989.08.22
STA_GCU:  CARNUSTY         U:          164.27 -+   9987.109  E:        -3471.09 -+   9245.591  N:          448.50 -+   9697.522
STA_CRL:  CARNUSTY         C:  -.070   .034   .062   .000  -.070   .034  -.070   .000   .062  -.070   .034   .062   .000   .034   .062
STA_GCX:  CARROLGA         X:    453520705.07 -+   9996.869  Y:  -5300506712.62 -+   9998.172  Z:   3507207663.93 -+   9995.605 Obs_used:     121 Obs_tot:     128 Ses_used:     1 Ses_tot:     1 Date_beg: 1987.07.18 Date_end: 1987.07.18
STA_GCU:  CARROLGA         U:           81.89 -+   9999.557  E:           18.83 -+   9996.831  N:          222.81 -+   9994.257
STA_CRL:  CARROLGA         C:  -.000   .000  -.000   .000  -.000   .000  -.000   .000  -.000  -.000   .000  -.000   .000   .000  -.000
STA_GCX:  CHICHI10         X:  -4490618170.65 -+      1.767  Y:   3483908507.96 -+      1.480  Z:   2884899260.61 -+      1.309 Obs_used:   92103 Obs_tot:   99705 Ses_used:   165 Ses_tot:   165 Date_beg: 1997.08.26 Date_end: 2015.01.22
STA_GCU:  CHICHI10         U:           16.91 -+      2.579  E:           -3.10 -+      0.434  N:           -4.58 -+      0.434
STA_CRL:  CHICHI10         C:  -.929  -.927   .892  -.245   .245   .273   .234  -.264  -.269  -.897   .248  -.254  -.255  -.918   .894
STA_GCX:  CHLBOLTN         X:   4008314379.63 -+   7862.210  Y:   -100650863.38 -+   6000.592  Z:   4943791417.19 -+   8490.633 Obs_used:    2026 Obs_tot:    2079 Ses_used:     7 Ses_tot:     7 Date_beg: 1980.10.16 Date_end: 1980.10.22
STA_GCU:  CHLBOLTN         U:           66.02 -+   9646.016  E:         -306.60 -+   5984.788  N:        -5721.23 -+   6406.947
STA_CRL:  CHLBOLTN         C:  -.087   .381  -.077   .000  -.087   .381  -.087   .000  -.077  -.087   .381  -.077   .000   .381  -.077
STA_GCX:  CRIMEA           X:   3785230788.51 -+      1.689  Y:   2551207619.04 -+      1.139  Z:   4439796496.33 -+      1.984 Obs_used:   67763 Obs_tot:   77167 Ses_used:   129 Ses_tot:   129 Date_beg: 1994.06.25 Date_end: 2015.06.30
STA_GCU:  CRIMEA           U:           -6.83 -+      2.800  E:            1.42 -+      0.314  N:           -4.05 -+      0.387
STA_CRL:  CRIMEA           C:   .945   .956   .940   .356   .313   .317   .287   .345   .283   .280   .286   .280   .326   .532   .448
STA_GCX:  CTVASBAY         X:   1091444559.55 -+    112.428  Y:  -4351283968.48 -+    326.795  Z:   4518707187.85 -+    312.544 Obs_used:     833 Obs_tot:     857 Ses_used:     6 Ses_tot:     6 Date_beg: 2002.04.17 Date_end: 2002.09.11
STA_GCU:  CTVASBAY         U:          389.39 -+    431.765  E:         -104.21 -+    100.054  N:         -214.20 -+    143.827
STA_CRL:  CTVASBAY         C:  -.473   .524  -.792   .999  -.470   .519  -.467   .999  -.786  -.465   .520  -.792   .999   .517  -.787
STA_GCX:  CTVASTJ          X:   2612545461.42 -+     11.745  Y:  -3426878753.50 -+     16.315  Z:   4686756165.28 -+     20.623 Obs_used:    3864 Obs_tot:    3965 Ses_used:    30 Ses_tot:    30 Date_beg: 2002.11.13 Date_end: 2005.09.07
STA_GCU:  CTVASTJ          U:          -38.23 -+     27.251  E:           11.40 -+      5.696  N:           -6.66 -+      7.374
STA_CRL:  CTVASTJ          C:  -.826   .795  -.846   .942  -.772   .725  -.749   .945  -.770  -.803   .716  -.784   .938   .760  -.821
STA_GCX:  DAITO            X:  -3786457936.61 -+   2444.080  Y:   4320155366.37 -+   2856.431  Z:   2762039783.48 -+   2540.338 Obs_used:     462 Obs_tot:     482 Ses_used:     2 Ses_tot:     2 Date_beg: 1990.11.28 Date_end: 1991.12.03
STA_GCU:  DAITO            U:        -1663.66 -+   4469.592  E:        -1651.58 -+    255.380  N:         1822.37 -+    737.267
STA_CRL:  DAITO            C:  -.991  -.981   .983   .999  -.991  -.981  -.990   .999   .983  -.991  -.980   .983   .999  -.981   .983
STA_GCX:  DEADMANL         X:  -2336820712.59 -+    143.556  Y:  -4732588284.40 -+    272.103  Z:   3570330874.35 -+    199.931 Obs_used:     619 Obs_tot:     620 Ses_used:     5 Ses_tot:     5 Date_beg: 1984.02.29 Date_end: 1988.02.02
STA_GCU:  DEADMANL         U:         -662.22 -+    361.468  E:            5.59 -+     39.841  N:         -292.66 -+     48.727
STA_CRL:  DEADMANL         C:   .951  -.921  -.959   .994   .947  -.913   .943   .994  -.949   .951  -.917  -.957   .993  -.921  -.959
STA_GCX:  DSS13            X:  -2351112783.55 -+      2.553  Y:  -4655530603.61 -+      4.797  Z:   3660912688.97 -+      3.923 Obs_used:   12388 Obs_tot:   13851 Ses_used:    35 Ses_tot:    35 Date_beg: 2000.05.31 Date_end: 2018.02.13
STA_GCU:  DSS13            U:           -5.90 -+      6.576  E:           -2.47 -+      0.872  N:           -1.99 -+      0.956
STA_CRL:  DSS13            C:   .924  -.911  -.951  -.002  -.017   .008  -.023  -.025   .024   .454   .018   .029  -.014  -.488  -.676
STA_GCX:  DSS15            X:  -2353539016.36 -+      3.088  Y:  -4641649391.55 -+      4.535  Z:   3676669944.48 -+      4.718 Obs_used:   30517 Obs_tot:   32322 Ses_used:    99 Ses_tot:    99 Date_beg: 1987.11.01 Date_end: 2009.12.08
STA_GCU:  DSS15            U:           -3.26 -+      6.273  E:           -1.89 -+      2.497  N:            0.45 -+      2.602
STA_CRL:  DSS15            C:   .492  -.494  -.719   .820   .383  -.389   .412   .785  -.554   .455  -.410  -.545   .773  -.489  -.677
STA_GCX:  DSS15____920627  X:  -2353539037.39 -+      1.770  Y:  -4641649389.51 -+      2.735  Z:   3676669924.01 -+      2.537 Obs_used:       0 Obs_tot:       0 Ses_used:     0 Ses_tot:     0 Date_beg:            Date_end:           
STA_GCU:  DSS15____920627  U:           -8.86 -+      3.766  E:          -21.56 -+      1.193  N:          -20.69 -+      1.203
STA_CRL:  DSS15____920627  C:   .666  -.641  -.801   .777   .382  -.409   .413   .713  -.560   .455  -.381  -.482   .737  -.489  -.677
STA_GCX:  DSS34            X:  -4461112824.16 -+   4935.141  Y:   2682404254.70 -+   4236.460  Z:  -3674388208.71 -+   6534.662 Obs_used:     169 Obs_tot:     189 Ses_used:     2 Ses_tot:     2 Date_beg: 2017.09.13 Date_end: 2017.10.03
STA_GCU:  DSS34            U:       -41493.28 -+   8044.491  E:        12462.45 -+   3299.653  N:       -23198.48 -+   3066.507
STA_CRL:  DSS34            C:  -.474   .855  -.535  -.000   .474  -.854   .475  -.000   .534  -.475  -.855   .534  -.000   .855  -.533
STA_GCX:  DSS45            X:  -4460935872.86 -+      2.659  Y:   2682765707.85 -+      1.813  Z:  -3674380603.53 -+      2.271 Obs_used:   40425 Obs_tot:   41699 Ses_used:   164 Ses_tot:   164 Date_beg: 1987.06.08 Date_end: 2016.08.23
STA_GCU:  DSS45            U:            4.60 -+      3.654  E:            1.94 -+      0.911  N:           -4.74 -+      1.157
STA_CRL:  DSS45            C:  -.813   .790  -.711   .497  -.383   .339  -.285   .412  -.231  -.230   .330  -.301   .489  -.049   .244
STA_GCX:  DSS65            X:   4849336581.15 -+      2.839  Y:   -360488539.79 -+      0.880  Z:   4114749003.13 -+      2.817 Obs_used:   56246 Obs_tot:   57905 Ses_used:   118 Ses_tot:   118 Date_beg: 1988.08.31 Date_end: 2004.12.14
STA_GCU:  DSS65            U:          -15.87 -+      3.862  E:           -1.14 -+      0.916  N:          -11.27 -+      1.010
STA_CRL:  DSS65            C:   .063   .882   .021   .844   .089   .742   .049   .575   .027  -.051   .656   .042   .767   .730   .031
STA_GCX:  DSS65A           X:   4849339577.85 -+      1.550  Y:   -360427553.27 -+      0.319  Z:   4114750795.43 -+      1.389 Obs_used:   31562 Obs_tot:   32699 Ses_used:    37 Ses_tot:    37 Date_beg: 2005.09.05 Date_end: 2018.02.14
STA_GCU:  DSS65A           U:           -6.10 -+      2.045  E:            1.49 -+      0.334  N:           -2.12 -+      0.373
STA_CRL:  DSS65A           C:  -.037   .936  -.058  -.327  -.002  -.317   .002  -.129   .012  -.050  -.258   .022  -.272   .730   .033
STA_GCX:  DSS65____970415  X:   4849336585.09 -+      1.980  Y:   -360488540.52 -+      0.586  Z:   4114748999.74 -+      1.950 Obs_used:       0 Obs_tot:       0 Ses_used:     0 Ses_tot:     0 Date_beg:            Date_end:           
STA_GCU:  DSS65____970415  U:          -15.04 -+      2.692  E:           -1.59 -+      0.600  N:          -16.42 -+      0.675
STA_CRL:  DSS65____970415  C:  -.011   .890  -.046   .703   .080   .626   .037   .520   .016  -.051   .549   .033   .658   .730   .031
STA_GCX:  EFLSBERG         X:   4033947274.38 -+      2.525  Y:    486990727.89 -+      0.709  Z:   4900430929.43 -+      2.952 Obs_used:   43300 Obs_tot:   44724 Ses_used:    49 Ses_tot:    49 Date_beg: 1979.11.25 Date_end: 2016.11.24
STA_GCU:  EFLSBERG         U:           -0.72 -+      3.833  E:           -3.37 -+      0.641  N:           -3.18 -+      0.697
STA_CRL:  EFLSBERG         C:   .413   .935   .412   .719   .317   .659   .151   .472   .149  -.032   .603   .288   .674   .641   .109
STA_GCX:  EFLSBERG_961001  X:   4033947290.89 -+      1.704  Y:    486990734.79 -+      0.367  Z:   4900430946.01 -+      2.057 Obs_used:       0 Obs_tot:       0 Ses_used:     0 Ses_tot:     0 Date_beg:            Date_end:           
STA_GCU:  EFLSBERG_961001  U:           23.02 -+      2.657  E:            1.50 -+      0.299  N:           -5.92 -+      0.346
STA_CRL:  EFLSBERG_961001  C:   .571   .966   .562   .440   .255   .406   .091   .278   .086  -.032   .382   .226   .408   .641   .109
STA_GCX:  ELY              X:  -2077236560.44 -+     42.711  Y:  -4486712510.74 -+     90.207  Z:   4018753393.80 -+     75.162 Obs_used:    2228 Obs_tot:    2228 Ses_used:    12 Ses_tot:    12 Date_beg: 1984.04.22 Date_end: 1990.10.16
STA_GCU:  ELY              U:         -118.62 -+    122.888  E:            3.02 -+     13.918  N:           -6.57 -+     17.771
STA_CRL:  ELY              C:   .934  -.930  -.954   .985   .923  -.920   .922   .985  -.942   .940  -.915  -.938   .982  -.936  -.958
STA_GCX:  FD-VLBA          X:  -1324009290.23 -+      0.189  Y:  -5332181954.65 -+      0.280  Z:   3231962407.04 -+      0.251 Obs_used:  646203 Obs_tot:  660690 Ses_used:   304 Ses_tot:   304 Date_beg: 1992.01.13 Date_end: 2019.04.01
STA_GCU:  FD-VLBA          U:            2.37 -+      0.290  E:           -1.77 -+      0.197  N:           -0.19 -+      0.234
STA_CRL:  FD-VLBA          C:  -.020  -.217  -.159   .170  -.044  -.019  -.072   .168   .082  -.287  -.013   .041   .145  -.115  -.314
STA_GCX:  FLAGSTAF         X:  -1923993019.08 -+     39.114  Y:  -4850854776.13 -+     94.223  Z:   3658589286.46 -+     71.211 Obs_used:    1210 Obs_tot:    1211 Ses_used:     8 Ses_tot:     8 Date_beg: 1984.04.17 Date_end: 1990.11.06
STA_GCU:  FLAGSTAF         U:           85.49 -+    122.005  E:            6.79 -+     14.619  N:          -21.83 -+     19.490
STA_CRL:  FLAGSTAF         C:   .916  -.882  -.943   .972   .899  -.866   .887   .971  -.918   .924  -.851  -.915   .970  -.892  -.948
STA_GCX:  FORT ORD         X:  -2697027333.98 -+     56.698  Y:  -4354392635.90 -+     91.003  Z:   3788078090.73 -+     78.460 Obs_used:    1878 Obs_tot:    1885 Ses_used:    11 Ses_tot:    11 Date_beg: 1983.08.25 Date_end: 1988.02.18
STA_GCU:  FORT ORD         U:          383.83 -+    131.045  E:           41.13 -+     13.273  N:            6.86 -+     17.415
STA_CRL:  FORT ORD         C:   .962  -.948  -.957   .980   .939  -.925   .945   .980  -.937   .962  -.932  -.938   .978  -.951  -.958
STA_GCX:  FORTLEZA         X:   4985370011.85 -+      0.376  Y:  -3955020380.04 -+      0.304  Z:   -428472122.75 -+      0.231 Obs_used:  607989 Obs_tot:  628862 Ses_used:  1863 Ses_tot:  1863 Date_beg: 1993.04.21 Date_end: 2019.06.03
STA_GCU:  FORTLEZA         U:            6.11 -+      0.444  E:           -1.55 -+      0.189  N:            0.66 -+      0.233
STA_CRL:  FORTLEZA         C:  -.677  -.071  -.128   .025   .028  -.031   .022  -.011  -.015   .013  -.016  -.015   .064   .700  -.355
STA_GCX:  FORTORDS         X:  -2699840632.02 -+     53.501  Y:  -4359126239.96 -+     85.688  Z:   3781051079.72 -+     73.802 Obs_used:    3444 Obs_tot:    3444 Ses_used:    19 Ses_tot:    19 Date_beg: 1988.11.08 Date_end: 1991.07.23
STA_GCU:  FORTORDS         U:          -75.87 -+    123.542  E:          113.09 -+     12.043  N:         -134.58 -+     15.618
STA_CRL:  FORTORDS         C:   .965  -.953  -.961   .983   .946  -.936   .948   .983  -.944   .962  -.935  -.942   .983  -.950  -.958
STA_GCX:  FORTORDS_891001  X:  -2699840589.56 -+     50.238  Y:  -4359126211.62 -+     80.453  Z:   3781051173.96 -+     69.446 Obs_used:       0 Obs_tot:       0 Ses_used:     0 Ses_tot:     0 Date_beg:            Date_end:           
STA_GCU:  FORTORDS_891001  U:          -56.99 -+    116.084  E:          134.27 -+     11.344  N:          -31.23 -+     14.669
STA_CRL:  FORTORDS_891001  C:   .964  -.953  -.961   .988   .951  -.939   .952   .988  -.948   .962  -.940  -.947   .987  -.950  -.958
STA_GCX:  FTD 7900         X:  -1324228114.13 -+     20.357  Y:  -5332062923.44 -+     37.185  Z:   3232022865.75 -+     27.752 Obs_used:     438 Obs_tot:     438 Ses_used:     1 Ses_tot:     1 Date_beg: 1988.10.08 Date_end: 1988.10.08
STA_GCU:  FTD 7900         U:          -61.11 -+     43.027  E:           48.79 -+     18.768  N:          -25.70 -+     19.073
STA_CRL:  FTD 7900         C:   .334  -.286  -.623   .919   .035  -.036   .055   .589  -.146   .059  -.045  -.117   .732  -.050  -.199
STA_GCX:  GGAO7108         X:   1130794562.73 -+      2.228  Y:  -4831233809.85 -+      7.182  Z:   3994217059.03 -+      6.101 Obs_used:   18948 Obs_tot:   20441 Ses_used:    74 Ses_tot:    74 Date_beg: 1993.04.27 Date_end: 2007.05.15
STA_GCU:  GGAO7108         U:           -0.83 -+      9.364  E:           -1.43 -+      1.634  N:           -1.87 -+      1.849
STA_CRL:  GGAO7108         C:  -.664   .633  -.922   .908  -.549   .524  -.611   .936  -.856  -.578   .569  -.836   .925   .547  -.888
STA_GCX:  GGAO7108_030101  X:   1130794340.51 -+      2.018  Y:  -4831232891.96 -+      6.614  Z:   3994216245.62 -+      5.103 Obs_used:       0 Obs_tot:       0 Ses_used:     0 Ses_tot:     0 Date_beg:            Date_end:           
STA_GCU:  GGAO7108_030101  U:        -1246.66 -+      8.287  E:           -8.61 -+      1.478  N:          -39.21 -+      1.729
STA_CRL:  GGAO7108_030101  C:  -.666   .645  -.913   .340  -.195   .208  -.224   .347  -.348  -.578   .206  -.302   .372   .547  -.888
STA_GCX:  GIFU11           X:  -3787123536.65 -+      8.419  Y:   3564181728.35 -+      7.743  Z:   3680274918.50 -+      7.954 Obs_used:    8517 Obs_tot:    9040 Ses_used:    23 Ses_tot:    23 Date_beg: 2002.07.16 Date_end: 2006.06.22
STA_GCU:  GIFU11           U:           10.74 -+     13.412  E:            3.32 -+      2.503  N:           -9.49 -+      2.821
STA_CRL:  GIFU11           C:  -.904  -.887   .879   .899  -.797  -.778  -.802   .899   .771  -.886  -.777   .765   .889  -.865   .854
STA_GCX:  GIFU3            X:  -3787518423.02 -+     17.422  Y:   3564247170.46 -+     16.144  Z:   3679797041.60 -+     16.796 Obs_used:     982 Obs_tot:    1038 Ses_used:     4 Ses_tot:     4 Date_beg: 2000.09.07 Date_end: 2001.10.11
STA_GCU:  GIFU3            U:           -2.09 -+     28.440  E:           10.60 -+      3.959  N:          -26.01 -+      4.664
STA_CRL:  GIFU3            C:  -.944  -.930   .927   .665  -.585  -.565  -.593   .659   .559  -.886  -.578   .564   .648  -.865   .854
STA_GCX:  GILCREEK         X:  -2281547584.03 -+      3.603  Y:  -1453645125.28 -+      3.542  Z:   5756993049.31 -+      3.636 Obs_used: 1094025 Obs_tot: 1107961 Ses_used:  1994 Ses_tot:  1994 Date_beg: 1984.07.07 Date_end: 2005.12.28
STA_GCU:  GILCREEK         U:           -4.69 -+      3.677  E:           -3.92 -+      3.550  N:           -3.40 -+      3.553
STA_CRL:  GILCREEK         C:   .006  -.038  -.006   .975   .007  -.044   .007   .962  -.009   .013  -.042  -.009   .958  -.028  -.029
STA_GCX:  GOLDMARS         X:  -2353622032.06 -+   9515.216  Y:  -4641339445.07 -+   7069.686  Z:   3677050111.43 -+   7045.014 Obs_used:     566 Obs_tot:     641 Ses_used:     6 Ses_tot:     6 Date_beg: 1988.08.20 Date_end: 1989.12.03
STA_GCU:  GOLDMARS         U:        -2518.27 -+   5500.914  E:        -1783.33 -+   8483.539  N:         -879.72 -+   9376.648
STA_CRL:  GOLDMARS         C:   .189  -.191   .891   .994   .188  -.190   .188   .994   .886   .189  -.190   .886   .994  -.191   .890
STA_GCX:  GOLDVENU         X:  -2351129375.11 -+      9.364  Y:  -4655476884.70 -+     17.756  Z:   3660956747.57 -+     16.120 Obs_used:    2838 Obs_tot:    2845 Ses_used:    11 Ses_tot:    11 Date_beg: 1981.11.19 Date_end: 1991.08.12
STA_GCU:  GOLDVENU         U:         -129.07 -+     24.527  E:          -18.88 -+      5.339  N:          -45.24 -+      5.721
STA_CRL:  GOLDVENU         C:   .788  -.768  -.897   .952   .775  -.743   .746   .957  -.851   .810  -.737  -.874   .958  -.790  -.905
STA_GCX:  GORF7102         X:   1130686311.33 -+      3.679  Y:  -4831353035.40 -+     13.479  Z:   3994110949.81 -+     11.351 Obs_used:    2166 Obs_tot:    2166 Ses_used:     9 Ses_tot:     9 Date_beg: 1989.05.30 Date_end: 1992.06.16
STA_GCU:  GORF7102         U:           -2.71 -+     17.651  E:           -0.28 -+      2.319  N:           -0.62 -+      2.671
STA_CRL:  GORF7102         C:  -.767   .755  -.953   .704  -.359   .345  -.452   .619  -.564  -.577   .427  -.554   .620   .546  -.888
STA_GCX:  GRASSE           X:   4581699973.88 -+   9635.823  Y:    556125324.41 -+   9756.447  Z:   4389349179.10 -+   9744.832 Obs_used:     268 Obs_tot:     268 Ses_used:     2 Ses_tot:     2 Date_beg: 1989.09.14 Date_end: 1989.09.16
STA_GCU:  GRASSE           U:           53.32 -+   9994.896  E:         -981.43 -+   9693.489  N:        -3420.66 -+   9441.262
STA_CRL:  GRASSE           C:   .053   .063  -.042   .000   .053   .063   .053   .000  -.042   .053   .063  -.042   .000   .063  -.042
STA_GCX:  HALEAKAL         X:  -5465998685.12 -+     37.731  Y:  -2404407175.58 -+     17.122  Z:   2242229162.36 -+     16.566 Obs_used:     707 Obs_tot:     707 Ses_used:     3 Ses_tot:     3 Date_beg: 1988.06.25 Date_end: 1988.07.09
STA_GCU:  HALEAKAL         U:        -2939.70 -+     44.306  E:         5626.31 -+      3.176  N:        11893.15 -+      4.253
STA_CRL:  HALEAKAL         C:   .979  -.962  -.946   .142   .093  -.216   .064   .145  -.110   .440  -.094  -.072   .263  -.717  -.350
STA_GCX:  HART15M          X:   5085490804.43 -+      0.499  Y:   2668161427.20 -+      0.347  Z:  -2768692673.44 -+      0.345 Obs_used:  460433 Obs_tot:  468455 Ses_used:   610 Ses_tot:   610 Date_beg: 2012.10.11 Date_end: 2019.06.24
STA_GCU:  HART15M          U:            4.33 -+      0.538  E:           -2.30 -+      0.324  N:           -2.83 -+      0.307
STA_CRL:  HART15M          C:   .303  -.415  -.069  -.156  -.119   .076  -.082  -.060   .066  -.223   .077   .088  -.076   .406   .538
STA_GCX:  HARTRAO          X:   5085442770.71 -+      0.390  Y:   2668263729.74 -+      0.295  Z:  -2768696803.57 -+      0.295 Obs_used:  368471 Obs_tot:  379229 Ses_used:  1208 Ses_tot:  1208 Date_beg: 1986.01.09 Date_end: 2019.03.27
STA_GCU:  HARTRAO          U:            7.25 -+      0.394  E:           -4.24 -+      0.303  N:           -2.67 -+      0.280
STA_CRL:  HARTRAO          C:   .096  -.302   .132   .082   .027  -.067   .020   .045  -.007  -.224  -.056  -.006   .075   .408   .541
STA_GCX:  HATCREEK         X:  -2523970254.27 -+      6.464  Y:  -4123506194.79 -+     10.792  Z:   4147752423.41 -+     10.704 Obs_used:   40012 Obs_tot:   40057 Ses_used:   180 Ses_tot:   180 Date_beg: 1983.06.06 Date_end: 1990.11.11
STA_GCU:  HATCREEK         U:          -45.48 -+     15.703  E:            3.81 -+      3.366  N:            1.51 -+      3.862
STA_CRL:  HATCREEK         C:   .818  -.750  -.889   .986   .804  -.740   .809   .991  -.882   .796  -.735  -.873   .986  -.732  -.873
STA_GCX:  HAYSTACK         X:   1492404544.00 -+      2.116  Y:  -4457266546.31 -+      4.837  Z:   4296881837.35 -+      5.120 Obs_used:   28280 Obs_tot:   28456 Ses_used:    86 Ses_tot:    86 Date_beg: 1979.08.03 Date_end: 1992.06.29
STA_GCU:  HAYSTACK         U:           25.69 -+      6.747  E:           11.89 -+      1.864  N:            1.30 -+      2.257
STA_CRL:  HAYSTACK         C:  -.472   .421  -.805   .883  -.401   .364  -.450   .936  -.762  -.424   .386  -.723   .924   .381  -.764
STA_GCX:  HN-VLBA          X:   1446374910.66 -+      0.206  Y:  -4447939671.59 -+      0.303  Z:   4322306169.96 -+      0.293 Obs_used:  505311 Obs_tot:  516559 Ses_used:   247 Ses_tot:   247 Date_beg: 1992.08.28 Date_end: 2019.04.01
STA_GCU:  HN-VLBA          U:            0.30 -+      0.378  E:           -0.51 -+      0.179  N:           -0.34 -+      0.212
STA_CRL:  HN-VLBA          C:  -.405   .162  -.538   .232  -.036  -.034  -.061   .157   .038   .122  -.030   .022   .087  -.011  -.058
STA_GCX:  HOBART12         X:  -3949990678.54 -+      0.514  Y:   2522421187.57 -+      0.391  Z:  -4311708171.25 -+      0.564 Obs_used:  480726 Obs_tot:  492097 Ses_used:   680 Ses_tot:   680 Date_beg: 2010.10.07 Date_end: 2017.06.20
STA_GCU:  HOBART12         U:           19.37 -+      0.649  E:            1.82 -+      0.299  N:           -4.22 -+      0.474
STA_CRL:  HOBART12         C:  -.525   .264  -.285  -.044   .043  -.080   .032  -.025   .030  -.034  -.112   .059  -.010  -.521   .636
STA_GCX:  HOBART26         X:  -3950237240.53 -+      0.406  Y:   2522347653.64 -+      0.326  Z:  -4311562007.59 -+      0.448 Obs_used:  297210 Obs_tot:  306924 Ses_used:   952 Ses_tot:   952 Date_beg: 1989.09.26 Date_end: 2019.04.16
STA_GCU:  HOBART26         U:            3.59 -+      0.418  E:            1.44 -+      0.285  N:           -4.30 -+      0.464
STA_CRL:  HOBART26         C:  -.349  -.127   .009   .010   .009  -.054   .008   .015   .006  -.034  -.067   .007   .081  -.523   .638
STA_GCX:  HOFN             X:   2679653037.69 -+   5539.524  Y:   -727913401.05 -+   4793.973  Z:   5722810420.91 -+   9034.877 Obs_used:     555 Obs_tot:     555 Ses_used:     4 Ses_tot:     4 Date_beg: 1992.07.20 Date_end: 1992.07.27
STA_GCU:  HOFN             U:         3449.08 -+   9716.203  E:         3459.21 -+   4509.268  N:         -507.02 -+   4534.248
STA_CRL:  HOFN             C:  -.237   .550  -.125   .000  -.236   .550  -.237   .000  -.125  -.236   .550  -.125   .000   .550  -.125
STA_GCX:  HOHNBERG         X:   4213688607.37 -+   9055.635  Y:    820421382.78 -+   9280.783  Z:   4702783715.06 -+   9449.252 Obs_used:     348 Obs_tot:     348 Ses_used:     3 Ses_tot:     3 Date_beg: 1992.06.15 Date_end: 1992.06.18
STA_GCU:  HOHNBERG         U:          318.28 -+   9953.729  E:        -1714.27 -+   9006.491  N:        -1084.89 -+   8788.187
STA_CRL:  HOHNBERG         C:   .154   .151  -.106   .000   .154   .151   .154   .000  -.106   .154   .151  -.106   .000   .151  -.106
STA_GCX:  HRAS 085         X:  -1324211113.89 -+     21.476  Y:  -5332022967.16 -+     24.698  Z:   3232118170.70 -+     23.067 Obs_used:  145185 Obs_tot:  146500 Ses_used:   721 Ses_tot:   721 Date_beg: 1980.04.11 Date_end: 1990.10.29
STA_GCU:  HRAS 085         U:         -210.26 -+     26.149  E:            5.99 -+     21.360  N:          -18.78 -+     21.524
STA_CRL:  HRAS 085         C:   .055  -.043  -.177   .998   .057  -.046   .057   .997  -.186   .059  -.046  -.186   .996  -.050  -.199
STA_GCX:  ISHIOKA          X:  -3959635945.80 -+      1.570  Y:   3296825498.26 -+      1.350  Z:   3747042654.56 -+      1.539 Obs_used:  287562 Obs_tot:  292462 Ses_used:   244 Ses_tot:   244 Date_beg: 2015.02.19 Date_end: 2019.06.24
STA_GCU:  ISHIOKA          U:          -40.93 -+      2.428  E:           -1.21 -+      0.597  N:           -6.52 -+      0.637
STA_CRL:  ISHIOKA          C:  -.830  -.826   .825  -.900   .780   .763   .783  -.885  -.785  -.622   .669  -.685  -.754  -.631   .652
STA_GCX:  JPL MV1          X:  -2493306745.88 -+     45.942  Y:  -4655197418.44 -+     83.727  Z:   3565519718.37 -+     63.120 Obs_used:    3314 Obs_tot:    3330 Ses_used:    23 Ses_tot:    23 Date_beg: 1982.10.16 Date_end: 1988.11.05
STA_GCU:  JPL MV1          U:          421.76 -+    113.144  E:            2.45 -+     10.256  N:          -54.08 -+     14.088
STA_CRL:  JPL MV1          C:   .967  -.955  -.960   .978   .947  -.932   .946   .978  -.936   .969  -.935  -.940   .975  -.958  -.962
STA_GCX:  KAINAN           X:  -3751039426.51 -+   9954.144  Y:   3721054476.01 -+   9867.017  Z:   3560815732.67 -+   9979.342 Obs_used:     275 Obs_tot:     290 Ses_used:     2 Ses_tot:     2 Date_beg: 1993.10.12 Date_end: 1993.10.14
STA_GCU:  KAINAN           U:           95.07 -+   9997.236  E:        -2574.79 -+   9834.880  N:        -1046.16 -+   9967.983
STA_CRL:  KAINAN           C:  -.015   .005   .010   .000  -.015   .005  -.015   .000   .010  -.015   .006   .010   .000   .005   .010
STA_GCX:  KANOZAN          X:  -3991744891.63 -+   9692.991  Y:   3355064980.27 -+   9592.132  Z:   3661225412.28 -+   9819.260 Obs_used:     265 Obs_tot:     327 Ses_used:     2 Ses_tot:     2 Date_beg: 1995.01.17 Date_end: 1995.01.19
STA_GCU:  KANOZAN          U:          142.90 -+   9973.731  E:        -3994.39 -+   9391.572  N:          171.20 -+   9731.598
STA_CRL:  KANOZAN          C:  -.050  -.016   .019   .000  -.050  -.016  -.050   .000   .019  -.050  -.016   .019   .000  -.016   .019
STA_GCX:  KARLBURG         X:   3653210400.46 -+   9545.362  Y:    884430449.12 -+   9417.898  Z:   5135727461.61 -+   9814.505 Obs_used:     337 Obs_tot:     337 Ses_used:     2 Ses_tot:     2 Date_beg: 1992.07.06 Date_end: 1992.07.07
STA_GCU:  KARLBURG         U:          148.02 -+   9984.894  E:         1712.60 -+   9327.578  N:        -7256.79 -+   9456.925
STA_CRL:  KARLBURG         C:   .044   .056  -.013   .000   .045   .056   .044   .000  -.013   .045   .056  -.013   .000   .056  -.013
STA_GCX:  KASHIM11         X:  -3997505692.09 -+      0.826  Y:   3276878501.73 -+      0.707  Z:   3724240626.57 -+      0.827 Obs_used:   96850 Obs_tot:  102052 Ses_used:   125 Ses_tot:   125 Date_beg: 1994.08.29 Date_end: 2019.04.16
STA_GCU:  KASHIM11         U:           25.89 -+      1.264  E:           -3.79 -+      0.339  N:           -9.43 -+      0.395
STA_CRL:  KASHIM11         C:  -.800  -.805   .727  -.044   .084   .080   .082   .008  -.094   .501   .043  -.051  -.002  -.097   .114
STA_GCX:  KASHIM34         X:  -3997649260.51 -+      0.466  Y:   3276690862.19 -+      0.426  Z:   3724278757.06 -+      0.541 Obs_used:  149777 Obs_tot:  157226 Ses_used:   236 Ses_tot:   236 Date_beg: 1990.03.22 Date_end: 2019.06.17
STA_GCU:  KASHIM34         U:           30.24 -+      0.682  E:           -3.25 -+      0.308  N:           -5.80 -+      0.361
STA_CRL:  KASHIM34         C:  -.519  -.586   .411  -.052   .115   .110   .123   .041  -.131   .505   .062  -.070   .013  -.097   .114
STA_GCX:  KASHIMA          X:  -3997892295.10 -+      1.126  Y:   3276581352.67 -+      0.965  Z:   3724118166.51 -+      1.024 Obs_used:   95219 Obs_tot:   96703 Ses_used:   297 Ses_tot:   297 Date_beg: 1984.01.24 Date_end: 2002.05.27
STA_GCU:  KASHIMA          U:           24.39 -+      1.701  E:           18.41 -+      0.392  N:           15.06 -+      0.450
STA_CRL:  KASHIMA          C:  -.857  -.844   .796   .157  -.085  -.091  -.086   .185   .068   .502  -.049   .038   .108  -.097   .114
STA_GCX:  KATH12M          X:  -4147354544.48 -+      0.698  Y:   4581542438.22 -+      0.708  Z:  -1573303391.06 -+      0.573 Obs_used:  738808 Obs_tot:  753708 Ses_used:   881 Ses_tot:   881 Date_beg: 2011.06.16 Date_end: 2019.06.24
STA_GCU:  KATH12M          U:           25.05 -+      0.934  E:          -12.65 -+      0.387  N:            9.46 -+      0.543
STA_CRL:  KATH12M          C:  -.699   .178  -.296  -.473   .416  -.213   .429  -.522   .196  -.140  -.165   .148  -.159  -.240   .438
STA_GCX:  KAUAI            X:  -5543846176.14 -+      5.144  Y:  -2054562774.39 -+      2.891  Z:   2387814506.57 -+      4.662 Obs_used:  122506 Obs_tot:  122568 Ses_used:   434 Ses_tot:   434 Date_beg: 1984.07.07 Date_end: 1994.03.14
STA_GCU:  KAUAI            U:          -27.60 -+      6.450  E:          -46.46 -+      2.311  N:          -14.07 -+      3.101
STA_CRL:  KAUAI            C:   .537  -.746  -.462   .978   .512  -.737   .453   .855  -.398   .441  -.677  -.415   .917  -.718  -.351
STA_GCX:  KIRSBERG         X:   3879833216.28 -+   7837.076  Y:    987961156.14 -+   6859.429  Z:   4948711598.98 -+   8722.864 Obs_used:     430 Obs_tot:     430 Ses_used:     3 Ses_tot:     3 Date_beg: 1992.06.25 Date_end: 1992.06.28
STA_GCU:  KIRSBERG         U:          -88.40 -+   9925.469  E:        -3186.87 -+   6737.209  N:        -1352.33 -+   6376.125
STA_CRL:  KIRSBERG         C:   .099   .422   .016   .000   .099   .422   .099   .000   .016   .099   .422   .016   .000   .422   .016
STA_GCX:  KODIAK           X:  -3026940586.98 -+     66.552  Y:  -1575911738.08 -+     42.094  Z:   5370362550.54 -+    113.593 Obs_used:    3430 Obs_tot:    3430 Ses_used:    15 Ses_tot:    15 Date_beg: 1984.07.23 Date_end: 1990.07.02
STA_GCU:  KODIAK           U:           75.86 -+    135.805  E:           26.65 -+     19.951  N:           28.83 -+     16.225
STA_CRL:  KODIAK           C:   .846  -.959  -.881   .975   .834  -.937   .815   .982  -.854   .845  -.930  -.868   .973  -.959  -.882
STA_GCX:  KOGANEI          X:  -3941937458.79 -+      1.413  Y:   3368150794.70 -+      1.193  Z:   3702235260.53 -+      1.361 Obs_used:   71987 Obs_tot:   75760 Ses_used:    91 Ses_tot:    91 Date_beg: 1994.08.29 Date_end: 2019.04.16
STA_GCU:  KOGANEI          U:           27.17 -+      2.221  E:          171.32 -+      0.357  N:           -1.63 -+      0.457
STA_CRL:  KOGANEI          C:  -.924  -.899   .888  -.408   .399   .358   .412  -.368  -.387  -.637   .315  -.330  -.333  -.574   .622
STA_GCX:  KOGANEI3         X:  -3942077405.12 -+     39.794  Y:   3368331938.20 -+     33.447  Z:   3701904791.43 -+     40.567 Obs_used:     262 Obs_tot:     310 Ses_used:     2 Ses_tot:     2 Date_beg: 1995.01.17 Date_end: 1995.01.19
STA_GCU:  KOGANEI3         U:         -182.02 -+     63.337  E:          201.58 -+      5.763  N:          122.74 -+     17.412
STA_CRL:  KOGANEI3         C:  -.975  -.814   .891   .057  -.052  -.043  -.054   .055   .046  -.635  -.039   .040   .043  -.572   .620
STA_GCX:  KOKEE            X:  -5543837746.43 -+      0.284  Y:  -2054567040.06 -+      0.273  Z:   2387852357.96 -+      0.347 Obs_used: 1429163 Obs_tot: 1468600 Ses_used:  2490 Ses_tot:  2490 Date_beg: 1993.06.08 Date_end: 2019.06.24
STA_GCU:  KOKEE            U:            2.23 -+      0.329  E:           -1.14 -+      0.254  N:           -3.11 -+      0.320
STA_CRL:  KOKEE            C:   .208  -.200  -.037   .090  -.015   .031  -.012   .162   .008   .034   .023   .006   .174  -.563   .051
STA_GCX:  KP-VLBA          X:  -1995678799.85 -+      0.195  Y:  -5037317695.70 -+      0.281  Z:   3357328039.40 -+      0.259 Obs_used:  591545 Obs_tot:  606149 Ses_used:   245 Ses_tot:   245 Date_beg: 1992.08.28 Date_end: 2019.04.01
STA_GCU:  KP-VLBA          U:           -2.13 -+      0.290  E:           -1.27 -+      0.205  N:           -1.73 -+      0.241
STA_CRL:  KP-VLBA          C:   .045  -.202  -.130   .173  -.047  -.001  -.065   .181   .075  -.350   .003   .042   .156  -.158  -.229
STA_GCX:  KUNMING          X:  -1281152731.84 -+      2.004  Y:   5640864340.31 -+      6.033  Z:   2682653477.81 -+      3.255 Obs_used:   33099 Obs_tot:   33993 Ses_used:    44 Ses_tot:    44 Date_beg: 2011.07.20 Date_end: 2019.04.16
STA_GCU:  KUNMING          U:          -72.48 -+      6.918  E:           -4.58 -+      1.251  N:            1.62 -+      1.262
STA_CRL:  KUNMING          C:  -.774  -.722   .903  -.884   .681   .629   .768  -.975  -.883  -.700   .665  -.826  -.905  -.624   .851
STA_GCX:  KWAJAL26         X:  -6143535993.29 -+     98.438  Y:   1363998783.81 -+     27.566  Z:   1034708071.38 -+     39.515 Obs_used:    5854 Obs_tot:    5873 Ses_used:    20 Ses_tot:    20 Date_beg: 1984.07.07 Date_end: 1988.08.06
STA_GCU:  KWAJAL26         U:          -12.43 -+    102.987  E:          -80.56 -+     20.351  N:           89.61 -+     31.479
STA_CRL:  KWAJAL26         C:  -.666  -.630   .335   .986  -.655  -.622  -.657   .986   .325  -.666  -.626   .327   .992  -.629   .328
STA_GCX:  LA-VLBA          X:  -1449752542.53 -+      0.191  Y:  -4975298574.12 -+      0.267  Z:   3709123856.62 -+      0.248 Obs_used:  673160 Obs_tot:  688093 Ses_used:   309 Ses_tot:   309 Date_beg: 1991.05.21 Date_end: 2019.04.01
STA_GCU:  LA-VLBA          U:           -1.15 -+      0.272  E:           -1.71 -+      0.202  N:           -0.88 -+      0.235
STA_CRL:  LA-VLBA          C:  -.052  -.142  -.110   .199  -.049  -.002  -.071   .216   .079  -.310   .003   .044   .153  -.094  -.173
STA_GCX:  LEONRDOK         X:   -522232121.58 -+   9940.976  Y:  -5145676898.83 -+   9992.635  Z:   3720152340.25 -+   9982.537 Obs_used:     244 Obs_tot:     247 Ses_used:     1 Ses_tot:     1 Date_beg: 1987.08.24 Date_end: 1987.08.24
STA_GCU:  LEONRDOK         U:           51.97 -+   9998.016  E:         -603.67 -+   9940.502  N:          -63.25 -+   9977.620
STA_CRL:  LEONRDOK         C:   .001  -.001  -.002   .000   .001  -.001   .001   .000  -.002   .001  -.001  -.002   .000  -.001  -.002
STA_GCX:  MADRID64         X:   4849093052.80 -+   9999.463  Y:   -360180444.58 -+   9999.810  Z:   4115109799.57 -+   9999.993 Obs_used:     141 Obs_tot:     173 Ses_used:     1 Ses_tot:     1 Date_beg: 1989.03.19 Date_end: 1989.03.19
STA_GCU:  MADRID64         U:          -61.07 -+   9999.683  E:          -53.39 -+   9999.761  N:           46.21 -+   9999.822
STA_CRL:  MADRID64         C:  -.000  -.000  -.000   .990  -.000  -.000  -.000   .985  -.000  -.013  -.000  -.000   .981  -.003   .004
STA_GCX:  MAMMOTHL         X:  -2448247035.05 -+    145.733  Y:  -4426737943.81 -+    264.721  Z:   3875435717.18 -+    217.302 Obs_used:     561 Obs_tot:     562 Ses_used:     4 Ses_tot:     4 Date_beg: 1983.06.29 Date_end: 1986.10.22
STA_GCU:  MAMMOTHL         U:          276.46 -+    367.811  E:           80.80 -+     33.599  N:           44.64 -+     46.065
STA_CRL:  MAMMOTHL         C:   .965  -.954  -.965   .992   .954  -.940   .959   .992  -.953   .964  -.949  -.957   .990  -.953  -.963
STA_GCX:  MARCUS           X:  -5227445811.57 -+     81.235  Y:   2551380473.09 -+     57.771  Z:   2607605370.77 -+     58.409 Obs_used:    5120 Obs_tot:    5203 Ses_used:    16 Ses_tot:    16 Date_beg: 1989.07.24 Date_end: 1993.06.28
STA_GCU:  MARCUS           U:          -39.98 -+    106.215  E:          -73.85 -+     31.020  N:           79.23 -+     33.231
STA_CRL:  MARCUS           C:  -.812  -.804   .612   .986  -.813  -.799  -.808   .992   .614  -.828  -.799   .618   .990  -.816   .634
STA_GCX:  MARPOINT         X:   1106629113.57 -+      8.457  Y:  -4882907340.40 -+     28.501  Z:   3938087076.81 -+     22.883 Obs_used:    8191 Obs_tot:    8210 Ses_used:    77 Ses_tot:    77 Date_beg: 1982.06.18 Date_end: 1989.08.24
STA_GCU:  MARPOINT         U:          213.58 -+     36.165  E:          -25.35 -+      5.662  N:          -23.95 -+      8.216
STA_CRL:  MARPOINT         C:  -.728   .704  -.894   .986  -.726   .708  -.727   .995  -.893  -.731   .708  -.893   .994   .716  -.898
STA_GCX:  MATERA           X:   4641938530.26 -+      0.283  Y:   1393003265.46 -+      0.150  Z:   4133325728.37 -+      0.259 Obs_used:  790362 Obs_tot:  821564 Ses_used:  1110 Ses_tot:  1110 Date_beg: 1990.10.04 Date_end: 2019.06.24
STA_GCU:  MATERA           U:            5.97 -+      0.307  E:            0.56 -+      0.146  N:           -3.33 -+      0.232
STA_CRL:  MATERA           C:   .259   .258   .110   .108   .010  -.090   .004   .074  -.029  -.585  -.052  -.036   .041   .038   .031
STA_GCX:  MCD 7850         X:  -1330006397.88 -+   9544.221  Y:  -5328391628.85 -+   9938.106  Z:   3236501778.61 -+   9823.446 Obs_used:     616 Obs_tot:     616 Ses_used:     1 Ses_tot:     1 Date_beg: 1988.10.06 Date_end: 1988.10.06
STA_GCU:  MCD 7850         U:         -796.45 -+   9987.409  E:         1649.21 -+   9551.534  N:         -638.36 -+   9766.169
STA_CRL:  MCD 7850         C:   .007  -.022  -.015   .000   .007  -.022   .007   .000  -.015   .007  -.022  -.015   .000  -.022  -.015
STA_GCX:  MEDICINA         X:   4461369746.22 -+      0.542  Y:    919597066.14 -+      0.251  Z:   4449559345.56 -+      0.541 Obs_used:  527105 Obs_tot:  545244 Ses_used:   563 Ses_tot:   563 Date_beg: 1987.12.08 Date_end: 2019.06.20
STA_GCU:  MEDICINA         U:           -1.54 -+      0.712  E:            0.09 -+      0.234  N:           -1.92 -+      0.294
STA_CRL:  MEDICINA         C:   .331   .708   .268   .198   .055   .078   .021   .106   .006  -.541   .050   .011   .115  -.001  -.017
STA_GCX:  MEDICINA_960601  X:   4461369748.71 -+      0.282  Y:    919597066.97 -+      0.150  Z:   4449559346.83 -+      0.259 Obs_used:       0 Obs_tot:       0 Ses_used:     0 Ses_tot:     0 Date_beg:            Date_end:           
STA_GCU:  MEDICINA_960601  U:            1.21 -+      0.309  E:            0.40 -+      0.147  N:           -2.83 -+      0.228
STA_CRL:  MEDICINA_960601  C:   .192   .297   .049   .104   .012  -.119   .002   .086  -.031  -.541  -.063  -.035   .015  -.001  -.017
STA_GCX:  METSAHOV         X:   2892584899.64 -+      1.375  Y:   1311715555.54 -+      0.674  Z:   5512640127.31 -+      2.505 Obs_used:   44112 Obs_tot:   49222 Ses_used:    70 Ses_tot:    70 Date_beg: 2004.12.14 Date_end: 2018.02.14
STA_GCU:  METSAHOV         U:           -1.07 -+      2.897  E:            1.64 -+      0.309  N:           -3.54 -+      0.356
STA_CRL:  METSAHOV         C:   .866   .959   .868   .056   .038   .048   .024   .041   .031   .387   .067   .063   .070   .741   .461
STA_GCX:  METSHOVI         X:   2890652512.13 -+     21.410  Y:   1310295516.91 -+      9.714  Z:   5513958813.95 -+     38.050 Obs_used:     575 Obs_tot:     575 Ses_used:     5 Ses_tot:     5 Date_beg: 1989.07.05 Date_end: 1989.07.11
STA_GCU:  METSHOVI         U:          -29.53 -+     44.512  E:            5.73 -+      2.579  N:           -4.86 -+      3.543
STA_CRL:  METSHOVI         C:   .957   .986   .954   .135   .109   .108   .075   .168   .073   .384   .119   .117   .129   .739   .459
STA_GCX:  MIAMI20          X:    961255208.72 -+      1.983  Y:  -5674092607.58 -+      7.831  Z:   2740533818.32 -+      4.223 Obs_used:    5484 Obs_tot:    5512 Ses_used:    19 Ses_tot:    19 Date_beg: 1995.06.13 Date_end: 1996.06.04
STA_GCU:  MIAMI20          U:            3.02 -+      8.895  E:            1.09 -+      1.438  N:          -16.61 -+      1.379
STA_CRL:  MIAMI20          C:  -.678   .619  -.934   .592  -.149   .122  -.284   .417  -.413  -.334   .173  -.309   .449   .235  -.764
STA_GCX:  MILESMON         X:  -1204438609.99 -+   9971.994  Y:  -4239211393.33 -+   9992.125  Z:   4596265880.59 -+   9993.041 Obs_used:     156 Obs_tot:     156 Ses_used:     1 Ses_tot:     1 Date_beg: 1988.04.15 Date_end: 1988.04.15
STA_GCU:  MILESMON         U:            5.61 -+   9999.260  E:          399.94 -+   9971.222  N:         -266.03 -+   9986.673
STA_CRL:  MILESMON         C:   .001  -.001  -.001   .000   .001  -.001   .001   .000  -.001   .001  -.001  -.001   .000  -.001  -.001
STA_GCX:  MIURA            X:  -3976129791.91 -+     18.474  Y:   3377927847.27 -+     15.206  Z:   3656753898.89 -+     16.787 Obs_used:   17662 Obs_tot:   18260 Ses_used:    15 Ses_tot:    15 Date_beg: 1995.05.22 Date_end: 2000.11.07
STA_GCU:  MIURA            U:          100.12 -+     28.823  E:          138.73 -+      3.371  N:          -10.81 -+      3.490
STA_CRL:  MIURA            C:  -.960  -.953   .965   .975  -.937  -.931  -.937   .976   .943  -.956  -.927   .938   .971  -.948   .962
STA_GCX:  MIURA____000901  X:  -3976129782.24 -+     15.060  Y:   3377927831.57 -+     12.415  Z:   3656753897.72 -+     13.705 Obs_used:       0 Obs_tot:       0 Ses_used:     0 Ses_tot:     0 Date_beg:            Date_end:           
STA_GCU:  MIURA____000901  U:           85.12 -+     23.514  E:          144.43 -+      2.752  N:           -1.65 -+      2.876
STA_CRL:  MIURA____000901  C:  -.959  -.953   .963   .949  -.912  -.906  -.913   .948   .917  -.956  -.903   .912   .945  -.948   .962
STA_GCX:  MIYAZAKI         X:  -3582767882.41 -+    412.617  Y:   4052033632.48 -+    268.859  Z:   3369020060.29 -+    425.296 Obs_used:     740 Obs_tot:     823 Ses_used:     8 Ses_tot:     8 Date_beg: 1986.10.14 Date_end: 1993.12.02
STA_GCU:  MIYAZAKI         U:         -381.21 -+    464.284  E:           31.92 -+    225.316  N:           18.67 -+    396.343
STA_CRL:  MIYAZAKI         C:  -.695   .171   .580   .984  -.685   .168  -.680   .979   .567  -.697   .168   .572   .984   .164   .583
STA_GCX:  MIZNAO10         X:  -3857236111.08 -+      7.222  Y:   3108803336.79 -+      5.948  Z:   4003883097.49 -+      7.548 Obs_used:    3431 Obs_tot:    3486 Ses_used:    19 Ses_tot:    19 Date_beg: 1993.07.14 Date_end: 2006.10.12
STA_GCU:  MIZNAO10         U:           91.63 -+     11.893  E:           22.72 -+      1.191  N:           35.66 -+      1.282
STA_CRL:  MIZNAO10         C:  -.966  -.971   .964   .231  -.215  -.195  -.202   .243   .188  -.638  -.183   .189   .199  -.654   .651
STA_GCX:  MIZUSGSI         X:  -3862411885.04 -+     27.096  Y:   3105015135.41 -+     15.781  Z:   4001944896.03 -+     16.975 Obs_used:    1047 Obs_tot:    1047 Ses_used:     6 Ses_tot:     6 Date_beg: 1991.09.18 Date_end: 1991.11.26
STA_GCU:  MIZUSGSI         U:           60.25 -+     28.534  E:           40.95 -+     21.012  N:           63.17 -+      3.963
STA_CRL:  MIZUSGSI         C:   .005  -.790   .584   .116  -.148  -.161  -.101   .172   .159  -.638  -.088   .129   .159  -.654   .651
STA_GCX:  MK-VLBA          X:  -5464075142.82 -+      0.587  Y:  -2495248301.89 -+      0.433  Z:   2148297263.70 -+      0.442 Obs_used:  419587 Obs_tot:  429314 Ses_used:   256 Ses_tot:   256 Date_beg: 1993.07.19 Date_end: 2019.04.01
STA_GCU:  MK-VLBA          U:            1.54 -+      0.710  E:           -2.18 -+      0.305  N:           -1.94 -+      0.362
STA_CRL:  MK-VLBA          C:   .634  -.498  -.343   .495   .345  -.260   .180   .306  -.110   .112  -.116  -.096   .268  -.570  -.021
STA_GCX:  MK-VLBA__061015  X:  -5464075144.38 -+      0.467  Y:  -2495248302.47 -+      0.359  Z:   2148297265.38 -+      0.385 Obs_used:       0 Obs_tot:       0 Ses_used:     0 Ses_tot:     0 Date_beg:            Date_end:           
STA_GCU:  MK-VLBA__061015  U:            3.67 -+      0.558  E:           -2.30 -+      0.270  N:           -0.92 -+      0.332
STA_CRL:  MK-VLBA__061015  C:   .563  -.417  -.244  -.279  -.234   .195  -.119  -.035   .091   .112   .085   .076   .058  -.570  -.021
STA_GCX:  MOJ 7288         X:  -2356494337.94 -+     13.724  Y:  -4646607500.29 -+     26.817  Z:   3668426497.91 -+     21.785 Obs_used:     540 Obs_tot:     540 Ses_used:     1 Ses_tot:     1 Date_beg: 1987.11.01 Date_end: 1987.11.01
STA_GCU:  MOJ 7288         U:         -102.55 -+     36.972  E:           53.08 -+      2.234  N:          -46.32 -+      3.197
STA_CRL:  MOJ 7288         C:   .983  -.974  -.983   .146   .082  -.119   .092   .144  -.149   .475  -.093  -.104   .201  -.546  -.681
STA_GCX:  MOJAVE12         X:  -2356171233.31 -+      2.125  Y:  -4646755726.60 -+      3.928  Z:   3668470500.24 -+      4.514 Obs_used:  247993 Obs_tot:  248119 Ses_used:   720 Ses_tot:   720 Date_beg: 1983.06.27 Date_end: 1992.08.31
STA_GCU:  MOJAVE12         U:          -60.41 -+      5.634  E:           -2.03 -+      1.652  N:          -14.49 -+      2.419
STA_CRL:  MOJAVE12         C:   .597  -.613  -.735   .907   .538  -.560   .571   .963  -.709   .477  -.576  -.690   .949  -.549  -.682
STA_GCX:  MOJAVE12_920627  X:  -2356171256.25 -+      2.343  Y:  -4646755730.22 -+      4.309  Z:   3668470491.35 -+      4.688 Obs_used:       0 Obs_tot:       0 Ses_used:     0 Ses_tot:     0 Date_beg:            Date_end:           
STA_GCU:  MOJAVE12_920627  U:          -54.46 -+      6.065  E:          -20.85 -+      1.799  N:          -29.61 -+      2.452
STA_CRL:  MOJAVE12_920627  C:   .605  -.620  -.746   .729   .430  -.481   .455   .777  -.607   .477  -.470  -.558   .823  -.549  -.682
STA_GCX:  MON PEAK         X:  -2386290046.79 -+     23.885  Y:  -4802345915.61 -+     48.218  Z:   3444884178.44 -+     34.688 Obs_used:    8100 Obs_tot:    8121 Ses_used:    37 Ses_tot:    37 Date_beg: 1982.10.16 Date_end: 1990.11.11
STA_GCU:  MON PEAK         U:          -33.50 -+     63.170  E:           11.72 -+      6.417  N:            9.08 -+      8.195
STA_CRL:  MON PEAK         C:   .955  -.929  -.959   .969   .926  -.899   .926   .971  -.930   .954  -.899  -.930   .968  -.929  -.959
STA_GCX:  NL-VLBA          X:   -130872453.83 -+      0.192  Y:  -4762317095.53 -+      0.274  Z:   4226851006.80 -+      0.253 Obs_used:  587843 Obs_tot:  601185 Ses_used:   261 Ses_tot:   261 Date_beg: 1992.08.28 Date_end: 2019.04.01
STA_GCU:  NL-VLBA          U:           -0.49 -+      0.299  E:            0.16 -+      0.193  N:            0.17 -+      0.222
STA_CRL:  NL-VLBA          C:  -.165  -.069  -.279   .234  -.049  -.010  -.077   .215   .078  -.111  -.008   .041   .124  -.032  -.060
STA_GCX:  NOBEY 6M         X:  -3871169522.56 -+    363.914  Y:   3428275397.96 -+    332.429  Z:   3723698647.15 -+    332.663 Obs_used:     606 Obs_tot:     606 Ses_used:     6 Ses_tot:     6 Date_beg: 1990.01.23 Date_end: 1991.07.09
STA_GCU:  NOBEY 6M         U:          517.77 -+    570.157  E:          -31.10 -+    112.024  N:          -71.34 -+    126.405
STA_CRL:  NOBEY 6M         C:  -.896  -.886   .856   .998  -.894  -.884  -.892   .998   .853  -.894  -.881   .853   .998  -.884   .854
STA_GCX:  NOME             X:  -2658151034.14 -+     58.057  Y:   -693822102.47 -+     24.078  Z:   5737236670.28 -+    111.152 Obs_used:    1708 Obs_tot:    1708 Ses_used:    10 Ses_tot:    10 Date_beg: 1984.07.14 Date_end: 1990.06.20
STA_GCU:  NOME             U:          209.07 -+    124.744  E:            0.70 -+     15.677  N:          -26.82 -+     22.321
STA_CRL:  NOME             C:   .749  -.918  -.682   .957   .738  -.854   .722   .979  -.634   .765  -.876  -.666   .947  -.905  -.677
STA_GCX:  NOTO             X:   4934562896.55 -+      0.976  Y:   1321201489.95 -+      0.350  Z:   3806484690.86 -+      0.780 Obs_used:  140555 Obs_tot:  148956 Ses_used:   203 Ses_tot:   203 Date_beg: 1989.06.03 Date_end: 2018.08.01
STA_GCU:  NOTO             U:           10.30 -+      1.244  E:            0.38 -+      0.230  N:           -2.91 -+      0.287
STA_CRL:  NOTO             C:   .733   .888   .716   .264   .186   .211   .077   .179   .078  -.280   .122   .107   .182   .313   .148
STA_GCX:  NRAO 140         X:    882879696.93 -+      0.754  Y:  -4924482331.40 -+      2.090  Z:   3944130713.36 -+      1.719 Obs_used:    6921 Obs_tot:    6965 Ses_used:    15 Ses_tot:    15 Date_beg: 1979.08.03 Date_end: 1996.05.22
STA_GCU:  NRAO 140         U:            6.44 -+      2.559  E:           -5.84 -+      0.709  N:           -7.21 -+      0.918
STA_CRL:  NRAO 140         C:  -.337   .261  -.762   .606  -.189   .160  -.294   .835  -.703  -.176   .204  -.571   .725   .147  -.652
STA_GCX:  NRAO20           X:    883772559.71 -+      0.545  Y:  -4924385621.79 -+      1.455  Z:   3944042530.70 -+      1.253 Obs_used:  207596 Obs_tot:  210520 Ses_used:   327 Ses_tot:   327 Date_beg: 1995.02.07 Date_end: 2000.06.27
STA_GCU:  NRAO20           U:           19.38 -+      1.846  E:           -3.78 -+      0.507  N:           -6.83 -+      0.565
STA_CRL:  NRAO20           C:  -.351   .286  -.826   .634  -.206   .165  -.306   .896  -.732  -.176   .211  -.626   .768   .147  -.652
STA_GCX:  NRAO85 1         X:    883555363.42 -+      0.817  Y:  -4924490916.02 -+      2.434  Z:   3943962021.93 -+      2.012 Obs_used:     742 Obs_tot:     742 Ses_used:     2 Ses_tot:     2 Date_beg: 1992.10.30 Date_end: 1992.11.11
STA_GCU:  NRAO85 1         U:           29.91 -+      2.886  E:           -1.44 -+      0.752  N:           11.92 -+      1.320
STA_CRL:  NRAO85 1         C:  -.386   .208  -.641   .557  -.164   .139  -.272   .713  -.598  -.175   .189  -.492   .622   .147  -.651
STA_GCX:  NRAO85 3         X:    882325382.61 -+      0.702  Y:  -4925138022.85 -+      1.851  Z:   3943397717.46 -+      1.585 Obs_used:  166071 Obs_tot:  166344 Ses_used:   539 Ses_tot:   539 Date_beg: 1989.02.15 Date_end: 1996.08.20
STA_GCU:  NRAO85 3         U:           19.13 -+      2.334  E:           -4.87 -+      0.653  N:           -6.93 -+      0.748
STA_CRL:  NRAO85 3         C:  -.349   .286  -.809   .637  -.216   .177  -.316   .926  -.758  -.176   .222  -.646   .789   .147  -.652
STA_GCX:  NYALES20         X:   1202462568.44 -+      0.239  Y:    252734498.07 -+      0.221  Z:   6237766174.90 -+      0.244 Obs_used: 1862817 Obs_tot: 1906686 Ses_used:  2011 Ses_tot:  2011 Date_beg: 1994.10.04 Date_end: 2019.06.17
STA_GCU:  NYALES20         U:            0.06 -+      0.249  E:            1.93 -+      0.220  N:           -0.86 -+      0.236
STA_CRL:  NYALES20         C:   .052   .158  -.221   .241   .022   .017   .018   .235  -.048  -.182   .016  -.048   .085  -.043  -.506
STA_GCX:  OCOTILLO         X:  -2335603928.85 -+   1588.804  Y:  -4832249011.24 -+   3349.101  Z:   3434393255.17 -+   2879.855 Obs_used:     245 Obs_tot:     248 Ses_used:     2 Ses_tot:     2 Date_beg: 1984.03.03 Date_end: 1985.03.04
STA_GCU:  OCOTILLO         U:         5006.80 -+   4535.407  E:         -560.52 -+    549.013  N:        -2429.43 -+   1078.429
STA_CRL:  OCOTILLO         C:   .928  -.813  -.906   .000   .928  -.812   .927   .000  -.906   .927  -.811  -.905   .000  -.811  -.906
STA_GCX:  OHIGGINS         X:   1525833239.41 -+      1.807  Y:  -2432463662.23 -+      2.552  Z:  -5676174427.01 -+      5.857 Obs_used:   19309 Obs_tot:   20481 Ses_used:   138 Ses_tot:   138 Date_beg: 1993.01.25 Date_end: 2018.05.15
STA_GCU:  OHIGGINS         U:          -59.90 -+      6.506  E:           -1.00 -+      0.906  N:            3.27 -+      0.969
STA_CRL:  OHIGGINS         C:  -.810  -.845   .917   .255  -.094  -.097  -.101   .187   .091  -.261  -.218   .192   .243  -.264   .376
STA_GCX:  ONSALA60         X:   3370605844.46 -+      0.252  Y:    711917676.47 -+      0.172  Z:   5349830871.50 -+      0.253 Obs_used:  896800 Obs_tot:  917494 Ses_used:  1011 Ses_tot:  1011 Date_beg: 1980.07.26 Date_end: 2019.05.20
STA_GCU:  ONSALA60         U:            3.37 -+      0.274  E:            1.70 -+      0.171  N:           -2.48 -+      0.231
STA_CRL:  ONSALA60         C:   .106   .206  -.105   .196   .025  -.050   .014   .156  -.036  -.454  -.040  -.042   .047  -.152  -.213
STA_GCX:  OV-VLBA          X:  -2409150347.45 -+      0.208  Y:  -4478573135.98 -+      0.290  Z:   3838617346.01 -+      0.275 Obs_used:  590335 Obs_tot:  602765 Ses_used:   253 Ses_tot:   253 Date_beg: 1992.08.28 Date_end: 2019.04.01
STA_GCU:  OV-VLBA          U:           -0.77 -+      0.309  E:           -1.76 -+      0.215  N:           -0.66 -+      0.247
STA_CRL:  OV-VLBA          C:   .119  -.177  -.176   .196  -.049   .030  -.056   .202   .064  -.348   .029   .041   .157  -.123  -.101
STA_GCX:  OVR 7853         X:  -2410421527.13 -+     12.936  Y:  -4477800232.49 -+     24.348  Z:   3838690199.89 -+     21.803 Obs_used:     564 Obs_tot:     564 Ses_used:     1 Ses_tot:     1 Date_beg: 1987.11.01 Date_end: 1987.11.01
STA_GCU:  OVR 7853         U:           31.32 -+     34.564  E:         -419.54 -+      3.999  N:         -180.93 -+      4.987
STA_CRL:  OVR 7853         C:   .939  -.921  -.955   .452   .389  -.370   .355   .492  -.422   .757  -.328  -.410   .492  -.715  -.824
STA_GCX:  OVRO 130         X:  -2409601070.13 -+      6.108  Y:  -4478349407.70 -+     12.426  Z:   3838603125.33 -+     11.151 Obs_used:   30528 Obs_tot:   30731 Ses_used:   127 Ses_tot:   127 Date_beg: 1979.08.03 Date_end: 1988.11.09
STA_GCU:  OVRO 130         U:          -45.69 -+     16.810  E:            7.82 -+      3.570  N:          -11.33 -+      4.552
STA_CRL:  OVRO 130         C:   .803  -.752  -.853   .950   .757  -.717   .752   .966  -.823   .758  -.690  -.798   .960  -.715  -.824
STA_GCX:  PARKES           X:  -4554232382.96 -+     10.922  Y:   2816758874.43 -+      6.785  Z:  -3454035161.41 -+      8.376 Obs_used:   21296 Obs_tot:   22000 Ses_used:    62 Ses_tot:    62 Date_beg: 1992.05.23 Date_end: 2016.08.09
STA_GCU:  PARKES           U:          -73.66 -+     15.325  E:            0.65 -+      0.447  N:           -1.82 -+      0.644
STA_CRL:  PARKES           C:  -.997   .996  -.994   .086  -.086   .086  -.082   .083  -.083  -.873   .086  -.086   .090   .872  -.787
STA_GCX:  PBLOSSOM         X:  -2464071251.16 -+     71.298  Y:  -4649425053.27 -+    132.086  Z:   3593905617.42 -+     98.238 Obs_used:    1517 Obs_tot:    1528 Ses_used:    10 Ses_tot:    10 Date_beg: 1983.02.21 Date_end: 1988.02.08
STA_GCU:  PBLOSSOM         U:          -23.09 -+    176.860  E:          -74.79 -+     16.957  N:         -162.01 -+     24.778
STA_CRL:  PBLOSSOM         C:   .963  -.941  -.953   .981   .948  -.924   .942   .980  -.932   .966  -.922  -.936   .978  -.945  -.956
STA_GCX:  PENTICTN         X:  -2058840709.32 -+      8.516  Y:  -3621286422.80 -+     36.730  Z:   4814420612.05 -+     46.590 Obs_used:    3422 Obs_tot:    3605 Ses_used:    21 Ses_tot:    21 Date_beg: 1984.08.24 Date_end: 2001.06.06
STA_GCU:  PENTICTN         U:          -50.82 -+     58.353  E:          -20.05 -+     12.692  N:          -11.37 -+      5.108
STA_CRL:  PENTICTN         C:   .831  -.832  -.993   .824   .647  -.646   .832   .939  -.930   .834  -.832  -.929   .935  -.839  -.989
STA_GCX:  PIETOWN          X:  -1640953897.39 -+      0.198  Y:  -5014816039.59 -+      0.285  Z:   3575411798.88 -+      0.264 Obs_used:  640663 Obs_tot:  655247 Ses_used:   302 Ses_tot:   302 Date_beg: 1988.09.08 Date_end: 2019.04.01
STA_GCU:  PIETOWN          U:           -1.46 -+      0.296  E:           -2.39 -+      0.209  N:           -2.78 -+      0.243
STA_CRL:  PIETOWN          C:  -.006  -.167  -.157   .160  -.048   .004  -.073   .151   .094  -.321   .008   .056   .117  -.118  -.206
STA_GCX:  PINFLATS         X:  -2369636416.16 -+     47.227  Y:  -4761324583.09 -+     91.179  Z:   3511116295.70 -+     69.043 Obs_used:    3539 Obs_tot:    3550 Ses_used:    20 Ses_tot:    20 Date_beg: 1983.10.31 Date_end: 1990.02.10
STA_GCU:  PINFLATS         U:            7.90 -+    122.063  E:          -13.97 -+     13.177  N:            5.20 -+     15.426
STA_CRL:  PINFLATS         C:   .950  -.932  -.962   .984   .936  -.915   .932   .983  -.942   .951  -.916  -.947   .982  -.932  -.962
STA_GCX:  PLATTVIL         X:  -1240708381.69 -+     19.127  Y:  -4720454315.85 -+     57.939  Z:   4094481415.75 -+     48.929 Obs_used:    5110 Obs_tot:    5111 Ses_used:    23 Ses_tot:    23 Date_beg: 1983.06.07 Date_end: 1990.10.28
STA_GCU:  PLATTVIL         U:         -123.10 -+     76.921  E:           26.75 -+      8.740  N:          -27.26 -+     11.113
STA_CRL:  PLATTVIL         C:   .886  -.855  -.959   .985   .867  -.836   .874   .979  -.937   .887  -.844  -.937   .977  -.858  -.958
STA_GCX:  PRESIDIO         X:  -2707705214.31 -+     50.019  Y:  -4257608948.18 -+     78.436  Z:   3888374238.22 -+     69.498 Obs_used:    4124 Obs_tot:    4133 Ses_used:    21 Ses_tot:    21 Date_beg: 1983.08.25 Date_end: 1991.07.18
STA_GCU:  PRESIDIO         U:          -20.84 -+    114.380  E:          -23.47 -+     12.173  N:           35.44 -+     15.917
STA_CRL:  PRESIDIO         C:   .958  -.941  -.956   .989   .948  -.932   .949   .989  -.948   .959  -.929  -.943   .988  -.943  -.956
STA_GCX:  PRESIDIO_891001  X:  -2707705204.83 -+     42.961  Y:  -4257608945.79 -+     67.335  Z:   3888374223.28 -+     59.982 Obs_used:       0 Obs_tot:       0 Ses_used:     0 Ses_tot:     0 Date_beg:            Date_end:           
STA_GCU:  PRESIDIO_891001  U:          -35.61 -+     98.390  E:          -16.75 -+     10.517  N:           27.99 -+     13.652
STA_CRL:  PRESIDIO_891001  C:   .958  -.941  -.956   .981   .940  -.922   .940   .981  -.937   .959  -.923  -.936   .979  -.943  -.956
STA_GCX:  PT REYES         X:  -2732333605.19 -+     37.814  Y:  -4217634386.19 -+     57.343  Z:   3914491539.20 -+     53.457 Obs_used:    3350 Obs_tot:    3354 Ses_used:    19 Ses_tot:    19 Date_beg: 1983.08.27 Date_end: 1991.07.13
STA_GCU:  PT REYES         U:         -145.82 -+     85.694  E:            6.69 -+      9.718  N:           -3.58 -+     11.749
STA_CRL:  PT REYES         C:   .952  -.940  -.956   .977   .930  -.918   .930   .977  -.934   .951  -.915  -.930   .976  -.939  -.954
STA_GCX:  PVERDES          X:  -2525453272.98 -+     78.726  Y:  -4670034867.83 -+    140.232  Z:   3522886863.98 -+    106.402 Obs_used:    1497 Obs_tot:    1501 Ses_used:     9 Ses_tot:     9 Date_beg: 1983.11.12 Date_end: 1990.02.05
STA_GCU:  PVERDES          U:         -148.43 -+    190.761  E:           -3.58 -+     17.841  N:          -24.74 -+     21.822
STA_CRL:  PVERDES          C:   .966  -.949  -.968   .980   .945  -.927   .946   .979  -.946   .966  -.929  -.946   .978  -.949  -.967
STA_GCX:  QUINCY           X:  -2517231247.32 -+     27.626  Y:  -4198595062.82 -+     45.168  Z:   4076531173.03 -+     42.357 Obs_used:    4791 Obs_tot:    4800 Ses_used:    22 Ses_tot:    22 Date_beg: 1982.10.21 Date_end: 1990.10.08
STA_GCU:  QUINCY           U:           47.22 -+     66.561  E:           22.61 -+      8.163  N:           17.87 -+     10.019
STA_CRL:  QUINCY           C:   .940  -.914  -.954   .975   .915  -.890   .916   .974  -.929   .941  -.889  -.927   .971  -.917  -.955
STA_GCX:  RAEGYEB          X:   4848831126.87 -+      0.805  Y:   -261629590.23 -+      0.217  Z:   4122976433.73 -+      0.732 Obs_used:   40140 Obs_tot:   41035 Ses_used:    35 Ses_tot:    35 Date_beg: 2015.02.16 Date_end: 2016.01.07
STA_GCU:  RAEGYEB          U:          -19.48 -+      1.053  E:          -53.19 -+      0.218  N:          -54.75 -+      0.271
STA_CRL:  RAEGYEB          C:  -.069   .875  -.070  -.302  -.022  -.313  -.007  -.165  -.010  -.250  -.202  -.025  -.224   .371   .030
STA_GCX:  RICHMOND         X:    961257933.21 -+      1.923  Y:  -5674090063.56 -+      4.754  Z:   2740533827.36 -+      3.037 Obs_used:  171966 Obs_tot:  173157 Ses_used:   753 Ses_tot:   753 Date_beg: 1984.01.04 Date_end: 1992.08.20
STA_GCU:  RICHMOND         U:            7.40 -+      5.484  E:            2.70 -+      1.726  N:          -19.78 -+      1.574
STA_CRL:  RICHMOND         C:  -.414   .288  -.826   .838  -.346   .238  -.410   .975  -.809  -.336   .252  -.723   .870   .236  -.766
STA_GCX:  ROBLED32         X:   4849245146.79 -+     52.592  Y:   -360277912.64 -+     11.557  Z:   4114884750.95 -+     37.804 Obs_used:      97 Obs_tot:     103 Ses_used:     1 Ses_tot:     1 Date_beg: 1983.05.05 Date_end: 1983.05.05
STA_GCU:  ROBLED32         U:           25.04 -+     63.922  E:           -3.45 -+      9.585  N:          -37.17 -+     12.279
STA_CRL:  ROBLED32         C:  -.625   .940  -.581   .074   .010   .091   .004   .072   .003  -.050   .058   .004   .094   .729   .032
STA_GCX:  SAGARA           X:  -3913435280.02 -+   4131.041  Y:   3501122121.59 -+   2439.427  Z:   3608591756.79 -+   3939.500 Obs_used:     463 Obs_tot:     503 Ses_used:     3 Ses_tot:     3 Date_beg: 1992.11.23 Date_end: 1993.02.28
STA_GCU:  SAGARA           U:        -2924.27 -+   4548.890  E:        -1204.95 -+   2313.021  N:          118.65 -+   3534.614
STA_CRL:  SAGARA           C:  -.553   .066   .745   .000  -.553   .066  -.553   .000   .745  -.553   .066   .745   .000   .066   .745
STA_GCX:  SANPAULA         X:  -2554477377.50 -+     74.279  Y:  -4608627004.06 -+    132.021  Z:   3582138631.71 -+    100.625 Obs_used:    1519 Obs_tot:    1521 Ses_used:    10 Ses_tot:    10 Date_beg: 1983.08.31 Date_end: 1990.01.31
STA_GCU:  SANPAULA         U:         -142.03 -+    179.769  E:          -15.28 -+     16.955  N:          -54.62 -+     21.628
STA_CRL:  SANPAULA         C:   .966  -.956  -.963   .976   .942  -.932   .940   .976  -.937   .965  -.929  -.936   .973  -.955  -.961
STA_GCX:  SANTIA12         X:   1769693416.52 -+      9.348  Y:  -5044504633.87 -+     16.319  Z:  -3468434819.95 -+     12.911 Obs_used:   23631 Obs_tot:   23821 Ses_used:   125 Ses_tot:   125 Date_beg: 1991.11.20 Date_end: 1996.11.25
STA_GCU:  SANTIA12         U:           13.52 -+     20.473  E:            4.21 -+      6.623  N:           -6.64 -+      7.574
STA_CRL:  SANTIA12         C:  -.662  -.609   .713   .969  -.636  -.592  -.643   .985   .699  -.627  -.596   .697   .991  -.578   .681
STA_GCX:  SC-VLBA          X:   2607848617.52 -+      0.278  Y:  -5488069569.08 -+      0.490  Z:   1932739698.14 -+      0.282 Obs_used:  419900 Obs_tot:  432942 Ses_used:   237 Ses_tot:   237 Date_beg: 1993.06.25 Date_end: 2019.04.01
STA_GCU:  SC-VLBA          U:            7.32 -+      0.563  E:            0.57 -+      0.176  N:           -0.10 -+      0.221
STA_CRL:  SC-VLBA          C:  -.724   .326  -.601   .101  -.022  -.033  -.044   .085  -.031   .128  -.019  -.020   .105   .314  -.527
STA_GCX:  SEATTLE1         X:  -2295348007.33 -+    150.867  Y:  -3638029079.84 -+   1070.466  Z:   4693408077.20 -+   1065.851 Obs_used:     542 Obs_tot:     543 Ses_used:     3 Ses_tot:     3 Date_beg: 1986.08.27 Date_end: 1990.08.09
STA_GCU:  SEATTLE1         U:           -4.30 -+   1444.440  E:           49.76 -+    465.721  N:          169.91 -+     37.345
STA_CRL:  SEATTLE1         C:   .862  -.874  -.998   .986   .876  -.886   .855   .999  -.997   .875  -.865  -.998   .999  -.885  -.999
STA_GCX:  SEJONG           X:  -3110079903.35 -+      1.779  Y:   4082066688.66 -+      2.128  Z:   3775076798.15 -+      2.031 Obs_used:  175942 Obs_tot:  182475 Ses_used:   196 Ses_tot:   196 Date_beg: 2014.09.29 Date_end: 2019.06.24
STA_GCU:  SEJONG           U:           47.72 -+      3.277  E:           45.33 -+      0.714  N:          -14.00 -+      0.756
STA_CRL:  SEJONG           C:  -.865  -.845   .872  -.905   .803   .774   .843  -.953  -.850  -.735   .732  -.766  -.838  -.689   .758
STA_GCX:  SESHAN25         X:  -2831687301.66 -+      0.329  Y:   4675733522.48 -+      0.418  Z:   3275327532.43 -+      0.440 Obs_used:  284945 Obs_tot:  292224 Ses_used:   392 Ses_tot:   392 Date_beg: 1988.04.09 Date_end: 2019.06.17
STA_GCU:  SESHAN25         U:           -0.25 -+      0.513  E:           -0.72 -+      0.290  N:           -5.19 -+      0.360
STA_CRL:  SESHAN25         C:  -.344  -.409   .275   .022   .101   .034   .184  -.045  -.161   .431   .031  -.073   .052  -.090   .245
STA_GCX:  SEST             X:   1838234272.67 -+   4591.291  Y:  -5258694279.57 -+   6333.971  Z:  -3100593498.99 -+   3834.618 Obs_used:     353 Obs_tot:     353 Ses_used:     3 Ses_tot:     3 Date_beg: 1990.04.18 Date_end: 1990.05.24
STA_GCU:  SEST             U:        -3279.58 -+   6404.429  E:         -299.83 -+   4311.110  N:        -1960.31 -+   4037.458
STA_CRL:  SEST             C:  -.252   .010   .262   .000  -.252   .011  -.252   .000   .261  -.251   .011   .261   .000   .012   .261
STA_GCX:  SHANGHAI         X:  -2847696085.28 -+   9999.724  Y:   4659874401.83 -+   9999.342  Z:   3283960511.42 -+   9999.234 Obs_used:     138 Obs_tot:     168 Ses_used:     1 Ses_tot:     1 Date_beg: 1986.06.13 Date_end: 1986.06.13
STA_GCU:  SHANGHAI         U:         1216.80 -+   9999.809  E:        -3284.90 -+   9999.525  N:         1668.43 -+   9998.965
STA_CRL:  SHANGHAI         C:  -.000  -.000   .000   .000  -.000  -.000  -.000   .000   .000  -.000  -.000   .000   .000  -.000   .000
STA_GCX:  SINTOTU          X:  -3642142100.00 -+     76.799  Y:   2861496751.40 -+     66.870  Z:   4370361658.88 -+     73.871 Obs_used:     529 Obs_tot:     529 Ses_used:     3 Ses_tot:     3 Date_beg: 1990.07.26 Date_end: 1990.07.30
STA_GCU:  SINTOTU          U:          167.60 -+    113.935  E:         -257.56 -+     52.224  N:           70.97 -+     10.862
STA_CRL:  SINTOTU          C:  -.459  -.846   .856   .114  -.106  -.126  -.104   .118   .126  -.836  -.107   .110   .132  -.894   .897
STA_GCX:  SINTOTU3         X:  -3642142221.32 -+      3.273  Y:   2861496687.70 -+      2.646  Z:   4370361719.80 -+      3.864 Obs_used:   19740 Obs_tot:   20615 Ses_used:    94 Ses_tot:    94 Date_beg: 1995.11.21 Date_end: 2013.12.04
STA_GCU:  SINTOTU3         U:           -6.46 -+      5.644  E:            8.41 -+      0.653  N:           -5.18 -+      0.600
STA_CRL:  SINTOTU3         C:  -.950  -.970   .960   .127  -.110  -.107  -.093   .100   .080  -.836  -.100   .090   .103  -.894   .898
STA_GCX:  SNDPOINT         X:  -3425462286.83 -+     85.317  Y:  -1214669070.76 -+     50.669  Z:   5223858041.94 -+    128.284 Obs_used:    2437 Obs_tot:    2437 Ses_used:    13 Ses_tot:    13 Date_beg: 1984.07.14 Date_end: 1990.07.12
STA_GCU:  SNDPOINT         U:          239.40 -+    158.284  E:           23.69 -+     29.923  N:           -7.05 -+     18.809
STA_CRL:  SNDPOINT         C:   .807  -.966  -.838   .978   .802  -.949   .788   .991  -.821   .810  -.940  -.830   .978  -.967  -.840
STA_GCX:  SOURDOGH         X:  -2419993978.86 -+     84.451  Y:  -1664228727.89 -+     64.345  Z:   5643537967.82 -+    194.714 Obs_used:    4156 Obs_tot:    4158 Ses_used:    16 Ses_tot:    16 Date_beg: 1984.07.31 Date_end: 1989.08.03
STA_GCU:  SOURDOGH         U:           90.49 -+    217.884  E:          -29.12 -+     32.417  N:            5.30 -+     25.722
STA_CRL:  SOURDOGH         C:   .798  -.920  -.902   .993   .790  -.913   .790   .993  -.895   .795  -.912  -.894   .992  -.919  -.901
STA_GCX:  SOURDOGH_871201  X:  -2419993959.96 -+     73.861  Y:  -1664228753.74 -+     56.328  Z:   5643538008.46 -+    170.043 Obs_used:       0 Obs_tot:       0 Ses_used:     0 Ses_tot:     0 Date_beg:            Date_end:           
STA_GCU:  SOURDOGH_871201  U:          126.17 -+    190.331  E:            2.89 -+     28.478  N:           24.79 -+     22.498
STA_CRL:  SOURDOGH_871201  C:   .797  -.920  -.902   .990   .787  -.911   .788   .992  -.894   .795  -.909  -.891   .990  -.919  -.901
STA_GCX:  SUWON            X:  -3062015857.83 -+   7319.491  Y:   4055460773.94 -+   8232.209  Z:   3841810837.95 -+   9952.957 Obs_used:     567 Obs_tot:     575 Ses_used:     3 Ses_tot:     3 Date_beg: 1995.10.24 Date_end: 1995.11.01
STA_GCU:  SUWON            U:         1015.10 -+   9953.406  E:       -11096.72 -+   4660.813  N:          534.30 -+   9980.586
STA_CRL:  SUWON            C:  -.639  -.080  -.059   .000  -.639  -.080  -.638   .000  -.059  -.639  -.080  -.059   .000  -.080  -.059
STA_GCX:  SVETLOE          X:   2730173726.36 -+      0.301  Y:   1562442754.58 -+      0.213  Z:   5529969116.11 -+      0.427 Obs_used:  541809 Obs_tot:  566988 Ses_used:   580 Ses_tot:   580 Date_beg: 2003.03.06 Date_end: 2019.05.16
STA_GCU:  SVETLOE          U:            3.52 -+      0.469  E:            2.31 -+      0.189  N:           -3.97 -+      0.249
STA_CRL:  SVETLOE          C:   .374   .498   .272   .115   .005  -.068   .002   .132  -.066  -.353  -.076  -.085  -.047   .001  -.250
STA_GCX:  SYOWA            X:   1766194197.17 -+      1.827  Y:   1460410911.59 -+      1.529  Z:  -5932273348.00 -+      5.665 Obs_used:   16862 Obs_tot:   17541 Ses_used:    80 Ses_tot:    80 Date_beg: 1999.11.08 Date_end: 2016.02.10
STA_GCU:  SYOWA            U:            4.77 -+      6.038  E:           -4.65 -+      0.805  N:           -1.54 -+      0.813
STA_CRL:  SYOWA            C:   .764  -.877  -.856   .071   .008  -.014   .019   .067  -.021   .177  -.042  -.032   .053  -.425  -.334
STA_GCX:  TATEYAMA         X:  -4000983201.94 -+     27.757  Y:   3375275901.55 -+     23.016  Z:   3632213280.06 -+     25.505 Obs_used:   22620 Obs_tot:   23645 Ses_used:    19 Ses_tot:    19 Date_beg: 1997.11.01 Date_end: 2001.06.11
STA_GCU:  TATEYAMA         U:          169.72 -+     43.750  E:          182.79 -+      4.462  N:           12.04 -+      4.088
STA_CRL:  TATEYAMA         C:  -.969  -.972   .975   .985  -.956  -.959  -.955   .985   .961  -.968  -.957   .960   .984  -.971   .975
STA_GCX:  TATEYAMA_000901  X:  -4000983200.06 -+     22.429  Y:   3375275863.83 -+     18.614  Z:   3632213301.46 -+     20.639 Obs_used:       0 Obs_tot:       0 Ses_used:     0 Ses_tot:     0 Date_beg:            Date_end:           
STA_GCU:  TATEYAMA_000901  U:          160.85 -+     35.418  E:          210.41 -+      3.385  N:           44.34 -+      3.104
STA_CRL:  TATEYAMA_000901  C:  -.972  -.976   .978   .974  -.946  -.949  -.946   .974   .951  -.968  -.948   .950   .972  -.971   .975
STA_GCX:  TIANMA65         X:  -2826708527.99 -+      7.127  Y:   4679237114.28 -+     10.907  Z:   3274667598.62 -+      7.931 Obs_used:   10184 Obs_tot:   10383 Ses_used:    18 Ses_tot:    18 Date_beg: 2014.05.27 Date_end: 2018.01.30
STA_GCU:  TIANMA65         U:           38.54 -+     14.616  E:         -129.99 -+      2.660  N:           59.23 -+      3.456
STA_CRL:  TIANMA65         C:  -.900  -.821   .860  -.880   .758   .674   .792  -.870  -.718  -.884   .712  -.724  -.870  -.790   .821
STA_GCX:  TIDBIN64         X:  -4460895167.78 -+      9.450  Y:   2682361531.44 -+      6.419  Z:  -3674747745.09 -+      8.650 Obs_used:    2664 Obs_tot:    2733 Ses_used:    14 Ses_tot:    14 Date_beg: 1988.08.20 Date_end: 2015.05.16
STA_GCU:  TIDBIN64         U:           55.32 -+     13.545  E:            5.04 -+      2.393  N:           -4.96 -+      4.018
STA_CRL:  TIDBIN64         C:  -.901   .821  -.782   .035  -.037   .038  -.019   .003  -.023  -.230   .020  -.021   .020  -.049   .243
STA_GCX:  TIGOCONC         X:   1492054419.55 -+      0.427  Y:  -4887961015.01 -+      1.002  Z:  -3803541238.45 -+      0.817 Obs_used:  247961 Obs_tot:  258705 Ses_used:  1243 Ses_tot:  1243 Date_beg: 2002.05.13 Date_end: 2014.05.29
STA_GCU:  TIGOCONC         U:            2.27 -+      1.284  E:           -0.65 -+      0.300  N:            3.64 -+      0.340
STA_CRL:  TIGOCONC         C:  -.679  -.656   .854   .128  -.064  -.071  -.133   .170   .145  -.205  -.183   .182   .208   .057  -.044
STA_GCX:  TIGOWTZL         X:   4075572471.15 -+      5.311  Y:    931755343.95 -+      1.319  Z:   4801584485.91 -+      6.199 Obs_used:    9930 Obs_tot:   10294 Ses_used:    21 Ses_tot:    21 Date_beg: 1997.12.08 Date_end: 2000.12.18
STA_GCU:  TIGOWTZL         U:            0.07 -+      8.222  E:            1.42 -+      0.615  N:           -3.28 -+      0.623
STA_CRL:  TIGOWTZL         C:   .879   .988   .880   .012   .004  -.001   .001   .023  -.001  -.540  -.001  -.004   .004  -.100  -.092
STA_GCX:  TITIJIMA         X:  -4489356542.93 -+   1932.592  Y:   3482990421.54 -+   2163.040  Z:   2887931897.69 -+   1212.205 Obs_used:     357 Obs_tot:     385 Ses_used:     4 Ses_tot:     4 Date_beg: 1987.11.18 Date_end: 1989.12.05
STA_GCU:  TITIJIMA         U:          662.75 -+   2237.298  E:           -0.81 -+   2176.101  N:          371.58 -+    377.064
STA_CRL:  TITIJIMA         C:   .102  -.890   .345   .998   .101  -.889   .101   .999   .345   .101  -.888   .344   .998  -.890   .345
STA_GCX:  TOMAKO11         X:  -3680586148.28 -+    434.678  Y:   2917515744.83 -+    332.305  Z:   4300987644.95 -+    421.136 Obs_used:    1114 Obs_tot:    1174 Ses_used:     2 Ses_tot:     2 Date_beg: 2003.05.21 Date_end: 2003.07.16
STA_GCU:  TOMAKO11         U:         -315.82 -+    659.057  E:          -87.62 -+    147.510  N:          170.04 -+    143.567
STA_CRL:  TOMAKO11         C:  -.846  -.891   .870   .000  -.845  -.890  -.847   .000   .871  -.846  -.891   .869   .000  -.891   .870
STA_GCX:  TOULOUSE         X:   4627949740.35 -+   9706.348  Y:    119848565.62 -+   9523.501  Z:   4372863855.43 -+   9699.269 Obs_used:     275 Obs_tot:     275 Ses_used:     3 Ses_tot:     3 Date_beg: 1992.05.10 Date_end: 1992.05.12
STA_GCU:  TOULOUSE         U:          479.02 -+   9988.468  E:         4648.66 -+   9519.025  N:          475.16 -+   9413.009
STA_CRL:  TOULOUSE         C:   .018   .060  -.013   .000   .018   .060   .018   .000  -.013   .018   .060  -.012   .000   .060  -.012
STA_GCX:  TROMSONO         X:   2102903729.45 -+     48.918  Y:    721602864.95 -+     30.565  Z:   5958201280.20 -+    117.067 Obs_used:    1558 Obs_tot:    1558 Ses_used:     8 Ses_tot:     8 Date_beg: 1989.07.30 Date_end: 1992.08.29
STA_GCU:  TROMSONO         U:         -176.79 -+    126.341  E:           26.82 -+     25.954  N:          -11.58 -+     19.905
STA_CRL:  TROMSONO         C:   .451   .913   .488   .984   .443   .874   .409   .993   .435   .416   .904   .488   .978   .900   .454
STA_GCX:  TRYSILNO         X:   2988029081.92 -+     85.749  Y:    655957201.46 -+     28.991  Z:   5578669469.52 -+    156.397 Obs_used:    3049 Obs_tot:    3049 Ses_used:    15 Ses_tot:    15 Date_beg: 1991.11.08 Date_end: 1993.03.22
STA_GCU:  TRYSILNO         U:          136.73 -+    177.544  E:          -11.78 -+     22.938  N:          -26.24 -+     24.602
STA_CRL:  TRYSILNO         C:   .589   .946   .607   .995   .585   .940   .581   .997   .599   .583   .939   .604   .995   .944   .602
STA_GCX:  TSUKU3           X:  -3957184474.32 -+     32.922  Y:   3310224841.33 -+     27.719  Z:   3737709017.95 -+     32.013 Obs_used:     250 Obs_tot:     258 Ses_used:     1 Ses_tot:     1 Date_beg: 2001.06.14 Date_end: 2001.06.14
STA_GCU:  TSUKU3           U:          -57.71 -+     53.375  E:           -1.16 -+      3.180  N:           -6.24 -+      4.241
STA_CRL:  TSUKU3           C:  -.989  -.985   .983   .001   .000   .000   .000   .003  -.001   .629   .000  -.000   .002  -.060   .081
STA_GCX:  TSUKUB32         X:  -3957408806.27 -+      0.298  Y:   3310229474.32 -+      0.304  Z:   3737494743.24 -+      0.413 Obs_used:  999783 Obs_tot: 1035960 Ses_used:   985 Ses_tot:   985 Date_beg: 1998.06.25 Date_end: 2016.12.27
STA_GCU:  TSUKUB32         U:            2.02 -+      0.388  E:           -1.86 -+      0.290  N:           -4.89 -+      0.343
STA_CRL:  TSUKUB32         C:  -.080  -.282   .029   .094   .062   .026   .076   .183  -.074   .637   .022  -.044   .097  -.060   .081
STA_GCX:  TSUKUBA          X:  -3957172970.40 -+     12.149  Y:   3310238053.29 -+     10.183  Z:   3737708887.64 -+     11.974 Obs_used:    1187 Obs_tot:    1279 Ses_used:    11 Ses_tot:    11 Date_beg: 1984.07.18 Date_end: 1991.07.31
STA_GCU:  TSUKUBA          U:           -0.60 -+     19.508  E:            4.00 -+      1.745  N:            6.18 -+      3.327
STA_CRL:  TSUKUBA          C:  -.975  -.950   .910   .010  -.003  -.004  -.002   .014   .002   .629  -.002   .001   .010  -.060   .081
STA_GCX:  UCHINOUR         X:  -3586229371.80 -+      5.468  Y:   4114103718.96 -+      6.170  Z:   3290224677.13 -+      5.231 Obs_used:    3421 Obs_tot:    3676 Ses_used:     3 Ses_tot:     3 Date_beg: 2008.01.20 Date_end: 2012.02.14
STA_GCU:  UCHINOUR         U:            6.26 -+      9.646  E:           -0.20 -+      0.980  N:           -7.16 -+      1.153
STA_CRL:  UCHINOUR         C:  -.971  -.956   .962  -.118   .066   .033   .052  -.037   .006  -.838   .070  -.047  -.074  -.755   .788
STA_GCX:  URUMQI           X:    228310312.01 -+      0.310  Y:   4631922814.87 -+      0.759  Z:   4367064088.43 -+      0.777 Obs_used:  107513 Obs_tot:  116270 Ses_used:   167 Ses_tot:   167 Date_beg: 1994.03.16 Date_end: 2019.04.16
STA_GCU:  URUMQI           U:           71.86 -+      1.023  E:           -0.25 -+      0.309  N:           -5.53 -+      0.366
STA_CRL:  URUMQI           C:   .084  -.034   .777   .056  -.006  -.030   .043  -.234  -.254  -.002  -.016  -.162  -.125  -.006   .317
STA_GCX:  USSURISK         X:  -3059725009.02 -+   9999.951  Y:   3427256802.57 -+   9999.969  Z:   4409485537.59 -+   9999.976 Obs_used:      57 Obs_tot:      59 Ses_used:     1 Ses_tot:     1 Date_beg: 1992.03.12 Date_end: 1992.03.12
STA_GCU:  USSURISK         U:            9.65 -+   9999.993  E:          -20.53 -+   9999.937  N:           17.91 -+   9999.966
STA_CRL:  USSURISK         C:  -.000  -.000   .000   .998   .000   .000  -.000   .998  -.000  -.004  -.000  -.000   .996  -.005   .006
STA_GCX:  USUDA64          X:  -3855355403.60 -+      6.324  Y:   3427427560.10 -+      5.693  Z:   3740971148.45 -+      6.081 Obs_used:    3316 Obs_tot:    4148 Ses_used:     8 Ses_tot:     8 Date_beg: 1990.07.30 Date_end: 2015.01.09
STA_GCU:  USUDA64          U:          -10.88 -+     10.276  E:           -9.97 -+      1.166  N:           -6.35 -+      1.552
STA_CRL:  USUDA64          C:  -.962  -.943   .940   .537  -.498  -.455  -.511   .541   .454  -.930  -.462   .451   .524  -.851   .829
STA_GCX:  USUDA64__110311  X:  -3855355563.48 -+      7.338  Y:   3427427395.24 -+      6.512  Z:   3740971214.32 -+      7.045 Obs_used:       0 Obs_tot:       0 Ses_used:     0 Ses_tot:     0 Date_beg:            Date_end:           
STA_GCU:  USUDA64__110311  U:           35.99 -+     11.746  E:          219.46 -+      1.702  N:           40.98 -+      2.241
STA_CRL:  USUDA64__110311  C:  -.939  -.918   .897  -.546   .512   .466   .503  -.547  -.448  -.930   .484  -.472  -.573  -.851   .829
STA_GCX:  VERAISGK         X:  -3263994962.31 -+      3.064  Y:   4808056348.04 -+      4.180  Z:   2619949023.89 -+      2.574 Obs_used:   31790 Obs_tot:   35618 Ses_used:    55 Ses_tot:    55 Date_beg: 2006.02.16 Date_end: 2015.02.17
STA_GCU:  VERAISGK         U:          -20.82 -+      5.698  E:            0.39 -+      0.667  N:           -2.75 -+      0.757
STA_CRL:  VERAISGK         C:  -.966  -.921   .950  -.268   .194   .220   .222  -.178  -.238  -.892   .214  -.198  -.272  -.776   .882
STA_GCX:  VERAMZSW         X:  -3857241843.49 -+      1.109  Y:   3108784899.39 -+      0.947  Z:   4003900571.97 -+      1.158 Obs_used:   59933 Obs_tot:   64918 Ses_used:   106 Ses_tot:   106 Date_beg: 2003.05.21 Date_end: 2019.02.12
STA_GCU:  VERAMZSW         U:           48.03 -+      1.778  E:          -10.00 -+      0.375  N:           -5.60 -+      0.409
STA_CRL:  VERAMZSW         C:  -.865  -.882   .842  -.387   .384   .394   .389  -.362  -.400  -.639   .392  -.391  -.373  -.655   .652
STA_GCX:  VERNAL           X:  -1631473600.54 -+     46.195  Y:  -4589129198.23 -+    117.730  Z:   4106759871.85 -+     99.995 Obs_used:    1595 Obs_tot:    1595 Ses_used:     8 Ses_tot:     8 Date_beg: 1986.03.30 Date_end: 1990.10.22
STA_GCU:  VERNAL           U:           19.41 -+    158.438  E:           16.50 -+     17.578  N:          -65.21 -+     24.119
STA_CRL:  VERNAL           C:   .915  -.897  -.953   .990   .903  -.886   .905   .989  -.943   .914  -.884  -.938   .987  -.896  -.952
STA_GCX:  VICTORIA         X:  -2341314155.27 -+   9379.683  Y:  -3539078437.07 -+   9600.775  Z:   4745770681.74 -+   9676.001 Obs_used:     521 Obs_tot:     521 Ses_used:     3 Ses_tot:     3 Date_beg: 1990.08.01 Date_end: 1990.08.03
STA_GCU:  VICTORIA         U:          152.26 -+   9986.722  E:        -5042.85 -+   9372.751  N:         3433.26 -+   9284.140
STA_CRL:  VICTORIA         C:   .017  -.052  -.053   .000   .017  -.052   .017   .000  -.053   .017  -.052  -.053   .000  -.052  -.053
STA_GCX:  VLA-N8           X:  -1601147918.75 -+      8.348  Y:  -5041733480.60 -+     23.359  Z:   3555235651.19 -+     15.965 Obs_used:     147 Obs_tot:     155 Ses_used:     1 Ses_tot:     1 Date_beg: 1996.02.09 Date_end: 1996.02.09
STA_GCU:  VLA-N8           U:          -35.80 -+     29.260  E:         -187.93 -+      2.692  N:         -115.61 -+      2.605
STA_CRL:  VLA-N8           C:   .943  -.933  -.982   .008  -.001  -.001  -.001   .005   .000  -.309  -.000   .000   .005  -.115  -.201
STA_GCX:  VNDNBERG         X:  -2678095324.64 -+      8.289  Y:  -4525450142.17 -+     13.152  Z:   3597410570.58 -+     11.644 Obs_used:   45883 Obs_tot:   45935 Ses_used:   178 Ses_tot:   178 Date_beg: 1983.08.22 Date_end: 1991.07.28
STA_GCU:  VNDNBERG         U:          -92.68 -+     18.647  E:           -6.58 -+      3.341  N:          -16.82 -+      4.292
STA_CRL:  VNDNBERG         C:   .885  -.850  -.883   .978   .861  -.831   .866   .980  -.867   .867  -.821  -.852   .976  -.833  -.868
STA_GCX:  WARK12M          X:  -5115324366.50 -+      1.507  Y:    477843302.14 -+      0.595  Z:  -3767192940.59 -+      1.236 Obs_used:  331602 Obs_tot:  336220 Ses_used:   461 Ses_tot:   461 Date_beg: 2011.02.28 Date_end: 2019.03.27
STA_GCU:  WARK12M          U:           16.00 -+      1.848  E:            0.12 -+      0.541  N:            1.13 -+      0.668
STA_CRL:  WARK12M          C:  -.471   .757  -.382  -.765   .385  -.633   .213  -.375   .192  -.213  -.641   .351  -.724   .323   .052
STA_GCX:  WESTFORD         X:   1492206386.07 -+      0.207  Y:  -4458130528.91 -+      0.258  Z:   4296015588.17 -+      0.262 Obs_used: 1316242 Obs_tot: 1342010 Ses_used:  2276 Ses_tot:  2276 Date_beg: 1981.05.13 Date_end: 2014.09.02
STA_GCU:  WESTFORD         U:            2.14 -+      0.317  E:           -0.54 -+      0.179  N:           -0.38 -+      0.213
STA_CRL:  WESTFORD         C:  -.403   .115  -.394   .251  -.062  -.019  -.082   .201   .016   .145  -.017   .008   .133  -.012  -.027
STA_GCX:  WETTZ13N         X:   4075627711.58 -+      0.273  Y:    931774216.43 -+      0.176  Z:   4801552330.25 -+      0.272 Obs_used:  270817 Obs_tot:  276475 Ses_used:   260 Ses_tot:   260 Date_beg: 2015.06.09 Date_end: 2019.05.07
STA_GCU:  WETTZ13N         U:           -2.60 -+      0.299  E:          -74.11 -+      0.175  N:          -71.51 -+      0.244
STA_CRL:  WETTZ13N         C:   .120   .213  -.020   .120   .019  -.073   .009   .053  -.030  -.540  -.049  -.035   .014  -.100  -.092
STA_GCX:  WETTZELL         X:   4075539677.61 -+      0.228  Y:    931735485.17 -+      0.150  Z:   4801629495.69 -+      0.204 Obs_used: 2562737 Obs_tot: 2624647 Ses_used:  3752 Ses_tot:  3752 Date_beg: 1983.07.27 Date_end: 2019.06.17
STA_GCU:  WETTZELL         U:            3.02 -+      0.202  E:            1.09 -+      0.152  N:           -3.97 -+      0.228
STA_CRL:  WETTZELL         C:   .063  -.080  -.193   .201   .027  -.077   .014   .121  -.036  -.550  -.047  -.037   .066  -.101  -.094
STA_GCX:  WHTHORSE         X:  -2215212066.20 -+    204.134  Y:  -2209259843.26 -+    189.366  Z:   5540289379.31 -+    452.702 Obs_used:    1950 Obs_tot:    1950 Ses_used:     9 Ses_tot:     9 Date_beg: 1984.08.07 Date_end: 1989.08.10
STA_GCU:  WHTHORSE         U:        -1666.23 -+    522.411  E:          115.21 -+     67.325  N:          348.61 -+     70.871
STA_CRL:  WHTHORSE         C:   .885  -.917  -.936   .996   .882  -.914   .880   .996  -.932   .884  -.912  -.932   .996  -.916  -.935
STA_GCX:  WHTHORSE_871201  X:  -2215212274.26 -+    181.721  Y:  -2209260049.26 -+    168.937  Z:   5540289708.38 -+    403.546 Obs_used:       0 Obs_tot:       0 Ses_used:     0 Ses_tot:     0 Date_beg:            Date_end:           
STA_GCU:  WHTHORSE_871201  U:        -1235.99 -+    465.746  E:          114.15 -+     59.812  N:          254.23 -+     62.567
STA_CRL:  WHTHORSE_871201  C:   .886  -.919  -.936   .997   .882  -.915   .882   .996  -.932   .884  -.914  -.932   .996  -.916  -.935
STA_GCX:  YAKATAGA         X:  -2529744485.92 -+     96.581  Y:  -1942091064.72 -+     78.478  Z:   5505029107.83 -+    199.941 Obs_used:    3542 Obs_tot:    3542 Ses_used:    16 Ses_tot:    16 Date_beg: 1984.07.31 Date_end: 1990.06.10
STA_GCU:  YAKATAGA         U:          490.75 -+    230.758  E:          206.80 -+     35.629  N:          237.53 -+     30.727
STA_CRL:  YAKATAGA         C:   .828  -.909  -.925   .990   .815  -.898   .813   .991  -.915   .817  -.896  -.915   .990  -.904  -.923
STA_GCX:  YAKATAGA_871201  X:  -2529744543.68 -+     85.874  Y:  -1942091006.89 -+     69.890  Z:   5505028940.21 -+    177.849 Obs_used:       0 Obs_tot:       0 Ses_used:     0 Ses_tot:     0 Date_beg:            Date_end:           
STA_GCU:  YAKATAGA_871201  U:          350.76 -+    205.167  E:          125.76 -+     32.438  N:          144.74 -+     27.271
STA_CRL:  YAKATAGA_871201  C:   .820  -.906  -.925   .990   .810  -.896   .809   .991  -.915   .817  -.894  -.914   .989  -.904  -.923
STA_GCX:  YARRA12M         X:  -2388895997.19 -+      0.596  Y:   5043349967.56 -+      0.807  Z:  -3078591015.21 -+      0.687 Obs_used:  711833 Obs_tot:  725262 Ses_used:   883 Ses_tot:   883 Date_beg: 2011.05.26 Date_end: 2019.06.24
STA_GCU:  YARRA12M         U:           28.73 -+      1.001  E:            9.35 -+      0.423  N:           -4.88 -+      0.543
STA_CRL:  YARRA12M         C:  -.619   .279  -.514  -.330   .286  -.233   .369  -.540   .347  -.168  -.266   .308  -.326  -.152   .404
STA_GCX:  YEBES            X:   4848780166.70 -+      4.004  Y:   -261701824.35 -+      0.517  Z:   4123035902.32 -+      3.500 Obs_used:   18088 Obs_tot:   18758 Ses_used:    36 Ses_tot:    36 Date_beg: 1995.06.08 Date_end: 2003.07.15
STA_GCU:  YEBES            U:          -61.65 -+      5.293  E:            2.21 -+      0.486  N:           -2.13 -+      0.547
STA_CRL:  YEBES            C:  -.345   .979  -.344   .119   .025   .099   .003   .172   .002  -.250   .063   .012   .089   .371   .030
STA_GCX:  YEBES40M         X:   4848761843.22 -+      0.463  Y:   -261484245.72 -+      0.177  Z:   4123084995.30 -+      0.422 Obs_used:  366069 Obs_tot:  384180 Ses_used:   306 Ses_tot:   306 Date_beg: 2008.09.11 Date_end: 2019.06.20
STA_GCU:  YEBES40M         U:           21.20 -+      0.578  E:            0.26 -+      0.177  N:           -3.25 -+      0.241
STA_CRL:  YEBES40M         C:  -.049   .701  -.063  -.518  -.011  -.555  -.005  -.135  -.010  -.253  -.356  -.019  -.371   .375   .031
STA_GCX:  YELLOWKN         X:  -1224124888.18 -+     18.005  Y:  -2689530703.30 -+     39.411  Z:   5633555261.91 -+     82.061 Obs_used:     832 Obs_tot:     836 Ses_used:     2 Ses_tot:     2 Date_beg: 1984.08.24 Date_end: 1985.09.04
STA_GCU:  YELLOWKN         U:         -119.81 -+     92.713  E:            6.55 -+      2.355  N:            2.51 -+      3.195
STA_CRL:  YELLOWKN         C:   .990  -.990  -.996   .095   .030  -.027   .048   .065  -.041   .362  -.053  -.051   .059  -.395  -.648
STA_GCX:  YLOW7296         X:  -1224399840.07 -+      1.148  Y:  -2689273321.25 -+      1.973  Z:   5633620278.53 -+      3.738 Obs_used:   27417 Obs_tot:   28192 Ses_used:    94 Ses_tot:    94 Date_beg: 1991.06.30 Date_end: 2006.08.02
STA_GCU:  YLOW7296         U:            8.44 -+      4.202  E:           -0.54 -+      0.830  N:            0.10 -+      0.915
STA_CRL:  YLOW7296         C:   .627  -.647  -.865   .721   .296  -.287   .381   .679  -.483   .365  -.414  -.538   .669  -.398  -.651
STA_GCX:  YUMA             X:  -2196778242.93 -+     46.061  Y:  -4887337268.96 -+    101.485  Z:   3448425208.93 -+     71.160 Obs_used:    4581 Obs_tot:    4584 Ses_used:    20 Ses_tot:    20 Date_beg: 1983.11.05 Date_end: 1988.10.21
STA_GCU:  YUMA             U:           27.80 -+    130.236  E:           -2.94 -+     13.161  N:          -30.01 -+     18.701
STA_CRL:  YUMA             C:   .950  -.921  -.950   .990   .942  -.914   .942   .991  -.942   .952  -.912  -.940   .990  -.924  -.952
STA_GCX:  ZELENCHK         X:   3451207597.66 -+      0.637  Y:   3060375372.04 -+      0.533  Z:   4391915016.29 -+      0.811 Obs_used:  514426 Obs_tot:  535924 Ses_used:   531 Ses_tot:   531 Date_beg: 2005.12.22 Date_end: 2019.06.20
STA_GCU:  ZELENCHK         U:           16.78 -+      1.083  E:            1.19 -+      0.259  N:           -4.60 -+      0.330
STA_CRL:  ZELENCHK         C:   .803   .789   .795   .120   .065   .044   .072   .118   .050  -.189   .043   .043   .090   .187   .183
STA_GCX:  ZELENCHK_070701  X:   3451207606.49 -+      0.440  Y:   3060375376.82 -+      0.360  Z:   4391915021.55 -+      0.538 Obs_used:       0 Obs_tot:       0 Ses_used:     0 Ses_tot:     0 Date_beg:            Date_end:           
STA_GCU:  ZELENCHK_070701  U:           27.48 -+      0.709  E:           -1.09 -+      0.190  N:           -7.58 -+      0.272
STA_CRL:  ZELENCHK_070701  C:   .773   .686   .725  -.136  -.176  -.228  -.195  -.208  -.259  -.189  -.196  -.203  -.180   .187   .183
