# GETPAR_STA format version 1.0  of 2001.05.25
# icrf2-nga-09.spl
STA_GCX:  AIRA             X:  -3530219615.54 -+     15.486  Y:   4118797479.47 -+     16.133  Z:   3344015628.20 -+     16.462 Obs_used:    5057 Obs_tot:    6241 Ses_used:    10 Ses_tot:    10 Date_beg: 2006.06.23 Date_end: 2009.02.03
STA_GCU:  AIRA             U:          -30.58 -+     26.953  E:           -8.68 -+      3.688  N:            8.62 -+      5.571
STA_CRL:  AIRA             C:  -.951  -.871   .943   .950  -.900  -.837  -.914   .942   .919  -.962  -.827   .896   .958  -.877   .960
STA_GCX:  ALGOPARK         X:    918034532.29 -+      0.487  Y:  -4346132320.65 -+      0.918  Z:   4561971217.90 -+      1.083 Obs_used:  334887 Obs_tot:  341510 Ses_used:   746 Ses_tot:   746 Date_beg: 1984.08.24 Date_end: 2006.08.03
STA_GCU:  ALGOPARK         U:            5.54 -+      1.297  E:           -3.82 -+      0.496  N:           -1.56 -+      0.568
STA_CRL:  ALGOPARK         C:  -.090   .062  -.687   .542  -.056   .025  -.079   .678  -.436  -.164   .032  -.415   .670   .182  -.522
STA_GCX:  AUSTINTX         X:   -737794301.70 -+   9935.364  Y:  -5459892426.40 -+   9992.513  Z:   3202989780.57 -+   9985.048 Obs_used:     226 Obs_tot:     230 Ses_used:     1 Ses_tot:     1 Date_beg: 1987.07.11 Date_end: 1987.07.11
STA_GCU:  AUSTINTX         U:         -168.45 -+   9998.823  E:         -541.72 -+   9934.486  N:         -729.21 -+   9979.604
STA_CRL:  AUSTINTX         C:   .001  -.001  -.002   .000   .001  -.001   .001   .000  -.002   .001  -.001  -.002   .000  -.001  -.002
STA_GCX:  AZORES           X:   4552170439.52 -+   7945.424  Y:  -2186664284.67 -+   5901.850  Z:   3882780071.75 -+   7424.224 Obs_used:     803 Obs_tot:     803 Ses_used:     5 Ses_tot:     5 Date_beg: 1992.05.29 Date_end: 1992.06.03
STA_GCU:  AZORES           U:        -2886.47 -+   9673.687  E:        -1586.78 -+   5180.164  N:         2412.20 -+   5715.450
STA_CRL:  AZORES           C:  -.363   .443  -.307   .000  -.364   .443  -.363   .000  -.307  -.364   .443  -.307   .000   .443  -.307
STA_GCX:  BADARY           X:   -838200996.84 -+      1.139  Y:   3865751560.41 -+      2.565  Z:   4987670898.21 -+      3.585 Obs_used:   38947 Obs_tot:   40573 Ses_used:    66 Ses_tot:    66 Date_beg: 2007.03.01 Date_end: 2009.03.12
STA_GCU:  BADARY           U:           -5.38 -+      4.209  E:            9.61 -+      1.139  N:           -0.91 -+      1.310
STA_CRL:  BADARY           C:  -.196  -.377   .795   .691  -.132  -.148  -.113   .656   .567  -.200  -.131   .560   .681  -.185   .859
STA_GCX:  BERMUDA          X:   2307211229.60 -+   7238.794  Y:  -4874226943.12 -+   9108.163  Z:   3394324120.23 -+   8163.132 Obs_used:     718 Obs_tot:     730 Ses_used:     4 Ses_tot:     4 Date_beg: 1987.08.02 Date_end: 1987.08.08
STA_GCU:  BERMUDA          U:        11979.83 -+   9898.745  E:        -7081.76 -+   7157.652  N:        -2358.31 -+   7264.871
STA_CRL:  BERMUDA          C:  -.133   .114  -.268   .000  -.133   .114  -.132   .000  -.268  -.132   .114  -.268   .000   .114  -.268
STA_GCX:  BLKBUTTE         X:  -2306307338.98 -+     73.736  Y:  -4787914438.14 -+    149.583  Z:   3515736365.85 -+    107.008 Obs_used:    2178 Obs_tot:    2179 Ses_used:    12 Ses_tot:    12 Date_beg: 1983.11.08 Date_end: 1988.10.26
STA_GCU:  BLKBUTTE         U:          155.82 -+    195.230  E:           -1.87 -+     18.918  N:           49.83 -+     28.112
STA_CRL:  BLKBUTTE         C:   .959  -.935  -.949   .989   .945  -.925   .950   .989  -.941   .959  -.922  -.933   .988  -.935  -.948
STA_GCX:  BLOOMIND         X:    302384525.89 -+   9999.047  Y:  -4941698962.95 -+   9999.004  Z:   4007908526.09 -+   9998.373 Obs_used:      72 Obs_tot:      73 Ses_used:     1 Ses_tot:     1 Date_beg: 1987.08.19 Date_end: 1987.08.19
STA_GCU:  BLOOMIND         U:          -48.09 -+   9999.678  E:            3.13 -+   9999.050  N:          102.53 -+   9997.696
STA_CRL:  BLOOMIND         C:   .000  -.000  -.000   .000   .000  -.000   .000   .000  -.000   .000  -.000  -.000   .000  -.000  -.000
STA_GCX:  BR-VLBA          X:  -2112065167.18 -+      0.491  Y:  -3705356506.51 -+      0.965  Z:   4726813692.77 -+      1.221 Obs_used:  342103 Obs_tot:  349894 Ses_used:   174 Ses_tot:   174 Date_beg: 1993.04.21 Date_end: 2008.12.17
STA_GCU:  BR-VLBA          U:           -4.45 -+      1.354  E:           -3.50 -+      0.587  N:           -4.37 -+      0.696
STA_CRL:  BR-VLBA          C:   .161  -.260  -.552   .529   .055  -.121   .077   .727  -.360   .059  -.192  -.372   .771   .009  -.331
STA_GCX:  BREST            X:   4228869878.43 -+   9500.600  Y:   -333120139.77 -+   8636.630  Z:   4747191338.86 -+   9442.199 Obs_used:     354 Obs_tot:     354 Ses_used:     2 Ses_tot:     2 Date_beg: 1989.08.30 Date_end: 1989.09.02
STA_GCU:  BREST            U:         3814.49 -+   9974.429  E:       -16698.72 -+   8682.577  N:        11088.85 -+   8895.592
STA_CRL:  BREST            C:   .054   .113  -.032   .000   .054   .113   .054   .000  -.032   .054   .112  -.032   .000   .112  -.032
STA_GCX:  CARNUSTY         X:   3526415142.18 -+   9878.839  Y:   -171424249.35 -+   9603.213  Z:   5294099852.03 -+   9912.321 Obs_used:     369 Obs_tot:     369 Ses_used:     4 Ses_tot:     4 Date_beg: 1989.08.18 Date_end: 1989.08.22
STA_GCU:  CARNUSTY         U:          276.68 -+   9991.908  E:        -3164.89 -+   9586.898  N:         1092.56 -+   9814.297
STA_CRL:  CARNUSTY         C:  -.035   .020   .031   .000  -.035   .020  -.035   .000   .031  -.035   .020   .031   .000   .020   .031
STA_GCX:  CARROLGA         X:    453520617.75 -+   9996.924  Y:  -5300506703.75 -+   9998.174  Z:   3507207678.41 -+   9995.610 Obs_used:     121 Obs_tot:     128 Ses_used:     1 Ses_tot:     1 Date_beg: 1987.07.18 Date_end: 1987.07.18
STA_GCU:  CARROLGA         U:           76.34 -+   9999.558  E:          -67.43 -+   9996.886  N:          243.87 -+   9994.264
STA_CRL:  CARROLGA         C:  -.000   .000  -.000   .000  -.000   .000  -.000   .000  -.000  -.000   .000  -.000   .000   .000  -.000
STA_GCX:  CHICHI10         X:  -4490618177.34 -+     17.183  Y:   3483908509.14 -+     12.604  Z:   2884899268.00 -+     12.715 Obs_used:    4939 Obs_tot:    6035 Ses_used:    10 Ses_tot:    10 Date_beg: 2006.06.23 Date_end: 2009.02.03
STA_GCU:  CHICHI10         U:           25.63 -+     23.851  E:            0.07 -+      5.896  N:           -0.74 -+      3.490
STA_CRL:  CHICHI10         C:  -.836  -.962   .857   .928  -.751  -.915  -.761   .911   .808  -.824  -.901   .784   .933  -.982   .871
STA_GCX:  CHLBOLTN         X:   4008315248.04 -+   7947.707  Y:   -100650214.29 -+   6057.933  Z:   4943790487.22 -+   8583.334 Obs_used:    2026 Obs_tot:    2079 Ses_used:     7 Ses_tot:     7 Date_beg: 1980.10.16 Date_end: 1980.10.22
STA_GCU:  CHLBOLTN         U:         -123.78 -+   9675.902  E:          364.09 -+   6041.884  N:        -6968.00 -+   6588.685
STA_CRL:  CHLBOLTN         C:  -.087   .359  -.065   .000  -.087   .359  -.087   .000  -.065  -.087   .359  -.065   .000   .359  -.065
STA_GCX:  CRIMEA           X:   3785230790.31 -+      3.529  Y:   2551207621.92 -+      2.573  Z:   4439796505.87 -+      4.135 Obs_used:   12695 Obs_tot:   13496 Ses_used:    41 Ses_tot:    41 Date_beg: 1994.06.25 Date_end: 2009.02.03
STA_GCU:  CRIMEA           U:            2.06 -+      5.791  E:            2.81 -+      1.036  N:            0.60 -+      1.248
STA_CRL:  CRIMEA           C:   .875   .896   .864   .503   .403   .392   .398   .570   .394   .598   .391   .398   .494   .742   .640
STA_GCX:  CTVASBAY         X:   1091444569.56 -+    111.227  Y:  -4351283998.70 -+    320.082  Z:   4518707195.46 -+    306.465 Obs_used:     833 Obs_tot:     857 Ses_used:     6 Ses_tot:     6 Date_beg: 2002.04.17 Date_end: 2002.09.11
STA_GCU:  CTVASBAY         U:          417.09 -+    422.462  E:         -101.85 -+     99.524  N:         -231.47 -+    142.706
STA_CRL:  CTVASBAY         C:  -.464   .523  -.786   .999  -.461   .518  -.458   .999  -.779  -.455   .519  -.786   .999   .516  -.781
STA_GCX:  CTVASTJ          X:   2612545458.12 -+     11.342  Y:  -3426878751.86 -+     15.894  Z:   4686756169.98 -+     19.669 Obs_used:    3864 Obs_tot:    3965 Ses_used:    30 Ses_tot:    30 Date_beg: 2002.11.13 Date_end: 2005.09.07
STA_GCU:  CTVASTJ          U:          -36.99 -+     26.202  E:            9.77 -+      5.673  N:           -1.05 -+      7.028
STA_CRL:  CTVASTJ          C:  -.817   .793  -.848   .937  -.755   .717  -.740   .942  -.769  -.793   .710  -.779   .932   .759  -.822
STA_GCX:  DAITO            X:  -3786457660.45 -+   2446.781  Y:   4320155703.99 -+   2860.565  Z:   2762039513.34 -+   2541.186 Obs_used:     462 Obs_tot:     482 Ses_used:     2 Ses_tot:     2 Date_beg: 1990.11.28 Date_end: 1991.12.03
STA_GCU:  DAITO            U:        -1716.66 -+   4471.621  E:        -2081.80 -+    275.889  N:         1547.90 -+    745.445
STA_CRL:  DAITO            C:  -.989  -.979   .980   .999  -.989  -.979  -.989   .999   .980  -.990  -.979   .980   .999  -.980   .981
STA_GCX:  DEADMANL         X:  -2336820808.27 -+    167.184  Y:  -4732588608.35 -+    293.988  Z:   3570331370.45 -+    231.399 Obs_used:     619 Obs_tot:     620 Ses_used:     5 Ses_tot:     5 Date_beg: 1984.02.29 Date_end: 1988.02.02
STA_GCU:  DEADMANL         U:         -107.88 -+    397.925  E:           63.23 -+     60.349  N:          -69.96 -+     77.062
STA_CRL:  DEADMANL         C:   .917  -.837  -.923   .996   .914  -.831   .910   .995  -.915   .917  -.834  -.921   .995  -.838  -.923
STA_GCX:  DSS13            X:  -2351112784.38 -+      3.696  Y:  -4655530610.48 -+      7.040  Z:   3660912691.03 -+      5.756 Obs_used:    4544 Obs_tot:    5087 Ses_used:    14 Ses_tot:    14 Date_beg: 2000.05.31 Date_end: 2008.12.16
STA_GCU:  DSS13            U:            0.60 -+      9.611  E:           -0.11 -+      1.354  N:           -4.06 -+      1.468
STA_CRL:  DSS13            C:   .913  -.899  -.946   .118   .027  -.050   .035   .086  -.070   .469  -.048  -.049   .128  -.482  -.679
STA_GCX:  DSS15            X:  -2353539017.25 -+      3.305  Y:  -4641649390.03 -+      4.759  Z:   3676669933.05 -+      4.928 Obs_used:   30286 Obs_tot:   32091 Ses_used:    98 Ses_tot:    98 Date_beg: 1987.11.01 Date_end: 2008.06.03
STA_GCU:  DSS15            U:          -10.66 -+      6.507  E:           -3.36 -+      2.737  N:           -8.31 -+      2.833
STA_CRL:  DSS15            C:   .459  -.479  -.685   .854   .375  -.396   .401   .828  -.563   .470  -.423  -.563   .833  -.484  -.680
STA_GCX:  DSS15____920627  X:  -2353539038.64 -+      1.925  Y:  -4641649391.25 -+      2.980  Z:   3676669922.06 -+      2.858 Obs_used:       0 Obs_tot:       0 Ses_used:     0 Ses_tot:     0 Date_beg:            Date_end:           
STA_GCU:  DSS15____920627  U:           -8.26 -+      4.078  E:          -21.89 -+      1.410  N:          -23.51 -+      1.462
STA_CRL:  DSS15____920627  C:   .600  -.593  -.760   .820   .371  -.407   .405   .764  -.564   .470  -.406  -.514   .798  -.484  -.680
STA_GCX:  DSS45            X:  -4460935881.08 -+      3.116  Y:   2682765701.18 -+      2.640  Z:  -3674380604.77 -+      2.787 Obs_used:   38644 Obs_tot:   39846 Ses_used:   159 Ses_tot:   159 Date_beg: 1987.06.08 Date_end: 2008.11.11
STA_GCU:  DSS45            U:            8.25 -+      3.825  E:           11.90 -+      2.126  N:           -3.66 -+      2.301
STA_CRL:  DSS45            C:  -.437   .370  -.376   .629  -.273   .143  -.285   .721  -.142  -.159   .162  -.150   .703   .085   .113
STA_GCX:  DSS65            X:   4849336582.32 -+      6.866  Y:   -360488545.34 -+      3.080  Z:   4114749030.74 -+      6.726 Obs_used:   19785 Obs_tot:   20756 Ses_used:    65 Ses_tot:    65 Date_beg: 1988.08.31 Date_end: 2004.08.17
STA_GCU:  DSS65            U:            3.24 -+      9.131  E:           -6.59 -+      2.955  N:            8.73 -+      3.125
STA_CRL:  DSS65            C:  -.309   .795  -.305   .930  -.267   .755  -.271   .909  -.277  -.293   .710  -.256   .915   .783  -.278
STA_GCX:  DSS65A           X:   4849339578.51 -+      9.856  Y:   -360427558.12 -+      1.751  Z:   4114750798.90 -+      8.552 Obs_used:    1668 Obs_tot:    1887 Ses_used:     3 Ses_tot:     3 Date_beg: 2006.08.01 Date_end: 2008.06.24
STA_GCU:  DSS65A           U:           -3.07 -+     12.960  E:           -3.30 -+      1.710  N:           -0.14 -+      1.571
STA_CRL:  DSS65A           C:  -.258   .971  -.246   .120  -.081   .112  -.032   .345  -.038  -.293   .093  -.081   .145   .783  -.277
STA_GCX:  DSS65____970415  X:   4849336586.38 -+      4.250  Y:   -360488542.01 -+      1.823  Z:   4114749018.48 -+      4.247 Obs_used:       0 Obs_tot:       0 Ses_used:     0 Ses_tot:     0 Date_beg:            Date_end:           
STA_GCU:  DSS65____970415  U:           -1.82 -+      5.727  E:           -2.97 -+      1.763  N:           -3.07 -+      1.877
STA_CRL:  DSS65____970415  C:  -.259   .814  -.277   .825  -.231   .677  -.237   .868  -.250  -.293   .644  -.236   .841   .783  -.278
STA_GCX:  EFLSBERG         X:   4033947377.03 -+     65.144  Y:    486990805.25 -+     21.747  Z:   4900431121.41 -+     84.697 Obs_used:    3235 Obs_tot:    3336 Ses_used:    10 Ses_tot:    10 Date_beg: 1979.11.25 Date_end: 2003.10.27
STA_GCU:  EFLSBERG         U:          218.15 -+    104.676  E:           61.12 -+     21.531  N:           33.06 -+     21.672
STA_CRL:  EFLSBERG         C:   .188   .917   .149   .993   .183   .910   .175   .993   .139   .170   .904   .144   .993   .909   .136
STA_GCX:  EFLSBERG_961001  X:   4033947321.79 -+     22.130  Y:    486990758.41 -+      6.426  Z:   4900431004.25 -+     28.234 Obs_used:       0 Obs_tot:       0 Ses_used:     0 Ses_tot:     0 Date_beg:            Date_end:           
STA_GCU:  EFLSBERG_961001  U:           89.29 -+     35.354  E:           21.24 -+      6.224  N:            5.24 -+      6.292
STA_CRL:  EFLSBERG_961001  C:   .266   .938   .237   .929   .216   .869   .172   .966   .147   .170   .843   .178   .930   .909   .136
STA_GCX:  ELY              X:  -2077236556.61 -+     43.832  Y:  -4486712509.72 -+     91.872  Z:   4018753421.27 -+     76.596 Obs_used:    2228 Obs_tot:    2228 Ses_used:    12 Ses_tot:    12 Date_beg: 1984.04.22 Date_end: 1990.10.16
STA_GCU:  ELY              U:         -103.18 -+    125.157  E:            6.07 -+     14.518  N:           16.30 -+     18.808
STA_CRL:  ELY              C:   .932  -.926  -.951   .985   .921  -.917   .920   .985  -.939   .938  -.911  -.934   .983  -.933  -.955
STA_GCX:  FD-VLBA          X:  -1324009293.78 -+      0.595  Y:  -5332181957.57 -+      1.062  Z:   3231962403.54 -+      1.205 Obs_used:  385343 Obs_tot:  394795 Ses_used:   216 Ses_tot:   216 Date_beg: 1992.01.13 Date_end: 2008.12.17
STA_GCU:  FD-VLBA          U:            3.76 -+      1.386  E:           -4.51 -+      0.620  N:           -5.08 -+      0.793
STA_CRL:  FD-VLBA          C:   .049  -.302  -.629   .578  -.010  -.158  -.019   .781  -.463  -.054  -.227  -.445   .766  -.113  -.455
STA_GCX:  FLAGSTAF         X:  -1923993019.35 -+     40.022  Y:  -4850854776.83 -+     95.175  Z:   3658589307.60 -+     72.871 Obs_used:    1210 Obs_tot:    1211 Ses_used:     8 Ses_tot:     8 Date_beg: 1984.04.17 Date_end: 1990.11.06
STA_GCU:  FLAGSTAF         U:           98.29 -+    123.816  E:            6.80 -+     15.087  N:           -4.99 -+     20.302
STA_CRL:  FLAGSTAF         C:   .915  -.884  -.939   .973   .897  -.869   .885   .971  -.915   .922  -.854  -.912   .971  -.894  -.945
STA_GCX:  FORT ORD         X:  -2697027327.19 -+     58.903  Y:  -4354392626.61 -+     94.254  Z:   3788078116.09 -+     81.353 Obs_used:    1878 Obs_tot:    1885 Ses_used:    11 Ses_tot:    11 Date_beg: 1983.08.25 Date_end: 1988.02.18
STA_GCU:  FORT ORD         U:          389.77 -+    135.705  E:           42.02 -+     13.968  N:           34.06 -+     18.996
STA_CRL:  FORT ORD         C:   .961  -.944  -.953   .981   .939  -.921   .946   .981  -.933   .962  -.931  -.935   .980  -.946  -.954
STA_GCX:  FORTLEZA         X:   4985370010.46 -+      1.302  Y:  -3955020381.50 -+      1.448  Z:   -428472123.18 -+      0.898 Obs_used:  306657 Obs_tot:  316931 Ses_used:  1088 Ses_tot:  1088 Date_beg: 1993.04.21 Date_end: 2009.03.12
STA_GCU:  FORTLEZA         U:            5.97 -+      1.479  E:           -3.57 -+      1.236  N:            0.23 -+      0.938
STA_CRL:  FORTLEZA         C:  -.225   .183  -.416   .547  -.099   .179  -.109   .646  -.283  -.164   .134  -.199   .485   .635  -.233
STA_GCX:  FORTORDS         X:  -2699840624.78 -+     55.579  Y:  -4359126230.59 -+     88.760  Z:   3781051104.98 -+     76.414 Obs_used:    3444 Obs_tot:    3444 Ses_used:    19 Ses_tot:    19 Date_beg: 1988.11.08 Date_end: 1991.07.23
STA_GCU:  FORTORDS         U:          -70.26 -+    127.876  E:          114.31 -+     12.690  N:         -107.28 -+     17.126
STA_CRL:  FORTORDS         C:   .964  -.949  -.956   .984   .946  -.933   .948   .984  -.941   .961  -.932  -.938   .984  -.946  -.954
STA_GCX:  FORTORDS_891001  X:  -2699840583.83 -+     52.315  Y:  -4359126202.63 -+     83.472  Z:   3781051199.39 -+     72.042 Obs_used:       0 Obs_tot:       0 Ses_used:     0 Ses_tot:     0 Date_beg:            Date_end:           
STA_GCU:  FORTORDS_891001  U:          -50.39 -+    120.379  E:          134.41 -+     11.998  N:           -4.45 -+     16.111
STA_CRL:  FORTORDS_891001  C:   .963  -.949  -.957   .989   .951  -.936   .952   .989  -.944   .961  -.936  -.943   .988  -.946  -.954
STA_GCX:  FTD 7900         X:  -1324228133.44 -+     20.463  Y:  -5332062947.23 -+     37.681  Z:   3232022898.86 -+     28.151 Obs_used:     438 Obs_tot:     438 Ses_used:     1 Ses_tot:     1 Date_beg: 1988.10.08 Date_end: 1988.10.08
STA_GCU:  FTD 7900         U:          -20.37 -+     43.707  E:           35.79 -+     18.800  N:          -11.35 -+     19.166
STA_CRL:  FTD 7900         C:   .342  -.292  -.631   .920   .049  -.048   .075   .603  -.178   .081  -.060  -.144   .742  -.065  -.239
STA_GCX:  GGAO7108         X:   1130794559.50 -+      2.271  Y:  -4831233811.63 -+      7.220  Z:   3994217057.83 -+      6.160 Obs_used:   18948 Obs_tot:   20441 Ses_used:    74 Ses_tot:    74 Date_beg: 1993.04.27 Date_end: 2007.05.15
STA_GCU:  GGAO7108         U:           -0.80 -+      9.414  E:           -4.98 -+      1.707  N:           -3.42 -+      1.920
STA_CRL:  GGAO7108         C:  -.644   .610  -.918   .922  -.545   .516  -.596   .937  -.852  -.581   .556  -.841   .932   .555  -.893
STA_GCX:  GGAO7108_030101  X:   1130794334.34 -+      2.077  Y:  -4831232888.42 -+      6.673  Z:   3994216244.16 -+      5.193 Obs_used:       0 Obs_tot:       0 Ses_used:     0 Ses_tot:     0 Date_beg:            Date_end:           
STA_GCU:  GGAO7108_030101  U:        -1251.34 -+      8.370  E:          -13.82 -+      1.571  N:          -37.29 -+      1.812
STA_CRL:  GGAO7108_030101  C:  -.640   .613  -.906   .364  -.192   .201  -.216   .352  -.350  -.581   .199  -.308   .386   .555  -.893
STA_GCX:  GILCREEK         X:  -2281547587.54 -+      3.820  Y:  -1453645130.02 -+      3.875  Z:   5756993058.61 -+      3.969 Obs_used: 1094025 Obs_tot: 1107961 Ses_used:  1994 Ses_tot:  1994 Date_beg: 1984.07.07 Date_end: 2005.12.28
STA_GCU:  GILCREEK         U:            6.07 -+      4.000  E:           -1.81 -+      3.838  N:           -4.46 -+      3.826
STA_CRL:  GILCREEK         C:   .012  -.018  -.037   .972   .013  -.022   .012   .975  -.031   .021  -.021  -.030   .969  -.008  -.043
STA_GCX:  GOLDMARS         X:  -2353622068.58 -+   9513.265  Y:  -4641338948.25 -+   7046.156  Z:   3677049790.40 -+   7021.816 Obs_used:     566 Obs_tot:     641 Ses_used:     6 Ses_tot:     6 Date_beg: 1988.08.20 Date_end: 1989.12.03
STA_GCU:  GOLDMARS         U:        -3051.96 -+   5457.076  E:        -2040.60 -+   8473.664  N:         -894.05 -+   9374.101
STA_CRL:  GOLDMARS         C:   .191  -.193   .904   .994   .190  -.192   .190   .994   .898   .191  -.192   .898   .994  -.193   .903
STA_GCX:  GOLDVENU         X:  -2351129386.15 -+      9.731  Y:  -4655476887.95 -+     18.177  Z:   3660956797.39 -+     16.532 Obs_used:    2838 Obs_tot:    2845 Ses_used:    11 Ses_tot:    11 Date_beg: 1981.11.19 Date_end: 1991.08.12
STA_GCU:  GOLDVENU         U:          -93.88 -+     25.176  E:          -27.28 -+      5.400  N:           -9.09 -+      5.949
STA_CRL:  GOLDVENU         C:   .797  -.775  -.893   .956   .785  -.752   .759   .959  -.850   .823  -.750  -.874   .962  -.798  -.904
STA_GCX:  GORF7102         X:   1130686308.41 -+      3.736  Y:  -4831353040.49 -+     13.568  Z:   3994110948.97 -+     11.416 Obs_used:    2166 Obs_tot:    2166 Ses_used:     9 Ses_tot:     9 Date_beg: 1989.05.30 Date_end: 1992.06.16
STA_GCU:  GORF7102         U:            0.09 -+     17.755  E:           -4.29 -+      2.384  N:           -3.98 -+      2.728
STA_CRL:  GORF7102         C:  -.761   .746  -.951   .715  -.357   .342  -.443   .618  -.563  -.580   .418  -.555   .625   .554  -.892
STA_GCX:  GRASSE           X:   4581702884.70 -+   9680.568  Y:    556122928.03 -+   9780.045  Z:   4389346751.04 -+   9774.124 Obs_used:     268 Obs_tot:     268 Ses_used:     2 Ses_tot:     2 Date_beg: 1989.09.14 Date_end: 1989.09.16
STA_GCU:  GRASSE           U:          252.76 -+   9995.283  E:        -3711.09 -+   9725.196  N:        -6973.15 -+   9508.473
STA_CRL:  GRASSE           C:   .046   .055  -.037   .000   .046   .055   .046   .000  -.037   .046   .055  -.037   .000   .055  -.037
STA_GCX:  HALEAKAL         X:  -5465998694.19 -+     38.068  Y:  -2404407198.65 -+     17.246  Z:   2242229200.70 -+     16.620 Obs_used:     707 Obs_tot:     707 Ses_used:     3 Ses_tot:     3 Date_beg: 1988.06.25 Date_end: 1988.07.09
STA_GCU:  HALEAKAL         U:        -2909.68 -+     44.672  E:         5643.78 -+      3.194  N:        11922.80 -+      4.130
STA_CRL:  HALEAKAL         C:   .979  -.964  -.949   .137   .089  -.201   .064   .151  -.104   .481  -.094  -.070   .255  -.707  -.349
STA_GCX:  HARTRAO          X:   5085442760.78 -+      1.600  Y:   2668263732.39 -+      1.670  Z:  -2768696804.81 -+      1.077 Obs_used:  231172 Obs_tot:  238130 Ses_used:   889 Ses_tot:   889 Date_beg: 1986.01.09 Date_end: 2008.09.16
STA_GCU:  HARTRAO          U:            0.99 -+      1.443  E:            2.72 -+      1.627  N:           -7.09 -+      1.334
STA_CRL:  HARTRAO          C:   .043   .003   .492   .518  -.001  -.056  -.003   .668   .335  -.123  -.035   .229   .450   .380   .412
STA_GCX:  HATCREEK         X:  -2523970250.50 -+      6.755  Y:  -4123506195.91 -+     10.940  Z:   4147752461.16 -+     10.851 Obs_used:   40012 Obs_tot:   40057 Ses_used:   180 Ses_tot:   180 Date_beg: 1983.06.06 Date_end: 1990.11.11
STA_GCU:  HATCREEK         U:          -21.58 -+     16.025  E:            7.61 -+      3.421  N:           30.74 -+      3.815
STA_CRL:  HATCREEK         C:   .822  -.772  -.891   .988   .811  -.765   .816   .993  -.887   .810  -.763  -.880   .991  -.759  -.881
STA_GCX:  HAYSTACK         X:   1492404536.27 -+      2.122  Y:  -4457266534.71 -+      5.063  Z:   4296881818.88 -+      5.276 Obs_used:   28280 Obs_tot:   28456 Ses_used:    86 Ses_tot:    86 Date_beg: 1979.08.03 Date_end: 1992.06.29
STA_GCU:  HAYSTACK         U:            3.28 -+      7.017  E:            8.24 -+      1.875  N:           -3.18 -+      2.283
STA_CRL:  HAYSTACK         C:  -.482   .432  -.814   .901  -.420   .382  -.461   .945  -.776  -.460   .400  -.745   .941   .424  -.791
STA_GCX:  HN-VLBA          X:   1446374907.47 -+      0.520  Y:  -4447939673.63 -+      0.948  Z:   4322306168.64 -+      1.057 Obs_used:  278971 Obs_tot:  286539 Ses_used:   158 Ses_tot:   158 Date_beg: 1992.08.28 Date_end: 2008.09.03
STA_GCU:  HN-VLBA          U:            0.10 -+      1.292  E:           -4.18 -+      0.541  N:           -1.96 -+      0.571
STA_CRL:  HN-VLBA          C:  -.130   .107  -.695   .565  -.079   .053  -.102   .715  -.464  -.158   .062  -.434   .669   .210  -.517
STA_GCX:  HOBART26         X:  -3950237248.91 -+      1.804  Y:   2522347650.19 -+      2.027  Z:  -4311562008.32 -+      1.632 Obs_used:  142178 Obs_tot:  146657 Ses_used:   630 Ses_tot:   630 Date_beg: 1989.09.26 Date_end: 2009.03.16
STA_GCU:  HOBART26         U:            7.91 -+      1.086  E:            8.86 -+      2.028  N:           -1.29 -+      2.177
STA_CRL:  HOBART26         C:   .075  -.608   .167   .505  -.036  -.297  -.035   .677   .182   .054  -.357   .172   .661  -.228   .449
STA_GCX:  HOFN             X:   2679652990.65 -+   5916.214  Y:   -727912021.62 -+   4914.644  Z:   5722809934.50 -+   9094.288 Obs_used:     555 Obs_tot:     555 Ses_used:     4 Ses_tot:     4 Date_beg: 1992.07.20 Date_end: 1992.07.27
STA_GCU:  HOFN             U:         2834.19 -+   9740.788  E:         4778.07 -+   4705.238  N:         -351.56 -+   4983.891
STA_CRL:  HOFN             C:  -.188   .481  -.138   .000  -.187   .481  -.188   .000  -.138  -.187   .481  -.138   .000   .481  -.138
STA_GCX:  HOHNBERG         X:   4213687579.73 -+   9383.952  Y:    820421688.18 -+   9534.359  Z:   4702784272.69 -+   9653.839 Obs_used:     348 Obs_tot:     348 Ses_used:     3 Ses_tot:     3 Date_beg: 1992.06.15 Date_end: 1992.06.18
STA_GCU:  HOHNBERG         U:           93.05 -+   9960.419  E:        -1218.11 -+   9367.716  N:           -6.31 -+   9230.120
STA_CRL:  HOHNBERG         C:   .091   .090  -.062   .000   .091   .090   .091   .000  -.062   .091   .090  -.062   .000   .090  -.062
STA_GCX:  HRAS 085         X:  -1324211130.26 -+     21.577  Y:  -5332022985.91 -+     25.447  Z:   3232118202.48 -+     23.564 Obs_used:  145185 Obs_tot:  146500 Ses_used:   721 Ses_tot:   721 Date_beg: 1980.04.11 Date_end: 1990.10.29
STA_GCU:  HRAS 085         U:         -175.00 -+     27.271  E:           -5.38 -+     21.388  N:           -2.71 -+     21.615
STA_CRL:  HRAS 085         C:   .073  -.056  -.212   .998   .077  -.060   .076   .998  -.223   .081  -.060  -.225   .997  -.065  -.239
STA_GCX:  JPL MV1          X:  -2493306753.69 -+     46.572  Y:  -4655197426.57 -+     84.570  Z:   3565519736.03 -+     64.048 Obs_used:    3314 Obs_tot:    3330 Ses_used:    23 Ses_tot:    23 Date_beg: 1982.10.16 Date_end: 1988.11.05
STA_GCU:  JPL MV1          U:          440.67 -+    114.365  E:           -0.59 -+     10.871  N:          -45.58 -+     15.024
STA_CRL:  JPL MV1          C:   .964  -.951  -.956   .978   .944  -.928   .943   .977  -.931   .966  -.931  -.936   .976  -.954  -.958
STA_GCX:  KAINAN           X:  -3751039857.60 -+   9975.404  Y:   3721053742.86 -+   9924.317  Z:   3560815968.27 -+   9987.671 Obs_used:     275 Obs_tot:     290 Ses_used:     2 Ses_tot:     2 Date_beg: 1993.10.12 Date_end: 1993.10.14
STA_GCU:  KAINAN           U:           53.34 -+   9997.436  E:        -1750.70 -+   9909.316  N:         -733.14 -+   9980.533
STA_CRL:  KAINAN           C:  -.008   .003   .005   .000  -.008   .003  -.008   .000   .005  -.008   .003   .005   .000   .003   .005
STA_GCX:  KANOZAN          X:  -3991744360.63 -+   9722.932  Y:   3355064931.73 -+   9761.434  Z:   3661226445.66 -+   9805.279 Obs_used:     265 Obs_tot:     327 Ses_used:     2 Ses_tot:     2 Date_beg: 1995.01.17 Date_end: 1995.01.19
STA_GCU:  KANOZAN          U:          381.94 -+   9975.036  E:        -4298.88 -+   9599.144  N:         1267.70 -+   9711.828
STA_CRL:  KANOZAN          C:  -.030  -.029   .006   .000  -.030  -.029  -.030   .000   .006  -.030  -.029   .006   .000  -.029   .006
STA_GCX:  KARLBURG         X:   3653206546.26 -+   9950.099  Y:    884430119.08 -+   9886.650  Z:   5135730005.29 -+   9976.988 Obs_used:     196 Obs_tot:     196 Ses_used:     1 Ses_tot:     1 Date_beg: 1992.07.06 Date_end: 1992.07.06
STA_GCU:  KARLBURG         U:          -42.90 -+   9998.059  E:         2298.72 -+   9883.262  N:        -2668.32 -+   9932.299
STA_CRL:  KARLBURG         C:   .003   .006   .001   .000   .003   .006   .003   .000   .001   .003   .006   .001   .000   .006   .001
STA_GCX:  KASHIM11         X:  -3997505685.86 -+      3.149  Y:   3276878481.74 -+      2.713  Z:   3724240606.81 -+      3.281 Obs_used:   23960 Obs_tot:   24927 Ses_used:    24 Ses_tot:    24 Date_beg: 1994.08.29 Date_end: 2001.06.11
STA_GCU:  KASHIM11         U:            0.13 -+      4.935  E:            7.71 -+      1.290  N:          -15.16 -+      1.423
STA_CRL:  KASHIM11         C:  -.803  -.860   .723   .196  -.013  -.169  -.029   .331   .080   .209  -.138   .045   .368  -.181   .181
STA_GCX:  KASHIM34         X:  -3997649247.00 -+      1.457  Y:   3276690837.08 -+      1.449  Z:   3724278738.82 -+      1.959 Obs_used:   57953 Obs_tot:   61304 Ses_used:   137 Ses_tot:   137 Date_beg: 1990.03.22 Date_end: 2008.11.11
STA_GCU:  KASHIM34         U:           -1.81 -+      2.271  E:            7.61 -+      1.190  N:           -5.09 -+      1.219
STA_CRL:  KASHIM34         C:  -.335  -.698   .310   .319   .029  -.222   .024   .526   .077   .210  -.244   .052   .551  -.182   .181
STA_GCX:  KASHIMA          X:  -3997892285.65 -+      1.608  Y:   3276581338.47 -+      1.544  Z:   3724118154.60 -+      2.050 Obs_used:   84034 Obs_tot:   85006 Ses_used:   272 Ses_tot:   272 Date_beg: 1984.01.24 Date_end: 2001.02.15
STA_GCU:  KASHIMA          U:            4.19 -+      2.432  E:           23.40 -+      1.252  N:           14.99 -+      1.301
STA_CRL:  KASHIMA          C:  -.368  -.674   .315   .439  -.053  -.300  -.079   .619   .148   .210  -.298   .100   .618  -.182   .181
STA_GCX:  KAUAI            X:  -5543846172.41 -+      5.021  Y:  -2054562792.44 -+      2.861  Z:   2387814541.36 -+      4.395 Obs_used:  122506 Obs_tot:  122568 Ses_used:   434 Ses_tot:   434 Date_beg: 1984.07.07 Date_end: 1994.03.14
STA_GCU:  KAUAI            U:          -11.92 -+      6.239  E:          -28.24 -+      2.306  N:           17.11 -+      2.909
STA_CRL:  KAUAI            C:   .526  -.742  -.452   .971   .494  -.728   .466   .898  -.396   .482  -.694  -.403   .944  -.708  -.350
STA_GCX:  KIRSBERG         X:   3879832926.92 -+   7846.468  Y:    987962782.64 -+   6871.729  Z:   4948711858.18 -+   8728.829 Obs_used:     430 Obs_tot:     430 Ses_used:     3 Ses_tot:     3 Date_beg: 1992.06.25 Date_end: 1992.06.28
STA_GCU:  KIRSBERG         U:          189.41 -+   9926.249  E:        -1539.27 -+   6754.789  N:        -1284.24 -+   6389.257
STA_CRL:  KIRSBERG         C:   .096   .420   .018   .000   .096   .420   .096   .000   .018   .096   .420   .018   .000   .420   .018
STA_GCX:  KODIAK           X:  -3026940602.18 -+     71.328  Y:  -1575911755.62 -+     45.360  Z:   5370362541.82 -+    123.352 Obs_used:    3430 Obs_tot:    3430 Ses_used:    15 Ses_tot:    15 Date_beg: 1984.07.23 Date_end: 1990.07.02
STA_GCU:  KODIAK           U:           80.01 -+    146.543  E:           35.19 -+     22.412  N:            5.93 -+     19.588
STA_CRL:  KODIAK           C:   .831  -.949  -.865   .977   .823  -.930   .803   .984  -.841   .832  -.922  -.854   .977  -.949  -.867
STA_GCX:  KOGANEI          X:  -3941937407.35 -+     17.546  Y:   3368150924.42 -+     13.077  Z:   3702235295.62 -+     18.261 Obs_used:   23080 Obs_tot:   24297 Ses_used:    23 Ses_tot:    23 Date_beg: 1994.08.29 Date_end: 2001.06.11
STA_GCU:  KOGANEI          U:           84.32 -+     24.726  E:           39.28 -+      4.136  N:            0.50 -+     13.559
STA_CRL:  KOGANEI          C:  -.934  -.415   .663   .975  -.899  -.362  -.918   .970   .632  -.929  -.352   .607   .978  -.335   .617
STA_GCX:  KOGANEI3         X:  -3942077310.30 -+     49.078  Y:   3368332108.87 -+     39.443  Z:   3701904822.10 -+     50.149 Obs_used:     262 Obs_tot:     310 Ses_used:     2 Ses_tot:     2 Date_beg: 1995.01.17 Date_end: 1995.01.19
STA_GCU:  KOGANEI3         U:         -132.62 -+     74.948  E:           10.23 -+      9.097  N:          125.00 -+     27.916
STA_CRL:  KOGANEI3         C:  -.959  -.679   .818   .525  -.446  -.183  -.491   .479   .338  -.929  -.177   .296   .546  -.335   .617
STA_GCX:  KOKEE            X:  -5543837753.29 -+      0.786  Y:  -2054567046.79 -+      1.273  Z:   2387852359.46 -+      1.571 Obs_used:  785463 Obs_tot:  806657 Ses_used:  1514 Ses_tot:  1514 Date_beg: 1993.06.08 Date_end: 2009.03.16
STA_GCU:  KOKEE            U:           10.92 -+      1.349  E:            2.79 -+      1.153  N:           -5.02 -+      1.248
STA_CRL:  KOKEE            C:   .259  -.642  -.353   .496   .084  -.353   .103   .670  -.169   .293  -.444  -.170   .716  -.435  -.052
STA_GCX:  KP-VLBA          X:  -1995678806.41 -+      0.589  Y:  -5037317701.21 -+      1.068  Z:   3357328040.37 -+      1.246 Obs_used:  327051 Obs_tot:  336467 Ses_used:   155 Ses_tot:   155 Date_beg: 1992.08.28 Date_end: 2008.12.17
STA_GCU:  KP-VLBA          U:            4.77 -+      1.397  E:           -5.34 -+      0.649  N:           -4.90 -+      0.818
STA_CRL:  KP-VLBA          C:   .077  -.349  -.597   .579   .007  -.188   .007   .768  -.423  -.026  -.272  -.422   .772  -.174  -.402
STA_GCX:  KWAJAL26         X:  -6143535973.27 -+     98.658  Y:   1363998760.50 -+     27.893  Z:   1034708047.18 -+     38.937 Obs_used:    5854 Obs_tot:    5873 Ses_used:    20 Ses_tot:    20 Date_beg: 1984.07.07 Date_end: 1988.08.06
STA_GCU:  KWAJAL26         U:          -40.64 -+    103.091  E:          -62.14 -+     20.968  N:           69.75 -+     30.985
STA_CRL:  KWAJAL26         C:  -.652  -.628   .340   .986  -.640  -.618  -.642   .988   .330  -.650  -.621   .333   .994  -.623   .332
STA_GCX:  LA-VLBA          X:  -1449752546.66 -+      0.545  Y:  -4975298578.62 -+      0.996  Z:   3709123856.22 -+      1.187 Obs_used:  400571 Obs_tot:  409837 Ses_used:   218 Ses_tot:   218 Date_beg: 1991.05.21 Date_end: 2009.02.09
STA_GCU:  LA-VLBA          U:            3.06 -+      1.343  E:           -4.43 -+      0.583  N:           -4.40 -+      0.745
STA_CRL:  LA-VLBA          C:   .040  -.274  -.604   .567  -.012  -.143  -.022   .783  -.440  -.071  -.211  -.426   .776  -.076  -.394
STA_GCX:  LEONRDOK         X:   -522231430.82 -+   9939.494  Y:  -5145677190.03 -+   9992.716  Z:   3720151885.31 -+   9982.949 Obs_used:     244 Obs_tot:     247 Ses_used:     1 Ses_tot:     1 Date_beg: 1987.08.24 Date_end: 1987.08.24
STA_GCU:  LEONRDOK         U:          -36.70 -+   9998.073  E:          112.97 -+   9938.987  N:         -560.74 -+   9978.089
STA_CRL:  LEONRDOK         C:   .001  -.001  -.002   .000   .001  -.001   .001   .000  -.002   .001  -.001  -.002   .000  -.001  -.002
STA_GCX:  MADRID64         X:   4849093023.74 -+   9999.205  Y:   -360180461.45 -+   9999.721  Z:   4115109797.48 -+   9999.994 Obs_used:     141 Obs_tot:     173 Ses_used:     1 Ses_tot:     1 Date_beg: 1989.03.19 Date_end: 1989.03.19
STA_GCU:  MADRID64         U:          -83.53 -+   9999.533  E:          -72.37 -+   9999.649  N:           62.61 -+   9999.737
STA_CRL:  MADRID64         C:  -.000  -.000  -.000   .990  -.000  -.000  -.000   .985  -.000  -.013  -.000  -.000   .981  -.003   .004
STA_GCX:  MAMMOTHL         X:  -2448247015.26 -+    147.205  Y:  -4426737889.12 -+    267.828  Z:   3875435741.15 -+    222.824 Obs_used:     561 Obs_tot:     562 Ses_used:     4 Ses_tot:     4 Date_beg: 1983.06.29 Date_end: 1986.10.22
STA_GCU:  MAMMOTHL         U:          245.61 -+    372.490  E:           71.64 -+     37.103  N:           98.69 -+     54.099
STA_CRL:  MAMMOTHL         C:   .959  -.934  -.954   .991   .948  -.920   .953   .992  -.942   .958  -.929  -.946   .990  -.933  -.952
STA_GCX:  MARCUS           X:  -5227445789.95 -+     80.729  Y:   2551380422.32 -+     58.132  Z:   2607605314.02 -+     55.545 Obs_used:    5120 Obs_tot:    5203 Ses_used:    16 Ses_tot:    16 Date_beg: 1989.07.24 Date_end: 1993.06.28
STA_GCU:  MARCUS           U:         -101.33 -+    105.766  E:          -37.71 -+     29.416  N:           44.66 -+     30.493
STA_CRL:  MARCUS           C:  -.843  -.819   .646   .986  -.844  -.820  -.835   .993   .648  -.854  -.808   .647   .991  -.829   .662
STA_GCX:  MARPOINT         X:   1106629114.39 -+      8.799  Y:  -4882907296.68 -+     28.888  Z:   3938087004.89 -+     24.361 Obs_used:    8191 Obs_tot:    8210 Ses_used:    77 Ses_tot:    77 Date_beg: 1982.06.18 Date_end: 1989.08.24
STA_GCU:  MARPOINT         U:          135.64 -+     37.142  E:          -14.89 -+      5.997  N:          -53.98 -+      9.484
STA_CRL:  MARPOINT         C:  -.716   .661  -.871   .989  -.714   .666  -.716   .996  -.870  -.720   .665  -.870   .995   .674  -.874
STA_GCX:  MATERA           X:   4641938520.30 -+      0.778  Y:   1393003264.25 -+      0.723  Z:   4133325726.05 -+      0.976 Obs_used:  308075 Obs_tot:  318389 Ses_used:   555 Ses_tot:   555 Date_beg: 1990.10.04 Date_end: 2009.03.16
STA_GCU:  MATERA           U:           -3.04 -+      0.980  E:            2.26 -+      0.675  N:            1.35 -+      0.816
STA_CRL:  MATERA           C:   .236   .174   .216   .407   .045   .034   .047   .519   .158  -.494   .033   .127   .424   .303  -.056
STA_GCX:  MCD 7850         X:  -1330006216.45 -+   9545.938  Y:  -5328391677.56 -+   9938.557  Z:   3236501736.85 -+   9824.373 Obs_used:     616 Obs_tot:     616 Ses_used:     1 Ses_tot:     1 Date_beg: 1988.10.06 Date_end: 1988.10.06
STA_GCU:  MCD 7850         U:         -814.90 -+   9987.502  E:         1837.03 -+   9552.902  N:         -675.96 -+   9767.805
STA_CRL:  MCD 7850         C:   .007  -.021  -.015   .000   .007  -.021   .007   .000  -.015   .007  -.021  -.015   .000  -.021  -.015
STA_GCX:  MEDICINA         X:   4461369745.09 -+      1.436  Y:    919597065.61 -+      0.895  Z:   4449559342.78 -+      1.719 Obs_used:  232868 Obs_tot:  242015 Ses_used:   264 Ses_tot:   264 Date_beg: 1987.12.08 Date_end: 2009.02.24
STA_GCU:  MEDICINA         U:           -4.35 -+      2.042  E:           -0.20 -+      0.867  N:           -3.05 -+      0.948
STA_CRL:  MEDICINA         C:   .201   .659   .162   .405   .070   .187   .051   .482   .082  -.465   .155   .093   .393   .325  -.110
STA_GCX:  MEDICINA_960601  X:   4461369742.45 -+      0.736  Y:    919597066.87 -+      0.688  Z:   4449559344.56 -+      0.961 Obs_used:       0 Obs_tot:       0 Ses_used:     0 Ses_tot:     0 Date_beg:            Date_end:           
STA_GCU:  MEDICINA_960601  U:           -4.77 -+      0.955  E:            1.57 -+      0.657  N:           -0.14 -+      0.772
STA_CRL:  MEDICINA_960601  C:   .222   .210   .118   .399   .042   .048   .044   .509   .103  -.465   .046   .086   .422   .325  -.110
STA_GCX:  METSAHOV         X:   2892584893.55 -+      8.186  Y:   1311715553.95 -+      5.235  Z:   5512640126.54 -+     14.714 Obs_used:    4204 Obs_tot:    5011 Ses_used:     8 Ses_tot:     8 Date_beg: 2006.06.27 Date_end: 2008.12.16
STA_GCU:  METSAHOV         U:           -4.82 -+     16.891  E:            2.71 -+      3.554  N:            1.46 -+      3.602
STA_CRL:  METSAHOV         C:   .668   .885   .669   .817   .525   .656   .504   .892   .484   .611   .709   .544   .799   .849   .617
STA_GCX:  METSHOVI         X:   2890652459.34 -+     54.916  Y:   1310295504.65 -+     35.341  Z:   5513958707.33 -+     94.695 Obs_used:     575 Obs_tot:     575 Ses_used:     5 Ses_tot:     5 Date_beg: 1989.07.05 Date_end: 1989.07.11
STA_GCU:  METSHOVI         U:         -148.47 -+    109.529  E:           16.36 -+     24.602  N:          -11.65 -+     25.100
STA_CRL:  METSHOVI         C:   .647   .873   .651   .915   .588   .771   .560   .959   .561   .611   .777   .593   .908   .849   .617
STA_GCX:  MIAMI20          X:    961255209.26 -+      2.023  Y:  -5674092604.26 -+      7.804  Z:   2740533833.17 -+      4.361 Obs_used:    5484 Obs_tot:    5512 Ses_used:    19 Ses_tot:    19 Date_beg: 1995.06.13 Date_end: 1996.06.04
STA_GCU:  MIAMI20          U:            6.56 -+      8.883  E:            2.17 -+      1.540  N:           -1.85 -+      1.650
STA_CRL:  MIAMI20          C:  -.636   .591  -.908   .655  -.142   .159  -.251   .438  -.439  -.319   .200  -.331   .548   .302  -.754
STA_GCX:  MILESMON         X:  -1204438447.87 -+   9979.778  Y:  -4239211488.30 -+   9992.867  Z:   4596265853.72 -+   9993.490 Obs_used:     156 Obs_tot:     156 Ses_used:     1 Ses_tot:     1 Date_beg: 1988.04.15 Date_end: 1988.04.15
STA_GCU:  MILESMON         U:           18.59 -+   9999.288  E:          581.84 -+   9979.066  N:         -318.63 -+   9987.777
STA_CRL:  MILESMON         C:   .001  -.000  -.001   .000   .001  -.000   .001   .000  -.001   .001  -.000  -.001   .000  -.001  -.001
STA_GCX:  MIURA            X:  -3976129748.25 -+     26.234  Y:   3377927929.76 -+     19.393  Z:   3656753936.71 -+     23.399 Obs_used:   17662 Obs_tot:   18260 Ses_used:    15 Ses_tot:    15 Date_beg: 1995.05.22 Date_end: 2000.11.07
STA_GCU:  MIURA            U:          138.37 -+     36.306  E:           47.60 -+     11.692  N:            8.49 -+     12.529
STA_CRL:  MIURA            C:  -.737  -.584   .937   .981  -.683  -.522  -.702   .978   .931  -.677  -.517   .903   .979  -.482   .935
STA_GCX:  MIURA____000901  X:  -3976129742.96 -+     24.140  Y:   3377927917.55 -+     17.601  Z:   3656753941.05 -+     21.567 Obs_used:       0 Obs_tot:       0 Ses_used:     0 Ses_tot:     0 Date_beg:            Date_end:           
STA_GCU:  MIURA____000901  U:          131.12 -+     32.852  E:           53.47 -+     11.369  N:           18.91 -+     12.213
STA_CRL:  MIURA____000901  C:  -.703  -.529   .939   .971  -.656  -.479  -.669   .963   .911  -.677  -.480   .902   .970  -.482   .935
STA_GCX:  MIYAZAKI         X:  -3582767957.23 -+    417.770  Y:   4052033731.72 -+    274.099  Z:   3369020141.13 -+    430.260 Obs_used:     740 Obs_tot:     823 Ses_used:     8 Ses_tot:     8 Date_beg: 1986.10.14 Date_end: 1993.12.02
STA_GCU:  MIYAZAKI         U:         -233.29 -+    474.263  E:           22.23 -+    227.275  N:           21.33 -+    397.751
STA_CRL:  MIYAZAKI         C:  -.697   .147   .583   .984  -.690   .142  -.679   .979   .569  -.700   .142   .576   .984   .134   .588
STA_GCX:  MIZNAO10         X:  -3857236254.74 -+    187.473  Y:   3108803732.47 -+    140.711  Z:   4003883423.61 -+    159.944 Obs_used:    2247 Obs_tot:    2259 Ses_used:    14 Ses_tot:    14 Date_beg: 1993.07.14 Date_end: 1995.11.21
STA_GCU:  MIZNAO10         U:          576.82 -+    255.319  E:         -195.20 -+    114.046  N:           61.32 -+     48.304
STA_CRL:  MIZNAO10         C:  -.498  -.816   .803   .998  -.505  -.819  -.501   .998   .803  -.511  -.815   .804   .998  -.820   .807
STA_GCX:  MIZUSGSI         X:  -3862412099.14 -+    212.694  Y:   3105015629.59 -+    159.627  Z:   4001945290.33 -+    181.506 Obs_used:    1047 Obs_tot:    1047 Ses_used:     6 Ses_tot:     6 Date_beg: 1991.09.18 Date_end: 1991.11.26
STA_GCU:  MIZUSGSI         U:          678.72 -+    290.185  E:         -210.06 -+    128.418  N:           68.54 -+     54.451
STA_CRL:  MIZUSGSI         C:  -.505  -.820   .805   .991  -.508  -.816  -.507   .994   .803  -.511  -.814   .802   .995  -.820   .807
STA_GCX:  MK-VLBA          X:  -5464075148.41 -+      1.080  Y:  -2495248306.18 -+      1.380  Z:   2148297260.38 -+      1.619 Obs_used:  246708 Obs_tot:  252939 Ses_used:   167 Ses_tot:   167 Date_beg: 1993.07.19 Date_end: 2008.12.17
STA_GCU:  MK-VLBA          U:            6.87 -+      1.628  E:           -0.60 -+      1.171  N:           -7.39 -+      1.291
STA_CRL:  MK-VLBA          C:   .359  -.604  -.399   .642   .213  -.390   .238   .703  -.224   .388  -.455  -.231   .733  -.511  -.153
STA_GCX:  MK-VLBA__061015  X:  -5464075147.49 -+      1.082  Y:  -2495248305.22 -+      1.381  Z:   2148297261.61 -+      1.612 Obs_used:       0 Obs_tot:       0 Ses_used:     0 Ses_tot:     0 Date_beg:            Date_end:           
STA_GCU:  MK-VLBA__061015  U:            6.12 -+      1.629  E:           -1.09 -+      1.172  N:           -5.81 -+      1.285
STA_CRL:  MK-VLBA__061015  C:   .361  -.600  -.403   .329   .076  -.292   .083   .591  -.171   .388  -.340  -.176   .667  -.511  -.153
STA_GCX:  MOJ 7288         X:  -2356494343.61 -+     13.732  Y:  -4646607511.42 -+     26.829  Z:   3668426537.58 -+     21.733 Obs_used:     540 Obs_tot:     540 Ses_used:     1 Ses_tot:     1 Date_beg: 1987.11.01 Date_end: 1987.11.01
STA_GCU:  MOJ 7288         U:          -69.41 -+     36.972  E:           53.06 -+      2.152  N:          -21.18 -+      3.015
STA_CRL:  MOJ 7288         C:   .984  -.977  -.985   .151   .091  -.124   .104   .146  -.150   .579  -.103  -.110   .195  -.593  -.723
STA_GCX:  MOJAVE12         X:  -2356171240.14 -+      2.154  Y:  -4646755739.89 -+      3.905  Z:   3668470541.12 -+      4.264 Obs_used:  247993 Obs_tot:  248119 Ses_used:   720 Ses_tot:   720 Date_beg: 1983.06.27 Date_end: 1992.08.31
STA_GCU:  MOJAVE12         U:          -24.58 -+      5.575  E:           -2.11 -+      1.532  N:           10.22 -+      2.155
STA_CRL:  MOJAVE12         C:   .658  -.659  -.767   .928   .605  -.617   .637   .976  -.748   .582  -.636  -.735   .972  -.596  -.724
STA_GCX:  MOJAVE12_920627  X:  -2356171262.01 -+      2.373  Y:  -4646755744.55 -+      4.313  Z:   3668470534.95 -+      4.474 Obs_used:       0 Obs_tot:       0 Ses_used:     0 Ses_tot:     0 Date_beg:            Date_end:           
STA_GCU:  MOJAVE12_920627  U:          -16.69 -+      6.034  E:          -19.50 -+      1.709  N:           -2.94 -+      2.219
STA_CRL:  MOJAVE12_920627  C:   .650  -.657  -.773   .747   .482  -.525   .512   .783  -.635   .582  -.522  -.592   .835  -.596  -.724
STA_GCX:  MON PEAK         X:  -2386290067.04 -+     24.230  Y:  -4802345938.87 -+     48.776  Z:   3444884218.63 -+     35.062 Obs_used:    8100 Obs_tot:    8121 Ses_used:    37 Ses_tot:    37 Date_beg: 1982.10.16 Date_end: 1990.11.11
STA_GCU:  MON PEAK         U:           13.39 -+     63.843  E:            3.94 -+      6.675  N:           26.62 -+      8.657
STA_CRL:  MON PEAK         C:   .953  -.926  -.955   .970   .924  -.898   .924   .971  -.926   .953  -.898  -.926   .969  -.928  -.956
STA_GCX:  NL-VLBA          X:   -130872458.16 -+      0.499  Y:  -4762317101.12 -+      0.922  Z:   4226851006.64 -+      1.085 Obs_used:  331392 Obs_tot:  339918 Ses_used:   173 Ses_tot:   173 Date_beg: 1992.08.28 Date_end: 2008.12.17
STA_GCU:  NL-VLBA          U:            3.66 -+      1.276  E:           -4.01 -+      0.499  N:           -3.76 -+      0.632
STA_CRL:  NL-VLBA          C:   .013  -.129  -.635   .556  -.014  -.065  -.022   .758  -.450  -.067  -.096  -.436   .741   .058  -.449
STA_GCX:  NOBEY 6M         X:  -3871169646.15 -+    364.372  Y:   3428275393.87 -+    330.972  Z:   3723698691.92 -+    331.463 Obs_used:     606 Obs_tot:     606 Ses_used:     6 Ses_tot:     6 Date_beg: 1990.01.23 Date_end: 1991.07.09
STA_GCU:  NOBEY 6M         U:          616.77 -+    569.508  E:           53.91 -+    110.843  N:          -87.80 -+    124.702
STA_CRL:  NOBEY 6M         C:  -.898  -.888   .860   .998  -.896  -.886  -.893   .998   .857  -.896  -.883   .857   .998  -.886   .858
STA_GCX:  NOME             X:  -2658150952.18 -+     61.932  Y:   -693822073.29 -+     26.738  Z:   5737236497.40 -+    119.101 Obs_used:    1708 Obs_tot:    1708 Ses_used:    10 Ses_tot:    10 Date_beg: 1984.07.14 Date_end: 1990.06.20
STA_GCU:  NOME             U:           15.72 -+    133.112  E:           -6.84 -+     18.827  N:          -22.80 -+     25.735
STA_CRL:  NOME             C:   .691  -.899  -.640   .958   .679  -.836   .670   .981  -.600   .708  -.860  -.625   .947  -.889  -.640
STA_GCX:  NOTO             X:   4934562896.36 -+      2.517  Y:   1321201493.33 -+      1.128  Z:   3806484694.60 -+      2.089 Obs_used:   30393 Obs_tot:   32932 Ses_used:    77 Ses_tot:    77 Date_beg: 1989.06.03 Date_end: 2009.02.03
STA_GCU:  NOTO             U:           13.10 -+      3.194  E:            3.70 -+      0.897  N:           -0.33 -+      0.985
STA_CRL:  NOTO             C:   .568   .810   .549   .520   .251   .387   .196   .596   .229   .106   .319   .241   .491   .638   .205
STA_GCX:  NRAO 140         X:    882879695.75 -+      0.817  Y:  -4924482330.54 -+      2.123  Z:   3944130712.78 -+      1.829 Obs_used:    6921 Obs_tot:    6965 Ses_used:    15 Ses_tot:    15 Date_beg: 1979.08.03 Date_end: 1996.05.22
STA_GCU:  NRAO 140         U:            5.24 -+      2.620  E:           -6.85 -+      0.797  N:           -7.00 -+      1.010
STA_CRL:  NRAO 140         C:  -.252   .160  -.738   .681  -.165   .118  -.221   .844  -.681  -.195   .139  -.604   .804   .206  -.695
STA_GCX:  NRAO20           X:    883772558.42 -+      0.647  Y:  -4924385620.66 -+      1.531  Z:   3944042528.13 -+      1.440 Obs_used:  207596 Obs_tot:  210520 Ses_used:   327 Ses_tot:   327 Date_beg: 1995.02.07 Date_end: 2000.06.27
STA_GCU:  NRAO20           U:           16.74 -+      1.976  E:           -4.86 -+      0.641  N:           -8.01 -+      0.724
STA_CRL:  NRAO20           C:  -.197   .117  -.775   .693  -.164   .104  -.201   .897  -.677  -.195   .119  -.659   .834   .206  -.695
STA_GCX:  NRAO85 1         X:    883555362.51 -+      0.873  Y:  -4924490916.20 -+      2.487  Z:   3943962020.13 -+      2.126 Obs_used:     742 Obs_tot:     742 Ses_used:     2 Ses_tot:     2 Date_beg: 1992.10.30 Date_end: 1992.11.11
STA_GCU:  NRAO85 1         U:           28.81 -+      2.975  E:           -2.36 -+      0.839  N:           10.50 -+      1.383
STA_CRL:  NRAO85 1         C:  -.302   .127  -.638   .634  -.141   .103  -.207   .716  -.584  -.194   .132  -.517   .694   .205  -.694
STA_GCX:  NRAO85 3         X:    882325381.89 -+      0.764  Y:  -4925138022.79 -+      1.880  Z:   3943397715.43 -+      1.698 Obs_used:  166071 Obs_tot:  166344 Ses_used:   539 Ses_tot:   539 Date_beg: 1989.02.15 Date_end: 1996.08.20
STA_GCU:  NRAO85 3         U:           17.72 -+      2.392  E:           -5.57 -+      0.745  N:           -8.41 -+      0.851
STA_CRL:  NRAO85 3         C:  -.242   .166  -.779   .711  -.185   .127  -.237   .936  -.730  -.195   .154  -.683   .868   .205  -.695
STA_GCX:  NYALES20         X:   1202462561.83 -+      0.502  Y:    252734494.84 -+      0.670  Z:   6237766171.00 -+      0.941 Obs_used:  649839 Obs_tot:  664928 Ses_used:   829 Ses_tot:   829 Date_beg: 1994.10.04 Date_end: 2009.03.16
STA_GCU:  NYALES20         U:           -5.13 -+      0.915  E:            0.13 -+      0.626  N:            5.39 -+      0.598
STA_CRL:  NYALES20         C:   .356  -.053  -.360   .385   .100  -.027   .156   .548  -.173  -.207  -.035  -.146   .542   .119  -.480
STA_GCX:  OCOTILLO         X:  -2335604261.98 -+   1603.757  Y:  -4832249591.55 -+   3379.001  Z:   3434393716.36 -+   2950.937 Obs_used:     245 Obs_tot:     248 Ses_used:     2 Ses_tot:     2 Date_beg: 1984.03.03 Date_end: 1985.03.04
STA_GCU:  OCOTILLO         U:         5817.66 -+   4585.205  E:         -607.92 -+    583.007  N:        -2403.20 -+   1154.868
STA_CRL:  OCOTILLO         C:   .920  -.803  -.895   .000   .920  -.803   .919   .000  -.895   .919  -.801  -.894   .000  -.801  -.894
STA_GCX:  OHIGGINS         X:   1525833246.18 -+      2.694  Y:  -2432463684.86 -+      3.531  Z:  -5676174482.25 -+      6.523 Obs_used:   15217 Obs_tot:   16189 Ses_used:   107 Ses_tot:   107 Date_beg: 1993.01.25 Date_end: 2009.02.11
STA_GCU:  OHIGGINS         U:           -0.31 -+      7.282  E:           -7.30 -+      2.133  N:           -1.19 -+      2.167
STA_CRL:  OHIGGINS         C:  -.488  -.650   .711   .528  -.154  -.153  -.164   .524   .144  -.250  -.239   .214   .331  -.280   .492
STA_GCX:  ONSALA60         X:   3370605835.14 -+      0.595  Y:    711917674.68 -+      0.628  Z:   5349830866.69 -+      0.918 Obs_used:  376143 Obs_tot:  385493 Ses_used:   563 Ses_tot:   563 Date_beg: 1980.07.26 Date_end: 2009.02.23
STA_GCU:  ONSALA60         U:           -5.81 -+      0.857  E:            1.87 -+      0.591  N:            2.93 -+      0.713
STA_CRL:  ONSALA60         C:   .289   .058  -.082   .360   .057  -.045   .075   .486  -.005  -.491  -.049  -.006   .417   .144  -.300
STA_GCX:  OV-VLBA          X:  -2409150353.24 -+      0.561  Y:  -4478573140.93 -+      1.055  Z:   3838617346.10 -+      1.269 Obs_used:  330894 Obs_tot:  338541 Ses_used:   163 Ses_tot:   163 Date_beg: 1992.08.28 Date_end: 2008.12.17
STA_GCU:  OV-VLBA          U:            4.94 -+      1.410  E:           -4.51 -+      0.651  N:           -4.89 -+      0.789
STA_CRL:  OV-VLBA          C:   .140  -.360  -.570   .570   .042  -.193   .058   .752  -.389   .030  -.279  -.393   .774  -.154  -.346
STA_GCX:  OVR 7853         X:  -2410421521.91 -+     13.110  Y:  -4477800211.99 -+     24.758  Z:   3838690231.01 -+     21.863 Obs_used:     564 Obs_tot:     564 Ses_used:     1 Ses_tot:     1 Date_beg: 1987.11.01 Date_end: 1987.11.01
STA_GCU:  OVR 7853         U:           33.81 -+     34.958  E:         -424.67 -+      3.949  N:         -143.74 -+      5.017
STA_CRL:  OVR 7853         C:   .943  -.925  -.955   .459   .394  -.378   .373   .491  -.425   .787  -.341  -.407   .489  -.741  -.837
STA_GCX:  OVRO 130         X:  -2409601065.22 -+      6.244  Y:  -4478349384.08 -+     12.441  Z:   3838603154.58 -+     11.067 Obs_used:   30528 Obs_tot:   30731 Ses_used:   127 Ses_tot:   127 Date_beg: 1979.08.03 Date_end: 1988.11.09
STA_GCU:  OVRO 130         U:          -46.42 -+     16.869  E:            0.94 -+      3.451  N:           25.95 -+      4.446
STA_CRL:  OVRO 130         C:   .819  -.771  -.857   .955   .778  -.741   .773   .969  -.831   .788  -.718  -.810   .967  -.742  -.837
STA_GCX:  PARKES           X:  -4554232367.90 -+     16.480  Y:   2816758854.10 -+     10.364  Z:  -3454035144.89 -+     12.650 Obs_used:   11912 Obs_tot:   12365 Ses_used:    37 Ses_tot:    37 Date_beg: 1992.05.23 Date_end: 2009.02.09
STA_GCU:  PARKES           U:         -102.37 -+     23.008  E:           10.02 -+      2.081  N:           -0.77 -+      2.308
STA_CRL:  PARKES           C:  -.972   .973  -.964   .390  -.379   .368  -.356   .398  -.348  -.920   .361  -.364   .393   .936  -.898
STA_GCX:  PBLOSSOM         X:  -2464071255.01 -+     71.772  Y:  -4649425045.23 -+    132.764  Z:   3593905624.47 -+     99.357 Obs_used:    1517 Obs_tot:    1528 Ses_used:    10 Ses_tot:    10 Date_beg: 1983.02.21 Date_end: 1988.02.08
STA_GCU:  PBLOSSOM         U:          -23.46 -+    177.934  E:          -81.96 -+     17.657  N:         -153.20 -+     26.020
STA_CRL:  PBLOSSOM         C:   .961  -.934  -.949   .980   .946  -.917   .939   .980  -.928   .963  -.915  -.932   .978  -.939  -.953
STA_GCX:  PENTICTN         X:  -2058840702.28 -+      8.695  Y:  -3621286387.78 -+     38.146  Z:   4814420572.16 -+     48.474 Obs_used:    3422 Obs_tot:    3605 Ses_used:    21 Ses_tot:    21 Date_beg: 1984.08.24 Date_end: 2001.06.06
STA_GCU:  PENTICTN         U:         -103.17 -+     60.649  E:          -31.23 -+     13.213  N:          -11.65 -+      5.246
STA_CRL:  PENTICTN         C:   .835  -.835  -.993   .846   .658  -.657   .848   .947  -.938   .832  -.847  -.938   .944  -.835  -.990
STA_GCX:  PIETOWN          X:  -1640953897.83 -+      0.583  Y:  -5014816038.18 -+      1.073  Z:   3575411797.88 -+      1.219 Obs_used:  379380 Obs_tot:  388576 Ses_used:   211 Ses_tot:   211 Date_beg: 1988.09.08 Date_end: 2008.12.17
STA_GCU:  PIETOWN          U:           -3.03 -+      1.414  E:           -3.25 -+      0.617  N:           -2.92 -+      0.773
STA_CRL:  PIETOWN          C:   .103  -.311  -.610   .563   .038  -.168   .059   .788  -.461  -.006  -.256  -.453   .759  -.131  -.442
STA_GCX:  PINFLATS         X:  -2369636430.71 -+     47.704  Y:  -4761324598.96 -+     92.248  Z:   3511116324.86 -+     69.913 Obs_used:    3539 Obs_tot:    3550 Ses_used:    20 Ses_tot:    20 Date_beg: 1983.10.31 Date_end: 1990.02.10
STA_GCU:  PINFLATS         U:           41.28 -+    123.281  E:          -19.93 -+     14.155  N:           18.03 -+     16.573
STA_CRL:  PINFLATS         C:   .944  -.922  -.957   .983   .930  -.906   .925   .983  -.938   .944  -.904  -.941   .982  -.922  -.957
STA_GCX:  PLATTVIL         X:  -1240708425.82 -+     19.542  Y:  -4720454427.63 -+     58.240  Z:   4094481543.44 -+     49.425 Obs_used:    5110 Obs_tot:    5111 Ses_used:    23 Ses_tot:    23 Date_beg: 1983.06.07 Date_end: 1990.10.28
STA_GCU:  PLATTVIL         U:           50.45 -+     77.294  E:           12.48 -+      9.550  N:           -6.69 -+     12.292
STA_CRL:  PLATTVIL         C:   .867  -.833  -.950   .985   .848  -.815   .855   .979  -.929   .869  -.821  -.926   .978  -.836  -.948
STA_GCX:  PRESIDIO         X:  -2707705218.03 -+     50.484  Y:  -4257608983.12 -+     79.389  Z:   3888374284.30 -+     70.592 Obs_used:    4124 Obs_tot:    4133 Ses_used:    21 Ses_tot:    21 Date_beg: 1983.08.25 Date_end: 1991.07.18
STA_GCU:  PRESIDIO         U:           32.27 -+    115.773  E:           -7.86 -+     12.497  N:           52.54 -+     16.581
STA_CRL:  PRESIDIO         C:   .957  -.938  -.953   .989   .947  -.930   .948   .990  -.945   .958  -.926  -.941   .988  -.940  -.954
STA_GCX:  PRESIDIO_891001  X:  -2707705209.07 -+     43.537  Y:  -4257608976.51 -+     68.458  Z:   3888374267.90 -+     61.216 Obs_used:       0 Obs_tot:       0 Ses_used:     0 Ses_tot:     0 Date_beg:            Date_end:           
STA_GCU:  PRESIDIO_891001  U:           14.01 -+    100.047  E:           -3.85 -+     10.835  N:           45.96 -+     14.237
STA_CRL:  PRESIDIO_891001  C:   .957  -.938  -.953   .980   .938  -.919   .939   .981  -.935   .958  -.920  -.934   .979  -.940  -.954
STA_GCX:  PT REYES         X:  -2732333608.01 -+     39.439  Y:  -4217634388.45 -+     60.123  Z:   3914491581.26 -+     55.890 Obs_used:    3350 Obs_tot:    3354 Ses_used:    19 Ses_tot:    19 Date_beg: 1983.08.27 Date_end: 1991.07.13
STA_GCU:  PT REYES         U:         -117.17 -+     89.629  E:            5.56 -+     10.266  N:           27.41 -+     12.458
STA_CRL:  PT REYES         C:   .951  -.937  -.956   .979   .930  -.917   .930   .979  -.935   .950  -.913  -.932   .978  -.935  -.954
STA_GCX:  PVERDES          X:  -2525453262.27 -+     79.310  Y:  -4670034848.26 -+    141.281  Z:   3522886875.35 -+    107.526 Obs_used:    1497 Obs_tot:    1501 Ses_used:     9 Ses_tot:     9 Date_beg: 1983.11.12 Date_end: 1990.02.05
STA_GCU:  PVERDES          U:         -160.66 -+    192.167  E:           -3.47 -+     18.822  N:           -2.89 -+     23.019
STA_CRL:  PVERDES          C:   .963  -.944  -.965   .980   .941  -.922   .944   .979  -.943   .962  -.924  -.943   .978  -.943  -.964
STA_GCX:  QUINCY           X:  -2517231232.48 -+     28.067  Y:  -4198595045.21 -+     45.831  Z:   4076531197.03 -+     43.138 Obs_used:    4791 Obs_tot:    4800 Ses_used:    22 Ses_tot:    22 Date_beg: 1982.10.21 Date_end: 1990.10.08
STA_GCU:  QUINCY           U:           45.22 -+     67.618  E:           26.28 -+      8.352  N:           50.87 -+     10.354
STA_CRL:  QUINCY           C:   .939  -.915  -.951   .975   .915  -.891   .916   .974  -.927   .941  -.891  -.925   .972  -.918  -.953
STA_GCX:  RICHMOND         X:    961257933.44 -+      2.007  Y:  -5674090056.17 -+      4.909  Z:   2740533843.52 -+      3.418 Obs_used:  171966 Obs_tot:  173157 Ses_used:   753 Ses_tot:   753 Date_beg: 1984.01.04 Date_end: 1992.08.20
STA_GCU:  RICHMOND         U:            7.85 -+      5.718  E:            4.16 -+      1.848  N:           -2.08 -+      1.923
STA_CRL:  RICHMOND         C:  -.361   .303  -.787   .897  -.321   .272  -.363   .984  -.781  -.320   .292  -.736   .946   .303  -.756
STA_GCX:  ROBLED32         X:   4849245174.91 -+     55.805  Y:   -360277928.11 -+     13.290  Z:   4114884838.81 -+     39.287 Obs_used:      97 Obs_tot:     103 Ses_used:     1 Ses_tot:     1 Date_beg: 1983.05.05 Date_end: 1983.05.05
STA_GCU:  ROBLED32         U:          104.24 -+     67.042  E:          -16.80 -+     11.166  N:           10.79 -+     14.664
STA_CRL:  ROBLED32         C:  -.621   .921  -.583   .177  -.089   .207  -.046   .302  -.069  -.293   .140  -.093   .249   .783  -.277
STA_GCX:  SAGARA           X:  -3913436702.27 -+   4233.108  Y:   3501123094.63 -+   2490.332  Z:   3608593027.61 -+   4082.494 Obs_used:     463 Obs_tot:     503 Ses_used:     3 Ses_tot:     3 Date_beg: 1992.11.23 Date_end: 1993.02.28
STA_GCU:  SAGARA           U:         -796.00 -+   4740.260  E:         -981.85 -+   2359.408  N:          191.52 -+   3570.832
STA_CRL:  SAGARA           C:  -.558   .017   .747   .000  -.558   .018  -.558   .000   .746  -.557   .018   .746   .000   .018   .746
STA_GCX:  SANPAULA         X:  -2554477422.04 -+     75.159  Y:  -4608627101.32 -+    133.326  Z:   3582138737.61 -+    102.307 Obs_used:    1519 Obs_tot:    1521 Ses_used:    10 Ses_tot:    10 Date_beg: 1983.08.31 Date_end: 1990.01.31
STA_GCU:  SANPAULA         U:            5.80 -+    181.862  E:           -7.09 -+     17.552  N:          -27.47 -+     22.570
STA_CRL:  SANPAULA         C:   .964  -.951  -.961   .977   .941  -.927   .939   .976  -.935   .963  -.925  -.935   .974  -.950  -.959
STA_GCX:  SANTIA12         X:   1769693411.05 -+      8.562  Y:  -5044504626.84 -+     14.871  Z:  -3468434824.24 -+     12.380 Obs_used:   23218 Obs_tot:   23408 Ses_used:   124 Ses_tot:   124 Date_beg: 1991.11.20 Date_end: 1996.11.25
STA_GCU:  SANTIA12         U:            8.80 -+     19.159  E:            1.37 -+      5.904  N:          -14.85 -+      6.767
STA_CRL:  SANTIA12         C:  -.687  -.641   .746   .972  -.666  -.624  -.675   .989   .737  -.659  -.628   .732   .992  -.609   .728
STA_GCX:  SC-VLBA          X:   2607848611.24 -+      0.866  Y:  -5488069565.59 -+      1.435  Z:   1932739692.22 -+      1.084 Obs_used:  244737 Obs_tot:  253410 Ses_used:   166 Ses_tot:   166 Date_beg: 1993.10.18 Date_end: 2008.12.17
STA_GCU:  SC-VLBA          U:           -0.05 -+      1.630  E:           -3.61 -+      0.829  N:           -3.95 -+      0.801
STA_CRL:  SC-VLBA          C:  -.316   .197  -.706   .608  -.172   .142  -.204   .719  -.505  -.192   .146  -.429   .645   .437  -.554
STA_GCX:  SEATTLE1         X:  -2295348039.07 -+    153.884  Y:  -3638029205.31 -+   1071.232  Z:   4693408064.38 -+   1070.454 Obs_used:     542 Obs_tot:     543 Ses_used:     3 Ses_tot:     3 Date_beg: 1986.08.27 Date_end: 1990.08.09
STA_GCU:  SEATTLE1         U:           69.06 -+   1447.601  E:           89.86 -+    466.137  N:           70.28 -+     65.244
STA_CRL:  SEATTLE1         C:   .850  -.860  -.996   .985   .865  -.876   .842   .999  -.995   .864  -.849  -.995   .999  -.874  -.996
STA_GCX:  SESHAN25         X:  -2831687306.78 -+      1.119  Y:   4675733510.56 -+      1.476  Z:   3275327529.22 -+      1.766 Obs_used:   91876 Obs_tot:   95010 Ses_used:   221 Ses_tot:   221 Date_beg: 1988.04.09 Date_end: 2009.02.09
STA_GCU:  SESHAN25         U:           -8.37 -+      1.853  E:            9.83 -+      1.172  N:           -4.04 -+      1.320
STA_CRL:  SESHAN25         C:  -.087  -.575   .290   .401  -.003  -.226  -.007   .555   .188  -.039  -.288   .142   .605  -.145   .344
STA_GCX:  SEST             X:   1838235271.50 -+   3865.292  Y:  -5258693621.64 -+   6185.221  Z:  -3100594508.93 -+   3755.072 Obs_used:     353 Obs_tot:     353 Ses_used:     3 Ses_tot:     3 Date_beg: 1990.04.18 Date_end: 1990.05.24
STA_GCU:  SEST             U:        -3040.18 -+   6360.784  E:          860.16 -+   3563.507  N:        -2983.85 -+   3760.299
STA_CRL:  SEST             C:  -.321  -.123   .308   .000  -.321  -.122  -.320   .000   .307  -.320  -.122   .308   .000  -.122   .307
STA_GCX:  SHANGHAI         X:  -2847696071.02 -+   9999.727  Y:   4659874411.31 -+   9999.346  Z:   3283960518.73 -+   9999.242 Obs_used:     138 Obs_tot:     168 Ses_used:     1 Ses_tot:     1 Date_beg: 1986.06.13 Date_end: 1986.06.13
STA_GCU:  SHANGHAI         U:         1221.14 -+   9999.811  E:        -3302.01 -+   9999.529  N:         1674.34 -+   9998.975
STA_CRL:  SHANGHAI         C:  -.000  -.000   .000   .000  -.000  -.000  -.000   .000   .000  -.000  -.000   .000   .000  -.000   .000
STA_GCX:  SINTOTU          X:  -3642142140.63 -+    127.836  Y:   2861496630.58 -+    106.212  Z:   4370361720.10 -+    120.286 Obs_used:     529 Obs_tot:     529 Ses_used:     3 Ses_tot:     3 Date_beg: 1990.07.26 Date_end: 1990.07.30
STA_GCU:  SINTOTU          U:          178.81 -+    183.810  E:         -137.45 -+     86.689  N:          144.76 -+     28.123
STA_CRL:  SINTOTU          C:  -.432  -.817   .822   .739  -.449  -.670  -.462   .675   .647  -.540  -.652   .611   .789  -.842   .828
STA_GCX:  SINTOTU3         X:  -3642142251.86 -+     14.874  Y:   2861496685.02 -+     11.825  Z:   4370361744.78 -+     16.919 Obs_used:    1893 Obs_tot:    1974 Ses_used:     6 Ses_tot:     6 Date_beg: 1995.11.21 Date_end: 2008.10.08
STA_GCU:  SINTOTU3         U:           26.96 -+     24.791  E:           29.38 -+      4.678  N:           -2.47 -+      3.294
STA_CRL:  SINTOTU3         C:  -.872  -.939   .931   .510  -.284  -.365  -.294   .497   .357  -.540  -.433   .414   .443  -.842   .828
STA_GCX:  SNDPOINT         X:  -3425462179.46 -+     91.986  Y:  -1214669044.77 -+     54.816  Z:   5223857879.17 -+    139.193 Obs_used:    2437 Obs_tot:    2437 Ses_used:    13 Ses_tot:    13 Date_beg: 1984.07.14 Date_end: 1990.07.12
STA_GCU:  SNDPOINT         U:           43.02 -+    170.860  E:           35.08 -+     33.612  N:           -9.20 -+     22.753
STA_CRL:  SNDPOINT         C:   .782  -.957  -.814   .980   .784  -.943   .762   .992  -.798   .788  -.931  -.812   .980  -.957  -.820
STA_GCX:  SOURDOGH         X:  -2419993988.40 -+     85.349  Y:  -1664228759.57 -+     65.365  Z:   5643538053.09 -+    196.666 Obs_used:    4156 Obs_tot:    4158 Ses_used:    16 Ses_tot:    16 Date_beg: 1984.07.31 Date_end: 1989.08.03
STA_GCU:  SOURDOGH         U:          178.10 -+    220.003  E:           -8.42 -+     33.145  N:           21.53 -+     27.104
STA_CRL:  SOURDOGH         C:   .795  -.918  -.895   .992   .787  -.910   .786   .993  -.887   .791  -.909  -.887   .992  -.916  -.893
STA_GCX:  SOURDOGH_871201  X:  -2419993968.63 -+     74.673  Y:  -1664228784.90 -+     57.282  Z:   5643538089.38 -+    171.786 Obs_used:       0 Obs_tot:       0 Ses_used:     0 Ses_tot:     0 Date_beg:            Date_end:           
STA_GCU:  SOURDOGH_871201  U:          209.44 -+    192.222  E:           23.66 -+     29.210  N:           39.91 -+     23.772
STA_CRL:  SOURDOGH_871201  C:   .792  -.917  -.894   .990   .783  -.908   .784   .992  -.886   .791  -.906  -.884   .990  -.916  -.893
STA_GCX:  SUWON            X:  -3062017343.24 -+   8885.860  Y:   4055459534.09 -+   9243.179  Z:   3841810672.87 -+   9972.755 Obs_used:     567 Obs_tot:     575 Ses_used:     3 Ses_tot:     3 Date_beg: 1995.10.24 Date_end: 1995.11.01
STA_GCU:  SUWON            U:          839.99 -+   9973.853  E:        -9164.16 -+   8041.558  N:          460.12 -+   9985.304
STA_CRL:  SUWON            C:  -.211  -.030  -.024   .000  -.211  -.030  -.211   .000  -.024  -.211  -.030  -.024   .000  -.030  -.024
STA_GCX:  SVETLOE          X:   2730173717.92 -+      0.707  Y:   1562442748.56 -+      0.687  Z:   5529969113.64 -+      1.196 Obs_used:  241056 Obs_tot:  250505 Ses_used:   297 Ses_tot:   297 Date_beg: 2003.03.06 Date_end: 2009.03.12
STA_GCU:  SVETLOE          U:           -3.71 -+      1.201  E:            1.27 -+      0.538  N:            3.79 -+      0.820
STA_CRL:  SVETLOE          C:   .452   .236   .124   .448   .164   .156   .217   .511   .155   .059   .161   .120   .486   .503   .209
STA_GCX:  SYOWA            X:   1766194190.45 -+      3.416  Y:   1460410912.93 -+      3.228  Z:  -5932273340.09 -+      8.070 Obs_used:    8916 Obs_tot:    9415 Ses_used:    45 Ses_tot:    45 Date_beg: 1999.11.08 Date_end: 2009.02.11
STA_GCU:  SYOWA            U:           -4.17 -+      8.643  E:            0.67 -+      2.555  N:           -2.75 -+      2.447
STA_CRL:  SYOWA            C:   .406  -.695  -.545   .584   .167  -.267   .179   .635  -.237   .340  -.342  -.287   .491  -.515  -.507
STA_GCX:  TATEYAMA         X:  -4000983137.34 -+     33.457  Y:   3375275975.61 -+     26.316  Z:   3632213301.09 -+     29.111 Obs_used:   22620 Obs_tot:   23645 Ses_used:    19 Ses_tot:    19 Date_beg: 1997.11.01 Date_end: 2001.06.11
STA_GCU:  TATEYAMA         U:          180.43 -+     47.851  E:           84.53 -+     15.859  N:           30.20 -+     10.872
STA_CRL:  TATEYAMA         C:  -.713  -.740   .961   .985  -.661  -.689  -.669   .984   .948  -.637  -.695   .948   .984  -.666   .965
STA_GCX:  TATEYAMA_000901  X:  -4000983141.25 -+     29.415  Y:   3375275945.76 -+     22.888  Z:   3632213326.47 -+     25.298 Obs_used:       0 Obs_tot:       0 Ses_used:     0 Ses_tot:     0 Date_beg:            Date_end:           
STA_GCU:  TATEYAMA_000901  U:          181.63 -+     41.083  E:          109.87 -+     15.352  N:           60.33 -+     10.275
STA_CRL:  TATEYAMA_000901  C:  -.648  -.681   .968   .977  -.619  -.650  -.624   .973   .941  -.637  -.652   .942   .974  -.666   .965
STA_GCX:  TIDBIN64         X:  -4460895172.89 -+     11.821  Y:   2682361520.45 -+     21.197  Z:  -3674747743.88 -+     12.494 Obs_used:    2016 Obs_tot:    2083 Ses_used:    11 Ses_tot:    11 Date_beg: 1988.08.20 Date_end: 2008.09.13
STA_GCU:  TIDBIN64         U:           53.58 -+     19.358  E:           17.09 -+     16.738  N:           -4.71 -+      9.500
STA_CRL:  TIDBIN64         C:  -.393   .742  -.221   .079  -.009  -.012  -.018   .060   .005  -.159  -.026   .005   .091   .085   .113
STA_GCX:  TIGOCONC         X:   1492054416.03 -+      1.596  Y:  -4887961017.22 -+      2.357  Z:  -3803541243.74 -+      1.560 Obs_used:  135785 Obs_tot:  141156 Ses_used:   697 Ses_tot:   697 Date_beg: 2002.05.13 Date_end: 2009.03.16
STA_GCU:  TIGOCONC         U:            6.31 -+      2.263  E:           -4.66 -+      1.571  N:            0.05 -+      1.718
STA_CRL:  TIGOCONC         C:  -.161  -.328   .120   .576  -.160  -.179  -.163   .622   .152  -.303  -.159   .135   .581  -.167   .456
STA_GCX:  TIGOWTZL         X:   4075572453.85 -+     10.294  Y:    931755342.41 -+      2.821  Z:   4801584478.58 -+     12.185 Obs_used:    1309 Obs_tot:    1474 Ses_used:     9 Ses_tot:     9 Date_beg: 1998.03.10 Date_end: 2000.12.18
STA_GCU:  TIGOWTZL         U:          -16.73 -+     16.002  E:            3.78 -+      1.678  N:            4.94 -+      1.873
STA_CRL:  TIGOWTZL         C:   .793   .972   .784   .023   .009  -.004   .002   .117   .004  -.562  -.003   .012   .030   .170  -.204
STA_GCX:  TITIJIMA         X:  -4489356447.37 -+   1942.336  Y:   3482990391.06 -+   2170.367  Z:   2887931509.80 -+   1233.171 Obs_used:     357 Obs_tot:     385 Ses_used:     4 Ses_tot:     4 Date_beg: 1987.11.18 Date_end: 1989.12.05
STA_GCU:  TITIJIMA         U:          402.22 -+   2253.581  E:          -35.30 -+   2182.596  N:           69.18 -+    401.893
STA_CRL:  TITIJIMA         C:   .099  -.883   .345   .998   .099  -.882   .099   .999   .345   .098  -.881   .345   .998  -.883   .346
STA_GCX:  TOULOUSE         X:   4627950111.87 -+   9969.364  Y:    119844128.67 -+   9934.620  Z:   4372862992.07 -+   9973.798 Obs_used:     175 Obs_tot:     175 Ses_used:     2 Ses_tot:     2 Date_beg: 1992.05.10 Date_end: 1992.05.11
STA_GCU:  TOULOUSE         U:           69.98 -+   9998.165  E:          203.59 -+   9933.660  N:         -327.26 -+   9945.885
STA_CRL:  TOULOUSE         C:   .004   .005  -.003   .000   .004   .005   .004   .000  -.003   .004   .005  -.003   .000   .005  -.003
STA_GCX:  TROMSONO         X:   2102903771.18 -+     51.282  Y:    721602867.13 -+     32.125  Z:   5958201373.26 -+    125.257 Obs_used:    1558 Obs_tot:    1558 Ses_used:     8 Ses_tot:     8 Date_beg: 1989.07.30 Date_end: 1992.08.29
STA_GCU:  TROMSONO         U:          -75.57 -+    134.810  E:           15.33 -+     26.688  N:          -16.91 -+     21.572
STA_CRL:  TROMSONO         C:   .483   .905   .515   .980   .471   .857   .436   .992   .458   .444   .894   .516   .974   .890   .481
STA_GCX:  TRYSILNO         X:   2988029104.01 -+     87.533  Y:    655957214.48 -+     30.048  Z:   5578669519.19 -+    159.728 Obs_used:    3049 Obs_tot:    3049 Ses_used:    15 Ses_tot:    15 Date_beg: 1991.11.08 Date_end: 1993.03.22
STA_GCU:  TRYSILNO         U:          192.01 -+    180.953  E:           -3.80 -+     24.254  N:          -23.89 -+     27.308
STA_CRL:  TRYSILNO         C:   .568   .937   .574   .994   .562   .932   .558   .997   .566   .559   .928   .568   .994   .935   .566
STA_GCX:  TSUKUB32         X:  -3957408812.62 -+      0.853  Y:   3310229467.74 -+      1.108  Z:   3737494745.97 -+      1.644 Obs_used:  352423 Obs_tot:  366014 Ses_used:   388 Ses_tot:   388 Date_beg: 1998.10.07 Date_end: 2009.03.16
STA_GCU:  TSUKUB32         U:            4.15 -+      1.333  E:            7.27 -+      1.186  N:           -3.07 -+      1.214
STA_CRL:  TSUKUB32         C:   .412  -.531  -.057   .408   .127  -.218   .228   .660   .033   .322  -.312   .031   .644  -.144   .149
STA_GCX:  TSUKUBA          X:  -3957172973.10 -+     12.728  Y:   3310238037.72 -+     10.857  Z:   3737708887.62 -+     12.628 Obs_used:    1187 Obs_tot:    1279 Ses_used:    11 Ses_tot:    11 Date_beg: 1984.07.18 Date_end: 1991.07.31
STA_GCU:  TSUKUBA          U:           -7.00 -+     20.447  E:           17.67 -+      2.460  N:           10.83 -+      3.900
STA_CRL:  TSUKUBA          C:  -.956  -.936   .885   .057  -.001  -.049  -.002   .103   .025   .319  -.038   .015   .116  -.143   .147
STA_GCX:  UCHINOUR         X:  -3586225004.65 -+   5909.965  Y:   4114109736.29 -+   5829.275  Z:   3290224731.68 -+   5673.204 Obs_used:     766 Obs_tot:     802 Ses_used:     1 Ses_tot:     1 Date_beg: 2008.01.20 Date_end: 2008.01.20
STA_GCU:  UCHINOUR         U:         1459.05 -+   8403.835  E:        -7246.15 -+   3432.513  N:         -825.07 -+   4322.822
STA_CRL:  UCHINOUR         C:  -.666  -.463   .505   .000  -.666  -.463  -.666   .000   .505  -.666  -.463   .505   .000  -.463   .505
STA_GCX:  URUMQI           X:    228310303.31 -+      0.977  Y:   4631922770.97 -+      2.166  Z:   4367064056.38 -+      2.381 Obs_used:   38985 Obs_tot:   44772 Ses_used:    88 Ses_tot:    88 Date_beg: 1994.03.16 Date_end: 2009.02.03
STA_GCU:  URUMQI           U:           17.68 -+      2.970  E:            6.27 -+      0.965  N:            1.68 -+      1.250
STA_CRL:  URUMQI           C:   .158  -.156   .714   .513   .013  -.085   .016   .524   .340  -.058  -.127   .317   .538   .003   .586
STA_GCX:  USSURISK         X:  -3059725005.70 -+   9999.948  Y:   3427256801.22 -+   9999.969  Z:   4409485544.35 -+   9999.973 Obs_used:      57 Obs_tot:      59 Ses_used:     1 Ses_tot:     1 Date_beg: 1992.03.12 Date_end: 1992.03.12
STA_GCU:  USSURISK         U:           12.04 -+   9999.992  E:          -22.10 -+   9999.936  N:           25.01 -+   9999.962
STA_CRL:  USSURISK         C:  -.000  -.000   .000   .998   .000   .000  -.000   .998  -.000  -.004  -.000  -.000   .997  -.005   .005
STA_GCX:  USUDA64          X:  -3855355419.25 -+      7.739  Y:   3427427560.97 -+      7.031  Z:   3740971160.34 -+      7.639 Obs_used:    1751 Obs_tot:    2186 Ses_used:     4 Ses_tot:     4 Date_beg: 1990.07.30 Date_end: 2008.06.18
STA_GCU:  USUDA64          U:            6.04 -+     12.531  E:           -0.23 -+      1.766  N:           -3.99 -+      2.743
STA_CRL:  USUDA64          C:  -.943  -.902   .869   .540  -.500  -.432  -.518   .554   .417  -.937  -.388   .359   .536  -.763   .710
STA_GCX:  VERNAL           X:  -1631473612.14 -+     47.650  Y:  -4589129184.14 -+    119.674  Z:   4106759961.03 -+    104.044 Obs_used:    1595 Obs_tot:    1595 Ses_used:     8 Ses_tot:     8 Date_beg: 1986.03.30 Date_end: 1990.10.22
STA_GCU:  VERNAL           U:           69.96 -+    162.284  E:            0.86 -+     18.584  N:            8.86 -+     27.128
STA_CRL:  VERNAL           C:   .910  -.891  -.942   .990   .897  -.880   .902   .989  -.933   .909  -.878  -.926   .988  -.888  -.940
STA_GCX:  VICTORIA         X:  -2341315444.61 -+   9404.546  Y:  -3539078926.61 -+   9667.052  Z:   4745769761.31 -+   9732.238 Obs_used:     521 Obs_tot:     521 Ses_used:     3 Ses_tot:     3 Date_beg: 1990.08.01 Date_end: 1990.08.03
STA_GCU:  VICTORIA         U:          207.61 -+   9987.336  E:        -5848.07 -+   9403.142  N:         1984.87 -+   9404.672
STA_CRL:  VICTORIA         C:   .019  -.047  -.041   .000   .019  -.047   .019   .000  -.041   .019  -.047  -.041   .000  -.047  -.041
STA_GCX:  VLA-N8           X:  -1601147916.73 -+      8.360  Y:  -5041733480.01 -+     23.371  Z:   3555235655.63 -+     16.003 Obs_used:     147 Obs_tot:     155 Ses_used:     1 Ses_tot:     1 Date_beg: 1996.02.09 Date_end: 1996.02.09
STA_GCU:  VLA-N8           U:          -34.28 -+     29.281  E:         -186.19 -+      2.749  N:         -111.27 -+      2.697
STA_CRL:  VLA-N8           C:   .940  -.931  -.981   .042   .002  -.014   .006   .038  -.037  -.005  -.018  -.022   .060  -.128  -.433
STA_GCX:  VNDNBERG         X:  -2678095341.48 -+      8.476  Y:  -4525450180.15 -+     13.055  Z:   3597410628.86 -+     11.331 Obs_used:   45883 Obs_tot:   45935 Ses_used:   178 Ses_tot:   178 Date_beg: 1983.08.22 Date_end: 1991.07.28
STA_GCU:  VNDNBERG         U:          -25.64 -+     18.478  E:           -1.72 -+      3.400  N:            7.78 -+      4.204
STA_CRL:  VNDNBERG         C:   .885  -.851  -.881   .980   .863  -.836   .869   .982  -.867   .875  -.828  -.855   .981  -.840  -.871
STA_GCX:  WESTFORD         X:   1492206383.91 -+      0.475  Y:  -4458130531.56 -+      0.776  Z:   4296015588.87 -+      0.919 Obs_used: 1038102 Obs_tot: 1056203 Ses_used:  1977 Ses_tot:  1977 Date_beg: 1981.05.13 Date_end: 2009.03.16
STA_GCU:  WESTFORD         U:            3.96 -+      1.051  E:           -3.43 -+      0.519  N:           -1.10 -+      0.548
STA_CRL:  WESTFORD         C:   .025  -.023  -.618   .512   .004  -.017   .009   .676  -.383  -.074  -.027  -.337   .630   .166  -.369
STA_GCX:  WETTZELL         X:   4075539670.74 -+      0.581  Y:    931735484.45 -+      0.648  Z:   4801629496.08 -+      0.848 Obs_used: 1295221 Obs_tot: 1323040 Ses_used:  2498 Ses_tot:  2498 Date_beg: 1983.07.27 Date_end: 2009.03.16
STA_GCU:  WETTZELL         U:           -1.17 -+      0.727  E:            1.92 -+      0.615  N:            1.47 -+      0.754
STA_CRL:  WETTZELL         C:   .227  -.095   .008   .376   .038  -.068   .043   .491   .065  -.573  -.066   .052   .417   .172  -.207
STA_GCX:  WHTHORSE         X:  -2215212157.69 -+    205.589  Y:  -2209259849.17 -+    191.069  Z:   5540289775.78 -+    457.102 Obs_used:    1950 Obs_tot:    1950 Ses_used:     9 Ses_tot:     9 Date_beg: 1984.08.07 Date_end: 1989.08.10
STA_GCU:  WHTHORSE         U:        -1286.71 -+    526.616  E:           54.79 -+     68.609  N:          482.42 -+     75.394
STA_CRL:  WHTHORSE         C:   .883  -.913  -.927   .996   .879  -.910   .877   .996  -.923   .881  -.908  -.923   .996  -.913  -.926
STA_GCX:  WHTHORSE_871201  X:  -2215212344.75 -+    182.949  Y:  -2209260046.70 -+    170.360  Z:   5540290051.95 -+    407.358 Obs_used:       0 Obs_tot:       0 Ses_used:     0 Ses_tot:     0 Date_beg:            Date_end:           
STA_GCU:  WHTHORSE_871201  U:         -912.81 -+    469.363  E:           62.56 -+     60.910  N:          380.35 -+     66.500
STA_CRL:  WHTHORSE_871201  C:   .883  -.915  -.928   .997   .879  -.911   .879   .997  -.924   .881  -.910  -.923   .996  -.913  -.926
STA_GCX:  YAKATAGA         X:  -2529744460.28 -+     98.765  Y:  -1942091108.34 -+     80.633  Z:   5505029179.30 -+    204.991 Obs_used:    3542 Obs_tot:    3542 Ses_used:    16 Ses_tot:    16 Date_beg: 1984.07.31 Date_end: 1990.06.10
STA_GCU:  YAKATAGA         U:          555.80 -+    235.532  E:          257.01 -+     39.780  N:          267.78 -+     34.922
STA_CRL:  YAKATAGA         C:   .796  -.891  -.907   .991   .783  -.880   .780   .991  -.896   .784  -.877  -.898   .990  -.885  -.905
STA_GCX:  YAKATAGA_871201  X:  -2529744517.57 -+     88.005  Y:  -1942091048.25 -+     71.965  Z:   5505029007.72 -+    182.684 Obs_used:       0 Obs_tot:       0 Ses_used:     0 Ses_tot:     0 Date_beg:            Date_end:           
STA_GCU:  YAKATAGA_871201  U:          411.51 -+    209.751  E:          174.47 -+     36.435  N:          174.54 -+     31.220
STA_CRL:  YAKATAGA_871201  C:   .785  -.886  -.905   .990   .776  -.876   .774   .991  -.895   .784  -.874  -.896   .989  -.885  -.905
STA_GCX:  YEBES            X:   4848780164.75 -+     16.764  Y:   -261701827.94 -+      4.197  Z:   4123035921.20 -+     13.626 Obs_used:    3675 Obs_tot:    3802 Ses_used:    17 Ses_tot:    17 Date_beg: 1997.01.08 Date_end: 2003.07.15
STA_GCU:  YEBES            U:          -50.72 -+     20.954  E:           -1.48 -+      4.055  N:           13.36 -+      5.367
STA_CRL:  YEBES            C:  -.256   .874  -.201   .885  -.243   .738  -.175   .958  -.127  -.203   .768  -.195   .871   .868  -.161
STA_GCX:  YEBES40M         X:   4848761851.08 -+      6.835  Y:   -261484245.28 -+      1.329  Z:   4123085020.94 -+      5.745 Obs_used:     963 Obs_tot:    1008 Ses_used:     3 Ses_tot:     3 Date_beg: 2008.09.11 Date_end: 2009.02.09
STA_GCU:  YEBES40M         U:           43.81 -+      8.845  E:            1.12 -+      1.319  N:           11.15 -+      1.228
STA_CRL:  YEBES40M         C:  -.161   .961  -.179   .249  -.055   .199  -.046   .349  -.031  -.203   .213  -.038   .231   .868  -.161
STA_GCX:  YELLOWKN         X:  -1224124897.96 -+     17.639  Y:  -2689530717.54 -+     38.574  Z:   5633555277.45 -+     80.415 Obs_used:     832 Obs_tot:     836 Ses_used:     2 Ses_tot:     2 Date_beg: 1984.08.24 Date_end: 1985.09.04
STA_GCU:  YELLOWKN         U:          -98.16 -+     90.819  E:            3.55 -+      2.457  N:           -5.40 -+      3.383
STA_CRL:  YELLOWKN         C:   .988  -.989  -.995   .097   .030  -.026   .048   .072  -.043   .357  -.050  -.053   .061  -.357  -.677
STA_GCX:  YLOW7296         X:  -1224399843.27 -+      1.183  Y:  -2689273323.34 -+      2.091  Z:   5633620276.10 -+      3.815 Obs_used:   27417 Obs_tot:   28192 Ses_used:    94 Ses_tot:    94 Date_beg: 1991.06.30 Date_end: 2006.08.02
STA_GCU:  YLOW7296         U:            7.78 -+      4.288  E:           -2.58 -+      0.911  N:           -3.89 -+      1.052
STA_CRL:  YLOW7296         C:   .579  -.606  -.833   .716   .270  -.269   .362   .720  -.495   .360  -.388  -.530   .688  -.359  -.680
STA_GCX:  YUMA             X:  -2196778265.35 -+     46.483  Y:  -4887337283.26 -+    102.056  Z:   3448425231.14 -+     72.383 Obs_used:    4581 Obs_tot:    4584 Ses_used:    20 Ses_tot:    20 Date_beg: 1983.11.05 Date_end: 1988.10.21
STA_GCU:  YUMA             U:           58.54 -+    131.327  E:          -17.52 -+     13.527  N:          -23.46 -+     19.636
STA_CRL:  YUMA             C:   .949  -.917  -.945   .991   .941  -.911   .940   .991  -.938   .951  -.909  -.936   .990  -.921  -.948
STA_GCX:  ZELENCHK         X:   3451207590.75 -+      2.906  Y:   3060375375.20 -+      2.539  Z:   4391915026.63 -+      3.874 Obs_used:  114749 Obs_tot:  122335 Ses_used:   166 Ses_tot:   166 Date_beg: 2005.12.22 Date_end: 2009.03.12
STA_GCU:  ZELENCHK         U:           21.72 -+      5.163  E:            8.14 -+      1.146  N:            4.99 -+      1.387
STA_CRL:  ZELENCHK         C:   .821   .828   .833   .914   .760   .799   .769   .912   .792   .831   .804   .787   .915   .882   .862
STA_GCX:  ZELENCHK_070701  X:   3451207599.39 -+      1.664  Y:   3060375377.38 -+      1.481  Z:   4391915026.51 -+      2.228 Obs_used:       0 Obs_tot:       0 Ses_used:     0 Ses_tot:     0 Date_beg:            Date_end:           
STA_GCU:  ZELENCHK_070701  U:           27.34 -+      2.870  E:            4.04 -+      0.753  N:           -0.57 -+      1.059
STA_CRL:  ZELENCHK_070701  C:   .768   .695   .752   .736   .595   .627   .614   .726   .629   .831   .634   .617   .735   .882   .862
