# GETPAR_STA format version 1.0  of 2001.05.25
# icrf2-ga-19.spl
STA_GCX:  AGGO             X:   2765116507.24 -+    226.760  Y:  -4449233374.14 -+    258.308  Z:  -3626420403.47 -+    223.739 Obs_used:     772 Obs_tot:     776 Ses_used:     4 Ses_tot:     4 Date_beg: 2018.07.02 Date_end: 2018.12.03
STA_GCU:  AGGO             U:         -425.67 -+    374.255  E:           66.49 -+    131.860  N:         -115.62 -+    103.675
STA_CRL:  AGGO             C:  -.729  -.791   .782  -.000   .728   .794   .729  -.000  -.783  -.728   .792  -.780  -.000  -.795   .782
STA_GCX:  AIRA             X:  -3530219648.78 -+      1.358  Y:   4118797495.60 -+      1.543  Z:   3344015639.57 -+      1.500 Obs_used:  101043 Obs_tot:  108904 Ses_used:   181 Ses_tot:   181 Date_beg: 1997.07.17 Date_end: 2015.03.21
STA_GCU:  AIRA             U:            4.20 -+      2.240  E:            6.06 -+      0.846  N:            0.42 -+      0.863
STA_CRL:  AIRA             C:  -.654  -.820   .561  -.408   .372   .258   .448  -.279  -.338  -.878   .316  -.341  -.212  -.797   .860
STA_GCX:  ALGOPARK         X:    918034533.16 -+      0.479  Y:  -4346132322.20 -+      0.876  Z:   4561971221.75 -+      1.002 Obs_used:  334887 Obs_tot:  341510 Ses_used:   746 Ses_tot:   746 Date_beg: 1984.08.24 Date_end: 2006.08.03
STA_GCU:  ALGOPARK         U:            9.48 -+      1.192  E:           -3.29 -+      0.504  N:           -0.10 -+      0.572
STA_CRL:  ALGOPARK         C:   .006  -.097  -.643   .631  -.013  -.067  -.015   .693  -.405  -.078  -.080  -.405   .714  -.019  -.499
STA_GCX:  AUSTINTX         X:   -737794308.23 -+   9935.364  Y:  -5459892425.64 -+   9992.513  Z:   3202989790.33 -+   9985.048 Obs_used:     226 Obs_tot:     230 Ses_used:     1 Ses_tot:     1 Date_beg: 1987.07.11 Date_end: 1987.07.11
STA_GCU:  AUSTINTX         U:         -163.42 -+   9998.823  E:         -548.29 -+   9934.486  N:         -720.85 -+   9979.604
STA_CRL:  AUSTINTX         C:   .001  -.001  -.002   .000   .001  -.001   .001   .000  -.002   .001  -.001  -.002   .000  -.001  -.002
STA_GCX:  AZORES           X:   4552170447.84 -+   7945.422  Y:  -2186664279.76 -+   5901.834  Z:   3882780083.79 -+   7424.221 Obs_used:     803 Obs_tot:     803 Ses_used:     5 Ses_tot:     5 Date_beg: 1992.05.29 Date_end: 1992.06.03
STA_GCU:  AZORES           U:        -2874.85 -+   9673.686  E:        -1578.75 -+   5180.147  N:         2418.43 -+   5715.445
STA_CRL:  AZORES           C:  -.363   .443  -.307   .000  -.364   .443  -.363   .000  -.307  -.364   .443  -.307   .000   .443  -.307
STA_GCX:  BADARY           X:   -838200990.75 -+      0.569  Y:   3865751557.46 -+      0.840  Z:   4987670895.62 -+      1.031 Obs_used:  404261 Obs_tot:  418028 Ses_used:   421 Ses_tot:   421 Date_beg: 2007.03.01 Date_end: 2018.12.27
STA_GCU:  BADARY           U:           -9.99 -+      1.036  E:            4.28 -+      0.629  N:            0.77 -+      0.791
STA_CRL:  BADARY           C:   .276  -.559   .128   .297   .135  -.177   .214   .178  -.277   .111  -.233  -.220   .128  -.271   .312
STA_GCX:  BERMUDA          X:   2307211163.79 -+   7238.792  Y:  -4874226982.16 -+   9108.162  Z:   3394324079.27 -+   8163.131 Obs_used:     718 Obs_tot:     730 Ses_used:     4 Ses_tot:     4 Date_beg: 1987.08.02 Date_end: 1987.08.08
STA_GCU:  BERMUDA          U:        11963.93 -+   9898.745  E:        -7157.95 -+   7157.649  N:        -2396.73 -+   7264.869
STA_CRL:  BERMUDA          C:  -.133   .114  -.268   .000  -.133   .114  -.132   .000  -.268  -.132   .114  -.268   .000   .114  -.268
STA_GCX:  BLKBUTTE         X:  -2306307335.75 -+     73.735  Y:  -4787914426.93 -+    149.584  Z:   3515736337.10 -+    107.007 Obs_used:    2178 Obs_tot:    2179 Ses_used:    12 Ses_tot:    12 Date_beg: 1983.11.08 Date_end: 1988.10.26
STA_GCU:  BLKBUTTE         U:          130.31 -+    195.230  E:           -3.82 -+     18.916  N:           32.28 -+     28.109
STA_CRL:  BLKBUTTE         C:   .959  -.935  -.949   .989   .945  -.925   .950   .989  -.941   .959  -.922  -.933   .988  -.935  -.948
STA_GCX:  BLOOMIND         X:    302384526.01 -+   9999.047  Y:  -4941698964.04 -+   9999.004  Z:   4007908525.62 -+   9998.373 Obs_used:      72 Obs_tot:      73 Ses_used:     1 Ses_tot:     1 Date_beg: 1987.08.19 Date_end: 1987.08.19
STA_GCU:  BLOOMIND         U:          -47.54 -+   9999.678  E:            3.18 -+   9999.050  N:          101.47 -+   9997.696
STA_CRL:  BLOOMIND         C:   .000  -.000  -.000   .000   .000  -.000   .000   .000  -.000   .000  -.000  -.000   .000  -.000  -.000
STA_GCX:  BR-VLBA          X:  -2112065165.41 -+      0.442  Y:  -3705356511.64 -+      0.777  Z:   4726813700.63 -+      0.970 Obs_used:  572128 Obs_tot:  583961 Ses_used:   257 Ses_tot:   257 Date_beg: 1993.04.21 Date_end: 2018.08.21
STA_GCU:  BR-VLBA          U:            3.79 -+      1.056  E:            0.58 -+      0.499  N:           -1.78 -+      0.614
STA_CRL:  BR-VLBA          C:   .158  -.358  -.418   .570   .020  -.191   .023   .678  -.214  -.037  -.251  -.227   .751  -.119  -.082
STA_GCX:  BREST            X:   4228869888.65 -+   9497.802  Y:   -333120241.59 -+   8634.537  Z:   4747191321.50 -+   9438.806 Obs_used:     354 Obs_tot:     354 Ses_used:     2 Ses_tot:     2 Date_beg: 1989.08.30 Date_end: 1989.09.02
STA_GCU:  BREST            U:         3813.58 -+   9974.365  E:       -16799.43 -+   8680.722  N:        11063.73 -+   8888.850
STA_CRL:  BREST            C:   .055   .113  -.032   .000   .054   .113   .055   .000  -.032   .054   .113  -.033   .000   .113  -.033
STA_GCX:  CARNUSTY         X:   3526415208.22 -+   9878.846  Y:   -171424228.65 -+   9603.210  Z:   5294099802.25 -+   9912.322 Obs_used:     369 Obs_tot:     369 Ses_used:     4 Ses_tot:     4 Date_beg: 1989.08.18 Date_end: 1989.08.22
STA_GCU:  CARNUSTY         U:          271.06 -+   9991.904  E:        -3141.00 -+   9586.895  N:         1010.92 -+   9814.309
STA_CRL:  CARNUSTY         C:  -.035   .020   .031   .000  -.035   .020  -.035   .000   .031  -.035   .020   .031   .000   .020   .031
STA_GCX:  CARROLGA         X:    453520614.86 -+   9996.924  Y:  -5300506704.88 -+   9998.174  Z:   3507207680.62 -+   9995.610 Obs_used:     121 Obs_tot:     128 Ses_used:     1 Ses_tot:     1 Date_beg: 1987.07.18 Date_end: 1987.07.18
STA_GCU:  CARROLGA         U:           78.30 -+   9999.558  E:          -70.40 -+   9996.886  N:          245.23 -+   9994.264
STA_CRL:  CARROLGA         C:  -.000   .000  -.000   .000  -.000   .000  -.000   .000  -.000  -.000   .000  -.000   .000   .000  -.000
STA_GCX:  CHICHI10         X:  -4490618175.98 -+      1.823  Y:   3483908502.41 -+      1.689  Z:   2884899265.70 -+      1.602 Obs_used:   92103 Obs_tot:   99705 Ses_used:   165 Ses_tot:   165 Date_beg: 1997.08.26 Date_end: 2015.01.22
STA_GCU:  CHICHI10         U:           19.95 -+      2.666  E:            4.55 -+      0.933  N:           -0.43 -+      0.871
STA_CRL:  CHICHI10         C:  -.724  -.850   .583  -.232   .231   .203   .240  -.199  -.225  -.919   .226  -.239  -.147  -.961   .928
STA_GCX:  CHLBOLTN         X:   4008315711.20 -+   7947.669  Y:   -100650421.66 -+   6057.867  Z:   4943790049.20 -+   8583.306 Obs_used:    2026 Obs_tot:    2079 Ses_used:     7 Ses_tot:     7 Date_beg: 1980.10.16 Date_end: 1980.10.22
STA_GCU:  CHLBOLTN         U:         -171.14 -+   9675.900  E:          168.41 -+   6041.819  N:        -7607.42 -+   6588.605
STA_CRL:  CHLBOLTN         C:  -.087   .359  -.065   .000  -.087   .359  -.087   .000  -.065  -.087   .359  -.065   .000   .359  -.065
STA_GCX:  CRIMEA           X:   3785230784.16 -+      1.723  Y:   2551207613.91 -+      1.313  Z:   4439796498.11 -+      2.062 Obs_used:   67763 Obs_tot:   77167 Ses_used:   129 Ses_tot:   129 Date_beg: 1994.06.25 Date_end: 2015.06.30
STA_GCU:  CRIMEA           U:          -10.20 -+      2.791  E:           -0.39 -+      0.658  N:            1.75 -+      0.848
STA_CRL:  CRIMEA           C:   .801   .807   .767   .407   .282   .258   .279   .501   .303   .387   .247   .294   .427   .482   .588
STA_GCX:  CTVASBAY         X:   1091444571.76 -+    111.226  Y:  -4351283996.03 -+    320.081  Z:   4518707199.39 -+    306.464 Obs_used:     833 Obs_tot:     857 Ses_used:     6 Ses_tot:     6 Date_beg: 2002.04.17 Date_end: 2002.09.11
STA_GCU:  CTVASBAY         U:          418.46 -+    422.461  E:          -99.06 -+     99.524  N:         -227.24 -+    142.705
STA_CRL:  CTVASBAY         C:  -.464   .523  -.786   .999  -.461   .518  -.458   .999  -.779  -.455   .519  -.786   .999   .516  -.781
STA_GCX:  CTVASTJ          X:   2612545460.22 -+     11.341  Y:  -3426878758.46 -+     15.893  Z:   4686756177.36 -+     19.665 Obs_used:    3864 Obs_tot:    3965 Ses_used:    30 Ses_tot:    30 Date_beg: 2002.11.13 Date_end: 2005.09.07
STA_GCU:  CTVASTJ          U:          -27.14 -+     26.198  E:            7.44 -+      5.675  N:           -0.89 -+      7.028
STA_CRL:  CTVASTJ          C:  -.817   .793  -.848   .937  -.755   .717  -.740   .942  -.769  -.793   .711  -.780   .932   .759  -.822
STA_GCX:  DAITO            X:  -3786457652.19 -+   2446.781  Y:   4320155731.89 -+   2860.564  Z:   2762039553.98 -+   2541.185 Obs_used:     462 Obs_tot:     482 Ses_used:     2 Ses_tot:     2 Date_beg: 1990.11.28 Date_end: 1991.12.03
STA_GCU:  DAITO            U:        -1684.97 -+   4471.620  E:        -2106.40 -+    275.885  N:         1577.71 -+    745.443
STA_CRL:  DAITO            C:  -.989  -.979   .980   .999  -.989  -.979  -.989   .999   .980  -.990  -.979   .980   .999  -.980   .981
STA_GCX:  DEADMANL         X:  -2336820804.02 -+    167.184  Y:  -4732588594.20 -+    293.987  Z:   3570331339.25 -+    231.397 Obs_used:     619 Obs_tot:     620 Ses_used:     5 Ses_tot:     5 Date_beg: 1984.02.29 Date_end: 1988.02.02
STA_GCU:  DEADMANL         U:         -137.49 -+    397.924  E:           60.76 -+     60.348  N:          -87.55 -+     77.060
STA_CRL:  DEADMANL         C:   .917  -.837  -.923   .996   .914  -.831   .910   .995  -.915   .917  -.834  -.921   .995  -.838  -.923
STA_GCX:  DSS13            X:  -2351112784.09 -+      2.433  Y:  -4655530609.13 -+      4.554  Z:   3660912693.17 -+      3.773 Obs_used:   12388 Obs_tot:   13851 Ses_used:    35 Ses_tot:    35 Date_beg: 2000.05.31 Date_end: 2018.02.13
STA_GCU:  DSS13            U:            0.74 -+      6.225  E:           -0.46 -+      0.964  N:           -1.54 -+      1.099
STA_CRL:  DSS13            C:   .897  -.889  -.926   .023  -.020  -.009  -.022   .003   .004   .478  -.004   .013   .046  -.508  -.670
STA_GCX:  DSS15            X:  -2353539017.84 -+      3.032  Y:  -4641649393.57 -+      4.390  Z:   3676669946.90 -+      4.537 Obs_used:   30517 Obs_tot:   32322 Ses_used:    99 Ses_tot:    99 Date_beg: 1987.11.01 Date_end: 2009.12.08
STA_GCU:  DSS15            U:            0.16 -+      6.004  E:           -2.29 -+      2.493  N:            1.00 -+      2.607
STA_CRL:  DSS15            C:   .470  -.486  -.685   .849   .377  -.399   .399   .806  -.544   .479  -.420  -.543   .812  -.510  -.671
STA_GCX:  DSS15____920627  X:  -2353539039.17 -+      1.782  Y:  -4641649393.62 -+      2.753  Z:   3676669928.36 -+      2.611 Obs_used:       0 Obs_tot:       0 Ses_used:     0 Ses_tot:     0 Date_beg:            Date_end:           
STA_GCU:  DSS15____920627  U:           -2.69 -+      3.773  E:          -21.29 -+      1.260  N:          -19.74 -+      1.323
STA_CRL:  DSS15____920627  C:   .629  -.623  -.762   .807   .371  -.412   .398   .731  -.538   .479  -.399  -.483   .772  -.510  -.671
STA_GCX:  DSS34            X:  -4461114433.17 -+   4927.707  Y:   2682404598.35 -+   4228.042  Z:  -3674389445.99 -+   6524.195 Obs_used:     169 Obs_tot:     189 Ses_used:     2 Ses_tot:     2 Date_beg: 2017.09.13 Date_end: 2017.10.03
STA_GCU:  DSS34            U:       -39508.19 -+   8033.754  E:        12997.08 -+   3290.756  N:       -23305.72 -+   3058.344
STA_CRL:  DSS34            C:  -.475   .855  -.536  -.000   .475  -.854   .476  -.000   .536  -.476  -.856   .535  -.000   .855  -.534
STA_GCX:  DSS45            X:  -4460935874.32 -+      2.458  Y:   2682765697.84 -+      2.025  Z:  -3674380597.21 -+      2.182 Obs_used:   40425 Obs_tot:   41699 Ses_used:   164 Ses_tot:   164 Date_beg: 1987.06.08 Date_end: 2016.08.23
STA_GCU:  DSS45            U:           -2.25 -+      3.265  E:           11.27 -+      1.421  N:           -1.85 -+      1.492
STA_CRL:  DSS45            C:  -.590   .564  -.565   .649  -.364   .237  -.347   .731  -.253  -.382   .242  -.270   .668   .202  -.123
STA_GCX:  DSS65            X:   4849336577.98 -+      2.774  Y:   -360488543.97 -+      1.123  Z:   4114749007.04 -+      2.785 Obs_used:   56246 Obs_tot:   57905 Ses_used:   118 Ses_tot:   118 Date_beg: 1988.08.31 Date_end: 2004.12.14
STA_GCU:  DSS65            U:          -15.51 -+      3.746  E:           -5.55 -+      1.154  N:           -6.44 -+      1.159
STA_CRL:  DSS65            C:   .079   .836   .013   .856   .089   .712   .066   .756   .044  -.012   .659   .055   .821   .716   .100
STA_GCX:  DSS65A           X:   4849339575.55 -+      1.555  Y:   -360427557.18 -+      0.785  Z:   4114750799.63 -+      1.484 Obs_used:   31562 Obs_tot:   32699 Ses_used:    37 Ses_tot:    37 Date_beg: 2005.09.05 Date_end: 2018.02.14
STA_GCU:  DSS65A           U:           -4.91 -+      2.021  E:           -2.58 -+      0.797  N:            2.38 -+      0.720
STA_CRL:  DSS65A           C:   .042   .775  -.061  -.321   .017  -.340   .022   .371   .030  -.011  -.303   .026  -.189   .716   .102
STA_GCX:  DSS65____970415  X:   4849336582.19 -+      1.964  Y:   -360488544.36 -+      0.921  Z:   4114749003.44 -+      1.988 Obs_used:       0 Obs_tot:       0 Ses_used:     0 Ses_tot:     0 Date_beg:            Date_end:           
STA_GCU:  DSS65____970415  U:          -14.63 -+      2.639  E:           -5.63 -+      0.935  N:          -11.92 -+      0.904
STA_CRL:  DSS65____970415  C:   .037   .801  -.046   .715   .072   .578   .056   .701   .034  -.012   .540   .043   .713   .716   .100
STA_GCX:  EFLSBERG         X:   4033947275.22 -+      2.527  Y:    486990724.63 -+      0.963  Z:   4900430938.60 -+      2.974 Obs_used:   43300 Obs_tot:   44724 Ses_used:    49 Ses_tot:    49 Date_beg: 1979.11.25 Date_end: 2016.11.24
STA_GCU:  EFLSBERG         U:            6.64 -+      3.803  E:           -6.71 -+      0.905  N:            2.32 -+      0.936
STA_CRL:  EFLSBERG         C:   .321   .884   .275   .744   .243   .633   .168   .703   .164   .045   .599   .226   .740   .622   .215
STA_GCX:  EFLSBERG_961001  X:   4033947290.37 -+      1.717  Y:    486990731.03 -+      0.753  Z:   4900430952.62 -+      2.116 Obs_used:       0 Obs_tot:       0 Ses_used:     0 Ses_tot:     0 Date_beg:            Date_end:           
STA_GCU:  EFLSBERG_961001  U:           27.51 -+      2.639  E:           -2.17 -+      0.710  N:           -0.97 -+      0.721
STA_CRL:  EFLSBERG_961001  C:   .313   .859   .225   .466   .132   .361   .106   .571   .100   .045   .355   .119   .480   .622   .215
STA_GCX:  ELY              X:  -2077236558.19 -+     43.830  Y:  -4486712505.10 -+     91.876  Z:   4018753396.84 -+     76.599 Obs_used:    2228 Obs_tot:    2228 Ses_used:    12 Ses_tot:    12 Date_beg: 1984.04.22 Date_end: 1990.10.16
STA_GCU:  ELY              U:         -121.38 -+    125.162  E:            2.69 -+     14.519  N:           -0.38 -+     18.803
STA_CRL:  ELY              C:   .932  -.926  -.951   .986   .921  -.917   .920   .985  -.939   .938  -.911  -.934   .983  -.933  -.955
STA_GCX:  FD-VLBA          X:  -1324009292.05 -+      0.538  Y:  -5332181960.54 -+      0.825  Z:   3231962412.90 -+      1.000 Obs_used:  631028 Obs_tot:  645348 Ses_used:   301 Ses_tot:   301 Date_beg: 1992.01.13 Date_end: 2018.09.12
STA_GCU:  FD-VLBA          U:           10.65 -+      1.087  E:           -2.11 -+      0.536  N:            1.72 -+      0.708
STA_CRL:  FD-VLBA          C:   .118  -.426  -.525   .615   .014  -.250   .017   .739  -.352  -.103  -.322  -.327   .751  -.317  -.280
STA_GCX:  FLAGSTAF         X:  -1923993016.27 -+     40.020  Y:  -4850854767.12 -+     95.176  Z:   3658589283.21 -+     72.870 Obs_used:    1210 Obs_tot:    1211 Ses_used:     8 Ses_tot:     8 Date_beg: 1984.04.17 Date_end: 1990.11.06
STA_GCU:  FLAGSTAF         U:           75.92 -+    123.817  E:            6.08 -+     15.084  N:          -19.06 -+     20.297
STA_CRL:  FLAGSTAF         C:   .915  -.884  -.939   .973   .897  -.869   .885   .971  -.915   .922  -.854  -.912   .971  -.894  -.945
STA_GCX:  FORT ORD         X:  -2697027322.37 -+     58.902  Y:  -4354392609.08 -+     94.258  Z:   3788078079.36 -+     81.355 Obs_used:    1878 Obs_tot:    1885 Ses_used:    11 Ses_tot:    11 Date_beg: 1983.08.25 Date_end: 1988.02.18
STA_GCU:  FORT ORD         U:          353.84 -+    135.708  E:           36.88 -+     13.970  N:           15.01 -+     18.992
STA_CRL:  FORT ORD         C:   .961  -.944  -.953   .981   .939  -.921   .946   .981  -.933   .962  -.931  -.936   .980  -.946  -.954
STA_GCX:  FORTLEZA         X:   4985370008.99 -+      0.798  Y:  -3955020384.71 -+      1.116  Z:   -428472118.55 -+      0.725 Obs_used:  595156 Obs_tot:  615409 Ses_used:  1833 Ses_tot:  1833 Date_beg: 1993.04.21 Date_end: 2019.01.03
STA_GCU:  FORTLEZA         U:            6.49 -+      0.821  E:           -6.99 -+      1.088  N:            4.90 -+      0.742
STA_CRL:  FORTLEZA         C:   .199  -.088  -.438   .502   .179  -.004   .173   .612  -.233   .236  -.007  -.199   .534   .444  -.080
STA_GCX:  FORTORDS         X:  -2699840619.27 -+     55.578  Y:  -4359126212.01 -+     88.764  Z:   3781051067.32 -+     76.417 Obs_used:    3444 Obs_tot:    3444 Ses_used:    19 Ses_tot:    19 Date_beg: 1988.11.08 Date_end: 1991.07.23
STA_GCU:  FORTORDS         U:         -107.72 -+    127.880  E:          109.22 -+     12.692  N:         -126.37 -+     17.121
STA_CRL:  FORTORDS         C:   .964  -.949  -.957   .984   .946  -.933   .948   .984  -.941   .962  -.932  -.938   .984  -.946  -.954
STA_GCX:  FORTORDS_891001  X:  -2699840578.54 -+     52.314  Y:  -4359126184.48 -+     83.476  Z:   3781051162.18 -+     72.045 Obs_used:       0 Obs_tot:       0 Ses_used:     0 Ses_tot:     0 Date_beg:            Date_end:           
STA_GCU:  FORTORDS_891001  U:          -87.19 -+    120.383  E:          129.34 -+     12.000  N:          -23.47 -+     16.106
STA_CRL:  FORTORDS_891001  C:   .963  -.949  -.957   .989   .951  -.936   .952   .989  -.944   .962  -.936  -.943   .988  -.946  -.954
STA_GCX:  FTD 7900         X:  -1324228126.38 -+     20.459  Y:  -5332062940.07 -+     37.682  Z:   3232022878.24 -+     28.150 Obs_used:     438 Obs_tot:     438 Ses_used:     1 Ses_tot:     1 Date_beg: 1988.10.08 Date_end: 1988.10.08
STA_GCU:  FTD 7900         U:          -38.32 -+     43.707  E:           40.91 -+     18.798  N:          -24.68 -+     19.164
STA_CRL:  FTD 7900         C:   .342  -.292  -.631   .921   .049  -.048   .075   .603  -.178   .081  -.059  -.145   .743  -.065  -.239
STA_GCX:  GGAO7108         X:   1130794560.79 -+      2.266  Y:  -4831233814.25 -+      7.211  Z:   3994217064.15 -+      6.143 Obs_used:   18948 Obs_tot:   20441 Ses_used:    74 Ses_tot:    74 Date_beg: 1993.04.27 Date_end: 2007.05.15
STA_GCU:  GGAO7108         U:            5.39 -+      9.396  E:           -4.32 -+      1.706  N:           -0.31 -+      1.917
STA_CRL:  GGAO7108         C:  -.642   .606  -.917   .937  -.553   .522  -.595   .938  -.853  -.588   .556  -.845   .937   .554  -.896
STA_GCX:  GGAO7108_030101  X:   1130794335.88 -+      2.072  Y:  -4831232891.20 -+      6.664  Z:   3994216250.71 -+      5.173 Obs_used:       0 Obs_tot:       0 Ses_used:     0 Ses_tot:     0 Date_beg:            Date_end:           
STA_GCU:  GGAO7108_030101  U:        -1244.84 -+      8.350  E:          -12.95 -+      1.571  N:          -34.13 -+      1.810
STA_CRL:  GGAO7108_030101  C:  -.638   .608  -.906   .366  -.193   .200  -.214   .351  -.348  -.588   .195  -.307   .384   .554  -.896
STA_GCX:  GIFU11           X:  -3787123542.33 -+      8.410  Y:   3564181723.85 -+      7.764  Z:   3680274924.67 -+      7.986 Obs_used:    8517 Obs_tot:    9040 Ses_used:    23 Ses_tot:    23 Date_beg: 2002.07.16 Date_end: 2006.06.22
STA_GCU:  GIFU11           U:           15.17 -+     13.403  E:           10.49 -+      2.625  N:           -5.07 -+      2.871
STA_CRL:  GIFU11           C:  -.894  -.886   .869   .898  -.790  -.774  -.799   .897   .767  -.887  -.783   .767   .891  -.871   .860
STA_GCX:  GIFU3            X:  -3787518431.11 -+     17.441  Y:   3564247171.96 -+     16.210  Z:   3679797052.82 -+     16.793 Obs_used:     982 Obs_tot:    1038 Ses_used:     4 Ses_tot:     4 Date_beg: 2000.09.07 Date_end: 2001.10.11
STA_GCU:  GIFU3            U:           10.06 -+     28.472  E:           15.05 -+      4.062  N:          -20.89 -+      4.669
STA_CRL:  GIFU3            C:  -.942  -.930   .925   .662  -.579  -.564  -.588   .654   .557  -.887  -.578   .562   .649  -.871   .860
STA_GCX:  GILCREEK         X:  -2281547587.32 -+      3.818  Y:  -1453645129.94 -+      3.853  Z:   5756993057.29 -+      3.909 Obs_used: 1094025 Obs_tot: 1107961 Ses_used:  1994 Ses_tot:  1994 Date_beg: 1984.07.07 Date_end: 2005.12.28
STA_GCU:  GILCREEK         U:            4.77 -+      3.939  E:           -1.76 -+      3.824  N:           -4.80 -+      3.815
STA_CRL:  GILCREEK         C:   .011  -.019  -.023   .983   .011  -.024   .010   .980  -.020   .021  -.023  -.021   .982  -.023  -.025
STA_GCX:  GOLDMARS         X:  -2353622081.91 -+   9513.145  Y:  -4641338956.08 -+   7043.828  Z:   3677049846.86 -+   7019.783 Obs_used:     566 Obs_tot:     641 Ses_used:     6 Ses_tot:     6 Date_beg: 1988.08.20 Date_end: 1989.12.03
STA_GCU:  GOLDMARS         U:        -3008.63 -+   5452.927  E:        -2048.95 -+   8472.757  N:         -855.59 -+   9373.940
STA_CRL:  GOLDMARS         C:   .191  -.193   .905   .994   .190  -.192   .190   .994   .899   .192  -.192   .899   .994  -.193   .904
STA_GCX:  GOLDVENU         X:  -2351129376.99 -+      9.724  Y:  -4655476865.66 -+     18.177  Z:   3660956754.72 -+     16.517 Obs_used:    2838 Obs_tot:    2845 Ses_used:    11 Ses_tot:    11 Date_beg: 1981.11.19 Date_end: 1991.08.12
STA_GCU:  GOLDVENU         U:         -138.13 -+     25.169  E:          -29.15 -+      5.401  N:          -30.08 -+      5.927
STA_CRL:  GOLDVENU         C:   .797  -.775  -.894   .958   .786  -.753   .759   .960  -.851   .824  -.750  -.875   .963  -.801  -.905
STA_GCX:  GORF7102         X:   1130686311.01 -+      3.731  Y:  -4831353044.99 -+     13.560  Z:   3994110958.67 -+     11.403 Obs_used:    2166 Obs_tot:    2166 Ses_used:     9 Ses_tot:     9 Date_beg: 1989.05.30 Date_end: 1992.06.16
STA_GCU:  GORF7102         U:           10.07 -+     17.741  E:           -2.78 -+      2.379  N:            0.43 -+      2.723
STA_CRL:  GORF7102         C:  -.761   .746  -.952   .726  -.362   .346  -.442   .618  -.563  -.587   .418  -.557   .626   .553  -.895
STA_GCX:  GRASSE           X:   4581702893.72 -+   9680.569  Y:    556122936.01 -+   9780.039  Z:   4389346749.34 -+   9774.127 Obs_used:     268 Obs_tot:     268 Ses_used:     2 Ses_tot:     2 Date_beg: 1989.09.14 Date_end: 1989.09.16
STA_GCU:  GRASSE           U:          258.74 -+   9995.287  E:        -3704.26 -+   9725.189  N:        -6981.23 -+   9508.473
STA_CRL:  GRASSE           C:   .046   .055  -.037   .000   .046   .055   .046   .000  -.037   .046   .055  -.037   .000   .055  -.037
STA_GCX:  HALEAKAL         X:  -5465998700.25 -+     38.066  Y:  -2404407184.49 -+     17.230  Z:   2242229181.47 -+     16.592 Obs_used:     707 Obs_tot:     707 Ses_used:     3 Ses_tot:     3 Date_beg: 1988.06.25 Date_end: 1988.07.09
STA_GCU:  HALEAKAL         U:        -2916.63 -+     44.668  E:         5628.38 -+      3.108  N:        11904.86 -+      4.030
STA_CRL:  HALEAKAL         C:   .980  -.966  -.951   .139   .092  -.205   .069   .152  -.116   .500  -.098  -.075   .254  -.740  -.405
STA_GCX:  HART15M          X:   5085490801.11 -+      0.910  Y:   2668161422.77 -+      1.325  Z:  -2768692671.05 -+      0.781 Obs_used:  432772 Obs_tot:  439789 Ses_used:   573 Ses_tot:   573 Date_beg: 2012.10.11 Date_end: 2019.01.07
STA_GCU:  HART15M          U:           -1.21 -+      1.047  E:           -4.68 -+      1.175  N:           -2.86 -+      0.847
STA_CRL:  HART15M          C:   .176  -.258   .319   .247  -.025  -.053  -.021   .595   .326  -.088  -.028   .245   .373   .147   .533
STA_GCX:  HARTRAO          X:   5085442766.51 -+      0.860  Y:   2668263724.74 -+      1.310  Z:  -2768696800.40 -+      0.761 Obs_used:  366999 Obs_tot:  377688 Ses_used:  1204 Ses_tot:  1204 Date_beg: 1986.01.09 Date_end: 2018.09.26
STA_GCU:  HARTRAO          U:            0.43 -+      0.982  E:           -6.71 -+      1.169  N:           -2.45 -+      0.839
STA_CRL:  HARTRAO          C:   .148  -.224   .354   .455   .031  -.141   .040   .633   .300  -.090  -.107   .222   .455   .149   .537
STA_GCX:  HATCREEK         X:  -2523970248.56 -+      6.734  Y:  -4123506183.60 -+     11.028  Z:   4147752428.34 -+     10.936 Obs_used:   40012 Obs_tot:   40057 Ses_used:   180 Ses_tot:   180 Date_beg: 1983.06.06 Date_end: 1990.11.11
STA_GCU:  HATCREEK         U:          -51.74 -+     16.134  E:            2.84 -+      3.447  N:           13.42 -+      3.794
STA_CRL:  HATCREEK         C:   .820  -.770  -.895   .992   .813  -.766   .816   .994  -.891   .813  -.763  -.885   .993  -.765  -.886
STA_GCX:  HAYSTACK         X:   1492404537.65 -+      2.122  Y:  -4457266536.66 -+      5.047  Z:   4296881827.25 -+      5.255 Obs_used:   28280 Obs_tot:   28456 Ses_used:    86 Ses_tot:    86 Date_beg: 1979.08.03 Date_end: 1992.06.29
STA_GCU:  HAYSTACK         U:           10.63 -+      6.998  E:            8.94 -+      1.862  N:            1.43 -+      2.271
STA_CRL:  HAYSTACK         C:  -.488   .436  -.814   .933  -.441   .401  -.470   .948  -.779  -.475   .410  -.755   .952   .424  -.797
STA_GCX:  HN-VLBA          X:   1446374909.31 -+      0.470  Y:  -4447939677.33 -+      0.773  Z:   4322306175.89 -+      0.863 Obs_used:  490891 Obs_tot:  502028 Ses_used:   244 Ses_tot:   244 Date_beg: 1992.08.28 Date_end: 2018.09.12
STA_GCU:  HN-VLBA          U:            8.04 -+      0.988  E:           -3.57 -+      0.528  N:            0.57 -+      0.555
STA_CRL:  HN-VLBA          C:   .104  -.189  -.578   .599   .082  -.153   .104   .658  -.304   .088  -.190  -.293   .675  -.144  -.280
STA_GCX:  HOBART12         X:  -3949990683.63 -+      0.996  Y:   2522421179.92 -+      1.318  Z:  -4311708166.92 -+      1.036 Obs_used:  480726 Obs_tot:  492097 Ses_used:   680 Ses_tot:   680 Date_beg: 2010.10.07 Date_end: 2017.06.20
STA_GCU:  HOBART12         U:           16.54 -+      0.818  E:           11.01 -+      1.271  N:           -0.92 -+      1.233
STA_CRL:  HOBART12         C:   .078  -.587  -.112   .405   .028  -.439   .045   .653   .089  -.033  -.527   .084   .508  -.421   .316
STA_GCX:  HOBART26         X:  -3950237245.34 -+      0.959  Y:   2522347645.68 -+      1.305  Z:  -4311562002.96 -+      0.984 Obs_used:  295272 Obs_tot:  304927 Ses_used:   949 Ses_tot:   949 Date_beg: 1989.09.26 Date_end: 2018.12.04
STA_GCU:  HOBART26         U:            0.27 -+      0.674  E:           10.73 -+      1.271  N:           -1.06 -+      1.234
STA_CRL:  HOBART26         C:   .122  -.737  -.071   .460   .012  -.428   .025   .676   .068  -.032  -.503   .061   .593  -.425   .320
STA_GCX:  HOFN             X:   2679652969.22 -+   5916.139  Y:   -727911991.09 -+   4914.439  Z:   5722809965.76 -+   9094.266 Obs_used:     555 Obs_tot:     555 Ses_used:     4 Ses_tot:     4 Date_beg: 1992.07.20 Date_end: 1992.07.27
STA_GCU:  HOFN             U:         2849.90 -+   9740.787  E:         4801.92 -+   4705.092  N:         -312.14 -+   4983.700
STA_CRL:  HOFN             C:  -.188   .481  -.138   .000  -.187   .481  -.188   .000  -.138  -.187   .481  -.138   .000   .481  -.138
STA_GCX:  HOHNBERG         X:   4213687646.70 -+   9383.951  Y:    820421659.73 -+   9534.358  Z:   4702784214.94 -+   9653.839 Obs_used:     348 Obs_tot:     348 Ses_used:     3 Ses_tot:     3 Date_beg: 1992.06.15 Date_end: 1992.06.18
STA_GCU:  HOHNBERG         U:           90.76 -+   9960.418  E:        -1258.84 -+   9367.715  N:          -89.76 -+   9230.119
STA_CRL:  HOHNBERG         C:   .091   .090  -.062   .000   .091   .090   .091   .000  -.062   .091   .090  -.062   .000   .090  -.062
STA_GCX:  HRAS 085         X:  -1324211124.41 -+     21.574  Y:  -5332022979.67 -+     25.448  Z:   3232118181.79 -+     23.564 Obs_used:  145185 Obs_tot:  146500 Ses_used:   721 Ses_tot:   721 Date_beg: 1980.04.11 Date_end: 1990.10.29
STA_GCU:  HRAS 085         U:         -191.97 -+     27.273  E:           -1.21 -+     21.386  N:          -16.71 -+     21.613
STA_CRL:  HRAS 085         C:   .073  -.056  -.212   .999   .077  -.060   .076   .998  -.224   .081  -.059  -.225   .998  -.065  -.239
STA_GCX:  ISHIOKA          X:  -3959635947.97 -+      1.661  Y:   3296825497.60 -+      1.592  Z:   3747042656.66 -+      1.800 Obs_used:  241483 Obs_tot:  245016 Ses_used:   205 Ses_tot:   205 Date_beg: 2015.02.19 Date_end: 2019.01.03
STA_GCU:  ISHIOKA          U:          -38.69 -+      2.545  E:            0.69 -+      1.040  N:           -5.56 -+      0.987
STA_CRL:  ISHIOKA          C:  -.594  -.751   .549  -.860   .682   .596   .746  -.693  -.675  -.672   .645  -.667  -.634  -.717   .714
STA_GCX:  JPL MV1          X:  -2493306747.33 -+     46.571  Y:  -4655197409.46 -+     84.572  Z:   3565519701.18 -+     64.048 Obs_used:    3314 Obs_tot:    3330 Ses_used:    23 Ses_tot:    23 Date_beg: 1982.10.16 Date_end: 1988.11.05
STA_GCU:  JPL MV1          U:          406.11 -+    114.367  E:           -3.07 -+     10.868  N:          -64.23 -+     15.018
STA_CRL:  JPL MV1          C:   .964  -.951  -.956   .978   .944  -.928   .943   .977  -.932   .966  -.932  -.936   .976  -.954  -.958
STA_GCX:  KAINAN           X:  -3751039857.41 -+   9975.403  Y:   3721053743.31 -+   9924.317  Z:   3560815968.14 -+   9987.671 Obs_used:     275 Obs_tot:     290 Ses_used:     2 Ses_tot:     2 Date_beg: 1993.10.12 Date_end: 1993.10.14
STA_GCU:  KAINAN           U:           53.42 -+   9997.436  E:        -1751.16 -+   9909.316  N:         -733.34 -+   9980.533
STA_CRL:  KAINAN           C:  -.008   .003   .005   .000  -.008   .003  -.008   .000   .005  -.008   .003   .005   .000   .003   .005
STA_GCX:  KANOZAN          X:  -3991744363.80 -+   9722.932  Y:   3355064914.58 -+   9761.434  Z:   3661226453.28 -+   9805.279 Obs_used:     265 Obs_tot:     327 Ses_used:     2 Ses_tot:     2 Date_beg: 1995.01.17 Date_end: 1995.01.19
STA_GCU:  KANOZAN          U:          379.32 -+   9975.036  E:        -4283.71 -+   9599.144  N:         1278.90 -+   9711.828
STA_CRL:  KANOZAN          C:  -.030  -.029   .006   .000  -.030  -.029  -.030   .000   .006  -.030  -.029   .006   .000  -.029   .006
STA_GCX:  KARLBURG         X:   3653210404.90 -+   9546.474  Y:    884430109.11 -+   9419.131  Z:   5135727473.00 -+   9814.856 Obs_used:     337 Obs_tot:     337 Ses_used:     2 Ses_tot:     2 Date_beg: 1992.07.06 Date_end: 1992.07.07
STA_GCU:  KARLBURG         U:          112.73 -+   9984.776  E:         1381.10 -+   9330.008  N:        -7188.87 -+   9457.367
STA_CRL:  KARLBURG         C:   .044   .056  -.013   .000   .044   .056   .044   .000  -.013   .044   .056  -.013   .000   .056  -.013
STA_GCX:  KASHIM11         X:  -3997505696.05 -+      1.161  Y:   3276878495.55 -+      1.195  Z:   3724240631.26 -+      1.377 Obs_used:   93142 Obs_tot:   98245 Ses_used:   123 Ses_tot:   123 Date_beg: 1994.08.29 Date_end: 2018.07.10
STA_GCU:  KASHIM11         U:           27.96 -+      1.813  E:            3.50 -+      0.866  N:           -5.13 -+      0.797
STA_CRL:  KASHIM11         C:  -.476  -.794   .375   .101   .140  -.136   .138   .382  -.068   .295  -.131  -.079   .386  -.299   .052
STA_GCX:  KASHIM34         X:  -3997649264.04 -+      0.663  Y:   3276690855.50 -+      0.900  Z:   3724278761.17 -+      1.051 Obs_used:  148090 Obs_tot:  155451 Ses_used:   235 Ses_tot:   235 Date_beg: 1990.03.22 Date_end: 2018.12.10
STA_GCU:  KASHIM34         U:           31.43 -+      1.010  E:            4.16 -+      0.852  N:           -1.59 -+      0.779
STA_CRL:  KASHIM34         C:   .111  -.644  -.058   .189   .180  -.181   .235   .517  -.089   .300  -.234  -.101   .511  -.301   .051
STA_GCX:  KASHIMA          X:  -3997892298.86 -+      1.229  Y:   3276581346.17 -+      1.246  Z:   3724118171.34 -+      1.430 Obs_used:   95219 Obs_tot:   96703 Ses_used:   297 Ses_tot:   297 Date_beg: 1984.01.24 Date_end: 2002.05.27
STA_GCU:  KASHIMA          U:           26.24 -+      1.901  E:           25.82 -+      0.893  N:           19.69 -+      0.835
STA_CRL:  KASHIMA          C:  -.492  -.777   .390   .299   .003  -.259  -.004   .514   .039   .296  -.246   .019   .502  -.299   .052
STA_GCX:  KATH12M          X:  -4147354549.56 -+      0.941  Y:   4581542431.44 -+      1.250  Z:  -1573303387.31 -+      1.080 Obs_used:  707151 Obs_tot:  721009 Ses_used:   843 Ses_tot:   843 Date_beg: 2011.06.16 Date_end: 2019.01.07
STA_GCU:  KATH12M          U:           22.55 -+      1.119  E:           -4.34 -+      1.025  N:           12.69 -+      1.145
STA_CRL:  KATH12M          C:  -.119  -.509  -.076  -.154   .305  -.434   .386   .069   .245  -.400  -.532   .236   .364  -.075   .022
STA_GCX:  KAUAI            X:  -5543846176.80 -+      5.002  Y:  -2054562777.06 -+      2.763  Z:   2387814520.23 -+      4.286 Obs_used:  122506 Obs_tot:  122568 Ses_used:   434 Ses_tot:   434 Date_beg: 1984.07.07 Date_end: 1994.03.14
STA_GCU:  KAUAI            U:          -21.02 -+      6.211  E:          -44.19 -+      2.182  N:           -2.00 -+      2.774
STA_CRL:  KAUAI            C:   .552  -.759  -.483   .988   .530  -.756   .511   .935  -.448   .501  -.727  -.450   .966  -.741  -.407
STA_GCX:  KIRSBERG         X:   3879832950.22 -+   7846.468  Y:    987962750.12 -+   6871.729  Z:   4948711842.66 -+   8728.829 Obs_used:     430 Obs_tot:     430 Ses_used:     3 Ses_tot:     3 Date_beg: 1992.06.25 Date_end: 1992.06.28
STA_GCU:  KIRSBERG         U:          186.43 -+   9926.249  E:        -1576.53 -+   6754.788  N:        -1305.31 -+   6389.256
STA_CRL:  KIRSBERG         C:   .096   .420   .018   .000   .096   .420   .096   .000   .018   .096   .420   .018   .000   .420   .018
STA_GCX:  KODIAK           X:  -3026940599.56 -+     71.326  Y:  -1575911748.28 -+     45.356  Z:   5370362518.56 -+    123.347 Obs_used:    3430 Obs_tot:    3430 Ses_used:    15 Ses_tot:    15 Date_beg: 1984.07.23 Date_end: 1990.07.02
STA_GCU:  KODIAK           U:           57.29 -+    146.539  E:           29.89 -+     22.407  N:           -1.66 -+     19.581
STA_CRL:  KODIAK           C:   .831  -.949  -.865   .977   .823  -.931   .803   .985  -.841   .832  -.922  -.854   .977  -.949  -.867
STA_GCX:  KOGANEI          X:  -3941937465.73 -+      1.661  Y:   3368150791.16 -+      1.558  Z:   3702235268.43 -+      1.765 Obs_used:   69726 Obs_tot:   73435 Ses_used:    89 Ses_tot:    89 Date_beg: 1994.08.29 Date_end: 2018.08.01
STA_GCU:  KOGANEI          U:           34.19 -+      2.620  E:          178.52 -+      0.869  N:            3.04 -+      0.828
STA_CRL:  KOGANEI          C:  -.709  -.864   .622  -.254   .274   .169   .308  -.099  -.244  -.759   .181  -.238  -.091  -.734   .735
STA_GCX:  KOGANEI3         X:  -3942077414.45 -+     41.800  Y:   3368331937.28 -+     34.679  Z:   3701904796.14 -+     42.050 Obs_used:     262 Obs_tot:     310 Ses_used:     2 Ses_tot:     2 Date_beg: 1995.01.17 Date_end: 1995.01.19
STA_GCU:  KOGANEI3         U:         -174.00 -+     65.996  E:          208.33 -+      6.712  N:          122.77 -+     17.818
STA_CRL:  KOGANEI3         C:  -.969  -.818   .893   .059  -.052  -.046  -.053   .062   .047  -.756  -.048   .047   .057  -.732   .732
STA_GCX:  KOKEE            X:  -5543837749.46 -+      0.551  Y:  -2054567047.34 -+      0.914  Z:   2387852364.03 -+      1.112 Obs_used: 1398547 Obs_tot: 1437014 Ses_used:  2451 Ses_tot:  2451 Date_beg: 1993.06.08 Date_end: 2019.01.07
STA_GCU:  KOKEE            U:            9.50 -+      0.922  E:            4.64 -+      0.850  N:            0.49 -+      0.895
STA_CRL:  KOKEE            C:   .147  -.600  -.318   .530  -.000  -.391  -.002   .649  -.143   .017  -.396  -.144   .688  -.459   .054
STA_GCX:  KP-VLBA          X:  -1995678801.96 -+      0.525  Y:  -5037317702.48 -+      0.823  Z:   3357328045.65 -+      1.019 Obs_used:  577145 Obs_tot:  591553 Ses_used:   242 Ses_tot:   242 Date_beg: 1992.08.28 Date_end: 2018.09.12
STA_GCU:  KP-VLBA          U:            7.18 -+      1.087  E:           -0.73 -+      0.547  N:           -0.18 -+      0.715
STA_CRL:  KP-VLBA          C:   .105  -.443  -.488   .615  -.005  -.264  -.008   .726  -.311  -.161  -.332  -.297   .749  -.333  -.203
STA_GCX:  KUNMING          X:  -1281152737.34 -+      2.146  Y:   5640864336.11 -+      5.871  Z:   2682653487.13 -+      3.277 Obs_used:   30730 Obs_tot:   31582 Ses_used:    42 Ses_tot:    42 Date_beg: 2011.07.20 Date_end: 2018.07.10
STA_GCU:  KUNMING          U:          -71.13 -+      6.716  E:            1.72 -+      1.497  N:           11.29 -+      1.573
STA_CRL:  KUNMING          C:  -.703  -.699   .841  -.852   .652   .549   .691  -.924  -.788  -.699   .584  -.790  -.848  -.638   .843
STA_GCX:  KWAJAL26         X:  -6143535977.53 -+     98.638  Y:   1363998791.69 -+     27.865  Z:   1034708056.38 -+     38.896 Obs_used:    5854 Obs_tot:    5873 Ses_used:    20 Ses_tot:    20 Date_beg: 1984.07.07 Date_end: 1988.08.06
STA_GCU:  KWAJAL26         U:          -28.37 -+    103.070  E:          -91.66 -+     20.924  N:           77.04 -+     30.945
STA_CRL:  KWAJAL26         C:  -.653  -.628   .340   .987  -.641  -.618  -.644   .989   .330  -.653  -.623   .333   .995  -.624   .332
STA_GCX:  LA-VLBA          X:  -1449752544.78 -+      0.502  Y:  -4975298581.50 -+      0.792  Z:   3709123863.43 -+      0.984 Obs_used:  658925 Obs_tot:  673646 Ses_used:   306 Ses_tot:   306 Date_beg: 1991.05.21 Date_end: 2018.09.12
STA_GCU:  LA-VLBA          U:            9.10 -+      1.068  E:           -1.81 -+      0.509  N:            0.14 -+      0.670
STA_CRL:  LA-VLBA          C:   .105  -.401  -.490   .618   .008  -.241   .008   .743  -.319  -.125  -.308  -.306   .760  -.280  -.207
STA_GCX:  LEONRDOK         X:   -522231447.78 -+   9939.493  Y:  -5145677202.03 -+   9992.716  Z:   3720151882.01 -+   9982.949 Obs_used:     244 Obs_tot:     247 Ses_used:     1 Ses_tot:     1 Date_beg: 1987.08.24 Date_end: 1987.08.24
STA_GCU:  LEONRDOK         U:          -27.58 -+   9998.073  E:           97.31 -+   9938.986  N:         -571.42 -+   9978.088
STA_CRL:  LEONRDOK         C:   .001  -.001  -.002   .000   .001  -.001   .001   .000  -.002   .001  -.001  -.002   .000  -.001  -.002
STA_GCX:  MADRID64         X:   4849093031.12 -+   9999.205  Y:   -360180457.09 -+   9999.721  Z:   4115109797.94 -+   9999.994 Obs_used:     141 Obs_tot:     173 Ses_used:     1 Ses_tot:     1 Date_beg: 1989.03.19 Date_end: 1989.03.19
STA_GCU:  MADRID64         U:          -77.88 -+   9999.532  E:          -67.47 -+   9999.648  N:           58.39 -+   9999.739
STA_CRL:  MADRID64         C:  -.000  -.000  -.000   .990  -.000  -.000  -.000   .985  -.000  -.013  -.000  -.000   .981  -.003   .004
STA_GCX:  MAMMOTHL         X:  -2448247011.22 -+    147.204  Y:  -4426737874.39 -+    267.831  Z:   3875435705.64 -+    222.827 Obs_used:     561 Obs_tot:     562 Ses_used:     4 Ses_tot:     4 Date_beg: 1983.06.29 Date_end: 1986.10.22
STA_GCU:  MAMMOTHL         U:          212.17 -+    372.493  E:           68.05 -+     37.105  N:           79.64 -+     54.098
STA_CRL:  MAMMOTHL         C:   .959  -.934  -.954   .991   .948  -.920   .953   .992  -.942   .958  -.929  -.947   .990  -.933  -.952
STA_GCX:  MARCUS           X:  -5227445743.62 -+     80.636  Y:   2551380422.62 -+     58.104  Z:   2607605270.78 -+     55.382 Obs_used:    5120 Obs_tot:    5203 Ses_used:    16 Ses_tot:    16 Date_beg: 1989.07.24 Date_end: 1993.06.28
STA_GCU:  MARCUS           U:         -156.95 -+    105.630  E:          -58.30 -+     29.389  N:           22.31 -+     30.399
STA_CRL:  MARCUS           C:  -.843  -.819   .646   .986  -.844  -.820  -.836   .993   .649  -.854  -.809   .647   .991  -.830   .663
STA_GCX:  MARPOINT         X:   1106629115.30 -+      8.797  Y:  -4882907297.91 -+     28.885  Z:   3938087005.78 -+     24.357 Obs_used:    8191 Obs_tot:    8210 Ses_used:    77 Ses_tot:    77 Date_beg: 1982.06.18 Date_end: 1989.08.24
STA_GCU:  MARPOINT         U:          137.29 -+     37.137  E:          -14.28 -+      5.994  N:          -54.15 -+      9.482
STA_CRL:  MARPOINT         C:  -.716   .661  -.871   .992  -.716   .668  -.716   .996  -.870  -.722   .665  -.870   .996   .675  -.875
STA_GCX:  MATERA           X:   4641938526.65 -+      0.500  Y:   1393003261.25 -+      0.731  Z:   4133325731.37 -+      0.703 Obs_used:  778049 Obs_tot:  807128 Ses_used:  1096 Ses_tot:  1096 Date_beg: 1990.10.04 Date_end: 2019.01.07
STA_GCU:  MATERA           U:            4.39 -+      0.503  E:           -2.44 -+      0.690  N:            1.99 -+      0.741
STA_CRL:  MATERA           C:   .174  -.430   .064   .351   .016  -.306   .018   .601   .132  -.459  -.283   .099   .443  -.374   .249
STA_GCX:  MCD 7850         X:  -1330006342.45 -+   9545.937  Y:  -5328391647.25 -+   9938.557  Z:   3236501711.06 -+   9824.372 Obs_used:     616 Obs_tot:     616 Ses_used:     1 Ses_tot:     1 Date_beg: 1988.10.06 Date_end: 1988.10.06
STA_GCU:  MCD 7850         U:         -827.11 -+   9987.502  E:         1707.45 -+   9552.901  N:         -698.71 -+   9767.805
STA_CRL:  MCD 7850         C:   .007  -.021  -.015   .000   .007  -.021   .007   .000  -.015   .007  -.021  -.015   .000  -.021  -.015
STA_GCX:  MEDICINA         X:   4461369743.58 -+      0.686  Y:    919597062.31 -+      0.740  Z:   4449559349.59 -+      0.864 Obs_used:  521888 Obs_tot:  539824 Ses_used:   558 Ses_tot:   558 Date_beg: 1987.12.08 Date_end: 2018.12.20
STA_GCU:  MEDICINA         U:           -1.10 -+      0.843  E:           -3.13 -+      0.711  N:            3.31 -+      0.741
STA_CRL:  MEDICINA         C:   .198   .131   .048   .371   .045  -.145   .041   .594   .084  -.416  -.119   .078   .432  -.362   .196
STA_GCX:  MEDICINA_960601  X:   4461369745.43 -+      0.490  Y:    919597062.86 -+      0.709  Z:   4449559350.10 -+      0.696 Obs_used:       0 Obs_tot:       0 Ses_used:     0 Ses_tot:     0 Date_beg:            Date_end:           
STA_GCU:  MEDICINA_960601  U:            0.62 -+      0.503  E:           -2.96 -+      0.683  N:            2.33 -+      0.713
STA_CRL:  MEDICINA_960601  C:   .190  -.375  -.008   .340   .029  -.296   .036   .598   .088  -.416  -.278   .068   .433  -.362   .196
STA_GCX:  METSAHOV         X:   2892584896.14 -+      1.418  Y:   1311715550.94 -+      0.914  Z:   5512640130.14 -+      2.555 Obs_used:   44112 Obs_tot:   49222 Ses_used:    70 Ses_tot:    70 Date_beg: 2004.12.14 Date_end: 2018.02.14
STA_GCU:  METSAHOV         U:           -1.14 -+      2.899  E:           -1.11 -+      0.624  N:            2.28 -+      0.763
STA_CRL:  METSAHOV         C:   .663   .841   .584   .081   .038   .017   .035   .222   .028   .452   .032   .045   .099   .734   .531
STA_GCX:  METSHOVI         X:   2890652507.66 -+     22.326  Y:   1310295512.79 -+     10.099  Z:   5513958816.88 -+     39.978 Obs_used:     575 Obs_tot:     575 Ses_used:     5 Ses_tot:     5 Date_beg: 1989.07.05 Date_end: 1989.07.11
STA_GCU:  METSHOVI         U:          -29.85 -+     46.664  E:            3.83 -+      2.734  N:            1.60 -+      3.690
STA_CRL:  METSHOVI         C:   .956   .985   .953   .132   .106   .101   .074   .182   .071   .449   .113   .113   .125   .732   .528
STA_GCX:  MIAMI20          X:    961255215.37 -+      1.996  Y:  -5674092605.81 -+      7.793  Z:   2740533835.31 -+      4.341 Obs_used:    5484 Obs_tot:    5512 Ses_used:    19 Ses_tot:    19 Date_beg: 1995.06.13 Date_end: 1996.06.04
STA_GCU:  MIAMI20          U:            9.79 -+      8.866  E:            7.93 -+      1.510  N:           -1.02 -+      1.635
STA_CRL:  MIAMI20          C:  -.642   .592  -.909   .670  -.147   .159  -.250   .437  -.437  -.327   .196  -.335   .555   .269  -.762
STA_GCX:  MILESMON         X:  -1204438490.52 -+   9979.778  Y:  -4239211470.36 -+   9992.867  Z:   4596265856.68 -+   9993.490 Obs_used:     156 Obs_tot:     156 Ses_used:     1 Ses_tot:     1 Date_beg: 1988.04.15 Date_end: 1988.04.15
STA_GCU:  MILESMON         U:           16.88 -+   9999.288  E:          535.92 -+   9979.065  N:         -312.53 -+   9987.776
STA_CRL:  MILESMON         C:   .001  -.000  -.001   .000   .001  -.000   .001   .000  -.001   .001  -.000  -.001   .000  -.001  -.001
STA_GCX:  MIURA            X:  -3976129790.85 -+     18.590  Y:   3377927797.70 -+     15.380  Z:   3656753872.20 -+     17.051 Obs_used:   17662 Obs_tot:   18260 Ses_used:    15 Ses_tot:    15 Date_beg: 1995.05.22 Date_end: 2000.11.07
STA_GCU:  MIURA            U:           57.84 -+     28.968  E:          175.82 -+      4.151  N:          -13.65 -+      4.063
STA_CRL:  MIURA            C:  -.939  -.944   .941   .976  -.918  -.923  -.920   .977   .923  -.940  -.921   .919   .975  -.943   .945
STA_GCX:  MIURA____000901  X:  -3976129780.80 -+     15.156  Y:   3377927785.84 -+     12.565  Z:   3656753872.13 -+     13.931 Obs_used:       0 Obs_tot:       0 Ses_used:     0 Ses_tot:     0 Date_beg:            Date_end:           
STA_GCU:  MIURA____000901  U:           45.27 -+     23.648  E:          178.36 -+      3.365  N:           -4.86 -+      3.334
STA_CRL:  MIURA____000901  C:  -.940  -.944   .940   .949  -.893  -.899  -.897   .949   .898  -.940  -.898   .894   .949  -.943   .945
STA_GCX:  MIYAZAKI         X:  -3582767971.96 -+    417.769  Y:   4052033739.76 -+    274.097  Z:   3369020158.79 -+    430.257 Obs_used:     740 Obs_tot:     823 Ses_used:     8 Ses_tot:     8 Date_beg: 1986.10.14 Date_end: 1993.12.02
STA_GCU:  MIYAZAKI         U:         -210.54 -+    474.261  E:           27.93 -+    227.273  N:           27.91 -+    397.749
STA_CRL:  MIYAZAKI         C:  -.697   .147   .583   .984  -.690   .142  -.679   .979   .569  -.700   .142   .576   .984   .134   .588
STA_GCX:  MIZNAO10         X:  -3857236122.43 -+      7.174  Y:   3108803337.06 -+      5.960  Z:   4003883102.12 -+      7.512 Obs_used:    3431 Obs_tot:    3486 Ses_used:    19 Ses_tot:    19 Date_beg: 1993.07.14 Date_end: 2006.10.12
STA_GCU:  MIZNAO10         U:          101.54 -+     11.800  E:           29.64 -+      1.441  N:           33.56 -+      1.445
STA_CRL:  MIZNAO10         C:  -.951  -.967   .944   .252  -.221  -.218  -.205   .283   .196  -.716  -.228   .220   .265  -.789   .741
STA_GCX:  MIZUSGSI         X:  -3862411886.57 -+     27.868  Y:   3105015127.44 -+     18.210  Z:   4001944893.37 -+     18.623 Obs_used:    1047 Obs_tot:    1047 Ses_used:     6 Ses_tot:     6 Date_beg: 1991.09.18 Date_end: 1991.11.26
STA_GCU:  MIZUSGSI         U:           55.63 -+     30.954  E:           48.12 -+     21.837  N:           63.50 -+      4.478
STA_CRL:  MIZUSGSI         C:  -.059  -.774   .642   .119  -.132  -.155  -.099   .165   .147  -.716  -.102   .129   .180  -.789   .741
STA_GCX:  MK-VLBA          X:  -5464075144.91 -+      0.820  Y:  -2495248308.40 -+      0.998  Z:   2148297270.14 -+      1.169 Obs_used:  410523 Obs_tot:  420157 Ses_used:   253 Ses_tot:   253 Date_beg: 1993.07.19 Date_end: 2018.08.21
STA_GCU:  MK-VLBA          U:            8.05 -+      1.184  E:            2.87 -+      0.865  N:            2.57 -+      0.941
STA_CRL:  MK-VLBA          C:   .310  -.564  -.376   .681   .186  -.401   .179   .688  -.207   .213  -.403  -.213   .707  -.512  -.066
STA_GCX:  MK-VLBA__061015  X:  -5464075147.27 -+      0.714  Y:  -2495248309.63 -+      0.959  Z:   2148297271.22 -+      1.142 Obs_used:       0 Obs_tot:       0 Ses_used:     0 Ses_tot:     0 Date_beg:            Date_end:           
STA_GCU:  MK-VLBA__061015  U:           10.92 -+      1.073  E:            3.01 -+      0.850  N:            2.68 -+      0.928
STA_CRL:  MK-VLBA__061015  C:   .244  -.572  -.359   .115  -.083  -.223  -.093   .513  -.114   .213  -.252  -.121   .609  -.512  -.066
STA_GCX:  MOJ 7288         X:  -2356494339.34 -+     13.729  Y:  -4646607496.45 -+     26.825  Z:   3668426505.16 -+     21.721 Obs_used:     540 Obs_tot:     540 Ses_used:     1 Ses_tot:     1 Date_beg: 1987.11.01 Date_end: 1987.11.01
STA_GCU:  MOJ 7288         U:         -100.63 -+     36.965  E:           50.09 -+      2.139  N:          -38.79 -+      2.978
STA_CRL:  MOJ 7288         C:   .985  -.977  -.985   .154   .094  -.126   .104   .146  -.150   .601  -.103  -.112   .193  -.627  -.735
STA_GCX:  MOJAVE12         X:  -2356171236.32 -+      2.131  Y:  -4646755725.98 -+      3.882  Z:   3668470509.86 -+      4.205 Obs_used:  247993 Obs_tot:  248119 Ses_used:   720 Ses_tot:   720 Date_beg: 1983.06.27 Date_end: 1992.08.31
STA_GCU:  MOJAVE12         U:          -54.19 -+      5.529  E:           -5.00 -+      1.514  N:           -7.11 -+      2.104
STA_CRL:  MOJAVE12         C:   .659  -.655  -.774   .959   .630  -.635   .643   .982  -.760   .604  -.637  -.749   .978  -.630  -.736
STA_GCX:  MOJAVE12_920627  X:  -2356171258.88 -+      2.352  Y:  -4646755730.93 -+      4.287  Z:   3668470502.63 -+      4.408 Obs_used:       0 Obs_tot:       0 Ses_used:     0 Ses_tot:     0 Date_beg:            Date_end:           
STA_GCU:  MOJAVE12_920627  U:          -46.44 -+      5.985  E:          -22.87 -+      1.688  N:          -21.47 -+      2.163
STA_CRL:  MOJAVE12_920627  C:   .653  -.655  -.780   .767   .502  -.539   .516   .785  -.643   .604  -.520  -.602   .835  -.630  -.736
STA_GCX:  MON PEAK         X:  -2386290060.03 -+     24.227  Y:  -4802345921.89 -+     48.776  Z:   3444884184.55 -+     35.058 Obs_used:    8100 Obs_tot:    8121 Ses_used:    37 Ses_tot:    37 Date_beg: 1982.10.16 Date_end: 1990.11.11
STA_GCU:  MON PEAK         U:          -20.51 -+     63.843  E:            2.66 -+      6.668  N:            7.97 -+      8.644
STA_CRL:  MON PEAK         C:   .953  -.927  -.955   .970   .924  -.898   .924   .971  -.927   .953  -.898  -.926   .969  -.929  -.956
STA_GCX:  NL-VLBA          X:   -130872455.64 -+      0.472  Y:  -4762317101.60 -+      0.759  Z:   4226851012.73 -+      0.913 Obs_used:  573015 Obs_tot:  586201 Ses_used:   258 Ses_tot:   258 Date_beg: 1992.08.28 Date_end: 2018.09.12
STA_GCU:  NL-VLBA          U:            8.03 -+      1.027  E:           -1.48 -+      0.469  N:            0.52 -+      0.599
STA_CRL:  NL-VLBA          C:   .132  -.320  -.520   .612   .043  -.194   .057   .721  -.321  -.005  -.254  -.311   .750  -.205  -.247
STA_GCX:  NOBEY 6M         X:  -3871169576.24 -+    364.356  Y:   3428275389.14 -+    330.962  Z:   3723698623.39 -+    331.439 Obs_used:     606 Obs_tot:     606 Ses_used:     6 Ses_tot:     6 Date_beg: 1990.01.23 Date_end: 1991.07.09
STA_GCU:  NOBEY 6M         U:          531.63 -+    569.489  E:           11.10 -+    110.820  N:         -110.73 -+    124.676
STA_CRL:  NOBEY 6M         C:  -.898  -.888   .860   .998  -.896  -.886  -.893   .998   .857  -.896  -.883   .857   .998  -.886   .858
STA_GCX:  NOME             X:  -2658150952.71 -+     61.930  Y:   -693822068.32 -+     26.729  Z:   5737236475.36 -+    119.094 Obs_used:    1708 Obs_tot:    1708 Ses_used:    10 Ses_tot:    10 Date_beg: 1984.07.14 Date_end: 1990.06.20
STA_GCU:  NOME             U:           -4.51 -+    133.105  E:          -11.77 -+     18.820  N:          -31.60 -+     25.729
STA_CRL:  NOME             C:   .691  -.899  -.640   .959   .679  -.836   .670   .982  -.600   .708  -.860  -.625   .948  -.889  -.640
STA_GCX:  NOTO             X:   4934562892.95 -+      1.058  Y:   1321201485.93 -+      0.818  Z:   3806484693.78 -+      1.023 Obs_used:  140555 Obs_tot:  148956 Ses_used:   203 Ses_tot:   203 Date_beg: 1989.06.03 Date_end: 2018.08.01
STA_GCU:  NOTO             U:            8.45 -+      1.306  E:           -2.57 -+      0.743  N:            2.14 -+      0.759
STA_CRL:  NOTO             C:   .340   .478   .281   .353   .090   .050   .077   .590   .163  -.151   .037   .148   .411   .138   .333
STA_GCX:  NRAO 140         X:    882879695.80 -+      0.810  Y:  -4924482330.98 -+      2.103  Z:   3944130714.82 -+      1.785 Obs_used:    6921 Obs_tot:    6965 Ses_used:    15 Ses_tot:    15 Date_beg: 1979.08.03 Date_end: 1996.05.22
STA_GCU:  NRAO 140         U:            6.87 -+      2.572  E:           -6.88 -+      0.797  N:           -5.68 -+      1.007
STA_CRL:  NRAO 140         C:  -.234   .116  -.731   .758  -.174   .100  -.208   .852  -.682  -.182   .108  -.629   .842   .098  -.709
STA_GCX:  NRAO20           X:    883772558.34 -+      0.637  Y:  -4924385621.08 -+      1.502  Z:   3944042530.16 -+      1.382 Obs_used:  207596 Obs_tot:  210520 Ses_used:   327 Ses_tot:   327 Date_beg: 1995.02.07 Date_end: 2000.06.27
STA_GCU:  NRAO20           U:           18.31 -+      1.909  E:           -5.00 -+      0.640  N:           -6.67 -+      0.720
STA_CRL:  NRAO20           C:  -.162   .042  -.763   .770  -.166   .073  -.183   .907  -.679  -.182   .076  -.683   .877   .098  -.710
STA_GCX:  NRAO85 1         X:    883555362.61 -+      0.867  Y:  -4924490916.67 -+      2.470  Z:   3943962022.07 -+      2.088 Obs_used:     742 Obs_tot:     742 Ses_used:     2 Ses_tot:     2 Date_beg: 1992.10.30 Date_end: 1992.11.11
STA_GCU:  NRAO85 1         U:           30.39 -+      2.933  E:           -2.34 -+      0.838  N:           11.72 -+      1.380
STA_CRL:  NRAO85 1         C:  -.289   .091  -.631   .704  -.148   .086  -.195   .721  -.581  -.181   .104  -.537   .723   .097  -.709
STA_GCX:  NRAO85 3         X:    882325381.98 -+      0.756  Y:  -4925138023.31 -+      1.858  Z:   3943397717.32 -+      1.651 Obs_used:  166071 Obs_tot:  166344 Ses_used:   539 Ses_tot:   539 Date_beg: 1989.02.15 Date_end: 1996.08.20
STA_GCU:  NRAO85 3         U:           19.31 -+      2.341  E:           -5.57 -+      0.743  N:           -7.25 -+      0.847
STA_CRL:  NRAO85 3         C:  -.221   .117  -.772   .792  -.196   .108  -.223   .947  -.733  -.182   .122  -.714   .913   .097  -.710
STA_GCX:  NYALES20         X:   1202462565.82 -+      0.444  Y:    252734493.50 -+      0.648  Z:   6237766179.00 -+      0.698 Obs_used: 1823622 Obs_tot: 1866365 Ses_used:  1975 Ses_tot:  1975 Date_beg: 1994.10.04 Date_end: 2019.01.03
STA_GCU:  NYALES20         U:            3.42 -+      0.651  E:           -1.99 -+      0.609  N:            3.37 -+      0.557
STA_CRL:  NYALES20         C:   .341  -.378  -.342   .401   .112  -.189   .183   .637  -.151   .022  -.285  -.132   .597  -.376  -.285
STA_GCX:  OCOTILLO         X:  -2335604249.48 -+   1603.757  Y:  -4832249577.60 -+   3379.001  Z:   3434393686.80 -+   2950.937 Obs_used:     245 Obs_tot:     248 Ses_used:     2 Ses_tot:     2 Date_beg: 1984.03.03 Date_end: 1985.03.04
STA_GCU:  OCOTILLO         U:         5786.53 -+   4585.205  E:         -602.73 -+    583.007  N:        -2418.30 -+   1154.868
STA_CRL:  OCOTILLO         C:   .920  -.803  -.895   .000   .920  -.803   .919   .000  -.895   .919  -.801  -.894   .000  -.801  -.894
STA_GCX:  OHIGGINS         X:   1525833233.92 -+      2.025  Y:  -2432463669.10 -+      2.864  Z:  -5676174423.54 -+      5.744 Obs_used:   19309 Obs_tot:   20481 Ses_used:   138 Ses_tot:   138 Date_beg: 1993.01.25 Date_end: 2018.05.15
STA_GCU:  OHIGGINS         U:          -61.70 -+      6.378  E:           -9.31 -+      1.566  N:            7.42 -+      1.472
STA_CRL:  OHIGGINS         C:  -.538  -.758   .768   .454  -.081  -.145  -.065   .416   .100  -.212  -.206   .147   .243  -.393   .512
STA_GCX:  ONSALA60         X:   3370605840.96 -+      0.459  Y:    711917672.13 -+      0.656  Z:   5349830874.24 -+      0.680 Obs_used:  885981 Obs_tot:  906548 Ses_used:  1003 Ses_tot:  1003 Date_beg: 1980.07.26 Date_end: 2019.01.02
STA_GCU:  ONSALA60         U:            3.35 -+      0.512  E:           -1.82 -+      0.625  N:            2.64 -+      0.670
STA_CRL:  ONSALA60         C:   .245  -.449  -.160   .384   .058  -.274   .087   .611  -.006  -.312  -.312  -.005   .484  -.476   .014
STA_GCX:  OV-VLBA          X:  -2409150349.79 -+      0.492  Y:  -4478573143.07 -+      0.813  Z:   3838617352.45 -+      1.016 Obs_used:  576378 Obs_tot:  588669 Ses_used:   250 Ses_tot:   250 Date_beg: 1992.08.28 Date_end: 2018.09.12
STA_GCU:  OV-VLBA          U:            8.98 -+      1.084  E:           -0.46 -+      0.544  N:            0.02 -+      0.682
STA_CRL:  OV-VLBA          C:   .119  -.431  -.447   .605  -.010  -.254  -.014   .699  -.257  -.156  -.312  -.255   .746  -.279  -.117
STA_GCX:  OVR 7853         X:  -2410421514.11 -+     13.099  Y:  -4477800190.49 -+     24.787  Z:   3838690189.36 -+     21.885 Obs_used:     564 Obs_tot:     564 Ses_used:     1 Ses_tot:     1 Date_beg: 1987.11.01 Date_end: 1987.11.01
STA_GCU:  OVR 7853         U:           -9.41 -+     34.989  E:         -427.99 -+      3.968  N:         -163.21 -+      4.994
STA_CRL:  OVR 7853         C:   .942  -.925  -.955   .460   .397  -.381   .371   .494  -.429   .791  -.341  -.411   .491  -.750  -.842
STA_GCX:  OVRO 130         X:  -2409601056.72 -+      6.219  Y:  -4478349361.21 -+     12.501  Z:   3838603111.68 -+     11.111 Obs_used:   30528 Obs_tot:   30731 Ses_used:   127 Ses_tot:   127 Date_beg: 1979.08.03 Date_end: 1988.11.09
STA_GCU:  OVRO 130         U:          -91.61 -+     16.935  E:           -2.41 -+      3.473  N:            6.41 -+      4.421
STA_CRL:  OVRO 130         C:   .817  -.770  -.860   .961   .782  -.744   .773   .970  -.834   .792  -.719  -.816   .969  -.750  -.842
STA_GCX:  PARKES           X:  -4554232394.48 -+     10.635  Y:   2816758870.88 -+      6.700  Z:  -3454035162.90 -+      8.181 Obs_used:   21296 Obs_tot:   22000 Ses_used:    62 Ses_tot:    62 Date_beg: 1992.05.23 Date_end: 2016.08.09
STA_GCU:  PARKES           U:          -66.20 -+     14.890  E:            9.72 -+      1.250  N:            1.25 -+      1.290
STA_CRL:  PARKES           C:  -.976   .979  -.974   .092  -.085   .078  -.083   .113  -.082  -.934   .079  -.084   .102   .937  -.905
STA_GCX:  PBLOSSOM         X:  -2464071250.88 -+     71.771  Y:  -4649425031.24 -+    132.765  Z:   3593905593.13 -+     99.357 Obs_used:    1517 Obs_tot:    1528 Ses_used:    10 Ses_tot:    10 Date_beg: 1983.02.21 Date_end: 1988.02.08
STA_GCU:  PBLOSSOM         U:          -53.00 -+    177.935  E:          -84.87 -+     17.655  N:         -170.92 -+     26.016
STA_CRL:  PBLOSSOM         C:   .961  -.934  -.949   .980   .946  -.917   .939   .980  -.928   .963  -.915  -.932   .978  -.939  -.953
STA_GCX:  PENTICTN         X:  -2058840699.70 -+      8.693  Y:  -3621286376.66 -+     38.142  Z:   4814420557.27 -+     48.468 Obs_used:    3422 Obs_tot:    3605 Ses_used:    21 Ses_tot:    21 Date_beg: 1984.08.24 Date_end: 2001.06.06
STA_GCU:  PENTICTN         U:         -121.60 -+     60.643  E:          -34.48 -+     13.212  N:          -13.06 -+      5.241
STA_CRL:  PENTICTN         C:   .835  -.835  -.993   .846   .658  -.657   .848   .947  -.938   .832  -.847  -.938   .944  -.836  -.990
STA_GCX:  PIETOWN          X:  -1640953899.22 -+      0.514  Y:  -5014816045.70 -+      0.807  Z:   3575411804.73 -+      1.003 Obs_used:  626425 Obs_tot:  640807 Ses_used:   299 Ses_tot:   299 Date_beg: 1988.09.08 Date_end: 2018.09.12
STA_GCU:  PIETOWN          U:            7.10 -+      1.078  E:           -2.23 -+      0.528  N:           -1.54 -+      0.694
STA_CRL:  PIETOWN          C:   .094  -.410  -.483   .600   .005  -.245   .009   .716  -.317  -.122  -.315  -.296   .739  -.305  -.221
STA_GCX:  PINFLATS         X:  -2369636427.42 -+     47.702  Y:  -4761324586.83 -+     92.249  Z:   3511116295.24 -+     69.912 Obs_used:    3539 Obs_tot:    3550 Ses_used:    20 Ses_tot:    20 Date_beg: 1983.10.31 Date_end: 1990.02.10
STA_GCU:  PINFLATS         U:           14.61 -+    123.282  E:          -22.39 -+     14.150  N:            0.19 -+     16.567
STA_CRL:  PINFLATS         C:   .944  -.922  -.957   .984   .930  -.906   .925   .983  -.939   .945  -.904  -.942   .982  -.922  -.957
STA_GCX:  PLATTVIL         X:  -1240708429.88 -+     19.539  Y:  -4720454431.58 -+     58.243  Z:   4094481530.99 -+     49.428 Obs_used:    5110 Obs_tot:    5111 Ses_used:    23 Ses_tot:    23 Date_beg: 1983.06.07 Date_end: 1990.10.28
STA_GCU:  PLATTVIL         U:           46.12 -+     77.298  E:            9.56 -+      9.548  N:          -19.34 -+     12.287
STA_CRL:  PLATTVIL         C:   .867  -.833  -.950   .986   .849  -.816   .855   .979  -.929   .869  -.821  -.926   .978  -.837  -.949
STA_GCX:  PRESIDIO         X:  -2707705213.44 -+     50.481  Y:  -4257608964.67 -+     79.398  Z:   3888374246.90 -+     70.601 Obs_used:    4124 Obs_tot:    4133 Ses_used:    21 Ses_tot:    21 Date_beg: 1983.08.25 Date_end: 1991.07.18
STA_GCU:  PRESIDIO         U:           -4.90 -+    115.784  E:          -13.89 -+     12.502  N:           34.05 -+     16.576
STA_CRL:  PRESIDIO         C:   .957  -.938  -.953   .989   .947  -.930   .948   .990  -.946   .958  -.926  -.941   .989  -.940  -.954
STA_GCX:  PRESIDIO_891001  X:  -2707705204.79 -+     43.534  Y:  -4257608958.81 -+     68.468  Z:   3888374231.17 -+     61.225 Obs_used:       0 Obs_tot:       0 Ses_used:     0 Ses_tot:     0 Date_beg:            Date_end:           
STA_GCU:  PRESIDIO_891001  U:          -22.11 -+    100.058  E:           -9.73 -+     10.840  N:           27.50 -+     14.231
STA_CRL:  PRESIDIO_891001  C:   .956  -.938  -.954   .980   .938  -.919   .939   .981  -.935   .958  -.920  -.934   .979  -.940  -.954
STA_GCX:  PT REYES         X:  -2732333604.56 -+     39.437  Y:  -4217634373.51 -+     60.130  Z:   3914491546.61 -+     55.896 Obs_used:    3350 Obs_tot:    3354 Ses_used:    19 Ses_tot:    19 Date_beg: 1983.08.27 Date_end: 1991.07.13
STA_GCU:  PT REYES         U:         -149.89 -+     89.637  E:            0.33 -+     10.269  N:            9.03 -+     12.451
STA_CRL:  PT REYES         C:   .951  -.937  -.956   .979   .930  -.917   .930   .979  -.936   .951  -.913  -.932   .978  -.936  -.954
STA_GCX:  PVERDES          X:  -2525453258.17 -+     79.308  Y:  -4670034834.90 -+    141.285  Z:   3522886844.37 -+    107.529 Obs_used:    1497 Obs_tot:    1501 Ses_used:     9 Ses_tot:     9 Date_beg: 1983.11.12 Date_end: 1990.02.05
STA_GCU:  PVERDES          U:         -189.25 -+    192.171  E:           -6.22 -+     18.818  N:          -21.05 -+     23.016
STA_CRL:  PVERDES          C:   .963  -.944  -.965   .980   .941  -.922   .944   .979  -.943   .963  -.924  -.943   .978  -.943  -.964
STA_GCX:  QUINCY           X:  -2517231229.07 -+     28.064  Y:  -4198595030.73 -+     45.845  Z:   4076531162.95 -+     43.151 Obs_used:    4791 Obs_tot:    4800 Ses_used:    22 Ses_tot:    22 Date_beg: 1982.10.21 Date_end: 1990.10.08
STA_GCU:  QUINCY           U:           12.47 -+     67.634  E:           21.76 -+      8.362  N:           33.85 -+     10.346
STA_CRL:  QUINCY           C:   .939  -.915  -.951   .975   .915  -.892   .916   .975  -.927   .941  -.891  -.925   .972  -.918  -.954
STA_GCX:  RAEGYEB          X:   4848831123.83 -+      0.858  Y:   -261629594.56 -+      0.750  Z:   4122976437.18 -+      0.931 Obs_used:   40140 Obs_tot:   41035 Ses_used:    35 Ses_tot:    35 Date_beg: 2015.02.16 Date_end: 2016.01.07
STA_GCU:  RAEGYEB          U:          -19.37 -+      1.066  E:          -57.68 -+      0.754  N:          -50.31 -+      0.678
STA_CRL:  RAEGYEB          C:   .094   .439  -.072  -.173   .026  -.327   .024   .490   .025  -.180  -.278   .025   .081   .222   .168
STA_GCX:  RICHMOND         X:    961257941.33 -+      1.973  Y:  -5674090058.47 -+      4.895  Z:   2740533846.22 -+      3.398 Obs_used:  171966 Obs_tot:  173157 Ses_used:   753 Ses_tot:   753 Date_beg: 1984.01.04 Date_end: 1992.08.20
STA_GCU:  RICHMOND         U:           12.25 -+      5.697  E:           11.56 -+      1.816  N:           -1.20 -+      1.909
STA_CRL:  RICHMOND         C:  -.363   .300  -.788   .930  -.336   .278  -.365   .987  -.783  -.329   .293  -.752   .966   .271  -.764
STA_GCX:  ROBLED32         X:   4849245136.35 -+     54.523  Y:   -360277916.69 -+     12.266  Z:   4114884755.21 -+     37.461 Obs_used:      97 Obs_tot:     103 Ses_used:     1 Ses_tot:     1 Date_beg: 1983.05.05 Date_end: 1983.05.05
STA_GCU:  ROBLED32         U:           20.10 -+     65.184  E:           -8.26 -+     10.077  N:          -27.37 -+     13.265
STA_CRL:  ROBLED32         C:  -.652   .939  -.608   .071   .012   .088   .005   .097   .005  -.012   .056   .005   .099   .715   .101
STA_GCX:  SAGARA           X:  -3913436714.54 -+   4233.108  Y:   3501123099.80 -+   2490.332  Z:   3608593043.29 -+   4082.494 Obs_used:     463 Obs_tot:     503 Ses_used:     3 Ses_tot:     3 Date_beg: 1992.11.23 Date_end: 1993.02.28
STA_GCU:  SAGARA           U:         -776.73 -+   4740.260  E:         -977.52 -+   2359.408  N:          197.25 -+   3570.832
STA_CRL:  SAGARA           C:  -.558   .017   .747   .000  -.558   .018  -.558   .000   .746  -.557   .018   .746   .000   .018   .746
STA_GCX:  SANPAULA         X:  -2554477418.05 -+     75.157  Y:  -4608627087.60 -+    133.330  Z:   3582138705.87 -+    102.311 Obs_used:    1519 Obs_tot:    1521 Ses_used:    10 Ses_tot:    10 Date_beg: 1983.08.31 Date_end: 1990.01.31
STA_GCU:  SANPAULA         U:          -23.62 -+    181.868  E:          -10.25 -+     17.550  N:          -45.79 -+     22.567
STA_CRL:  SANPAULA         C:   .964  -.951  -.961   .977   .941  -.927   .939   .976  -.935   .963  -.925  -.935   .974  -.950  -.959
STA_GCX:  SANTIA12         X:   1769693421.92 -+      8.747  Y:  -5044504643.45 -+     15.202  Z:  -3468434818.09 -+     12.151 Obs_used:   23631 Obs_tot:   23821 Ses_used:   125 Ses_tot:   125 Date_beg: 1991.11.20 Date_end: 1996.11.25
STA_GCU:  SANTIA12         U:           21.58 -+     19.340  E:            6.14 -+      5.908  N:            0.85 -+      6.807
STA_CRL:  SANTIA12         C:  -.705  -.640   .740   .985  -.691  -.631  -.693   .992   .732  -.684  -.628   .727   .993  -.624   .725
STA_GCX:  SC-VLBA          X:   2607848614.68 -+      0.679  Y:  -5488069573.60 -+      1.055  Z:   1932739702.67 -+      0.875 Obs_used:  406936 Obs_tot:  419841 Ses_used:   234 Ses_tot:   234 Date_beg: 1993.06.25 Date_end: 2018.09.12
STA_GCU:  SC-VLBA          U:           11.43 -+      1.131  E:           -3.94 -+      0.750  N:            3.34 -+      0.705
STA_CRL:  SC-VLBA          C:  -.034  -.128  -.640   .564   .090  -.118   .106   .583  -.373   .191  -.124  -.335   .647   .080  -.427
STA_GCX:  SEATTLE1         X:  -2295348038.96 -+    153.883  Y:  -3638029177.86 -+   1071.231  Z:   4693408021.21 -+   1070.453 Obs_used:     542 Obs_tot:     543 Ses_used:     3 Ses_tot:     3 Date_beg: 1986.08.27 Date_end: 1990.08.09
STA_GCU:  SEATTLE1         U:           21.46 -+   1447.600  E:           75.31 -+    466.136  N:           58.43 -+     65.242
STA_CRL:  SEATTLE1         C:   .850  -.860  -.996   .985   .865  -.876   .842   .999  -.995   .864  -.849  -.995   .999  -.874  -.996
STA_GCX:  SEJONG           X:  -3110079909.62 -+      1.892  Y:   4082066685.10 -+      2.288  Z:   3775076806.20 -+      2.227 Obs_used:  154193 Obs_tot:  160008 Ses_used:   179 Ses_tot:   179 Date_beg: 2014.09.29 Date_end: 2019.01.07
STA_GCU:  SEJONG           U:           53.29 -+      3.371  E:           52.48 -+      1.093  N:           -8.11 -+      1.101
STA_CRL:  SEJONG           C:  -.717  -.797   .708  -.871   .753   .660   .789  -.857  -.751  -.752   .697  -.757  -.766  -.754   .787
STA_GCX:  SESHAN25         X:  -2831687305.07 -+      0.641  Y:   4675733515.10 -+      0.920  Z:   3275327535.40 -+      1.011 Obs_used:  275445 Obs_tot:  282463 Ses_used:   386 Ses_tot:   386 Date_beg: 1988.04.09 Date_end: 2018.08.20
STA_GCU:  SESHAN25         U:           -2.61 -+      0.989  E:            6.02 -+      0.775  N:           -0.30 -+      0.836
STA_CRL:  SESHAN25         C:   .142  -.705   .022   .297   .131  -.256   .227   .495  -.036   .197  -.339  -.032   .535  -.339   .117
STA_GCX:  SEST             X:   1838236902.21 -+   3862.518  Y:  -5258693786.68 -+   6182.959  Z:  -3100594489.90 -+   3753.721 Obs_used:     353 Obs_tot:     353 Ses_used:     3 Ses_tot:     3 Date_beg: 1990.04.18 Date_end: 1990.05.24
STA_GCU:  SEST             U:        -2444.14 -+   6358.718  E:         2345.07 -+   3560.111  N:        -2628.05 -+   3759.092
STA_CRL:  SEST             C:  -.321  -.123   .308   .000  -.321  -.123  -.321   .000   .307  -.321  -.123   .308   .000  -.122   .307
STA_GCX:  SHANGHAI         X:  -2847696071.22 -+   9999.727  Y:   4659874408.88 -+   9999.346  Z:   3283960519.09 -+   9999.242 Obs_used:     138 Obs_tot:     168 Ses_used:     1 Ses_tot:     1 Date_beg: 1986.06.13 Date_end: 1986.06.13
STA_GCU:  SHANGHAI         U:         1219.65 -+   9999.811  E:        -3300.58 -+   9999.529  N:         1675.68 -+   9998.975
STA_CRL:  SHANGHAI         C:  -.000  -.000   .000   .000  -.000  -.000  -.000   .000   .000  -.000  -.000   .000   .000  -.000   .000
STA_GCX:  SINTOTU          X:  -3642142124.13 -+     77.380  Y:   2861496746.02 -+     66.994  Z:   4370361684.22 -+     74.438 Obs_used:     529 Obs_tot:     529 Ses_used:     3 Ses_tot:     3 Date_beg: 1990.07.26 Date_end: 1990.07.30
STA_GCU:  SINTOTU          U:          196.40 -+    114.739  E:         -238.42 -+     52.202  N:           78.56 -+     11.265
STA_CRL:  SINTOTU          C:  -.464  -.847   .856   .114  -.105  -.125  -.102   .118   .125  -.847  -.108   .110   .135  -.916   .911
STA_GCX:  SINTOTU3         X:  -3642142225.01 -+      3.317  Y:   2861496681.87 -+      2.762  Z:   4370361724.98 -+      3.969 Obs_used:   19740 Obs_tot:   20615 Ses_used:    94 Ses_tot:    94 Date_beg: 1995.11.21 Date_end: 2013.12.04
STA_GCU:  SINTOTU3         U:           -3.40 -+      5.710  E:           15.27 -+      1.014  N:           -0.94 -+      0.865
STA_CRL:  SINTOTU3         C:  -.886  -.957   .885   .134  -.101  -.114  -.088   .118   .077  -.847  -.112   .087   .126  -.916   .911
STA_GCX:  SNDPOINT         X:  -3425462172.12 -+     91.983  Y:  -1214669035.46 -+     54.810  Z:   5223857853.73 -+    139.185 Obs_used:    2437 Obs_tot:    2437 Ses_used:    13 Ses_tot:    13 Date_beg: 1984.07.14 Date_end: 1990.07.12
STA_GCU:  SNDPOINT         U:           16.40 -+    170.853  E:           28.76 -+     33.607  N:          -15.40 -+     22.745
STA_CRL:  SNDPOINT         C:   .782  -.957  -.814   .980   .784  -.943   .762   .992  -.798   .788  -.932  -.812   .980  -.958  -.820
STA_GCX:  SOURDOGH         X:  -2419993979.04 -+     85.346  Y:  -1664228743.26 -+     65.362  Z:   5643538022.44 -+    196.662 Obs_used:    4156 Obs_tot:    4158 Ses_used:    16 Ses_tot:    16 Date_beg: 1984.07.31 Date_end: 1989.08.03
STA_GCU:  SOURDOGH         U:          143.08 -+    219.999  E:          -16.55 -+     33.144  N:           22.51 -+     27.098
STA_CRL:  SOURDOGH         C:   .795  -.918  -.895   .993   .787  -.910   .786   .993  -.887   .791  -.909  -.888   .992  -.916  -.893
STA_GCX:  SOURDOGH_871201  X:  -2419993960.03 -+     74.670  Y:  -1664228769.42 -+     57.279  Z:   5643538059.00 -+    171.782 Obs_used:       0 Obs_tot:       0 Ses_used:     0 Ses_tot:     0 Date_beg:            Date_end:           
STA_GCU:  SOURDOGH_871201  U:          175.17 -+    192.218  E:           15.78 -+     29.208  N:           40.05 -+     23.765
STA_CRL:  SOURDOGH_871201  C:   .792  -.917  -.894   .991   .783  -.908   .784   .992  -.886   .791  -.906  -.884   .990  -.916  -.893
STA_GCX:  SUWON            X:  -3062017349.55 -+   8885.860  Y:   4055459529.34 -+   9243.179  Z:   3841810672.37 -+   9972.755 Obs_used:     567 Obs_tot:     575 Ses_used:     3 Ses_tot:     3 Date_beg: 1995.10.24 Date_end: 1995.11.01
STA_GCU:  SUWON            U:          839.69 -+   9973.853  E:        -9156.27 -+   8041.557  N:          459.72 -+   9985.305
STA_CRL:  SUWON            C:  -.211  -.030  -.024   .000  -.211  -.030  -.211   .000  -.024  -.211  -.030  -.024   .000  -.030  -.024
STA_GCX:  SVETLOE          X:   2730173723.21 -+      0.508  Y:   1562442750.22 -+      0.659  Z:   5529969119.77 -+      0.773 Obs_used:  536642 Obs_tot:  561522 Ses_used:   574 Ses_tot:   574 Date_beg: 2003.03.06 Date_end: 2018.12.27
STA_GCU:  SVETLOE          U:            4.30 -+      0.662  E:            0.09 -+      0.551  N:            2.09 -+      0.741
STA_CRL:  SVETLOE          C:   .304  -.314  -.080   .322   .056  -.266   .086   .592  -.029  -.185  -.324  -.022   .370  -.304   .024
STA_GCX:  SYOWA            X:   1766194192.69 -+      2.012  Y:   1460410906.42 -+      2.071  Z:  -5932273348.12 -+      5.458 Obs_used:   16862 Obs_tot:   17541 Ses_used:    80 Ses_tot:    80 Date_beg: 1999.11.08 Date_end: 2016.02.10
STA_GCU:  SYOWA            U:            2.46 -+      5.845  E:           -5.78 -+      1.404  N:           -7.88 -+      1.414
STA_CRL:  SYOWA            C:   .542  -.794  -.597   .174   .017  -.033   .039   .326  -.030   .319  -.058  -.014   .074  -.518  -.449
STA_GCX:  TATEYAMA         X:  -4000983189.66 -+     27.954  Y:   3375275831.88 -+     23.321  Z:   3632213231.12 -+     25.821 Obs_used:   22620 Obs_tot:   23645 Ses_used:    19 Ses_tot:    19 Date_beg: 1997.11.01 Date_end: 2001.06.11
STA_GCU:  TATEYAMA         U:           97.16 -+     43.985  E:          228.13 -+      5.648  N:            3.02 -+      5.045
STA_CRL:  TATEYAMA         C:  -.950  -.964   .953   .985  -.938  -.952  -.939   .986   .942  -.952  -.951   .941   .986  -.965   .957
STA_GCX:  TATEYAMA_000901  X:  -4000983186.56 -+     22.593  Y:   3375275799.09 -+     18.866  Z:   3632213253.06 -+     20.904 Obs_used:       0 Obs_tot:       0 Ses_used:     0 Ses_tot:     0 Date_beg:            Date_end:           
STA_GCU:  TATEYAMA_000901  U:           90.46 -+     35.631  E:          251.19 -+      4.332  N:           34.47 -+      3.871
STA_CRL:  TATEYAMA_000901  C:  -.955  -.968   .957   .974  -.929  -.942  -.931   .974   .933  -.952  -.943   .932   .974  -.965   .957
STA_GCX:  TIANMA65         X:  -2826708525.56 -+      6.896  Y:   4679237110.21 -+     10.537  Z:   3274667601.33 -+      7.697 Obs_used:   10184 Obs_tot:   10383 Ses_used:    18 Ses_tot:    18 Date_beg: 2014.05.27 Date_end: 2018.01.30
STA_GCU:  TIANMA65         U:           35.88 -+     14.096  E:         -129.96 -+      2.686  N:           64.00 -+      3.455
STA_CRL:  TIANMA65         C:  -.891  -.815   .849  -.877   .756   .660   .788  -.866  -.708  -.885   .707  -.725  -.864  -.790   .822
STA_GCX:  TIDBIN64         X:  -4460895170.98 -+      8.853  Y:   2682361522.19 -+      6.201  Z:  -3674747738.09 -+      8.245 Obs_used:    2664 Obs_tot:    2733 Ses_used:    14 Ses_tot:    14 Date_beg: 1988.08.20 Date_end: 2015.05.16
STA_GCU:  TIDBIN64         U:           49.61 -+     12.702  E:           14.61 -+      2.669  N:           -0.42 -+      4.043
STA_CRL:  TIDBIN64         C:  -.865   .796  -.747   .060  -.036   .014  -.019   .098  -.025  -.380  -.015  -.015   .068   .201  -.122
STA_GCX:  TIGOCONC         X:   1492054416.66 -+      1.062  Y:  -4887961021.14 -+      1.590  Z:  -3803541233.42 -+      1.111 Obs_used:  247961 Obs_tot:  258705 Ses_used:  1243 Ses_tot:  1243 Date_beg: 2002.05.13 Date_end: 2014.05.29
STA_GCU:  TIGOCONC         U:            3.27 -+      1.419  E:           -5.20 -+      1.146  N:           10.67 -+      1.251
STA_CRL:  TIGOCONC         C:   .069  -.451  -.049   .510   .045  -.181   .046   .515  -.092  -.052  -.210  -.104   .445  -.177   .225
STA_GCX:  TIGOWTZL         X:   4075572469.47 -+      5.305  Y:    931755339.88 -+      1.474  Z:   4801584491.33 -+      6.201 Obs_used:    9930 Obs_tot:   10294 Ses_used:    21 Ses_tot:    21 Date_beg: 1997.12.08 Date_end: 2000.12.18
STA_GCU:  TIGOWTZL         U:            2.51 -+      8.195  E:           -2.17 -+      0.883  N:            2.19 -+      0.908
STA_CRL:  TIGOWTZL         C:   .789   .976   .778   .038   .020  -.031   .005   .288   .007  -.409  -.025   .023   .054  -.478   .132
STA_GCX:  TITIJIMA         X:  -4489356460.71 -+   1942.336  Y:   3482990398.49 -+   2170.366  Z:   2887931525.58 -+   1233.170 Obs_used:     357 Obs_tot:     385 Ses_used:     4 Ses_tot:     4 Date_beg: 1987.11.18 Date_end: 1989.12.05
STA_GCU:  TITIJIMA         U:          422.84 -+   2253.581  E:          -32.99 -+   2182.596  N:           76.35 -+    401.891
STA_CRL:  TITIJIMA         C:   .099  -.883   .345   .998   .099  -.882   .099   .999   .345   .098  -.881   .345   .998  -.883   .346
STA_GCX:  TOMAKO11         X:  -3680586390.10 -+    431.104  Y:   2917515955.67 -+    334.616  Z:   4300987828.13 -+    419.869 Obs_used:    1114 Obs_tot:    1174 Ses_used:     2 Ses_tot:     2 Date_beg: 2003.05.21 Date_end: 2003.07.16
STA_GCU:  TOMAKO11         U:           43.97 -+    657.694  E:         -102.64 -+    148.596  N:           87.49 -+    139.520
STA_CRL:  TOMAKO11         C:  -.843  -.892   .878   .000  -.841  -.892  -.844   .000   .878  -.843  -.892   .876   .000  -.892   .877
STA_GCX:  TOULOUSE         X:   4627949935.77 -+   9763.307  Y:    119849815.69 -+   9669.081  Z:   4372863692.23 -+   9739.461 Obs_used:     275 Obs_tot:     275 Ses_used:     3 Ses_tot:     3 Date_beg: 1992.05.10 Date_end: 1992.05.12
STA_GCU:  TOULOUSE         U:          531.57 -+   9989.879  E:         5893.26 -+   9667.407  N:          199.98 -+   9508.626
STA_CRL:  TOULOUSE         C:   .007   .049  -.003   .000   .007   .049   .007   .000  -.003   .007   .049  -.003   .000   .049  -.003
STA_GCX:  TROMSONO         X:   2102903770.68 -+     51.270  Y:    721602869.81 -+     32.124  Z:   5958201369.70 -+    125.235 Obs_used:    1558 Obs_tot:    1558 Ses_used:     8 Ses_tot:     8 Date_beg: 1989.07.30 Date_end: 1992.08.29
STA_GCU:  TROMSONO         U:          -78.78 -+    134.786  E:           18.04 -+     26.684  N:          -18.52 -+     21.567
STA_CRL:  TROMSONO         C:   .483   .905   .515   .980   .471   .858   .436   .992   .458   .445   .894   .516   .974   .890   .482
STA_GCX:  TRYSILNO         X:   2988029101.83 -+     87.531  Y:    655957213.82 -+     30.048  Z:   5578669516.40 -+    159.725 Obs_used:    3049 Obs_tot:    3049 Ses_used:    15 Ses_tot:    15 Date_beg: 1991.11.08 Date_end: 1993.03.22
STA_GCU:  TRYSILNO         U:          188.47 -+    180.950  E:           -3.98 -+     24.253  N:          -23.22 -+     27.306
STA_CRL:  TRYSILNO         C:   .568   .937   .574   .994   .562   .932   .558   .997   .566   .560   .928   .568   .994   .935   .566
STA_GCX:  TSUKU3           X:  -3957184478.29 -+     32.893  Y:   3310224835.23 -+     27.699  Z:   3737709022.65 -+     31.981 Obs_used:     250 Obs_tot:     258 Ses_used:     1 Ses_tot:     1 Date_beg: 2001.06.14 Date_end: 2001.06.14
STA_GCU:  TSUKU3           U:          -55.64 -+     53.318  E:            6.08 -+      3.282  N:           -1.93 -+      4.294
STA_CRL:  TSUKU3           C:  -.988  -.984   .982   .006   .004  -.008   .004   .020  -.002   .451  -.006  -.002   .019  -.229  -.023
STA_GCX:  TSUKUB32         X:  -3957408810.37 -+      0.554  Y:   3310229468.29 -+      0.841  Z:   3737494748.02 -+      0.990 Obs_used:  999783 Obs_tot: 1035960 Ses_used:   985 Ses_tot:   985 Date_beg: 1998.06.25 Date_end: 2016.12.27
STA_GCU:  TSUKUB32         U:            4.25 -+      0.831  E:            5.39 -+      0.843  N:           -0.60 -+      0.770
STA_CRL:  TSUKUB32         C:   .366  -.611  -.182   .347   .148  -.247   .244   .642  -.077   .458  -.347  -.063   .605  -.232  -.023
STA_GCX:  TSUKUBA          X:  -3957172967.21 -+     12.671  Y:   3310238040.17 -+     10.797  Z:   3737708886.30 -+     12.501 Obs_used:    1187 Obs_tot:    1279 Ses_used:    11 Ses_tot:    11 Date_beg: 1984.07.18 Date_end: 1991.07.31
STA_GCU:  TSUKUBA          U:          -10.17 -+     20.367  E:           12.01 -+      2.208  N:           11.50 -+      3.703
STA_CRL:  TSUKUBA          C:  -.964  -.942   .895   .024   .007  -.024   .006   .061  -.001   .451  -.019  -.002   .057  -.229  -.023
STA_GCX:  UCHINOUR         X:  -3586229376.43 -+      5.468  Y:   4114103712.75 -+      6.191  Z:   3290224682.40 -+      5.270 Obs_used:    3421 Obs_tot:    3676 Ses_used:     3 Ses_tot:     3 Date_beg: 2008.01.20 Date_end: 2012.02.14
STA_GCU:  UCHINOUR         U:            7.59 -+      9.623  E:            7.36 -+      1.244  N:           -1.79 -+      1.362
STA_CRL:  UCHINOUR         C:  -.954  -.950   .937  -.126   .077   .042   .063  -.043  -.005  -.840   .076  -.055  -.077  -.762   .792
STA_GCX:  URUMQI           X:    228310307.70 -+      0.608  Y:   4631922804.67 -+      1.130  Z:   4367064087.09 -+      1.202 Obs_used:  104810 Obs_tot:  113498 Ses_used:   165 Ses_tot:   165 Date_beg: 1994.03.16 Date_end: 2018.07.10
STA_GCU:  URUMQI           U:           63.39 -+      1.411  E:            3.54 -+      0.598  N:            0.66 -+      0.862
STA_CRL:  URUMQI           C:   .220  -.452   .476   .297   .044  -.205   .091   .129  -.070  -.025  -.282  -.066   .217  -.282   .438
STA_GCX:  USSURISK         X:  -3059725005.95 -+   9999.948  Y:   3427256801.13 -+   9999.969  Z:   4409485544.26 -+   9999.973 Obs_used:      57 Obs_tot:      59 Ses_used:     1 Ses_tot:     1 Date_beg: 1992.03.12 Date_end: 1992.03.12
STA_GCU:  USSURISK         U:           12.05 -+   9999.992  E:          -21.87 -+   9999.936  N:           24.87 -+   9999.962
STA_CRL:  USSURISK         C:  -.000  -.000   .000   .998   .000   .000  -.000   .998  -.000  -.004  -.000  -.000   .997  -.005   .005
STA_GCX:  USUDA64          X:  -3855355408.29 -+      6.280  Y:   3427427554.30 -+      5.695  Z:   3740971153.10 -+      6.060 Obs_used:    3316 Obs_tot:    4148 Ses_used:     8 Ses_tot:     8 Date_beg: 1990.07.30 Date_end: 2015.01.09
STA_GCU:  USUDA64          U:           -8.43 -+     10.188  E:           -2.52 -+      1.406  N:           -2.39 -+      1.679
STA_CRL:  USUDA64          C:  -.945  -.938   .917   .537  -.492  -.449  -.509   .541   .448  -.931  -.463   .448   .520  -.857   .836
STA_GCX:  USUDA64__110311  X:  -3855355568.78 -+      7.345  Y:   3427427389.97 -+      6.545  Z:   3740971220.72 -+      7.087 Obs_used:       0 Obs_tot:       0 Ses_used:     0 Ses_tot:     0 Date_beg:            Date_end:           
STA_GCU:  USUDA64__110311  U:           40.14 -+     11.748  E:          226.92 -+      1.876  N:           45.88 -+      2.341
STA_CRL:  USUDA64__110311  C:  -.926  -.914   .880  -.557   .521   .470   .512  -.552  -.453  -.931   .504  -.492  -.584  -.857   .836
STA_GCX:  VERAISGK         X:  -3263994966.01 -+      3.042  Y:   4808056340.05 -+      4.148  Z:   2619949027.67 -+      2.656 Obs_used:   31790 Obs_tot:   35618 Ses_used:    55 Ses_tot:    55 Date_beg: 2006.02.16 Date_end: 2015.02.17
STA_GCU:  VERAISGK         U:          -23.39 -+      5.601  E:            7.93 -+      1.001  N:            2.56 -+      1.065
STA_CRL:  VERAISGK         C:  -.918  -.903   .871  -.262   .193   .195   .223  -.165  -.218  -.902   .208  -.200  -.228  -.803   .901
STA_GCX:  VERAMZSW         X:  -3857241844.94 -+      1.245  Y:   3108784891.36 -+      1.254  Z:   4003900573.64 -+      1.503 Obs_used:   59151 Obs_tot:   64114 Ses_used:   105 Ses_tot:   105 Date_beg: 2003.05.21 Date_end: 2018.10.16
STA_GCU:  VERAMZSW         U:           46.06 -+      2.004  E:           -2.83 -+      0.872  N:           -1.84 -+      0.779
STA_CRL:  VERAMZSW         C:  -.527  -.818   .455  -.284   .301   .232   .347  -.117  -.293  -.717   .298  -.320  -.150  -.790   .742
STA_GCX:  VERNAL           X:  -1631473615.68 -+     47.648  Y:  -4589129183.23 -+    119.676  Z:   4106759942.22 -+    104.045 Obs_used:    1595 Obs_tot:    1595 Ses_used:     8 Ses_tot:     8 Date_beg: 1986.03.30 Date_end: 1990.10.22
STA_GCU:  VERNAL           U:           58.03 -+    162.287  E:           -2.78 -+     18.585  N:           -5.69 -+     27.124
STA_CRL:  VERNAL           C:   .910  -.891  -.942   .990   .897  -.880   .902   .989  -.933   .909  -.878  -.926   .988  -.889  -.940
STA_GCX:  VICTORIA         X:  -2341315485.04 -+   9404.546  Y:  -3539078893.55 -+   9667.051  Z:   4745769774.45 -+   9732.238 Obs_used:     521 Obs_tot:     521 Ses_used:     3 Ses_tot:     3 Date_beg: 1990.08.01 Date_end: 1990.08.03
STA_GCU:  VICTORIA         U:          213.94 -+   9987.336  E:        -5900.04 -+   9403.142  N:         1997.54 -+   9404.672
STA_CRL:  VICTORIA         C:   .019  -.047  -.041   .000   .019  -.047   .019   .000  -.041   .019  -.047  -.041   .000  -.047  -.041
STA_GCX:  VLA-N8           X:  -1601147920.18 -+      8.356  Y:  -5041733486.54 -+     23.360  Z:   3555235657.59 -+     15.988 Obs_used:     147 Obs_tot:     155 Ses_used:     1 Ses_tot:     1 Date_beg: 1996.02.09 Date_end: 1996.02.09
STA_GCU:  VLA-N8           U:          -27.17 -+     29.266  E:         -187.50 -+      2.732  N:         -113.72 -+      2.678
STA_CRL:  VLA-N8           C:   .941  -.932  -.981   .041   .001  -.016   .002   .027  -.021  -.116  -.020  -.011   .048  -.293  -.214
STA_GCX:  VNDNBERG         X:  -2678095336.60 -+      8.452  Y:  -4525450164.43 -+     13.153  Z:   3597410595.42 -+     11.423 Obs_used:   45883 Obs_tot:   45935 Ses_used:   178 Ses_tot:   178 Date_beg: 1983.08.22 Date_end: 1991.07.28
STA_GCU:  VNDNBERG         U:          -57.80 -+     18.597  E:           -5.53 -+      3.396  N:          -10.68 -+      4.191
STA_CRL:  VNDNBERG         C:   .885  -.851  -.884   .983   .866  -.838   .870   .983  -.871   .878  -.830  -.860   .982  -.845  -.876
STA_GCX:  WARK12M          X:  -5115324371.77 -+      1.619  Y:    477843295.00 -+      1.338  Z:  -3767192935.78 -+      1.499 Obs_used:  322819 Obs_tot:  327078 Ses_used:   443 Ses_tot:   443 Date_beg: 2011.02.28 Date_end: 2018.11.20
STA_GCU:  WARK12M          U:           16.83 -+      1.747  E:            7.72 -+      1.327  N:            7.73 -+      1.359
STA_CRL:  WARK12M          C:  -.096   .212  -.292  -.601   .191  -.667   .285   .290   .193  -.330  -.744   .146  -.422   .598  -.248
STA_GCX:  WESTFORD         X:   1492206384.32 -+      0.461  Y:  -4458130533.36 -+      0.725  Z:   4296015592.96 -+      0.822 Obs_used: 1316242 Obs_tot: 1342010 Ses_used:  2276 Ses_tot:  2276 Date_beg: 1981.05.13 Date_end: 2014.09.02
STA_GCU:  WESTFORD         U:            8.08 -+      0.909  E:           -3.61 -+      0.529  N:            0.66 -+      0.553
STA_CRL:  WESTFORD         C:   .178  -.257  -.534   .602   .098  -.172   .123   .711  -.321   .123  -.211  -.307   .711  -.170  -.238
STA_GCX:  WETTZ13N         X:   4075627708.91 -+      0.482  Y:    931774212.34 -+      0.690  Z:   4801552334.05 -+      0.696 Obs_used:  247533 Obs_tot:  251739 Ses_used:   237 Ses_tot:   237 Date_beg: 2015.06.09 Date_end: 2019.01.07
STA_GCU:  WETTZ13N         U:           -2.03 -+      0.503  E:          -77.50 -+      0.660  N:          -66.37 -+      0.710
STA_CRL:  WETTZ13N         C:   .202  -.417  -.055   .342   .040  -.298   .049   .581   .059  -.409  -.300   .047   .440  -.478   .132
STA_GCX:  WETTZELL         X:   4075539674.67 -+      0.449  Y:    931735481.08 -+      0.684  Z:   4801629499.35 -+      0.664 Obs_used: 2529024 Obs_tot: 2588876 Ses_used:  3717 Ses_tot:  3717 Date_beg: 1983.07.27 Date_end: 2019.01.03
STA_GCU:  WETTZELL         U:            3.32 -+      0.433  E:           -2.25 -+      0.654  N:            1.28 -+      0.704
STA_CRL:  WETTZELL         C:   .202  -.561  -.073   .405   .042  -.307   .054   .607   .063  -.418  -.314   .049   .483  -.487   .134
STA_GCX:  WHTHORSE         X:  -2215212177.98 -+    205.588  Y:  -2209259853.18 -+    191.068  Z:   5540289759.51 -+    457.101 Obs_used:    1950 Obs_tot:    1950 Ses_used:     9 Ses_tot:     9 Date_beg: 1984.08.07 Date_end: 1989.08.10
STA_GCU:  WHTHORSE         U:        -1292.49 -+    526.615  E:           43.30 -+     68.607  N:          459.46 -+     75.391
STA_CRL:  WHTHORSE         C:   .883  -.913  -.927   .996   .879  -.910   .877   .996  -.923   .881  -.908  -.923   .996  -.913  -.926
STA_GCX:  WHTHORSE_871201  X:  -2215212363.51 -+    182.948  Y:  -2209260049.74 -+    170.358  Z:   5540290035.13 -+    407.357 Obs_used:       0 Obs_tot:       0 Ses_used:     0 Ses_tot:     0 Date_beg:            Date_end:           
STA_GCU:  WHTHORSE_871201  U:         -919.93 -+    469.361  E:           51.46 -+     60.908  N:          358.67 -+     66.497
STA_CRL:  WHTHORSE_871201  C:   .883  -.915  -.928   .997   .879  -.911   .879   .997  -.924   .881  -.910  -.923   .996  -.913  -.926
STA_GCX:  YAKATAGA         X:  -2529744460.82 -+     98.764  Y:  -1942091091.69 -+     80.631  Z:   5505029141.30 -+    204.989 Obs_used:    3542 Obs_tot:    3542 Ses_used:    16 Ses_tot:    16 Date_beg: 1984.07.31 Date_end: 1990.06.10
STA_GCU:  YAKATAGA         U:          518.03 -+    235.530  E:          243.48 -+     39.777  N:          257.25 -+     34.918
STA_CRL:  YAKATAGA         C:   .796  -.891  -.907   .991   .783  -.880   .780   .991  -.896   .784  -.877  -.898   .990  -.885  -.905
STA_GCX:  YAKATAGA_871201  X:  -2529744518.34 -+     88.004  Y:  -1942091032.39 -+     71.964  Z:   5505028970.52 -+    182.682 Obs_used:       0 Obs_tot:       0 Ses_used:     0 Ses_tot:     0 Date_beg:            Date_end:           
STA_GCU:  YAKATAGA_871201  U:          374.75 -+    209.749  E:          161.42 -+     36.432  N:          163.82 -+     31.215
STA_CRL:  YAKATAGA_871201  C:   .785  -.886  -.905   .990   .776  -.877   .774   .991  -.895   .784  -.874  -.896   .989  -.885  -.905
STA_GCX:  YARRA12M         X:  -2388896001.49 -+      0.956  Y:   5043349959.18 -+      1.393  Z:  -3078591010.80 -+      1.089 Obs_used:  680900 Obs_tot:  693062 Ses_used:   842 Ses_tot:   842 Date_beg: 2011.05.26 Date_end: 2019.01.07
STA_GCU:  YARRA12M         U:           21.58 -+      1.254  E:           16.82 -+      1.012  N:           -3.80 -+      1.202
STA_CRL:  YARRA12M         C:  -.076  -.462  -.058   .081   .226  -.487   .266   .047   .424  -.359  -.521   .385   .123   .010  -.075
STA_GCX:  YEBES            X:   4848780163.44 -+      3.977  Y:   -261701827.98 -+      0.885  Z:   4123035905.32 -+      3.509 Obs_used:   18088 Obs_tot:   18758 Ses_used:    36 Ses_tot:    36 Date_beg: 1995.06.08 Date_end: 2003.07.15
STA_GCU:  YEBES            U:          -62.03 -+      5.241  E:           -1.60 -+      0.871  N:            2.14 -+      0.825
STA_CRL:  YEBES            C:  -.180   .951  -.209   .144   .047   .075   .012   .559   .013  -.180   .049   .036   .163   .222   .168
STA_GCX:  YEBES40M         X:   4848761840.55 -+      0.583  Y:   -261484249.84 -+      0.739  Z:   4123084999.30 -+      0.733 Obs_used:  360983 Obs_tot:  378887 Ses_used:   301 Ses_tot:   301 Date_beg: 2008.09.11 Date_end: 2018.12.27
STA_GCU:  YEBES40M         U:           21.94 -+      0.653  E:           -4.00 -+      0.744  N:            1.37 -+      0.667
STA_CRL:  YEBES40M         C:   .157   .010  -.081  -.235   .031  -.415   .040   .519   .036  -.182  -.405   .029   .122   .224   .170
STA_GCX:  YELLOWKN         X:  -1224124893.22 -+     17.638  Y:  -2689530719.76 -+     38.571  Z:   5633555287.45 -+     80.411 Obs_used:     832 Obs_tot:     836 Ses_used:     2 Ses_tot:     2 Date_beg: 1984.08.24 Date_end: 1985.09.04
STA_GCU:  YELLOWKN         U:          -89.27 -+     90.816  E:            8.78 -+      2.438  N:           -0.82 -+      3.367
STA_CRL:  YELLOWKN         C:   .988  -.989  -.996   .103   .032  -.029   .049   .073  -.043   .414  -.052  -.053   .061  -.440  -.674
STA_GCX:  YLOW7296         X:  -1224399841.56 -+      1.179  Y:  -2689273323.68 -+      2.057  Z:   5633620278.80 -+      3.772 Obs_used:   27417 Obs_tot:   28192 Ses_used:    94 Ses_tot:    94 Date_beg: 1991.06.30 Date_end: 2006.08.02
STA_GCU:  YLOW7296         U:            9.98 -+      4.242  E:           -0.88 -+      0.888  N:           -2.29 -+      1.032
STA_CRL:  YLOW7296         C:   .595  -.629  -.833   .760   .298  -.304   .376   .724  -.494   .419  -.412  -.531   .689  -.443  -.677
STA_GCX:  YUMA             X:  -2196778258.69 -+     46.481  Y:  -4887337267.75 -+    102.056  Z:   3448425201.13 -+     72.382 Obs_used:    4581 Obs_tot:    4584 Ses_used:    20 Ses_tot:    20 Date_beg: 1983.11.05 Date_end: 1988.10.21
STA_GCU:  YUMA             U:           28.06 -+    131.327  E:          -17.81 -+     13.523  N:          -39.47 -+     19.631
STA_CRL:  YUMA             C:   .949  -.917  -.946   .991   .941  -.911   .940   .991  -.938   .951  -.909  -.936   .990  -.921  -.948
STA_GCX:  ZELENCHK         X:   3451207593.24 -+      0.785  Y:   3060375367.41 -+      0.867  Z:   4391915018.90 -+      1.068 Obs_used:  512308 Obs_tot:  533645 Ses_used:   529 Ses_tot:   529 Date_beg: 2005.12.22 Date_end: 2018.12.20
STA_GCU:  ZELENCHK         U:           13.98 -+      1.196  E:            0.65 -+      0.607  N:            1.69 -+      0.842
STA_CRL:  ZELENCHK         C:   .480   .179   .411   .276   .052  -.141   .066   .483   .140  -.037  -.146   .114   .355  -.053   .397
STA_GCX:  ZELENCHK_070701  X:   3451207602.86 -+      0.635  Y:   3060375372.45 -+      0.773  Z:   4391915024.82 -+      0.884 Obs_used:       0 Obs_tot:       0 Ses_used:     0 Ses_tot:     0 Date_beg:            Date_end:           
STA_GCU:  ZELENCHK_070701  U:           25.70 -+      0.877  E:           -1.96 -+      0.581  N:           -1.32 -+      0.822
STA_CRL:  ZELENCHK_070701  C:   .358  -.167   .262   .099  -.084  -.371  -.123   .366  -.032  -.037  -.394  -.020   .201  -.053   .397
