# GETPAR_STA format version 1.0  of 2001.05.25
# icrf3-noarcsou.spl
STA_GCX:  AGGO             X:   2765116497.34 -+    226.736  Y:  -4449233382.06 -+    258.305  Z:  -3626420400.86 -+    223.725 Obs_used:     772 Obs_tot:     776 Ses_used:     4 Ses_tot:     4 Date_beg: 2018.07.02 Date_end: 2018.12.03
STA_GCU:  AGGO             U:         -425.93 -+    374.246  E:           53.91 -+    131.830  N:         -112.62 -+    103.655
STA_CRL:  AGGO             C:  -.729  -.792   .782  -.000   .728   .794   .729  -.000  -.783  -.728   .792  -.780  -.000  -.795   .782
STA_GCX:  AIRA             X:  -3530219648.50 -+      1.317  Y:   4118797497.30 -+      1.484  Z:   3344015638.29 -+      1.440 Obs_used:  101043 Obs_tot:  108904 Ses_used:   181 Ses_tot:   181 Date_beg: 1997.07.17 Date_end: 2015.03.21
STA_GCU:  AIRA             U:            4.47 -+      2.174  E:            4.74 -+      0.795  N:           -1.26 -+      0.809
STA_CRL:  AIRA             C:  -.673  -.826   .584  -.413   .375   .267   .449  -.290  -.344  -.880   .326  -.349  -.232  -.797   .864
STA_GCX:  ALGOPARK         X:    918034533.52 -+      0.448  Y:  -4346132320.23 -+      0.831  Z:   4561971220.94 -+      0.945 Obs_used:  334887 Obs_tot:  341510 Ses_used:   746 Ses_tot:   746 Date_beg: 1984.08.24 Date_end: 2006.08.03
STA_GCU:  ALGOPARK         U:            7.61 -+      1.132  E:           -2.53 -+      0.470  N:            0.67 -+      0.532
STA_CRL:  ALGOPARK         C:  -.005  -.084  -.654   .607  -.016  -.059  -.020   .678  -.403  -.077  -.072  -.403   .697  -.015  -.496
STA_GCX:  AUSTINTX         X:   -737794277.21 -+   9934.070  Y:  -5459892554.97 -+   9992.300  Z:   3202989662.39 -+   9984.790 Obs_used:     226 Obs_tot:     230 Ses_used:     1 Ses_tot:     1 Date_beg: 1987.07.11 Date_end: 1987.07.11
STA_GCU:  AUSTINTX         U:         -121.02 -+   9998.741  E:         -500.23 -+   9933.193  N:         -893.91 -+   9979.212
STA_CRL:  AUSTINTX         C:   .001  -.001  -.002   .000   .001  -.001   .001   .000  -.002   .001  -.001  -.002   .000  -.001  -.002
STA_GCX:  AZORES           X:   4552169518.30 -+   7914.602  Y:  -2186665847.29 -+   5798.573  Z:   3882780837.23 -+   7390.996 Obs_used:     803 Obs_tot:     803 Ses_used:     5 Ses_tot:     5 Date_beg: 1992.05.29 Date_end: 1992.06.03
STA_GCU:  AZORES           U:        -2539.54 -+   9649.840  E:        -3394.20 -+   5049.296  N:         3111.67 -+   5681.232
STA_CRL:  AZORES           C:  -.379   .446  -.315   .000  -.379   .446  -.379   .000  -.315  -.379   .446  -.315   .000   .446  -.315
STA_GCX:  BADARY           X:   -838200990.40 -+      0.540  Y:   3865751558.97 -+      0.797  Z:   4987670894.05 -+      0.988 Obs_used:  404261 Obs_tot:  418028 Ses_used:   421 Ses_tot:   421 Date_beg: 2007.03.01 Date_end: 2018.12.27
STA_GCU:  BADARY           U:          -10.36 -+      1.004  E:            3.62 -+      0.593  N:           -1.31 -+      0.737
STA_CRL:  BADARY           C:   .253  -.559   .165   .278   .125  -.166   .201   .139  -.277   .109  -.223  -.222   .098  -.264   .317
STA_GCX:  BERMUDA          X:   2307204093.16 -+   6707.898  Y:  -4874226466.59 -+   8747.702  Z:   3394338408.05 -+   7710.067 Obs_used:     718 Obs_tot:     730 Ses_used:     4 Ses_tot:     4 Date_beg: 1987.08.02 Date_end: 1987.08.08
STA_GCU:  BERMUDA          U:        16684.59 -+   9883.608  E:       -13328.19 -+   6278.674  N:        11575.29 -+   6622.376
STA_CRL:  BERMUDA          C:  -.250   .049  -.383   .000  -.250   .049  -.250   .000  -.383  -.250   .048  -.383   .000   .049  -.383
STA_GCX:  BLKBUTTE         X:  -2306307294.20 -+     71.798  Y:  -4787914387.40 -+    146.006  Z:   3515736301.08 -+    103.793 Obs_used:    2178 Obs_tot:    2179 Ses_used:    12 Ses_tot:    12 Date_beg: 1983.11.08 Date_end: 1988.10.26
STA_GCU:  BLKBUTTE         U:           65.69 -+    190.607  E:           16.45 -+     17.385  N:           32.03 -+     24.750
STA_CRL:  BLKBUTTE         C:   .963  -.946  -.958   .989   .950  -.936   .954   .989  -.949   .963  -.934  -.943   .987  -.947  -.958
STA_GCX:  BLOOMIND         X:    302384600.45 -+   9998.900  Y:  -4941698995.32 -+   9998.937  Z:   4007908519.60 -+   9998.334 Obs_used:      72 Obs_tot:      73 Ses_used:     1 Ses_tot:     1 Date_beg: 1987.08.19 Date_end: 1987.08.19
STA_GCU:  BLOOMIND         U:          -23.61 -+   9999.638  E:           75.57 -+   9998.909  N:           74.21 -+   9997.623
STA_CRL:  BLOOMIND         C:   .000  -.000  -.000   .000   .000  -.000   .000   .000  -.000   .000  -.000  -.000   .000  -.000  -.000
STA_GCX:  BR-VLBA          X:  -2112065165.13 -+      0.412  Y:  -3705356509.79 -+      0.727  Z:   4726813699.72 -+      0.908 Obs_used:  572128 Obs_tot:  583961 Ses_used:   257 Ses_tot:   257 Date_beg: 1993.04.21 Date_end: 2018.08.21
STA_GCU:  BR-VLBA          U:            1.96 -+      0.992  E:           -0.10 -+      0.463  N:           -1.10 -+      0.571
STA_CRL:  BR-VLBA          C:   .169  -.365  -.426   .539   .022  -.182   .024   .651  -.208  -.035  -.245  -.223   .728  -.103  -.070
STA_GCX:  BREST            X:   4228868080.47 -+   9440.259  Y:   -333120231.77 -+   8516.891  Z:   4747193310.00 -+   9369.294 Obs_used:     354 Obs_tot:     354 Ses_used:     2 Ses_tot:     2 Date_beg: 1989.08.30 Date_end: 1989.09.02
STA_GCU:  BREST            U:         4103.64 -+   9971.804  E:       -16931.63 -+   8566.726  N:        13732.46 -+   8752.937
STA_CRL:  BREST            C:   .060   .128  -.035   .000   .059   .128   .059   .000  -.035   .059   .128  -.035   .000   .128  -.035
STA_GCX:  CARNUSTY         X:   3526416307.87 -+   9775.509  Y:   -171422915.45 -+   9161.496  Z:   5294098727.66 -+   9828.495 Obs_used:     369 Obs_tot:     369 Ses_used:     4 Ses_tot:     4 Date_beg: 1989.08.18 Date_end: 1989.08.22
STA_GCU:  CARNUSTY         U:          -53.46 -+   9985.261  E:        -1775.97 -+   9123.655  N:         -445.04 -+   9651.237
STA_CRL:  CARNUSTY         C:  -.083   .040   .074   .000  -.083   .040  -.083   .000   .074  -.083   .040   .074   .000   .040   .074
STA_GCX:  CARROLGA         X:    453520706.40 -+   9996.866  Y:  -5300506729.44 -+   9998.163  Z:   3507207649.13 -+   9995.593 Obs_used:     121 Obs_tot:     128 Ses_used:     1 Ses_tot:     1 Date_beg: 1987.07.18 Date_end: 1987.07.18
STA_GCU:  CARROLGA         U:           87.77 -+   9999.555  E:           18.72 -+   9996.828  N:          201.15 -+   9994.239
STA_CRL:  CARROLGA         C:  -.000   .000  -.000   .000  -.000   .000  -.000   .000  -.000  -.000   .000  -.000   .000   .000  -.000
STA_GCX:  CHICHI10         X:  -4490618175.72 -+      1.764  Y:   3483908504.09 -+      1.624  Z:   2884899264.44 -+      1.535 Obs_used:   92103 Obs_tot:   99705 Ses_used:   165 Ses_tot:   165 Date_beg: 1997.08.26 Date_end: 2015.01.22
STA_GCU:  CHICHI10         U:           20.11 -+      2.584  E:            3.07 -+      0.877  N:           -1.92 -+      0.815
STA_CRL:  CHICHI10         C:  -.737  -.858   .605  -.237   .235   .211   .242  -.208  -.230  -.921   .233  -.245  -.160  -.964   .933
STA_GCX:  CHLBOLTN         X:   4008314488.10 -+   7839.685  Y:   -100650577.34 -+   5992.850  Z:   4943791437.86 -+   8481.671 Obs_used:    2026 Obs_tot:    2079 Ses_used:     7 Ses_tot:     7 Date_beg: 1980.10.16 Date_end: 1980.10.22
STA_GCU:  CHLBOLTN         U:          145.64 -+   9639.668  E:          -17.93 -+   5976.715  N:        -5787.11 -+   6377.252
STA_CRL:  CHLBOLTN         C:  -.089   .384  -.078   .000  -.089   .384  -.089   .000  -.078  -.089   .384  -.078   .000   .384  -.078
STA_GCX:  CRIMEA           X:   3785230784.44 -+      1.661  Y:   2551207615.79 -+      1.258  Z:   4439796497.36 -+      1.989 Obs_used:   67763 Obs_tot:   77167 Ses_used:   129 Ses_tot:   129 Date_beg: 1994.06.25 Date_end: 2015.06.30
STA_GCU:  CRIMEA           U:           -9.81 -+      2.695  E:            1.01 -+      0.627  N:            0.32 -+      0.801
STA_CRL:  CRIMEA           C:   .804   .812   .778   .406   .281   .262   .279   .492   .307   .379   .252   .297   .423   .480   .588
STA_GCX:  CTVASBAY         X:   1091444564.68 -+    108.848  Y:  -4351283940.96 -+    314.830  Z:   4518707133.91 -+    299.525 Obs_used:     833 Obs_tot:     857 Ses_used:     6 Ses_tot:     6 Date_beg: 2002.04.17 Date_end: 2002.09.11
STA_GCU:  CTVASBAY         U:          333.11 -+    413.764  E:          -92.54 -+     98.062  N:         -233.96 -+    140.942
STA_CRL:  CTVASBAY         C:  -.457   .515  -.784   .999  -.454   .510  -.451   .999  -.777  -.449   .511  -.783   .999   .508  -.779
STA_GCX:  CTVASTJ          X:   2612545465.02 -+     10.974  Y:  -3426878766.37 -+     15.222  Z:   4686756186.75 -+     18.966 Obs_used:    3864 Obs_tot:    3965 Ses_used:    30 Ses_tot:    30 Date_beg: 2002.11.13 Date_end: 2005.09.07
STA_GCU:  CTVASTJ          U:          -14.00 -+     25.209  E:            6.46 -+      5.386  N:           -1.36 -+      6.881
STA_CRL:  CTVASTJ          C:  -.821   .792  -.843   .938  -.762   .717  -.744   .941  -.763  -.799   .710  -.775   .932   .758  -.816
STA_GCX:  DAITO            X:  -3786457938.38 -+   2442.853  Y:   4320155415.21 -+   2854.551  Z:   2762039617.96 -+   2531.221 Obs_used:     462 Obs_tot:     482 Ses_used:     2 Ses_tot:     2 Date_beg: 1990.11.28 Date_end: 1991.12.03
STA_GCU:  DAITO            U:        -1701.66 -+   4465.453  E:        -1682.44 -+    249.777  N:         1656.88 -+    721.396
STA_CRL:  DAITO            C:  -.991  -.982   .985   .999  -.991  -.982  -.991   .999   .985  -.992  -.982   .985   .999  -.983   .985
STA_GCX:  DEADMANL         X:  -2336820640.25 -+    141.039  Y:  -4732588125.88 -+    267.000  Z:   3570330739.40 -+    196.397 Obs_used:     619 Obs_tot:     620 Ses_used:     5 Ses_tot:     5 Date_beg: 1984.02.29 Date_end: 1988.02.02
STA_GCU:  DEADMANL         U:         -882.14 -+    355.024  E:            0.26 -+     39.430  N:         -306.18 -+     46.432
STA_CRL:  DEADMANL         C:   .950  -.923  -.961   .994   .947  -.915   .942   .994  -.952   .950  -.917  -.959   .993  -.922  -.962
STA_GCX:  DSS13            X:  -2351112783.34 -+      2.403  Y:  -4655530605.53 -+      4.499  Z:   3660912691.20 -+      3.714 Obs_used:   12388 Obs_tot:   13851 Ses_used:    35 Ses_tot:    35 Date_beg: 2000.05.31 Date_end: 2018.02.13
STA_GCU:  DSS13            U:           -3.30 -+      6.150  E:           -1.42 -+      0.929  N:           -1.10 -+      1.056
STA_CRL:  DSS13            C:   .902  -.893  -.930   .021  -.019  -.008  -.021   .002   .004   .476  -.004   .013   .042  -.506  -.668
STA_GCX:  DSS15            X:  -2353539019.29 -+      2.933  Y:  -4641649396.23 -+      4.199  Z:   3676669949.51 -+      4.367 Obs_used:   30517 Obs_tot:   32322 Ses_used:    99 Ses_tot:    99 Date_beg: 1987.11.01 Date_end: 2009.12.08
STA_GCU:  DSS15            U:            4.14 -+      5.750  E:           -2.38 -+      2.422  N:            1.36 -+      2.525
STA_CRL:  DSS15            C:   .461  -.479  -.680   .852   .378  -.397   .400   .811  -.544   .477  -.421  -.547   .814  -.507  -.669
STA_GCX:  DSS15____920627  X:  -2353539040.13 -+      1.731  Y:  -4641649395.23 -+      2.660  Z:   3676669930.55 -+      2.519 Obs_used:       0 Obs_tot:       0 Ses_used:     0 Ses_tot:     0 Date_beg:            Date_end:           
STA_GCU:  DSS15____920627  U:            0.10 -+      3.646  E:          -21.42 -+      1.222  N:          -19.04 -+      1.277
STA_CRL:  DSS15____920627  C:   .629  -.622  -.763   .809   .373  -.413   .401   .734  -.541   .477  -.400  -.486   .774  -.507  -.669
STA_GCX:  DSS34            X:  -4461113970.61 -+   4926.972  Y:   2682404536.69 -+   4227.968  Z:  -3674389093.62 -+   6523.985 Obs_used:     169 Obs_tot:     189 Ses_used:     2 Ses_tot:     2 Date_beg: 2017.09.13 Date_end: 2017.10.03
STA_GCU:  DSS34            U:       -40061.34 -+   8033.336  E:        12811.56 -+   3290.209  N:       -23266.52 -+   3058.298
STA_CRL:  DSS34            C:  -.476   .855  -.536  -.000   .475  -.854   .477  -.000   .536  -.477  -.856   .535  -.000   .855  -.535
STA_GCX:  DSS45            X:  -4460935874.68 -+      2.389  Y:   2682765699.66 -+      1.944  Z:  -3674380598.84 -+      2.098 Obs_used:   40425 Obs_tot:   41699 Ses_used:   164 Ses_tot:   164 Date_beg: 1987.06.08 Date_end: 2016.08.23
STA_GCU:  DSS45            U:           -0.28 -+      3.173  E:            9.90 -+      1.353  N:           -2.46 -+      1.410
STA_CRL:  DSS45            C:  -.600   .582  -.577   .650  -.371   .257  -.352   .723  -.264  -.379   .263  -.284   .664   .212  -.126
STA_GCX:  DSS65            X:   4849336577.41 -+      2.693  Y:   -360488542.00 -+      1.079  Z:   4114749005.60 -+      2.711 Obs_used:   56246 Obs_tot:   57905 Ses_used:   118 Ses_tot:   118 Date_beg: 1988.08.31 Date_end: 2004.12.14
STA_GCU:  DSS65            U:          -16.98 -+      3.645  E:           -3.63 -+      1.109  N:           -7.08 -+      1.118
STA_CRL:  DSS65            C:   .078   .840   .017   .861   .087   .720   .064   .747   .045  -.018   .666   .056   .824   .715   .100
STA_GCX:  DSS65A           X:   4849339576.52 -+      1.528  Y:   -360427555.83 -+      0.742  Z:   4114750799.48 -+      1.454 Obs_used:   31562 Obs_tot:   32699 Ses_used:    37 Ses_tot:    37 Date_beg: 2005.09.05 Date_end: 2018.02.14
STA_GCU:  DSS65A           U:           -4.34 -+      1.992  E:           -1.16 -+      0.753  N:            1.70 -+      0.683
STA_CRL:  DSS65A           C:   .036   .791  -.049  -.314   .015  -.332   .020   .352   .037  -.017  -.295   .032  -.191   .716   .101
STA_GCX:  DSS65____970415  X:   4849336583.24 -+      1.895  Y:   -360488542.70 -+      0.879  Z:   4114749003.76 -+      1.925 Obs_used:       0 Obs_tot:       0 Ses_used:     0 Ses_tot:     0 Date_beg:            Date_end:           
STA_GCU:  DSS65____970415  U:          -13.71 -+      2.554  E:           -3.89 -+      0.893  N:          -12.28 -+      0.868
STA_CRL:  DSS65____970415  C:   .035   .804  -.038   .722   .070   .587   .054   .689   .036  -.018   .548   .045   .715   .715   .100
STA_GCX:  EFLSBERG         X:   4033947274.18 -+      2.468  Y:    486990725.97 -+      0.925  Z:   4900430936.48 -+      2.903 Obs_used:   43300 Obs_tot:   44724 Ses_used:    49 Ses_tot:    49 Date_beg: 1979.11.25 Date_end: 2016.11.24
STA_GCU:  EFLSBERG         U:            4.45 -+      3.715  E:           -5.26 -+      0.870  N:            1.64 -+      0.901
STA_CRL:  EFLSBERG         C:   .321   .887   .284   .745   .240   .638   .163   .691   .166   .034   .603   .230   .739   .621   .214
STA_GCX:  EFLSBERG_961001  X:   4033947289.69 -+      1.664  Y:    486990732.52 -+      0.712  Z:   4900430950.77 -+      2.050 Obs_used:       0 Obs_tot:       0 Ses_used:     0 Ses_tot:     0 Date_beg:            Date_end:           
STA_GCU:  EFLSBERG_961001  U:           25.77 -+      2.561  E:           -0.61 -+      0.672  N:           -1.76 -+      0.683
STA_CRL:  EFLSBERG_961001  C:   .313   .865   .239   .461   .125   .363   .100   .551   .102   .034   .356   .122   .475   .621   .214
STA_GCX:  ELY              X:  -2077236553.25 -+     42.176  Y:  -4486712503.30 -+     89.144  Z:   4018753386.45 -+     74.191 Obs_used:    2228 Obs_tot:    2228 Ses_used:    12 Ses_tot:    12 Date_beg: 1984.04.22 Date_end: 1990.10.16
STA_GCU:  ELY              U:         -130.83 -+    121.389  E:            6.41 -+     13.773  N:           -6.06 -+     17.457
STA_CRL:  ELY              C:   .934  -.930  -.955   .985   .922  -.920   .923   .985  -.943   .940  -.915  -.938   .982  -.937  -.959
STA_GCX:  FD-VLBA          X:  -1324009291.78 -+      0.501  Y:  -5332181959.24 -+      0.776  Z:   3231962412.52 -+      0.933 Obs_used:  631028 Obs_tot:  645348 Ses_used:   301 Ses_tot:   301 Date_beg: 1992.01.13 Date_end: 2018.09.12
STA_GCU:  FD-VLBA          U:            9.31 -+      1.021  E:           -2.17 -+      0.498  N:            2.06 -+      0.657
STA_CRL:  FD-VLBA          C:   .129  -.433  -.530   .587   .018  -.244   .023   .716  -.343  -.103  -.318  -.318   .727  -.315  -.268
STA_GCX:  FLAGSTAF         X:  -1923993025.80 -+     38.692  Y:  -4850854797.90 -+     92.966  Z:   3658589304.74 -+     70.449 Obs_used:    1210 Obs_tot:    1211 Ses_used:     8 Ses_tot:     8 Date_beg: 1984.04.17 Date_end: 1990.11.06
STA_GCU:  FLAGSTAF         U:          114.59 -+    120.498  E:            8.57 -+     14.485  N:          -19.99 -+     19.323
STA_CRL:  FLAGSTAF         C:   .916  -.881  -.943   .972   .898  -.865   .886   .971  -.917   .924  -.850  -.914   .969  -.892  -.948
STA_GCX:  FORT ORD         X:  -2697027328.31 -+     56.060  Y:  -4354392622.02 -+     90.121  Z:   3788078088.39 -+     77.745 Obs_used:    1878 Obs_tot:    1885 Ses_used:    11 Ses_tot:    11 Date_beg: 1983.08.25 Date_end: 1988.02.18
STA_GCU:  FORT ORD         U:          370.57 -+    129.801  E:           38.65 -+     12.964  N:           13.82 -+     17.102
STA_CRL:  FORT ORD         C:   .963  -.950  -.958   .980   .940  -.927   .946   .980  -.937   .964  -.935  -.938   .978  -.953  -.959
STA_GCX:  FORTLEZA         X:   4985370010.15 -+      0.754  Y:  -3955020384.02 -+      1.054  Z:   -428472118.64 -+      0.669 Obs_used:  595156 Obs_tot:  615409 Ses_used:  1833 Ses_tot:  1833 Date_beg: 1993.04.21 Date_end: 2019.01.03
STA_GCU:  FORTLEZA         U:            6.98 -+      0.780  E:           -5.73 -+      1.026  N:            4.84 -+      0.684
STA_CRL:  FORTLEZA         C:   .194  -.093  -.412   .475   .179  -.010   .173   .589  -.207   .247  -.011  -.173   .499   .460  -.057
STA_GCX:  FORTORDS         X:  -2699840628.40 -+     52.902  Y:  -4359126229.82 -+     84.879  Z:   3781051081.46 -+     73.136 Obs_used:    3444 Obs_tot:    3444 Ses_used:    19 Ses_tot:    19 Date_beg: 1988.11.08 Date_end: 1991.07.23
STA_GCU:  FORTORDS         U:          -83.28 -+    122.391  E:          110.83 -+     11.739  N:         -126.91 -+     15.312
STA_CRL:  FORTORDS         C:   .966  -.956  -.961   .983   .947  -.938   .949   .983  -.945   .964  -.937  -.942   .983  -.953  -.959
STA_GCX:  FORTORDS_891001  X:  -2699840587.44 -+     49.664  Y:  -4359126203.87 -+     79.673  Z:   3781051176.61 -+     68.806 Obs_used:       0 Obs_tot:       0 Ses_used:     0 Ses_tot:     0 Date_beg:            Date_end:           
STA_GCU:  FORTORDS_891001  U:          -61.60 -+    114.978  E:          131.99 -+     11.050  N:          -24.50 -+     14.367
STA_CRL:  FORTORDS_891001  C:   .966  -.956  -.961   .988   .952  -.942   .953   .988  -.948   .964  -.942  -.948   .987  -.953  -.959
STA_GCX:  FTD 7900         X:  -1324228116.37 -+     20.327  Y:  -5332062936.37 -+     37.058  Z:   3232022874.07 -+     27.597 Obs_used:     438 Obs_tot:     438 Ses_used:     1 Ses_tot:     1 Date_beg: 1988.10.08 Date_end: 1988.10.08
STA_GCU:  FTD 7900         U:          -45.61 -+     42.849  E:           49.73 -+     18.732  N:          -25.21 -+     19.001
STA_CRL:  FTD 7900         C:   .335  -.285  -.622   .921   .036  -.035   .056   .588  -.140   .060  -.044  -.113   .732  -.048  -.191
STA_GCX:  GGAO7108         X:   1130794561.38 -+      2.252  Y:  -4831233813.71 -+      7.176  Z:   3994217063.83 -+      6.106 Obs_used:   18948 Obs_tot:   20441 Ses_used:    74 Ses_tot:    74 Date_beg: 1993.04.27 Date_end: 2007.05.15
STA_GCU:  GGAO7108         U:            4.88 -+      9.348  E:           -3.63 -+      1.691  N:           -0.32 -+      1.900
STA_CRL:  GGAO7108         C:  -.645   .609  -.918   .937  -.556   .525  -.597   .938  -.854  -.590   .558  -.845   .937   .556  -.896
STA_GCX:  GGAO7108_030101  X:   1130794335.81 -+      2.047  Y:  -4831232888.18 -+      6.610  Z:   3994216249.16 -+      5.124 Obs_used:       0 Obs_tot:       0 Ses_used:     0 Ses_tot:     0 Date_beg:            Date_end:           
STA_GCU:  GGAO7108_030101  U:        -1248.11 -+      8.281  E:          -12.33 -+      1.540  N:          -33.47 -+      1.784
STA_CRL:  GGAO7108_030101  C:  -.644   .616  -.907   .365  -.195   .202  -.215   .351  -.349  -.590   .196  -.308   .384   .556  -.896
STA_GCX:  GIFU11           X:  -3787123540.83 -+      8.348  Y:   3564181724.04 -+      7.689  Z:   3680274921.33 -+      7.895 Obs_used:    8517 Obs_tot:    9040 Ses_used:    23 Ses_tot:    23 Date_beg: 2002.07.16 Date_end: 2006.06.22
STA_GCU:  GIFU11           U:           12.45 -+     13.286  E:            9.32 -+      2.586  N:           -7.24 -+      2.818
STA_CRL:  GIFU11           C:  -.896  -.887   .871   .901  -.794  -.780  -.802   .900   .772  -.888  -.786   .770   .893  -.873   .862
STA_GCX:  GIFU3            X:  -3787518425.56 -+     17.307  Y:   3564247165.64 -+     16.034  Z:   3679797044.68 -+     16.664 Obs_used:     982 Obs_tot:    1038 Ses_used:     4 Ses_tot:     4 Date_beg: 2000.09.07 Date_end: 2001.10.11
STA_GCU:  GIFU3            U:           -1.49 -+     28.239  E:           15.85 -+      3.987  N:          -22.66 -+      4.574
STA_CRL:  GIFU3            C:  -.943  -.931   .927   .663  -.582  -.565  -.590   .657   .559  -.888  -.581   .565   .649  -.873   .862
STA_GCX:  GILCREEK         X:  -2281547585.94 -+      3.813  Y:  -1453645129.36 -+      3.843  Z:   5756993054.70 -+      3.890 Obs_used: 1094025 Obs_tot: 1107961 Ses_used:  1994 Ses_tot:  1994 Date_beg: 1984.07.07 Date_end: 2005.12.28
STA_GCU:  GILCREEK         U:            1.80 -+      3.917  E:           -1.51 -+      3.818  N:           -4.57 -+      3.810
STA_CRL:  GILCREEK         C:   .009  -.016  -.020   .983   .009  -.020   .009   .980  -.018   .019  -.019  -.018   .983  -.018  -.021
STA_GCX:  GOLDMARS         X:  -2353621996.78 -+   9512.582  Y:  -4641338987.36 -+   7040.959  Z:   3677049908.15 -+   7016.451 Obs_used:     566 Obs_tot:     641 Ses_used:     6 Ses_tot:     6 Date_beg: 1988.08.20 Date_end: 1989.12.03
STA_GCU:  GOLDMARS         U:        -2981.75 -+   5447.425  E:        -1958.88 -+   8471.252  N:         -799.50 -+   9373.279
STA_CRL:  GOLDMARS         C:   .192  -.193   .906   .994   .191  -.192   .191   .994   .901   .192  -.192   .901   .994  -.193   .906
STA_GCX:  GOLDVENU         X:  -2351129375.94 -+      9.221  Y:  -4655476880.43 -+     17.389  Z:   3660956751.83 -+     15.649 Obs_used:    2838 Obs_tot:    2845 Ses_used:    11 Ses_tot:    11 Date_beg: 1981.11.19 Date_end: 1991.08.12
STA_GCU:  GOLDVENU         U:         -129.42 -+     24.007  E:          -21.55 -+      5.173  N:          -39.77 -+      5.400
STA_CRL:  GOLDVENU         C:   .794  -.776  -.903   .955   .784  -.755   .752   .958  -.857   .822  -.747  -.882   .960  -.803  -.914
STA_GCX:  GORF7102         X:   1130686310.68 -+      3.680  Y:  -4831353042.60 -+     13.430  Z:   3994110957.31 -+     11.298 Obs_used:    2166 Obs_tot:    2166 Ses_used:     9 Ses_tot:     9 Date_beg: 1989.05.30 Date_end: 1992.06.16
STA_GCU:  GORF7102         U:            7.34 -+     17.572  E:           -2.56 -+      2.353  N:            0.88 -+      2.688
STA_CRL:  GORF7102         C:  -.760   .746  -.952   .729  -.364   .348  -.446   .621  -.565  -.588   .423  -.560   .628   .555  -.896
STA_GCX:  GRASSE           X:   4581701318.25 -+   9566.553  Y:    556124376.47 -+   9719.066  Z:   4389348032.45 -+   9697.159 Obs_used:     268 Obs_tot:     268 Ses_used:     2 Ses_tot:     2 Date_beg: 1989.09.14 Date_end: 1989.09.16
STA_GCU:  GRASSE           U:          141.80 -+   9994.511  E:        -2084.45 -+   9643.263  N:        -5092.85 -+   9334.415
STA_CRL:  GRASSE           C:   .064   .076  -.051   .000   .064   .076   .064   .000  -.051   .064   .076  -.051   .000   .076  -.051
STA_GCX:  HALEAKAL         X:  -5465998698.32 -+     37.533  Y:  -2404407186.26 -+     17.020  Z:   2242229185.04 -+     16.328 Obs_used:     707 Obs_tot:     707 Ses_used:     3 Ses_tot:     3 Date_beg: 1988.06.25 Date_end: 1988.07.09
STA_GCU:  HALEAKAL         U:        -2916.35 -+     44.056  E:         5630.78 -+      2.997  N:        11908.57 -+      3.877
STA_CRL:  HALEAKAL         C:   .981  -.967  -.954   .135   .091  -.198   .069   .147  -.115   .510  -.095  -.074   .245  -.740  -.410
STA_GCX:  HART15M          X:   5085490802.19 -+      0.863  Y:   2668161423.62 -+      1.248  Z:  -2768692671.99 -+      0.746 Obs_used:  432772 Obs_tot:  439789 Ses_used:   573 Ses_tot:   573 Date_beg: 2012.10.11 Date_end: 2019.01.07
STA_GCU:  HART15M          U:            0.42 -+      0.992  E:           -4.43 -+      1.103  N:           -3.12 -+      0.811
STA_CRL:  HART15M          C:   .186  -.255   .338   .218  -.022  -.046  -.016   .571   .330  -.089  -.022   .247   .354   .161   .543
STA_GCX:  HARTRAO          X:   5085442767.22 -+      0.812  Y:   2668263725.51 -+      1.233  Z:  -2768696800.79 -+      0.725 Obs_used:  366999 Obs_tot:  377688 Ses_used:  1204 Ses_tot:  1204 Date_beg: 1986.01.09 Date_end: 2018.09.26
STA_GCU:  HARTRAO          U:            1.49 -+      0.926  E:           -6.35 -+      1.097  N:           -2.38 -+      0.803
STA_CRL:  HARTRAO          C:   .158  -.219   .376   .434   .037  -.137   .048   .611   .303  -.091  -.103   .223   .438   .163   .547
STA_GCX:  HATCREEK         X:  -2523970251.93 -+      6.101  Y:  -4123506190.61 -+     10.124  Z:   4147752430.04 -+      9.897 Obs_used:   40012 Obs_tot:   40057 Ses_used:   180 Ses_tot:   180 Date_beg: 1983.06.06 Date_end: 1990.11.11
STA_GCU:  HATCREEK         U:          -44.77 -+     14.735  E:            3.62 -+      3.052  N:            9.65 -+      3.353
STA_CRL:  HATCREEK         C:   .831  -.771  -.905   .991   .822  -.766   .825   .993  -.901   .821  -.762  -.895   .992  -.762  -.895
STA_GCX:  HAYSTACK         X:   1492404544.80 -+      2.000  Y:  -4457266552.07 -+      4.645  Z:   4296881843.03 -+      4.920 Obs_used:   28280 Obs_tot:   28456 Ses_used:    86 Ses_tot:    86 Date_beg: 1979.08.03 Date_end: 1992.06.29
STA_GCU:  HAYSTACK         U:           33.74 -+      6.475  E:           10.82 -+      1.773  N:            1.61 -+      2.172
STA_CRL:  HAYSTACK         C:  -.470   .413  -.805   .926  -.421   .376  -.450   .942  -.765  -.457   .386  -.741   .948   .401  -.786
STA_GCX:  HN-VLBA          X:   1446374909.66 -+      0.438  Y:  -4447939676.08 -+      0.730  Z:   4322306175.85 -+      0.807 Obs_used:  490891 Obs_tot:  502028 Ses_used:   244 Ses_tot:   244 Date_beg: 1992.08.28 Date_end: 2018.09.12
STA_GCU:  HN-VLBA          U:            7.22 -+      0.932  E:           -2.84 -+      0.492  N:            1.27 -+      0.515
STA_CRL:  HN-VLBA          C:   .094  -.178  -.586   .569   .078  -.146   .101   .632  -.291   .090  -.184  -.281   .645  -.138  -.270
STA_GCX:  HOBART12         X:  -3949990682.71 -+      0.942  Y:   2522421180.70 -+      1.234  Z:  -4311708168.12 -+      0.977 Obs_used:  480726 Obs_tot:  492097 Ses_used:   680 Ses_tot:   680 Date_beg: 2010.10.07 Date_end: 2017.06.20
STA_GCU:  HOBART12         U:           17.10 -+      0.785  E:            9.86 -+      1.195  N:           -2.04 -+      1.149
STA_CRL:  HOBART12         C:   .085  -.557  -.119   .376   .039  -.414   .057   .626   .084  -.017  -.504   .082   .480  -.409   .327
STA_GCX:  HOBART26         X:  -3950237244.49 -+      0.902  Y:   2522347646.57 -+      1.220  Z:  -4311562004.06 -+      0.923 Obs_used:  295272 Obs_tot:  304927 Ses_used:   949 Ses_tot:   949 Date_beg: 1989.09.26 Date_end: 2018.12.04
STA_GCU:  HOBART26         U:            0.85 -+      0.635  E:            9.53 -+      1.195  N:           -2.03 -+      1.151
STA_CRL:  HOBART26         C:   .135  -.722  -.073   .434   .021  -.401   .035   .651   .062  -.016  -.476   .057   .571  -.414   .331
STA_GCX:  HOFN             X:   2679653308.92 -+   5448.496  Y:   -727914745.68 -+   4670.530  Z:   5722810210.98 -+   9015.214 Obs_used:     555 Obs_tot:     555 Ses_used:     4 Ses_tot:     4 Date_beg: 1992.07.20 Date_end: 1992.07.27
STA_GCU:  HOFN             U:         3526.65 -+   9713.367  E:         2232.71 -+   4421.841  N:        -1151.49 -+   4344.175
STA_CRL:  HOFN             C:  -.218   .571  -.138   .000  -.217   .571  -.218   .000  -.138  -.217   .571  -.138   .000   .571  -.138
STA_GCX:  HOHNBERG         X:   4213688810.00 -+   8982.978  Y:    820421149.94 -+   9227.945  Z:   4702783632.08 -+   9406.044 Obs_used:     348 Obs_tot:     348 Ses_used:     3 Ses_tot:     3 Date_beg: 1992.06.15 Date_end: 1992.06.18
STA_GCU:  HOHNBERG         U:          360.53 -+   9952.215  E:        -1981.55 -+   8928.648  N:        -1255.01 -+   8692.249
STA_CRL:  HOHNBERG         C:   .169   .164  -.117   .000   .169   .164   .169   .000  -.117   .169   .164  -.117   .000   .164  -.117
STA_GCX:  HRAS 085         X:  -1324211116.56 -+     21.452  Y:  -5332022981.38 -+     24.549  Z:   3232118180.47 -+     22.919 Obs_used:  145185 Obs_tot:  146500 Ses_used:   721 Ses_tot:   721 Date_beg: 1980.04.11 Date_end: 1990.10.29
STA_GCU:  HRAS 085         U:         -192.85 -+     25.933  E:            6.83 -+     21.328  N:          -17.73 -+     21.464
STA_CRL:  HRAS 085         C:   .055  -.042  -.171   .999   .058  -.044   .057   .998  -.179   .060  -.044  -.180   .998  -.048  -.191
STA_GCX:  ISHIOKA          X:  -3959635948.77 -+      1.649  Y:   3296825500.61 -+      1.559  Z:   3747042656.03 -+      1.765 Obs_used:  241483 Obs_tot:  245016 Ses_used:   205 Ses_tot:   205 Date_beg: 2015.02.19 Date_end: 2019.01.03
STA_GCU:  ISHIOKA          U:          -37.01 -+      2.527  E:           -1.11 -+      0.993  N:           -7.56 -+      0.945
STA_CRL:  ISHIOKA          C:  -.618  -.758   .579  -.869   .693   .613   .750  -.722  -.690  -.676   .656  -.682  -.666  -.718   .722
STA_GCX:  JPL MV1          X:  -2493306740.28 -+     45.028  Y:  -4655197412.10 -+     82.061  Z:   3565519723.92 -+     61.926 Obs_used:    3314 Obs_tot:    3330 Ses_used:    23 Ses_tot:    23 Date_beg: 1982.10.16 Date_end: 1988.11.05
STA_GCU:  JPL MV1          U:          418.07 -+    110.921  E:            4.40 -+     10.121  N:          -44.86 -+     13.803
STA_CRL:  JPL MV1          C:   .967  -.955  -.960   .978   .946  -.931   .945   .977  -.935   .968  -.935  -.940   .975  -.958  -.962
STA_GCX:  KAINAN           X:  -3751039330.79 -+   9942.401  Y:   3721054593.26 -+   9828.808  Z:   3560815699.91 -+   9973.350 Obs_used:     275 Obs_tot:     290 Ses_used:     2 Ses_tot:     2 Date_beg: 1993.10.12 Date_end: 1993.10.14
STA_GCU:  KAINAN           U:           88.77 -+   9997.151  E:        -2725.45 -+   9788.314  N:        -1081.48 -+   9958.433
STA_CRL:  KAINAN           C:  -.020   .007   .013   .000  -.020   .007  -.019   .000   .013  -.020   .007   .013   .000   .007   .013
STA_GCX:  KANOZAN          X:  -3991744221.20 -+   9638.495  Y:   3355064361.29 -+   9480.870  Z:   3661227003.02 -+   9649.914 Obs_used:     265 Obs_tot:     327 Ses_used:     2 Ses_tot:     2 Date_beg: 1995.01.17 Date_end: 1995.01.19
STA_GCU:  KANOZAN          U:          316.79 -+   9971.809  E:        -3951.91 -+   9284.668  N:         1996.30 -+   9500.856
STA_CRL:  KANOZAN          C:  -.055  -.027   .040   .000  -.055  -.026  -.055   .000   .040  -.055  -.027   .040   .000  -.026   .040
STA_GCX:  KARLBURG         X:   3653210319.61 -+   9543.803  Y:    884430193.09 -+   9414.352  Z:   5135727542.38 -+   9813.822 Obs_used:     337 Obs_tot:     337 Ses_used:     2 Ses_tot:     2 Date_beg: 1992.07.06 Date_end: 1992.07.07
STA_GCU:  KARLBURG         U:          131.72 -+   9984.717  E:         1482.79 -+   9324.336  N:        -7097.00 -+   9454.494
STA_CRL:  KARLBURG         C:   .044   .056  -.013   .000   .044   .056   .044   .000  -.013   .044   .056  -.013   .000   .056  -.013
STA_GCX:  KASHIM11         X:  -3997505696.26 -+      1.141  Y:   3276878497.37 -+      1.151  Z:   3724240630.18 -+      1.327 Obs_used:   93142 Obs_tot:   98245 Ses_used:   123 Ses_tot:   123 Date_beg: 1994.08.29 Date_end: 2018.07.10
STA_GCU:  KASHIM11         U:           28.39 -+      1.781  E:            2.22 -+      0.811  N:           -6.78 -+      0.747
STA_CRL:  KASHIM11         C:  -.511  -.806   .411   .089   .132  -.126   .128   .351  -.064   .309  -.120  -.076   .356  -.287   .048
STA_GCX:  KASHIM34         X:  -3997649263.44 -+      0.639  Y:   3276690857.02 -+      0.847  Z:   3724278759.46 -+      0.992 Obs_used:  148090 Obs_tot:  155451 Ses_used:   235 Ses_tot:   235 Date_beg: 1990.03.22 Date_end: 2018.12.10
STA_GCU:  KASHIM34         U:           30.83 -+      0.972  E:            2.61 -+      0.797  N:           -3.27 -+      0.728
STA_CRL:  KASHIM34         C:   .080  -.652  -.040   .172   .171  -.171   .222   .488  -.086   .314  -.219  -.098   .483  -.289   .048
STA_GCX:  KASHIMA          X:  -3997892298.25 -+      1.187  Y:   3276581347.28 -+      1.185  Z:   3724118169.41 -+      1.365 Obs_used:   95219 Obs_tot:   96703 Ses_used:   297 Ses_tot:   297 Date_beg: 1984.01.24 Date_end: 2002.05.27
STA_GCU:  KASHIMA          U:           25.30 -+      1.832  E:           24.57 -+      0.839  N:           17.99 -+      0.784
STA_CRL:  KASHIMA          C:  -.510  -.783   .411   .291  -.005  -.252  -.011   .492   .044   .310  -.240   .024   .482  -.288   .048
STA_GCX:  KATH12M          X:  -4147354549.35 -+      0.904  Y:   4581542433.12 -+      1.186  Z:  -1573303389.02 -+      1.016 Obs_used:  707151 Obs_tot:  721009 Ses_used:   843 Ses_tot:   843 Date_beg: 2011.06.16 Date_end: 2019.01.07
STA_GCU:  KATH12M          U:           24.05 -+      1.084  E:           -5.62 -+      0.966  N:           11.30 -+      1.073
STA_CRL:  KATH12M          C:  -.141  -.474  -.089  -.192   .323  -.424   .407   .017   .250  -.404  -.516   .241   .323  -.055   .010
STA_GCX:  KAUAI            X:  -5543846183.98 -+      4.799  Y:  -2054562782.47 -+      2.652  Z:   2387814526.79 -+      4.076 Obs_used:  122506 Obs_tot:  122568 Ses_used:   434 Ses_tot:   434 Date_beg: 1984.07.07 Date_end: 1994.03.14
STA_GCU:  KAUAI            U:          -10.58 -+      5.958  E:          -41.60 -+      2.072  N:            0.83 -+      2.625
STA_CRL:  KAUAI            C:   .563  -.760  -.493   .987   .541  -.757   .521   .930  -.456   .511  -.727  -.458   .963  -.741  -.412
STA_GCX:  KIRSBERG         X:   3879833647.04 -+   7821.756  Y:    987962449.65 -+   6831.587  Z:   4948711196.92 -+   8713.422 Obs_used:     430 Obs_tot:     430 Ses_used:     3 Ses_tot:     3 Date_beg: 1992.06.25 Date_end: 1992.06.28
STA_GCU:  KIRSBERG         U:           59.63 -+   9925.128  E:        -2039.66 -+   6711.143  N:        -2178.38 -+   6342.440
STA_CRL:  KIRSBERG         C:   .098   .426   .017   .000   .098   .426   .098   .000   .017   .098   .426   .018   .000   .426   .018
STA_GCX:  KODIAK           X:  -3026940574.77 -+     66.325  Y:  -1575911736.10 -+     41.893  Z:   5370362542.80 -+    113.142 Obs_used:    3430 Obs_tot:    3430 Ses_used:    15 Ses_tot:    15 Date_beg: 1984.07.23 Date_end: 1990.07.02
STA_GCU:  KODIAK           U:           63.05 -+    135.294  E:           30.53 -+     19.791  N:           34.64 -+     16.096
STA_CRL:  KODIAK           C:   .847  -.960  -.882   .975   .835  -.938   .817   .983  -.855   .846  -.930  -.868   .973  -.960  -.883
STA_GCX:  KOGANEI          X:  -3941937464.61 -+      1.630  Y:   3368150792.54 -+      1.512  Z:   3702235265.90 -+      1.715 Obs_used:   69726 Obs_tot:   73435 Ses_used:    89 Ses_tot:    89 Date_beg: 1994.08.29 Date_end: 2018.08.01
STA_GCU:  KOGANEI          U:           32.75 -+      2.572  E:          176.74 -+      0.815  N:            0.96 -+      0.777
STA_CRL:  KOGANEI          C:  -.731  -.872   .648  -.259   .277   .178   .308  -.117  -.248  -.763   .192  -.246  -.112  -.737   .742
STA_GCX:  KOGANEI3         X:  -3942077412.32 -+     38.673  Y:   3368331938.14 -+     32.555  Z:   3701904790.45 -+     39.119 Obs_used:     262 Obs_tot:     310 Ses_used:     2 Ses_tot:     2 Date_beg: 1995.01.17 Date_end: 1995.01.19
STA_GCU:  KOGANEI3         U:         -178.18 -+     61.339  E:          206.30 -+      5.737  N:          118.77 -+     17.038
STA_CRL:  KOGANEI3         C:  -.974  -.808   .889   .063  -.056  -.049  -.057   .064   .050  -.760  -.051   .050   .060  -.735   .739
STA_GCX:  KOKEE            X:  -5543837749.11 -+      0.521  Y:  -2054567045.92 -+      0.852  Z:   2387852362.92 -+      1.041 Obs_used: 1398547 Obs_tot: 1437014 Ses_used:  2451 Ses_tot:  2451 Date_beg: 1993.06.08 Date_end: 2019.01.07
STA_GCU:  KOKEE            U:            8.31 -+      0.869  E:            3.43 -+      0.791  N:           -0.22 -+      0.837
STA_CRL:  KOKEE            C:   .159  -.600  -.323   .499   .006  -.377   .003   .621  -.139   .027  -.379  -.142   .665  -.447   .065
STA_GCX:  KP-VLBA          X:  -1995678801.65 -+      0.489  Y:  -5037317700.90 -+      0.772  Z:   3357328045.00 -+      0.951 Obs_used:  577145 Obs_tot:  591553 Ses_used:   242 Ses_tot:   242 Date_beg: 1992.08.28 Date_end: 2018.09.12
STA_GCU:  KP-VLBA          U:            5.50 -+      1.021  E:           -1.03 -+      0.507  N:            0.11 -+      0.664
STA_CRL:  KP-VLBA          C:   .118  -.451  -.493   .586   .000  -.256  -.002   .702  -.303  -.163  -.326  -.289   .726  -.329  -.191
STA_GCX:  KUNMING          X:  -1281152736.67 -+      2.127  Y:   5640864337.04 -+      5.834  Z:   2682653485.22 -+      3.248 Obs_used:   30730 Obs_tot:   31582 Ses_used:    42 Ses_tot:    42 Date_beg: 2011.07.20 Date_end: 2018.07.10
STA_GCU:  KUNMING          U:          -71.26 -+      6.676  E:            0.85 -+      1.475  N:            9.23 -+      1.535
STA_CRL:  KUNMING          C:  -.708  -.698   .847  -.858   .651   .554   .692  -.925  -.792  -.698   .589  -.792  -.857  -.638   .844
STA_GCX:  KWAJAL26         X:  -6143536031.78 -+     97.525  Y:   1363998772.35 -+     27.328  Z:   1034708083.37 -+     38.240 Obs_used:    5854 Obs_tot:    5873 Ses_used:    20 Ses_tot:    20 Date_beg: 1984.07.07 Date_end: 1988.08.06
STA_GCU:  KWAJAL26         U:           24.15 -+    102.039  E:          -61.02 -+     20.018  N:           95.71 -+     30.123
STA_CRL:  KWAJAL26         C:  -.672  -.642   .344   .986  -.660  -.633  -.665   .989   .334  -.674  -.638   .337   .995  -.641   .336
STA_GCX:  LA-VLBA          X:  -1449752544.48 -+      0.467  Y:  -4975298579.87 -+      0.743  Z:   3709123862.83 -+      0.918 Obs_used:  658925 Obs_tot:  673646 Ses_used:   306 Ses_tot:   306 Date_beg: 1991.05.21 Date_end: 2018.09.12
STA_GCU:  LA-VLBA          U:            7.41 -+      1.001  E:           -1.98 -+      0.472  N:            0.62 -+      0.622
STA_CRL:  LA-VLBA          C:   .115  -.408  -.496   .589   .012  -.234   .013   .719  -.311  -.127  -.303  -.298   .737  -.275  -.194
STA_GCX:  LEONRDOK         X:   -522231063.35 -+   9936.951  Y:  -5145677109.27 -+   9992.518  Z:   3720152189.35 -+   9982.468 Obs_used:     244 Obs_tot:     247 Ses_used:     1 Ses_tot:     1 Date_beg: 1987.08.24 Date_end: 1987.08.24
STA_GCU:  LEONRDOK         U:           46.49 -+   9998.005  E:          470.40 -+   9936.438  N:         -245.59 -+   9977.483
STA_CRL:  LEONRDOK         C:   .001  -.001  -.002   .000   .001  -.001   .001   .000  -.002   .001  -.001  -.002   .000  -.001  -.002
STA_GCX:  MADRID64         X:   4849092986.98 -+   9999.048  Y:   -360180483.71 -+   9999.664  Z:   4115109795.30 -+  10000.000 Obs_used:     141 Obs_tot:     173 Ses_used:     1 Ses_tot:     1 Date_beg: 1989.03.19 Date_end: 1989.03.19
STA_GCU:  MADRID64         U:         -111.60 -+   9999.441  E:          -97.28 -+   9999.577  N:           83.65 -+   9999.693
STA_CRL:  MADRID64         C:  -.000  -.000  -.000   .990  -.000  -.000  -.000   .985  -.000  -.013  -.000  -.000   .981  -.003   .004
STA_GCX:  MAMMOTHL         X:  -2448246996.15 -+    144.092  Y:  -4426737866.45 -+    261.766  Z:   3875435664.30 -+    215.163 Obs_used:     561 Obs_tot:     562 Ses_used:     4 Ses_tot:     4 Date_beg: 1983.06.29 Date_end: 1986.10.22
STA_GCU:  MAMMOTHL         U:          175.65 -+    363.824  E:           77.39 -+     33.290  N:           55.60 -+     45.863
STA_CRL:  MAMMOTHL         C:   .965  -.953  -.964   .992   .954  -.939   .959   .992  -.953   .964  -.948  -.957   .990  -.952  -.963
STA_GCX:  MARCUS           X:  -5227445786.82 -+     76.801  Y:   2551380437.58 -+     55.838  Z:   2607605320.67 -+     51.113 Obs_used:    5120 Obs_tot:    5203 Ses_used:    16 Ses_tot:    16 Date_beg: 1989.07.24 Date_end: 1993.06.28
STA_GCU:  MARCUS           U:          -95.06 -+    100.328  E:          -52.80 -+     28.125  N:           49.12 -+     27.784
STA_CRL:  MARCUS           C:  -.846  -.823   .654   .986  -.845  -.823  -.839   .993   .657  -.857  -.812   .654   .990  -.834   .671
STA_GCX:  MARPOINT         X:   1106629106.18 -+      8.335  Y:  -4882907321.53 -+     27.669  Z:   3938087076.51 -+     22.430 Obs_used:    8191 Obs_tot:    8210 Ses_used:    77 Ses_tot:    77 Date_beg: 1982.06.18 Date_end: 1989.08.24
STA_GCU:  MARPOINT         U:          197.68 -+     35.281  E:          -28.39 -+      5.563  N:          -11.75 -+      7.900
STA_CRL:  MARPOINT         C:  -.729   .702  -.897   .991  -.732   .711  -.730   .996  -.897  -.737   .708  -.898   .996   .719  -.903
STA_GCX:  MATERA           X:   4641938527.17 -+      0.476  Y:   1393003262.89 -+      0.687  Z:   4133325730.74 -+      0.669 Obs_used:  778049 Obs_tot:  807128 Ses_used:  1096 Ses_tot:  1096 Date_beg: 1990.10.04 Date_end: 2019.01.07
STA_GCU:  MATERA           U:            4.72 -+      0.486  E:           -1.02 -+      0.651  N:            0.88 -+      0.697
STA_CRL:  MATERA           C:   .158  -.412   .094   .329   .008  -.293   .008   .577   .145  -.478  -.271   .108   .423  -.370   .254
STA_GCX:  MCD 7850         X:  -1330006292.67 -+   9544.012  Y:  -5328391619.34 -+   9938.064  Z:   3236501801.04 -+   9823.302 Obs_used:     616 Obs_tot:     616 Ses_used:     1 Ses_tot:     1 Date_beg: 1988.10.06 Date_end: 1988.10.06
STA_GCU:  MCD 7850         U:         -814.85 -+   9987.402  E:         1748.99 -+   9551.348  N:         -601.35 -+   9765.967
STA_CRL:  MCD 7850         C:   .007  -.022  -.015   .000   .007  -.022   .007   .000  -.015   .007  -.022  -.015   .000  -.022  -.015
STA_GCX:  MEDICINA         X:   4461369743.57 -+      0.664  Y:    919597063.77 -+      0.698  Z:   4449559348.41 -+      0.832 Obs_used:  521888 Obs_tot:  539824 Ses_used:   558 Ses_tot:   558 Date_beg: 1987.12.08 Date_end: 2018.12.20
STA_GCU:  MEDICINA         U:           -1.73 -+      0.825  E:           -1.69 -+      0.672  N:            2.28 -+      0.699
STA_CRL:  MEDICINA         C:   .188   .164   .074   .355   .037  -.129   .033   .570   .095  -.433  -.106   .088   .412  -.358   .201
STA_GCX:  MEDICINA_960601  X:   4461369745.89 -+      0.466  Y:    919597064.52 -+      0.666  Z:   4449559349.49 -+      0.662 Obs_used:       0 Obs_tot:       0 Ses_used:     0 Ses_tot:     0 Date_beg:            Date_end:           
STA_GCU:  MEDICINA_960601  U:            0.75 -+      0.486  E:           -1.43 -+      0.643  N:            1.35 -+      0.671
STA_CRL:  MEDICINA_960601  C:   .173  -.355   .021   .318   .020  -.284   .024   .574   .102  -.433  -.267   .078   .411  -.358   .201
STA_GCX:  METSAHOV         X:   2892584896.75 -+      1.404  Y:   1311715552.86 -+      0.882  Z:   5512640129.94 -+      2.535 Obs_used:   44112 Obs_tot:   49222 Ses_used:    70 Ses_tot:    70 Date_beg: 2004.12.14 Date_end: 2018.02.14
STA_GCU:  METSAHOV         U:           -0.65 -+      2.882  E:            0.39 -+      0.592  N:            1.00 -+      0.720
STA_CRL:  METSAHOV         C:   .677   .854   .612   .079   .037   .021   .032   .204   .031   .453   .037   .050   .099   .738   .536
STA_GCX:  METSHOVI         X:   2890652510.66 -+     21.163  Y:   1310295514.43 -+      9.628  Z:   5513958818.84 -+     37.555 Obs_used:     575 Obs_tot:     575 Ses_used:     5 Ses_tot:     5 Date_beg: 1989.07.05 Date_end: 1989.07.11
STA_GCU:  METSHOVI         U:          -26.46 -+     43.947  E:            4.08 -+      2.609  N:           -0.39 -+      3.584
STA_CRL:  METSHOVI         C:   .956   .985   .951   .139   .111   .108   .078   .189   .075   .450   .120   .119   .132   .736   .533
STA_GCX:  MIAMI20          X:    961255208.76 -+      1.883  Y:  -5674092610.93 -+      7.583  Z:   2740533826.75 -+      4.066 Obs_used:    5484 Obs_tot:    5512 Ses_used:    19 Ses_tot:    19 Date_beg: 1995.06.13 Date_end: 1996.06.04
STA_GCU:  MIAMI20          U:            9.64 -+      8.597  E:            0.56 -+      1.378  N:          -10.44 -+      1.332
STA_CRL:  MIAMI20          C:  -.671   .622  -.933   .634  -.153   .144  -.264   .419  -.412  -.354   .190  -.338   .489   .268  -.801
STA_GCX:  MILESMON         X:  -1204438491.94 -+   9969.904  Y:  -4239211546.88 -+   9991.791  Z:   4596265782.45 -+   9992.787 Obs_used:     156 Obs_tot:     156 Ses_used:     1 Ses_tot:     1 Date_beg: 1988.04.15 Date_end: 1988.04.15
STA_GCU:  MILESMON         U:           14.16 -+   9999.257  E:          555.46 -+   9969.079  N:         -417.31 -+   9986.141
STA_CRL:  MILESMON         C:   .001  -.001  -.001   .000   .001  -.001   .001   .000  -.001   .001  -.001  -.001   .000  -.001  -.001
STA_GCX:  MIURA            X:  -3976129791.69 -+     18.398  Y:   3377927847.79 -+     15.148  Z:   3656753905.75 -+     16.713 Obs_used:   17662 Obs_tot:   18260 Ses_used:    15 Ses_tot:    15 Date_beg: 1995.05.22 Date_end: 2000.11.07
STA_GCU:  MIURA            U:          104.21 -+     28.713  E:          138.19 -+      3.352  N:           -5.30 -+      3.411
STA_CRL:  MIURA            C:  -.960  -.955   .965   .976  -.939  -.934  -.939   .977   .945  -.960  -.933   .942   .975  -.954   .967
STA_GCX:  MIURA____000901  X:  -3976129782.50 -+     15.007  Y:   3377927832.55 -+     12.382  Z:   3656753904.02 -+     13.660 Obs_used:       0 Obs_tot:       0 Ses_used:     0 Ses_tot:     0 Date_beg:            Date_end:           
STA_GCU:  MIURA____000901  U:           89.43 -+     23.438  E:          143.85 -+      2.774  N:            3.01 -+      2.842
STA_CRL:  MIURA____000901  C:  -.958  -.955   .962   .949  -.912  -.908  -.915   .949   .918  -.960  -.909   .916   .948  -.954   .967
STA_GCX:  MIYAZAKI         X:  -3582767905.53 -+    411.482  Y:   4052033656.00 -+    267.566  Z:   3369020109.21 -+    423.028 Obs_used:     740 Obs_tot:     823 Ses_used:     8 Ses_tot:     8 Date_beg: 1986.10.14 Date_end: 1993.12.02
STA_GCU:  MIYAZAKI         U:         -327.32 -+    461.186  E:           33.65 -+    224.914  N:           42.61 -+    395.706
STA_CRL:  MIYAZAKI         C:  -.694   .178   .577   .985  -.685   .175  -.679   .981   .565  -.696   .175   .570   .985   .171   .580
STA_GCX:  MIZNAO10         X:  -3857236105.21 -+      7.008  Y:   3108803324.04 -+      5.816  Z:   4003883086.12 -+      7.335 Obs_used:    3431 Obs_tot:    3486 Ses_used:    19 Ses_tot:    19 Date_beg: 1993.07.14 Date_end: 2006.10.12
STA_GCU:  MIZNAO10         U:           74.71 -+     11.526  E:           28.96 -+      1.398  N:           34.77 -+      1.393
STA_CRL:  MIZNAO10         C:  -.951  -.967   .946   .257  -.228  -.221  -.212   .288   .201  -.718  -.233   .227   .268  -.789   .746
STA_GCX:  MIZUSGSI         X:  -3862411889.96 -+     27.033  Y:   3105015129.28 -+     15.580  Z:   4001944888.57 -+     16.754 Obs_used:    1047 Obs_tot:    1047 Ses_used:     6 Ses_tot:     6 Date_beg: 1991.09.18 Date_end: 1991.11.26
STA_GCU:  MIZUSGSI         U:           55.55 -+     28.247  E:           48.81 -+     20.986  N:           57.39 -+      3.994
STA_CRL:  MIZUSGSI         C:   .015  -.792   .571   .121  -.153  -.170  -.101   .190   .163  -.718  -.104   .150   .196  -.789   .745
STA_GCX:  MK-VLBA          X:  -5464075144.40 -+      0.789  Y:  -2495248306.71 -+      0.939  Z:   2148297268.54 -+      1.099 Obs_used:  410523 Obs_tot:  420157 Ses_used:   253 Ses_tot:   253 Date_beg: 1993.07.19 Date_end: 2018.08.21
STA_GCU:  MK-VLBA          U:            6.42 -+      1.132  E:            1.55 -+      0.808  N:            1.46 -+      0.882
STA_CRL:  MK-VLBA          C:   .330  -.565  -.382   .669   .200  -.396   .188   .668  -.206   .222  -.391  -.213   .687  -.507  -.060
STA_GCX:  MK-VLBA__061015  X:  -5464075146.78 -+      0.685  Y:  -2495248307.99 -+      0.899  Z:   2148297270.19 -+      1.071 Obs_used:       0 Obs_tot:       0 Ses_used:     0 Ses_tot:     0 Date_beg:            Date_end:           
STA_GCU:  MK-VLBA__061015  U:            9.51 -+      1.022  E:            1.73 -+      0.792  N:            2.09 -+      0.868
STA_CRL:  MK-VLBA__061015  C:   .263  -.572  -.366   .087  -.082  -.210  -.091   .481  -.108   .222  -.232  -.116   .583  -.507  -.060
STA_GCX:  MOJ 7288         X:  -2356494340.41 -+     13.664  Y:  -4646607504.29 -+     26.706  Z:   3668426508.39 -+     21.620 Obs_used:     540 Obs_tot:     540 Ses_used:     1 Ses_tot:     1 Date_beg: 1987.11.01 Date_end: 1987.11.01
STA_GCU:  MOJ 7288         U:          -92.66 -+     36.807  E:           52.68 -+      2.055  N:          -40.48 -+      2.890
STA_CRL:  MOJ 7288         C:   .986  -.978  -.986   .144   .090  -.121   .098   .138  -.144   .602  -.097  -.106   .185  -.627  -.732
STA_GCX:  MOJAVE12         X:  -2356171236.33 -+      1.987  Y:  -4646755731.42 -+      3.662  Z:   3668470511.75 -+      4.010 Obs_used:  247993 Obs_tot:  248119 Ses_used:   720 Ses_tot:   720 Date_beg: 1983.06.27 Date_end: 1992.08.31
STA_GCU:  MOJAVE12         U:          -49.14 -+      5.238  E:           -2.54 -+      1.403  N:           -8.37 -+      2.008
STA_CRL:  MOJAVE12         C:   .667  -.659  -.775   .953   .633  -.635   .650   .980  -.760   .606  -.640  -.748   .977  -.630  -.734
STA_GCX:  MOJAVE12_920627  X:  -2356171259.22 -+      2.223  Y:  -4646755735.91 -+      4.082  Z:   3668470503.92 -+      4.228 Obs_used:       0 Obs_tot:       0 Ses_used:     0 Ses_tot:     0 Date_beg:            Date_end:           
STA_GCU:  MOJAVE12_920627  U:          -41.95 -+      5.715  E:          -20.93 -+      1.590  N:          -23.07 -+      2.071
STA_CRL:  MOJAVE12_920627  C:   .657  -.656  -.782   .752   .500  -.536   .514   .775  -.639   .606  -.515  -.595   .828  -.630  -.734
STA_GCX:  MON PEAK         X:  -2386290043.05 -+     23.495  Y:  -4802345905.43 -+     47.547  Z:   3444884181.12 -+     34.149 Obs_used:    8100 Obs_tot:    8121 Ses_used:    37 Ses_tot:    37 Date_beg: 1982.10.16 Date_end: 1990.11.11
STA_GCU:  MON PEAK         U:          -41.10 -+     62.262  E:           10.54 -+      6.303  N:           17.19 -+      7.914
STA_CRL:  MON PEAK         C:   .955  -.930  -.961   .969   .926  -.900   .926   .970  -.931   .956  -.900  -.932   .969  -.932  -.962
STA_GCX:  NL-VLBA          X:   -130872455.39 -+      0.438  Y:  -4762317100.13 -+      0.714  Z:   4226851012.40 -+      0.851 Obs_used:  573015 Obs_tot:  586201 Ses_used:   258 Ses_tot:   258 Date_beg: 1992.08.28 Date_end: 2018.09.12
STA_GCU:  NL-VLBA          U:            6.70 -+      0.963  E:           -1.27 -+      0.436  N:            1.25 -+      0.556
STA_CRL:  NL-VLBA          C:   .136  -.323  -.527   .583   .044  -.187   .058   .697  -.312  -.004  -.250  -.302   .725  -.199  -.236
STA_GCX:  NOBEY 6M         X:  -3871169478.85 -+    361.537  Y:   3428275344.19 -+    328.635  Z:   3723698584.24 -+    329.769 Obs_used:     606 Obs_tot:     606 Ses_used:     6 Ses_tot:     6 Date_beg: 1990.01.23 Date_end: 1991.07.09
STA_GCU:  NOBEY 6M         U:          425.49 -+    565.981  E:          -19.82 -+    110.023  N:          -82.14 -+    122.546
STA_CRL:  NOBEY 6M         C:  -.898  -.890   .862   .998  -.896  -.888  -.893   .998   .859  -.896  -.885   .859   .998  -.888   .860
STA_GCX:  NOME             X:  -2658151033.35 -+     57.357  Y:   -693822100.72 -+     23.893  Z:   5737236673.00 -+    109.611 Obs_used:    1708 Obs_tot:    1708 Ses_used:    10 Ses_tot:    10 Date_beg: 1984.07.14 Date_end: 1990.06.20
STA_GCU:  NOME             U:          211.00 -+    123.057  E:           -0.79 -+     15.575  N:          -24.55 -+     22.128
STA_CRL:  NOME             C:   .749  -.917  -.682   .958   .737  -.855   .725   .980  -.638   .766  -.876  -.665   .948  -.906  -.679
STA_GCX:  NOTO             X:   4934562893.54 -+      1.038  Y:   1321201487.50 -+      0.775  Z:   3806484693.29 -+      0.994 Obs_used:  140555 Obs_tot:  148956 Ses_used:   203 Ses_tot:   203 Date_beg: 1989.06.03 Date_end: 2018.08.01
STA_GCU:  NOTO             U:            8.93 -+      1.288  E:           -1.21 -+      0.703  N:            1.16 -+      0.716
STA_CRL:  NOTO             C:   .345   .508   .312   .348   .090   .066   .075   .570   .171  -.160   .049   .157   .398   .142   .339
STA_GCX:  NRAO 140         X:    882879695.84 -+      0.776  Y:  -4924482332.30 -+      2.047  Z:   3944130718.63 -+      1.718 Obs_used:    6921 Obs_tot:    6965 Ses_used:    15 Ses_tot:    15 Date_beg: 1979.08.03 Date_end: 1996.05.22
STA_GCU:  NRAO 140         U:           10.26 -+      2.497  E:           -7.08 -+      0.761  N:           -3.51 -+      0.964
STA_CRL:  NRAO 140         C:  -.245   .135  -.735   .743  -.178   .114  -.219   .848  -.684  -.187   .126  -.630   .833   .112  -.712
STA_GCX:  NRAO20           X:    883772558.92 -+      0.601  Y:  -4924385624.22 -+      1.450  Z:   3944042534.59 -+      1.311 Obs_used:  207596 Obs_tot:  210520 Ses_used:   327 Ses_tot:   327 Date_beg: 1995.02.07 Date_end: 2000.06.27
STA_GCU:  NRAO20           U:           23.57 -+      1.836  E:           -4.99 -+      0.601  N:           -5.18 -+      0.670
STA_CRL:  NRAO20           C:  -.179   .067  -.773   .755  -.175   .090  -.197   .905  -.685  -.187   .097  -.686   .869   .112  -.712
STA_GCX:  NRAO85 1         X:    883555362.64 -+      0.834  Y:  -4924490918.16 -+      2.384  Z:   3943962025.89 -+      2.006 Obs_used:     742 Obs_tot:     742 Ses_used:     2 Ses_tot:     2 Date_beg: 1992.10.30 Date_end: 1992.11.11
STA_GCU:  NRAO85 1         U:           33.92 -+      2.822  E:           -2.57 -+      0.798  N:           13.80 -+      1.343
STA_CRL:  NRAO85 1         C:  -.310   .111  -.622   .686  -.154   .100  -.204   .722  -.582  -.186   .121  -.542   .715   .111  -.711
STA_GCX:  NRAO85 3         X:    882325381.97 -+      0.719  Y:  -4925138024.67 -+      1.798  Z:   3943397720.83 -+      1.576 Obs_used:  166071 Obs_tot:  166344 Ses_used:   539 Ses_tot:   539 Date_beg: 1989.02.15 Date_end: 1996.08.20
STA_GCU:  NRAO85 3         U:           22.54 -+      2.259  E:           -5.82 -+      0.704  N:           -5.33 -+      0.795
STA_CRL:  NRAO85 3         C:  -.236   .142  -.781   .779  -.204   .126  -.237   .946  -.740  -.187   .144  -.718   .908   .111  -.712
STA_GCX:  NYALES20         X:   1202462565.97 -+      0.418  Y:    252734495.31 -+      0.603  Z:   6237766177.76 -+      0.658 Obs_used: 1823622 Obs_tot: 1866365 Ses_used:  1975 Ses_tot:  1975 Date_beg: 1994.10.04 Date_end: 2019.01.03
STA_GCU:  NYALES20         U:            2.30 -+      0.613  E:           -0.25 -+      0.567  N:            2.62 -+      0.522
STA_CRL:  NYALES20         C:   .332  -.380  -.333   .380   .103  -.182   .169   .608  -.136   .014  -.280  -.120   .573  -.377  -.290
STA_GCX:  OCOTILLO         X:  -2335604049.96 -+   1577.093  Y:  -4832249279.54 -+   3325.891  Z:   3434393492.12 -+   2856.679 Obs_used:     245 Obs_tot:     248 Ses_used:     2 Ses_tot:     2 Date_beg: 1984.03.03 Date_end: 1985.03.04
STA_GCU:  OCOTILLO         U:         5382.50 -+   4500.971  E:         -552.80 -+    547.097  N:        -2389.60 -+   1073.005
STA_CRL:  OCOTILLO         C:   .927  -.810  -.906   .000   .927  -.810   .926   .000  -.906   .927  -.808  -.905   .000  -.808  -.905
STA_GCX:  OHIGGINS         X:   1525833234.17 -+      1.943  Y:  -2432463668.16 -+      2.749  Z:  -5676174422.64 -+      5.542 Obs_used:   19309 Obs_tot:   20481 Ses_used:   138 Ses_tot:   138 Date_beg: 1993.01.25 Date_end: 2018.05.15
STA_GCU:  OHIGGINS         U:          -62.79 -+      6.157  E:           -8.60 -+      1.494  N:            7.24 -+      1.383
STA_CRL:  OHIGGINS         C:  -.543  -.762   .777   .440  -.068  -.133  -.061   .406   .101  -.192  -.214   .156   .252  -.390   .514
STA_GCX:  ONSALA60         X:   3370605841.28 -+      0.434  Y:    711917673.87 -+      0.613  Z:   5349830873.52 -+      0.644 Obs_used:  885981 Obs_tot:  906548 Ses_used:  1003 Ses_tot:  1003 Date_beg: 1980.07.26 Date_end: 2019.01.02
STA_GCU:  ONSALA60         U:            3.10 -+      0.490  E:           -0.18 -+      0.586  N:            1.69 -+      0.629
STA_CRL:  ONSALA60         C:   .228  -.437  -.136   .363   .047  -.261   .073   .585   .011  -.330  -.301   .006   .462  -.475   .016
STA_GCX:  OV-VLBA          X:  -2409150349.43 -+      0.459  Y:  -4478573141.24 -+      0.763  Z:   3838617351.58 -+      0.950 Obs_used:  576378 Obs_tot:  588669 Ses_used:   250 Ses_tot:   250 Date_beg: 1992.08.28 Date_end: 2018.09.12
STA_GCU:  OV-VLBA          U:            7.04 -+      1.019  E:           -1.01 -+      0.505  N:            0.41 -+      0.634
STA_CRL:  OV-VLBA          C:   .133  -.438  -.454   .575  -.006  -.245  -.009   .673  -.250  -.157  -.305  -.249   .723  -.270  -.104
STA_GCX:  OVR 7853         X:  -2410421513.78 -+     12.642  Y:  -4477800211.66 -+     23.727  Z:   3838690195.61 -+     21.171 Obs_used:     564 Obs_tot:     564 Ses_used:     1 Ses_tot:     1 Date_beg: 1987.11.01 Date_end: 1987.11.01
STA_GCU:  OVR 7853         U:            9.09 -+     33.709  E:         -417.67 -+      3.725  N:         -169.41 -+      4.563
STA_CRL:  OVR 7853         C:   .945  -.929  -.961   .449   .393  -.370   .359   .483  -.416   .792  -.335  -.411   .478  -.749  -.846
STA_GCX:  OVRO 130         X:  -2409601059.09 -+      5.846  Y:  -4478349391.12 -+     11.801  Z:   3838603124.32 -+     10.435 Obs_used:   30528 Obs_tot:   30731 Ses_used:   127 Ses_tot:   127 Date_beg: 1979.08.03 Date_end: 1988.11.09
STA_GCU:  OVRO 130         U:          -62.09 -+     15.969  E:            9.68 -+      3.261  N:           -0.14 -+      4.086
STA_CRL:  OVRO 130         C:   .819  -.771  -.866   .959   .782  -.743   .772   .969  -.838   .793  -.717  -.820   .967  -.750  -.846
STA_GCX:  PARKES           X:  -4554232380.38 -+     10.508  Y:   2816758863.66 -+      6.610  Z:  -3454035153.75 -+      8.080 Obs_used:   21296 Obs_tot:   22000 Ses_used:    62 Ses_tot:    62 Date_beg: 1992.05.23 Date_end: 2016.08.09
STA_GCU:  PARKES           U:          -84.42 -+     14.716  E:            8.45 -+      1.179  N:            0.32 -+      1.211
STA_CRL:  PARKES           C:  -.978   .981  -.976   .097  -.091   .086  -.090   .116  -.089  -.935   .087  -.091   .108   .940  -.907
STA_GCX:  PBLOSSOM         X:  -2464071233.39 -+     70.312  Y:  -4649425023.20 -+    130.404  Z:   3593905598.92 -+     97.146 Obs_used:    1517 Obs_tot:    1528 Ses_used:    10 Ses_tot:    10 Date_beg: 1983.02.21 Date_end: 1988.02.08
STA_GCU:  PBLOSSOM         U:          -62.32 -+    174.666  E:          -73.17 -+     16.839  N:         -157.48 -+     24.384
STA_CRL:  PBLOSSOM         C:   .963  -.941  -.953   .981   .948  -.923   .941   .980  -.932   .965  -.921  -.936   .978  -.945  -.957
STA_GCX:  PENTICTN         X:  -2058840708.19 -+      8.240  Y:  -3621286422.19 -+     36.210  Z:   4814420611.84 -+     45.901 Obs_used:    3422 Obs_tot:    3605 Ses_used:    21 Ses_tot:    21 Date_beg: 1984.08.24 Date_end: 2001.06.06
STA_GCU:  PENTICTN         U:          -51.68 -+     57.495  E:          -19.36 -+     12.513  N:          -10.68 -+      4.870
STA_CRL:  PENTICTN         C:   .839  -.838  -.994   .860   .661  -.660   .862   .948  -.940   .835  -.862  -.939   .945  -.840  -.990
STA_GCX:  PIETOWN          X:  -1640953898.92 -+      0.479  Y:  -5014816044.00 -+      0.758  Z:   3575411804.06 -+      0.936 Obs_used:  626425 Obs_tot:  640807 Ses_used:   299 Ses_tot:   299 Date_beg: 1988.09.08 Date_end: 2018.09.12
STA_GCU:  PIETOWN          U:            5.30 -+      1.011  E:           -2.48 -+      0.490  N:           -1.13 -+      0.645
STA_CRL:  PIETOWN          C:   .104  -.417  -.488   .571   .009  -.237   .014   .692  -.310  -.125  -.310  -.288   .714  -.300  -.210
STA_GCX:  PINFLATS         X:  -2369636413.67 -+     46.916  Y:  -4761324578.58 -+     90.591  Z:   3511116293.51 -+     68.529 Obs_used:    3539 Obs_tot:    3550 Ses_used:    20 Ses_tot:    20 Date_beg: 1983.10.31 Date_end: 1990.02.10
STA_GCU:  PINFLATS         U:            2.40 -+    121.286  E:          -13.75 -+     13.044  N:            6.22 -+     14.955
STA_CRL:  PINFLATS         C:   .951  -.934  -.963   .984   .937  -.918   .932   .983  -.944   .951  -.918  -.949   .983  -.935  -.964
STA_GCX:  PLATTVIL         X:  -1240708381.03 -+     18.585  Y:  -4720454318.21 -+     56.066  Z:   4094481419.85 -+     47.434 Obs_used:    5110 Obs_tot:    5111 Ses_used:    23 Ses_tot:    23 Date_beg: 1983.06.07 Date_end: 1990.10.28
STA_GCU:  PLATTVIL         U:         -118.84 -+     74.463  E:           27.99 -+      8.625  N:          -25.49 -+     10.936
STA_CRL:  PLATTVIL         C:   .882  -.850  -.957   .985   .862  -.830   .870   .978  -.935   .884  -.838  -.934   .977  -.854  -.956
STA_GCX:  PRESIDIO         X:  -2707705199.21 -+     49.414  Y:  -4257608931.05 -+     77.559  Z:   3888374233.38 -+     68.784 Obs_used:    4124 Obs_tot:    4133 Ses_used:    21 Ses_tot:    21 Date_beg: 1983.08.25 Date_end: 1991.07.18
STA_GCU:  PRESIDIO         U:          -41.63 -+    113.147  E:          -19.92 -+     11.937  N:           45.44 -+     15.611
STA_CRL:  PRESIDIO         C:   .959  -.942  -.956   .989   .949  -.934   .950   .989  -.948   .960  -.931  -.944   .988  -.944  -.957
STA_GCX:  PRESIDIO_891001  X:  -2707705192.06 -+     42.454  Y:  -4257608930.84 -+     66.585  Z:   3888374219.67 -+     59.356 Obs_used:       0 Obs_tot:       0 Ses_used:     0 Ses_tot:     0 Date_beg:            Date_end:           
STA_GCU:  PRESIDIO_891001  U:          -53.21 -+     97.336  E:          -14.00 -+     10.296  N:           37.06 -+     13.367
STA_CRL:  PRESIDIO_891001  C:   .959  -.943  -.956   .980   .940  -.924   .941   .981  -.938   .960  -.924  -.937   .979  -.944  -.957
STA_GCX:  PT REYES         X:  -2732333615.94 -+     37.462  Y:  -4217634404.63 -+     56.761  Z:   3914491563.40 -+     52.940 Obs_used:    3350 Obs_tot:    3354 Ses_used:    19 Ses_tot:    19 Date_beg: 1983.08.27 Date_end: 1991.07.13
STA_GCU:  PT REYES         U:         -114.12 -+     84.887  E:            7.70 -+      9.525  N:            2.31 -+     11.464
STA_CRL:  PT REYES         C:   .953  -.942  -.957   .978   .931  -.921   .931   .977  -.935   .953  -.917  -.932   .976  -.941  -.956
STA_GCX:  PVERDES          X:  -2525453259.09 -+     77.858  Y:  -4670034844.78 -+    138.928  Z:   3522886858.82 -+    105.383 Obs_used:    1497 Obs_tot:    1501 Ses_used:     9 Ses_tot:     9 Date_beg: 1983.11.12 Date_end: 1990.02.05
STA_GCU:  PVERDES          U:         -173.64 -+    188.932  E:           -2.33 -+     17.663  N:          -14.10 -+     21.475
STA_CRL:  PVERDES          C:   .966  -.950  -.969   .980   .945  -.928   .946   .978  -.946   .966  -.929  -.946   .978  -.949  -.968
STA_GCX:  QUINCY           X:  -2517231244.44 -+     27.308  Y:  -4198595065.89 -+     44.652  Z:   4076531188.62 -+     41.893 Obs_used:    4791 Obs_tot:    4800 Ses_used:    22 Ses_tot:    22 Date_beg: 1982.10.21 Date_end: 1990.10.08
STA_GCU:  QUINCY           U:           58.13 -+     65.836  E:           26.66 -+      8.028  N:           29.07 -+      9.784
STA_CRL:  QUINCY           C:   .940  -.916  -.955   .975   .916  -.892   .916   .974  -.930   .942  -.891  -.929   .971  -.920  -.957
STA_GCX:  RAEGYEB          X:   4848831124.17 -+      0.844  Y:   -261629592.82 -+      0.707  Z:   4122976436.88 -+      0.904 Obs_used:   40140 Obs_tot:   41035 Ses_used:    35 Ses_tot:    35 Date_beg: 2015.02.16 Date_end: 2016.01.07
STA_GCU:  RAEGYEB          U:          -19.38 -+      1.056  E:          -55.92 -+      0.711  N:          -50.69 -+      0.640
STA_CRL:  RAEGYEB          C:   .080   .477  -.052  -.194   .019  -.327   .017   .462   .035  -.187  -.274   .034   .052   .231   .175
STA_GCX:  RICHMOND         X:    961257932.44 -+      1.790  Y:  -5674090065.36 -+      4.578  Z:   2740533835.50 -+      2.859 Obs_used:  171966 Obs_tot:  173157 Ses_used:   753 Ses_tot:   753 Date_beg: 1984.01.04 Date_end: 1992.08.20
STA_GCU:  RICHMOND         U:           12.40 -+      5.254  E:            1.64 -+      1.620  N:          -13.16 -+      1.449
STA_CRL:  RICHMOND         C:  -.398   .307  -.832   .917  -.365   .281  -.400   .986  -.824  -.356   .298  -.792   .954   .270  -.804
STA_GCX:  ROBLED32         X:   4849245139.45 -+     50.707  Y:   -360277912.05 -+     11.077  Z:   4114884749.32 -+     34.684 Obs_used:      97 Obs_tot:     103 Ses_used:     1 Ses_tot:     1 Date_beg: 1983.05.05 Date_end: 1983.05.05
STA_GCU:  ROBLED32         U:           18.38 -+     60.597  E:           -3.41 -+      9.300  N:          -33.63 -+     11.767
STA_CRL:  ROBLED32         C:  -.598   .947  -.543   .074   .013   .093   .006   .102   .006  -.018   .059   .006   .104   .714   .100
STA_GCX:  SAGARA           X:  -3913435648.14 -+   4124.408  Y:   3501122331.05 -+   2434.299  Z:   3608592144.21 -+   3930.141 Obs_used:     463 Obs_tot:     503 Ses_used:     3 Ses_tot:     3 Date_beg: 1992.11.23 Date_end: 1993.02.28
STA_GCU:  SAGARA           U:        -2363.38 -+   4534.174  E:        -1115.62 -+   2311.263  N:          201.70 -+   3532.973
STA_CRL:  SAGARA           C:  -.552   .069   .744   .000  -.552   .070  -.552   .000   .744  -.552   .070   .744   .000   .070   .744
STA_GCX:  SANPAULA         X:  -2554477393.08 -+     73.920  Y:  -4608627019.32 -+    131.315  Z:   3582138659.20 -+    100.081 Obs_used:    1519 Obs_tot:    1521 Ses_used:    10 Ses_tot:    10 Date_beg: 1983.08.31 Date_end: 1990.01.31
STA_GCU:  SANPAULA         U:         -109.25 -+    178.849  E:          -21.51 -+     16.807  N:          -43.74 -+     21.321
STA_CRL:  SANPAULA         C:   .966  -.956  -.964   .976   .943  -.932   .940   .976  -.937   .965  -.929  -.937   .974  -.955  -.962
STA_GCX:  SANTIA12         X:   1769693415.43 -+      8.089  Y:  -5044504635.57 -+     14.325  Z:  -3468434812.25 -+     11.360 Obs_used:   23631 Obs_tot:   23821 Ses_used:   125 Ses_tot:   125 Date_beg: 1991.11.20 Date_end: 1996.11.25
STA_GCU:  SANTIA12         U:           10.35 -+     18.216  E:            2.62 -+      5.519  N:            0.49 -+      6.115
STA_CRL:  SANTIA12         C:  -.695  -.648   .760   .983  -.679  -.637  -.683   .991   .752  -.672  -.635   .747   .993  -.630   .745
STA_GCX:  SC-VLBA          X:   2607848615.09 -+      0.640  Y:  -5488069572.09 -+      1.008  Z:   1932739702.42 -+      0.812 Obs_used:  406936 Obs_tot:  419841 Ses_used:   234 Ses_tot:   234 Date_beg: 1993.06.25 Date_end: 2018.09.12
STA_GCU:  SC-VLBA          U:           10.22 -+      1.079  E:           -2.92 -+      0.704  N:            3.47 -+      0.652
STA_CRL:  SC-VLBA          C:  -.052  -.118  -.640   .537   .087  -.116   .103   .561  -.357   .199  -.120  -.315   .616   .090  -.416
STA_GCX:  SEATTLE1         X:  -2295348032.98 -+    150.435  Y:  -3638029138.70 -+   1070.305  Z:   4693408148.72 -+   1065.626 Obs_used:     542 Obs_tot:     543 Ses_used:     3 Ses_tot:     3 Date_beg: 1986.08.27 Date_end: 1990.08.09
STA_GCU:  SEATTLE1         U:           91.31 -+   1444.132  E:           59.47 -+    465.701  N:          171.13 -+     36.701
STA_CRL:  SEATTLE1         C:   .863  -.876  -.998   .986   .877  -.887   .856   .999  -.997   .876  -.867  -.998   .999  -.887  -.999
STA_GCX:  SEJONG           X:  -3110079909.03 -+      1.883  Y:   4082066686.58 -+      2.267  Z:   3775076804.32 -+      2.200 Obs_used:  154193 Obs_tot:  160008 Ses_used:   179 Ses_tot:   179 Date_beg: 2014.09.29 Date_end: 2019.01.07
STA_GCU:  SEJONG           U:           52.83 -+      3.359  E:           51.10 -+      1.057  N:          -10.11 -+      1.062
STA_CRL:  SEJONG           C:  -.732  -.801   .726  -.879   .758   .672   .791  -.872  -.760  -.754   .706  -.765  -.787  -.755   .790
STA_GCX:  SESHAN25         X:  -2831687304.55 -+      0.612  Y:   4675733516.54 -+      0.871  Z:   3275327533.74 -+      0.953 Obs_used:  275445 Obs_tot:  282463 Ses_used:   386 Ses_tot:   386 Date_beg: 1988.04.09 Date_end: 2018.08.20
STA_GCU:  SESHAN25         U:           -2.65 -+      0.950  E:            4.83 -+      0.728  N:           -2.21 -+      0.781
STA_CRL:  SESHAN25         C:   .110  -.709   .044   .277   .122  -.243   .216   .462  -.035   .201  -.322  -.031   .507  -.329   .115
STA_GCX:  SEST             X:   1838235846.33 -+   3730.487  Y:  -5258695145.98 -+   6053.874  Z:  -3100594233.56 -+   3542.001 Obs_used:     353 Obs_tot:     353 Ses_used:     3 Ses_tot:     3 Date_beg: 1990.04.18 Date_end: 1990.05.24
STA_GCU:  SEST             U:        -1753.99 -+   6248.929  E:          899.79 -+   3378.127  N:        -1947.50 -+   3556.802
STA_CRL:  SEST             C:  -.354  -.127   .335   .000  -.354  -.126  -.353   .000   .334  -.353  -.126   .335   .000  -.126   .334
STA_GCX:  SHANGHAI         X:  -2847696068.61 -+   9999.724  Y:   4659874404.22 -+   9999.342  Z:   3283960544.31 -+   9999.232 Obs_used:     138 Obs_tot:     168 Ses_used:     1 Ses_tot:     1 Date_beg: 1986.06.13 Date_end: 1986.06.13
STA_GCU:  SHANGHAI         U:         1228.14 -+   9999.809  E:        -3300.37 -+   9999.525  N:         1700.01 -+   9998.964
STA_CRL:  SHANGHAI         C:  -.000  -.000   .000   .000  -.000  -.000  -.000   .000   .000  -.000  -.000   .000   .000  -.000   .000
STA_GCX:  SINTOTU          X:  -3642142104.11 -+     76.436  Y:   2861496736.74 -+     66.481  Z:   4370361651.10 -+     73.700 Obs_used:     529 Obs_tot:     529 Ses_used:     3 Ses_tot:     3 Date_beg: 1990.07.26 Date_end: 1990.07.30
STA_GCU:  SINTOTU          U:          158.01 -+    113.690  E:         -243.49 -+     51.496  N:           69.34 -+     10.798
STA_CRL:  SINTOTU          C:  -.468  -.849   .858   .114  -.106  -.126  -.103   .118   .125  -.849  -.109   .112   .134  -.923   .922
STA_GCX:  SINTOTU3         X:  -3642142223.26 -+      3.238  Y:   2861496682.14 -+      2.689  Z:   4370361721.35 -+      3.868 Obs_used:   19740 Obs_tot:   20615 Ses_used:    94 Ses_tot:    94 Date_beg: 1995.11.21 Date_end: 2013.12.04
STA_GCU:  SINTOTU3         U:           -6.77 -+      5.575  E:           13.97 -+      0.966  N:           -2.74 -+      0.814
STA_CRL:  SINTOTU3         C:  -.891  -.959   .893   .137  -.104  -.116  -.092   .119   .080  -.850  -.112   .088   .122  -.923   .922
STA_GCX:  SNDPOINT         X:  -3425462291.08 -+     85.035  Y:  -1214669080.17 -+     50.237  Z:   5223858066.10 -+    127.783 Obs_used:    2437 Obs_tot:    2437 Ses_used:    13 Ses_tot:    13 Date_beg: 1984.07.14 Date_end: 1990.07.12
STA_GCU:  SNDPOINT         U:          263.35 -+    157.671  E:           31.15 -+     29.571  N:            0.80 -+     18.667
STA_CRL:  SNDPOINT         C:   .808  -.966  -.838   .978   .803  -.949   .789   .991  -.822   .810  -.941  -.830   .978  -.968  -.840
STA_GCX:  SOURDOGH         X:  -2419993975.94 -+     84.361  Y:  -1664228736.98 -+     64.272  Z:   5643537992.48 -+    194.596 Obs_used:    4156 Obs_tot:    4158 Ses_used:    16 Ses_tot:    16 Date_beg: 1984.07.31 Date_end: 1989.08.03
STA_GCU:  SOURDOGH         U:          113.66 -+    217.749  E:          -19.97 -+     32.355  N:           14.18 -+     25.568
STA_CRL:  SOURDOGH         C:   .798  -.921  -.903   .993   .791  -.913   .791   .993  -.895   .796  -.913  -.895   .992  -.920  -.901
STA_GCX:  SOURDOGH_871201  X:  -2419993957.20 -+     73.773  Y:  -1664228761.94 -+     56.256  Z:   5643538031.46 -+    169.933 Obs_used:       0 Obs_tot:       0 Ses_used:     0 Ses_tot:     0 Date_beg:            Date_end:           
STA_GCU:  SOURDOGH_871201  U:          147.69 -+    190.204  E:           11.21 -+     28.415  N:           33.24 -+     22.344
STA_CRL:  SOURDOGH_871201  C:   .797  -.921  -.902   .990   .787  -.911   .788   .992  -.894   .796  -.910  -.892   .990  -.920  -.901
STA_GCX:  SUWON            X:  -3062016080.39 -+   7295.735  Y:   4055460605.26 -+   8217.384  Z:   3841810811.79 -+   9952.717 Obs_used:     567 Obs_tot:     575 Ses_used:     3 Ses_tot:     3 Date_beg: 1995.10.24 Date_end: 1995.11.01
STA_GCU:  SUWON            U:          998.85 -+   9953.137  E:       -10817.46 -+   4597.137  N:          513.79 -+   9980.537
STA_CRL:  SUWON            C:  -.647  -.081  -.060   .000  -.647  -.081  -.647   .000  -.060  -.647  -.081  -.060   .000  -.081  -.060
STA_GCX:  SVETLOE          X:   2730173723.42 -+      0.483  Y:   1562442751.93 -+      0.617  Z:   5529969118.70 -+      0.740 Obs_used:  536642 Obs_tot:  561522 Ses_used:   574 Ses_tot:   574 Date_beg: 2003.03.06 Date_end: 2018.12.27
STA_GCU:  SVETLOE          U:            3.87 -+      0.642  E:            1.47 -+      0.519  N:            0.67 -+      0.693
STA_CRL:  SVETLOE          C:   .292  -.290  -.051   .302   .046  -.254   .071   .564  -.015  -.198  -.314  -.011   .347  -.299   .027
STA_GCX:  SYOWA            X:   1766194192.60 -+      1.941  Y:   1460410905.97 -+      1.982  Z:  -5932273346.08 -+      5.314 Obs_used:   16862 Obs_tot:   17541 Ses_used:    80 Ses_tot:    80 Date_beg: 1999.11.08 Date_end: 2016.02.10
STA_GCU:  SYOWA            U:            0.43 -+      5.689  E:           -6.07 -+      1.321  N:           -7.49 -+      1.350
STA_CRL:  SYOWA            C:   .560  -.800  -.609   .170   .021  -.032   .043   .314  -.029   .323  -.063  -.018   .081  -.519  -.457
STA_GCX:  TATEYAMA         X:  -4000983203.68 -+     27.645  Y:   3375275904.49 -+     22.914  Z:   3632213291.43 -+     25.385 Obs_used:   22620 Obs_tot:   23645 Ses_used:    19 Ses_tot:    19 Date_beg: 1997.11.01 Date_end: 2001.06.11
STA_GCU:  TATEYAMA         U:          178.87 -+     43.583  E:          181.67 -+      4.363  N:           19.51 -+      3.892
STA_CRL:  TATEYAMA         C:  -.970  -.974   .976   .986  -.957  -.961  -.957   .986   .964  -.971  -.961   .964   .986  -.975   .978
STA_GCX:  TATEYAMA_000901  X:  -4000983200.61 -+     22.351  Y:   3375275865.97 -+     18.548  Z:   3632213312.06 -+     20.560 Obs_used:       0 Obs_tot:       0 Ses_used:     0 Ses_tot:     0 Date_beg:            Date_end:           
STA_GCU:  TATEYAMA_000901  U:          168.40 -+     35.303  E:          209.13 -+      3.340  N:           51.99 -+      2.979
STA_CRL:  TATEYAMA_000901  C:  -.973  -.977   .978   .974  -.947  -.951  -.948   .974   .953  -.971  -.952   .953   .974  -.975   .978
STA_GCX:  TIANMA65         X:  -2826708525.09 -+      6.892  Y:   4679237111.72 -+     10.529  Z:   3274667599.97 -+      7.684 Obs_used:   10184 Obs_tot:   10383 Ses_used:    18 Ses_tot:    18 Date_beg: 2014.05.27 Date_end: 2018.01.30
STA_GCU:  TIANMA65         U:           36.08 -+     14.086  E:         -131.14 -+      2.672  N:           62.29 -+      3.440
STA_CRL:  TIANMA65         C:  -.892  -.815   .850  -.878   .756   .661   .789  -.866  -.708  -.885   .708  -.726  -.865  -.790   .822
STA_GCX:  TIDBIN64         X:  -4460895169.91 -+      8.812  Y:   2682361522.84 -+      6.163  Z:  -3674747739.71 -+      8.211 Obs_used:    2664 Obs_tot:    2733 Ses_used:    14 Ses_tot:    14 Date_beg: 1988.08.20 Date_end: 2015.05.16
STA_GCU:  TIDBIN64         U:           50.08 -+     12.653  E:           13.50 -+      2.627  N:           -2.08 -+      4.006
STA_CRL:  TIDBIN64         C:  -.868   .799  -.750   .057  -.035   .018  -.019   .088  -.026  -.377  -.011  -.016   .064   .211  -.125
STA_GCX:  TIGOCONC         X:   1492054417.34 -+      0.999  Y:  -4887961020.33 -+      1.520  Z:  -3803541233.34 -+      1.060 Obs_used:  247961 Obs_tot:  258705 Ses_used:  1243 Ses_tot:  1243 Date_beg: 2002.05.13 Date_end: 2014.05.29
STA_GCU:  TIGOCONC         U:            2.76 -+      1.385  E:           -4.31 -+      1.080  N:           10.39 -+      1.160
STA_CRL:  TIGOCONC         C:   .066  -.464   .004   .487   .046  -.181   .047   .498  -.064  -.048  -.214  -.074   .432  -.176   .248
STA_GCX:  TIGOWTZL         X:   4075572468.32 -+      5.285  Y:    931755341.36 -+      1.451  Z:   4801584488.81 -+      6.177 Obs_used:    9930 Obs_tot:   10294 Ses_used:    21 Ses_tot:    21 Date_beg: 1997.12.08 Date_end: 2000.12.18
STA_GCU:  TIGOWTZL         U:            0.09 -+      8.167  E:           -0.48 -+      0.854  N:            1.14 -+      0.875
STA_CRL:  TIGOWTZL         C:   .798   .977   .790   .034   .014  -.029   .003   .264   .008  -.427  -.023   .027   .049  -.475   .136
STA_GCX:  TITIJIMA         X:  -4489356535.60 -+   1932.125  Y:   3482990351.95 -+   2162.576  Z:   2887931841.82 -+   1210.871 Obs_used:     357 Obs_tot:     385 Ses_used:     4 Ses_tot:     4 Date_beg: 1987.11.18 Date_end: 1989.12.05
STA_GCU:  TITIJIMA         U:          594.17 -+   2236.001  E:           49.68 -+   2176.022  N:          343.92 -+    375.871
STA_CRL:  TITIJIMA         C:   .102  -.890   .345   .998   .102  -.889   .102   .999   .344   .101  -.888   .344   .998  -.890   .345
STA_GCX:  TOMAKO11         X:  -3680586350.19 -+    424.330  Y:   2917515908.29 -+    324.998  Z:   4300987839.57 -+    406.852 Obs_used:    1114 Obs_tot:    1174 Ses_used:     2 Ses_tot:     2 Date_beg: 2003.05.21 Date_end: 2003.07.16
STA_GCU:  TOMAKO11         U:            7.09 -+    642.484  E:          -90.29 -+    144.270  N:          137.05 -+    132.701
STA_CRL:  TOMAKO11         C:  -.846  -.899   .884   .000  -.844  -.898  -.847   .000   .884  -.845  -.899   .882   .000  -.899   .883
STA_GCX:  TOULOUSE         X:   4627949157.05 -+   9692.954  Y:    119848160.46 -+   9506.786  Z:   4372864817.13 -+   9686.013 Obs_used:     275 Obs_tot:     275 Ses_used:     3 Ses_tot:     3 Date_beg: 1992.05.10 Date_end: 1992.05.12
STA_GCU:  TOULOUSE         U:          711.58 -+   9988.063  E:         4258.74 -+   9501.951  N:         1581.11 -+   9386.304
STA_CRL:  TOULOUSE         C:   .020   .062  -.013   .000   .020   .063   .020   .000  -.013   .020   .062  -.013   .000   .062  -.013
STA_GCX:  TROMSONO         X:   2102903734.55 -+     48.102  Y:    721602860.63 -+     30.413  Z:   5958201293.74 -+    115.716 Obs_used:    1558 Obs_tot:    1558 Ses_used:     8 Ses_tot:     8 Date_beg: 1989.07.30 Date_end: 1992.08.29
STA_GCU:  TROMSONO         U:         -162.91 -+    124.810  E:           21.08 -+     25.824  N:          -10.08 -+     19.613
STA_CRL:  TROMSONO         C:   .450   .913   .485   .984   .442   .873   .408   .994   .434   .416   .903   .487   .978   .900   .454
STA_GCX:  TRYSILNO         X:   2988029101.45 -+     85.451  Y:    655957193.72 -+     28.831  Z:   5578669501.48 -+    155.943 Obs_used:    3049 Obs_tot:    3049 Ses_used:    15 Ses_tot:    15 Date_beg: 1991.11.08 Date_end: 1993.03.22
STA_GCU:  TRYSILNO         U:          173.13 -+    177.051  E:          -23.52 -+     22.746  N:          -26.25 -+     24.226
STA_CRL:  TRYSILNO         C:   .592   .947   .607   .995   .588   .942   .584   .997   .599   .586   .941   .604   .995   .946   .602
STA_GCX:  TSUKU3           X:  -3957184478.76 -+     32.882  Y:   3310224837.34 -+     27.686  Z:   3737709021.79 -+     31.968 Obs_used:     250 Obs_tot:     258 Ses_used:     1 Ses_tot:     1 Date_beg: 2001.06.14 Date_end: 2001.06.14
STA_GCU:  TSUKU3           U:          -54.76 -+     53.299  E:            4.75 -+      3.260  N:           -3.64 -+      4.280
STA_CRL:  TSUKU3           C:  -.988  -.984   .982   .006   .004  -.007   .003   .018  -.002   .461  -.006  -.001   .017  -.218  -.026
STA_GCX:  TSUKUB32         X:  -3957408809.57 -+      0.527  Y:   3310229469.54 -+      0.785  Z:   3737494746.07 -+      0.928 Obs_used:  999783 Obs_tot: 1035960 Ses_used:   985 Ses_tot:   985 Date_beg: 1998.06.25 Date_end: 2016.12.27
STA_GCU:  TSUKUB32         U:            3.26 -+      0.786  E:            3.93 -+      0.788  N:           -2.29 -+      0.718
STA_CRL:  TSUKUB32         C:   .353  -.614  -.176   .327   .140  -.236   .231   .614  -.074   .469  -.333  -.061   .578  -.220  -.026
STA_GCX:  TSUKUBA          X:  -3957172972.78 -+     12.038  Y:   3310238047.63 -+     10.107  Z:   3737708888.49 -+     11.888 Obs_used:    1187 Obs_tot:    1279 Ses_used:    11 Ses_tot:    11 Date_beg: 1984.07.18 Date_end: 1991.07.31
STA_GCU:  TSUKUBA          U:           -1.56 -+     19.324  E:            9.86 -+      1.883  N:            7.93 -+      3.377
STA_CRL:  TSUKUBA          C:  -.970  -.948   .903   .024   .006  -.024   .006   .059  -.000   .461  -.019  -.001   .055  -.218  -.026
STA_GCX:  UCHINOUR         X:  -3586229376.12 -+      5.402  Y:   4114103714.93 -+      6.110  Z:   3290224681.13 -+      5.206 Obs_used:    3421 Obs_tot:    3676 Ses_used:     3 Ses_tot:     3 Date_beg: 2008.01.20 Date_end: 2012.02.14
STA_GCU:  UCHINOUR         U:            8.16 -+      9.509  E:            5.71 -+      1.204  N:           -3.63 -+      1.319
STA_CRL:  UCHINOUR         C:  -.956  -.951   .940  -.122   .072   .037   .057  -.038   .000  -.840   .076  -.055  -.075  -.763   .793
STA_GCX:  URUMQI           X:    228310308.12 -+      0.578  Y:   4631922805.71 -+      1.091  Z:   4367064084.93 -+      1.159 Obs_used:  104810 Obs_tot:  113498 Ses_used:   165 Ses_tot:   165 Date_beg: 1994.03.16 Date_end: 2018.07.10
STA_GCU:  URUMQI           U:           62.67 -+      1.376  E:            3.18 -+      0.569  N:           -1.64 -+      0.807
STA_CRL:  URUMQI           C:   .205  -.441   .508   .283   .038  -.193   .082   .112  -.065  -.031  -.271  -.062   .200  -.279   .439
STA_GCX:  USSURISK         X:  -3059725005.51 -+   9999.948  Y:   3427256802.64 -+   9999.969  Z:   4409485544.32 -+   9999.973 Obs_used:      57 Obs_tot:      59 Ses_used:     1 Ses_tot:     1 Date_beg: 1992.03.12 Date_end: 1992.03.12
STA_GCU:  USSURISK         U:           12.68 -+   9999.992  E:          -23.20 -+   9999.935  N:           24.34 -+   9999.962
STA_CRL:  USSURISK         C:  -.000  -.000   .000   .998   .000   .000  -.000   .998  -.000  -.004  -.000  -.000   .997  -.005   .005
STA_GCX:  USUDA64          X:  -3855355407.07 -+      6.249  Y:   3427427555.32 -+      5.660  Z:   3740971151.52 -+      6.023 Obs_used:    3316 Obs_tot:    4148 Ses_used:     8 Ses_tot:     8 Date_beg: 1990.07.30 Date_end: 2015.01.09
STA_GCU:  USUDA64          U:           -9.55 -+     10.138  E:           -4.10 -+      1.367  N:           -3.53 -+      1.648
STA_CRL:  USUDA64          C:  -.947  -.939   .920   .537  -.494  -.450  -.510   .540   .449  -.932  -.464   .449   .520  -.857   .837
STA_GCX:  USUDA64__110311  X:  -3855355568.24 -+      7.274  Y:   3427427391.64 -+      6.480  Z:   3740971218.47 -+      7.019 Obs_used:       0 Obs_tot:       0 Ses_used:     0 Ses_tot:     0 Date_beg:            Date_end:           
STA_GCU:  USUDA64__110311  U:           39.38 -+     11.639  E:          225.32 -+      1.837  N:           43.64 -+      2.307
STA_CRL:  USUDA64__110311  C:  -.928  -.915   .882  -.557   .521   .471   .513  -.552  -.453  -.932   .504  -.491  -.585  -.857   .837
STA_GCX:  VERAISGK         X:  -3263994967.08 -+      2.971  Y:   4808056343.56 -+      4.048  Z:   2619949026.82 -+      2.580 Obs_used:   31790 Obs_tot:   35618 Ses_used:    55 Ses_tot:    55 Date_beg: 2006.02.16 Date_end: 2015.02.17
STA_GCU:  VERAISGK         U:          -20.54 -+      5.473  E:            6.85 -+      0.953  N:            0.34 -+      1.009
STA_CRL:  VERAISGK         C:  -.922  -.906   .879  -.262   .193   .197   .223  -.167  -.221  -.903   .210  -.201  -.233  -.804   .903
STA_GCX:  VERAMZSW         X:  -3857241844.62 -+      1.224  Y:   3108784892.67 -+      1.210  Z:   4003900572.19 -+      1.455 Obs_used:   59151 Obs_tot:   64114 Ses_used:   105 Ses_tot:   105 Date_beg: 2003.05.21 Date_end: 2018.10.16
STA_GCU:  VERAMZSW         U:           45.59 -+      1.969  E:           -4.06 -+      0.818  N:           -3.32 -+      0.730
STA_CRL:  VERAMZSW         C:  -.559  -.829   .489  -.286   .301   .238   .342  -.135  -.295  -.719   .303  -.323  -.169  -.791   .747
STA_GCX:  VERNAL           X:  -1631473599.78 -+     45.704  Y:  -4589129196.26 -+    116.395  Z:   4106759879.73 -+     98.801 Obs_used:    1595 Obs_tot:    1595 Ses_used:     8 Ses_tot:     8 Date_beg: 1986.03.30 Date_end: 1990.10.22
STA_GCU:  VERNAL           U:           22.90 -+    156.614  E:           16.56 -+     17.331  N:          -57.84 -+     23.872
STA_CRL:  VERNAL           C:   .916  -.896  -.953   .990   .904  -.886   .906   .989  -.943   .915  -.884  -.938   .988  -.895  -.952
STA_GCX:  VICTORIA         X:  -2341314400.13 -+   9368.997  Y:  -3539078139.04 -+   9597.991  Z:   4745770845.02 -+   9667.374 Obs_used:     521 Obs_tot:     521 Ses_used:     3 Ses_tot:     3 Date_beg: 1990.08.01 Date_end: 1990.08.03
STA_GCU:  VICTORIA         U:          199.00 -+   9986.350  E:        -5411.51 -+   9366.704  N:         3626.51 -+   9267.973
STA_CRL:  VICTORIA         C:   .016  -.054  -.054   .000   .016  -.054   .017   .000  -.054   .017  -.054  -.054   .000  -.054  -.054
STA_GCX:  VLA-N8           X:  -1601147919.73 -+      8.353  Y:  -5041733484.51 -+     23.356  Z:   3555235656.69 -+     15.982 Obs_used:     147 Obs_tot:     155 Ses_used:     1 Ses_tot:     1 Date_beg: 1996.02.09 Date_end: 1996.02.09
STA_GCU:  VLA-N8           U:          -29.39 -+     29.260  E:         -187.68 -+      2.724  N:         -113.31 -+      2.666
STA_CRL:  VLA-N8           C:   .941  -.932  -.981   .037   .001  -.014   .002   .025  -.019  -.119  -.018  -.010   .044  -.287  -.202
STA_GCX:  VNDNBERG         X:  -2678095327.92 -+      7.930  Y:  -4525450144.67 -+     12.553  Z:   3597410580.44 -+     10.853 Obs_used:   45883 Obs_tot:   45935 Ses_used:   178 Ses_tot:   178 Date_beg: 1983.08.22 Date_end: 1991.07.28
STA_GCU:  VNDNBERG         U:          -83.94 -+     17.739  E:           -8.12 -+      3.036  N:          -10.86 -+      3.789
STA_CRL:  VNDNBERG         C:   .897  -.864  -.896   .982   .877  -.849   .880   .982  -.882   .889  -.842  -.872   .981  -.857  -.887
STA_GCX:  WARK12M          X:  -5115324371.73 -+      1.583  Y:    477843295.98 -+      1.260  Z:  -3767192937.40 -+      1.450 Obs_used:  322819 Obs_tot:  327078 Ses_used:   443 Ses_tot:   443 Date_beg: 2011.02.28 Date_end: 2018.11.20
STA_GCU:  WARK12M          U:           17.84 -+      1.732  E:            6.74 -+      1.248  N:            6.45 -+      1.279
STA_CRL:  WARK12M          C:  -.104   .261  -.300  -.628   .206  -.671   .300   .244   .205  -.333  -.744   .157  -.460   .609  -.254
STA_GCX:  WESTFORD         X:   1492206384.73 -+      0.428  Y:  -4458130532.36 -+      0.680  Z:   4296015593.01 -+      0.762 Obs_used: 1316242 Obs_tot: 1342010 Ses_used:  2276 Ses_tot:  2276 Date_beg: 1981.05.13 Date_end: 2014.09.02
STA_GCU:  WESTFORD         U:            7.51 -+      0.849  E:           -2.90 -+      0.492  N:            1.25 -+      0.513
STA_CRL:  WESTFORD         C:   .177  -.257  -.537   .571   .097  -.167   .123   .688  -.308   .128  -.209  -.295   .682  -.168  -.223
STA_GCX:  WETTZ13N         X:   4075627709.04 -+      0.458  Y:    931774214.01 -+      0.648  Z:   4801552333.34 -+      0.662 Obs_used:  247533 Obs_tot:  251739 Ses_used:   237 Ses_tot:   237 Date_beg: 2015.06.09 Date_end: 2019.01.07
STA_GCU:  WETTZ13N         U:           -2.24 -+      0.486  E:          -75.90 -+      0.621  N:          -67.21 -+      0.668
STA_CRL:  WETTZ13N         C:   .184  -.398  -.028   .318   .030  -.285   .036   .555   .073  -.427  -.288   .058   .416  -.475   .136
STA_GCX:  WETTZELL         X:   4075539675.10 -+      0.424  Y:    931735482.77 -+      0.641  Z:   4801629498.72 -+      0.628 Obs_used: 2529024 Obs_tot: 2588876 Ses_used:  3717 Ses_tot:  3717 Date_beg: 1983.07.27 Date_end: 2019.01.03
STA_GCU:  WETTZELL         U:            3.36 -+      0.412  E:           -0.69 -+      0.615  N:            0.27 -+      0.662
STA_CRL:  WETTZELL         C:   .182  -.556  -.046   .383   .031  -.294   .041   .583   .079  -.438  -.302   .061   .461  -.485   .139
STA_GCX:  WHTHORSE         X:  -2215211991.75 -+    203.727  Y:  -2209259794.19 -+    189.143  Z:   5540289336.38 -+    452.274 Obs_used:    1950 Obs_tot:    1950 Ses_used:     9 Ses_tot:     9 Date_beg: 1984.08.07 Date_end: 1989.08.10
STA_GCU:  WHTHORSE         U:        -1746.42 -+    521.898  E:          133.04 -+     67.064  N:          403.80 -+     70.402
STA_CRL:  WHTHORSE         C:   .886  -.917  -.937   .996   .882  -.914   .881   .996  -.932   .885  -.912  -.932   .996  -.917  -.936
STA_GCX:  WHTHORSE_871201  X:  -2215212206.51 -+    181.353  Y:  -2209260004.57 -+    168.736  Z:   5540289669.53 -+    403.160 Obs_used:       0 Obs_tot:       0 Ses_used:     0 Ses_tot:     0 Date_beg:            Date_end:           
STA_GCU:  WHTHORSE_871201  U:        -1308.78 -+    465.282  E:          130.35 -+     59.574  N:          304.59 -+     62.143
STA_CRL:  WHTHORSE_871201  C:   .886  -.919  -.937   .997   .882  -.915   .882   .996  -.933   .885  -.914  -.932   .996  -.917  -.936
STA_GCX:  YAKATAGA         X:  -2529744479.63 -+     96.446  Y:  -1942091078.09 -+     78.347  Z:   5505029138.37 -+    199.740 Obs_used:    3542 Obs_tot:    3542 Ses_used:    16 Ses_tot:    16 Date_beg: 1984.07.31 Date_end: 1990.06.10
STA_GCU:  YAKATAGA         U:          518.80 -+    230.533  E:          221.23 -+     35.506  N:          250.04 -+     30.497
STA_CRL:  YAKATAGA         C:   .829  -.910  -.925   .990   .816  -.899   .814   .991  -.915   .818  -.897  -.915   .990  -.905  -.924
STA_GCX:  YAKATAGA_871201  X:  -2529744536.69 -+     85.759  Y:  -1942091018.79 -+     69.777  Z:   5505028967.64 -+    177.674 Obs_used:       0 Obs_tot:       0 Ses_used:     0 Ses_tot:     0 Date_beg:            Date_end:           
STA_GCU:  YAKATAGA_871201  U:          375.39 -+    204.975  E:          139.45 -+     32.322  N:          156.95 -+     27.059
STA_CRL:  YAKATAGA_871201  C:   .821  -.907  -.925   .990   .810  -.897   .810   .991  -.915   .818  -.895  -.914   .989  -.905  -.924
STA_GCX:  YARRA12M         X:  -2388896000.86 -+      0.910  Y:   5043349960.22 -+      1.325  Z:  -3078591012.52 -+      1.035 Obs_used:  680900 Obs_tot:  693062 Ses_used:   842 Ses_tot:   842 Date_beg: 2011.05.26 Date_end: 2019.01.07
STA_GCU:  YARRA12M         U:           23.00 -+      1.211  E:           15.81 -+      0.957  N:           -4.98 -+      1.129
STA_CRL:  YARRA12M         C:  -.088  -.423  -.079   .042   .242  -.475   .287  -.004   .432  -.361  -.510   .392   .080   .031  -.089
STA_GCX:  YEBES            X:   4848780165.08 -+      3.917  Y:   -261701826.69 -+      0.846  Z:   4123035905.29 -+      3.456 Obs_used:   18088 Obs_tot:   18758 Ses_used:    36 Ses_tot:    36 Date_beg: 1995.06.08 Date_end: 2003.07.15
STA_GCU:  YEBES            U:          -60.86 -+      5.166  E:           -0.22 -+      0.831  N:            1.10 -+      0.791
STA_CRL:  YEBES            C:  -.187   .953  -.209   .143   .042   .079   .010   .539   .015  -.187   .052   .044   .158   .231   .175
STA_GCX:  YEBES40M         X:   4848761841.04 -+      0.564  Y:   -261484248.20 -+      0.696  Z:   4123084998.96 -+      0.699 Obs_used:  360983 Obs_tot:  378887 Ses_used:   301 Ses_tot:   301 Date_beg: 2008.09.11 Date_end: 2018.12.27
STA_GCU:  YEBES40M         U:           22.03 -+      0.637  E:           -2.33 -+      0.700  N:            0.85 -+      0.628
STA_CRL:  YEBES40M         C:   .141   .046  -.055  -.270   .024  -.422   .030   .492   .050  -.190  -.408   .038   .087   .233   .177
STA_GCX:  YELLOWKN         X:  -1224124907.74 -+     17.334  Y:  -2689530742.53 -+     37.960  Z:   5633555345.29 -+     79.037 Obs_used:     832 Obs_tot:     836 Ses_used:     2 Ses_tot:     2 Date_beg: 1984.08.24 Date_end: 1985.09.04
STA_GCU:  YELLOWKN         U:          -25.62 -+     89.290  E:            5.00 -+      2.339  N:            2.19 -+      3.186
STA_CRL:  YELLOWKN         C:   .989  -.989  -.996   .101   .031  -.027   .048   .070  -.042   .412  -.051  -.051   .060  -.432  -.671
STA_GCX:  YLOW7296         X:  -1224399841.62 -+      1.135  Y:  -2689273323.20 -+      1.984  Z:   5633620280.87 -+      3.641 Obs_used:   27417 Obs_tot:   28192 Ses_used:    94 Ses_tot:    94 Date_beg: 1991.06.30 Date_end: 2006.08.02
STA_GCU:  YLOW7296         U:           11.64 -+      4.096  E:           -1.14 -+      0.853  N:           -0.97 -+      0.986
STA_CRL:  YLOW7296         C:   .598  -.630  -.837   .755   .296  -.299   .376   .721  -.494   .417  -.410  -.531   .686  -.436  -.675
STA_GCX:  YUMA             X:  -2196778263.08 -+     45.888  Y:  -4887337312.35 -+    101.049  Z:   3448425241.67 -+     70.906 Obs_used:    4581 Obs_tot:    4584 Ses_used:    20 Ses_tot:    20 Date_beg: 1983.11.05 Date_end: 1988.10.21
STA_GCU:  YUMA             U:           85.75 -+    129.728  E:           -3.52 -+     13.069  N:          -28.54 -+     18.546
STA_CRL:  YUMA             C:   .951  -.921  -.950   .991   .943  -.914   .943   .991  -.942   .953  -.913  -.941   .990  -.925  -.953
STA_GCX:  ZELENCHK         X:   3451207593.72 -+      0.762  Y:   3060375369.01 -+      0.829  Z:   4391915018.09 -+      1.036 Obs_used:  512308 Obs_tot:  533645 Ses_used:   529 Ses_tot:   529 Date_beg: 2005.12.22 Date_end: 2018.12.20
STA_GCU:  ZELENCHK         U:           14.44 -+      1.175  E:            1.54 -+      0.578  N:            0.13 -+      0.792
STA_CRL:  ZELENCHK         C:   .488   .215   .444   .262   .048  -.127   .061   .459   .146  -.042  -.132   .120   .339  -.045   .403
STA_GCX:  ZELENCHK_070701  X:   3451207603.03 -+      0.612  Y:   3060375373.98 -+      0.733  Z:   4391915023.56 -+      0.852 Obs_used:       0 Obs_tot:       0 Ses_used:     0 Ses_tot:     0 Date_beg:            Date_end:           
STA_GCU:  ZELENCHK_070701  U:           25.64 -+      0.859  E:           -0.92 -+      0.552  N:           -3.02 -+      0.771
STA_CRL:  ZELENCHK_070701  C:   .361  -.129   .299   .078  -.095  -.361  -.138   .333  -.031  -.042  -.384  -.020   .177  -.045   .403
