# GETPAR_STA format version 1.0  of 2001.05.25
# gcrf-a1.5u-fix.spl
STA_GCX:  AGGO             X:   2765116688.02 -+     66.147  Y:  -4449233686.19 -+     81.641  Z:  -3626420694.24 -+     68.113 Obs_used:    4509 Obs_tot:    4617 Ses_used:    16 Ses_tot:    16 Date_beg: 2018.07.02 Date_end: 2019.06.24
STA_GCU:  AGGO             U:           36.31 -+    116.295  E:           55.32 -+     33.821  N:         -148.07 -+     31.805
STA_CRL:  AGGO             C:  -.799  -.742   .833  -.999   .799   .747   .799  -.998  -.836  -.802   .741  -.829  -.998  -.748   .836
STA_GCX:  AIRA             X:  -3530219643.52 -+      1.228  Y:   4118797499.72 -+      1.293  Z:   3344015635.12 -+      1.174 Obs_used:  101043 Obs_tot:  108904 Ses_used:   181 Ses_tot:   181 Date_beg: 1997.07.17 Date_end: 2015.03.21
STA_GCU:  AIRA             U:            1.61 -+      2.058  E:           -0.62 -+      0.358  N:           -3.21 -+      0.443
STA_CRL:  AIRA             C:  -.924  -.872   .885  -.463   .408   .372   .461  -.402  -.419  -.825   .365  -.363  -.373  -.700   .795
STA_GCX:  ALGOPARK         X:    918034534.75 -+      0.259  Y:  -4346132318.02 -+      0.549  Z:   4561971216.90 -+      0.585 Obs_used:  334887 Obs_tot:  341510 Ses_used:   746 Ses_tot:   746 Date_beg: 1984.08.24 Date_end: 2006.08.03
STA_GCU:  ALGOPARK         U:            3.39 -+      0.769  E:           -0.87 -+      0.228  N:           -0.77 -+      0.259
STA_CRL:  ALGOPARK         C:  -.438   .340  -.800   .360  -.109   .075  -.200   .477  -.344  -.070   .113  -.277   .390   .041  -.297
STA_GCX:  AUSTINTX         X:   -737794257.89 -+   9934.070  Y:  -5459892575.32 -+   9992.300  Z:   3202989661.00 -+   9984.790 Obs_used:     226 Obs_tot:     230 Ses_used:     1 Ses_tot:     1 Date_beg: 1987.07.11 Date_end: 1987.07.11
STA_GCU:  AUSTINTX         U:         -106.55 -+   9998.740  E:         -478.36 -+   9933.193  N:         -903.98 -+   9979.212
STA_CRL:  AUSTINTX         C:   .001  -.001  -.002   .000   .001  -.001   .001   .000  -.002   .001  -.001  -.002   .000  -.001  -.002
STA_GCX:  AZORES           X:   4552169230.86 -+   7914.601  Y:  -2186665764.04 -+   5798.570  Z:   3882781286.69 -+   7390.995 Obs_used:     803 Obs_tot:     803 Ses_used:     5 Ses_tot:     5 Date_beg: 1992.05.29 Date_end: 1992.06.03
STA_GCU:  AZORES           U:        -2497.82 -+   9649.840  E:        -3443.62 -+   5049.292  N:         3647.74 -+   5681.231
STA_CRL:  AZORES           C:  -.379   .446  -.315   .000  -.379   .446  -.379   .000  -.315  -.379   .446  -.315   .000   .446  -.315
STA_GCX:  BADARY           X:   -838200988.11 -+      0.279  Y:   3865751561.60 -+      0.477  Z:   4987670891.59 -+      0.640 Obs_used:  407980 Obs_tot:  421818 Ses_used:   425 Ses_tot:   425 Date_beg: 2007.03.01 Date_end: 2019.06.20
STA_GCU:  BADARY           U:          -11.01 -+      0.729  E:            0.83 -+      0.283  N:           -4.47 -+      0.321
STA_CRL:  BADARY           C:  -.085  -.229   .636   .046   .071   .040   .158  -.321  -.426   .149   .060  -.273  -.240   .021   .101
STA_GCX:  BERMUDA          X:   2307203883.74 -+   6707.898  Y:  -4874226445.18 -+   8747.702  Z:   3394338403.22 -+   7710.066 Obs_used:     718 Obs_tot:     730 Ses_used:     4 Ses_tot:     4 Date_beg: 1987.08.02 Date_end: 1987.08.08
STA_GCU:  BERMUDA          U:        16589.98 -+   9883.608  E:       -13508.31 -+   6278.674  N:        11629.52 -+   6622.376
STA_CRL:  BERMUDA          C:  -.250   .049  -.383   .000  -.250   .049  -.250   .000  -.383  -.250   .048  -.383   .000   .049  -.383
STA_GCX:  BLKBUTTE         X:  -2306307292.23 -+     71.803  Y:  -4787914378.28 -+    146.013  Z:   3515736294.38 -+    103.809 Obs_used:    2178 Obs_tot:    2179 Ses_used:    12 Ses_tot:    12 Date_beg: 1983.11.08 Date_end: 1988.10.26
STA_GCU:  BLKBUTTE         U:           54.43 -+    190.617  E:           14.27 -+     17.403  N:           31.50 -+     24.778
STA_CRL:  BLKBUTTE         C:   .963  -.946  -.958   .989   .950  -.936   .954   .989  -.949   .963  -.933  -.943   .987  -.946  -.958
STA_GCX:  BLOOMIND         X:    302384605.40 -+   9998.900  Y:  -4941698989.56 -+   9998.937  Z:   4007908515.18 -+   9998.334 Obs_used:      72 Obs_tot:      73 Ses_used:     1 Ses_tot:     1 Date_beg: 1987.08.19 Date_end: 1987.08.19
STA_GCU:  BLOOMIND         U:          -30.63 -+   9999.638  E:           80.86 -+   9998.909  N:           74.22 -+   9997.623
STA_CRL:  BLOOMIND         C:   .000  -.000  -.000   .000   .000  -.000   .000   .000  -.000   .000  -.000  -.000   .000  -.000  -.000
STA_GCX:  BR-VLBA          X:  -2112065162.23 -+      0.214  Y:  -3705356504.33 -+      0.287  Z:   4726813694.44 -+      0.289 Obs_used:  585090 Obs_tot:  597040 Ses_used:   260 Ses_tot:   260 Date_beg: 1993.04.21 Date_end: 2019.04.01
STA_GCU:  BR-VLBA          U:           -6.11 -+      0.318  E:           -0.28 -+      0.225  N:           -0.01 -+      0.245
STA_CRL:  BR-VLBA          C:   .076  -.097  -.241   .257  -.043   .061  -.044   .245   .041  -.243   .057   .031   .159   .073   .014
STA_GCX:  BREST            X:   4228868077.19 -+   9440.257  Y:   -333120867.11 -+   8516.889  Z:   4747193345.32 -+   9369.292 Obs_used:     354 Obs_tot:     354 Ses_used:     2 Ses_tot:     2 Date_beg: 1989.08.30 Date_end: 1989.09.02
STA_GCU:  BREST            U:         4161.01 -+   9971.804  E:       -17565.26 -+   8566.725  N:        13721.04 -+   8752.934
STA_CRL:  BREST            C:   .060   .128  -.035   .000   .059   .128   .059   .000  -.035   .059   .128  -.035   .000   .128  -.035
STA_GCX:  CARNUSTY         X:   3526416393.65 -+   9775.503  Y:   -171422752.33 -+   9161.497  Z:   5294098641.72 -+   9828.494 Obs_used:     369 Obs_tot:     369 Ses_used:     4 Ses_tot:     4 Date_beg: 1989.08.18 Date_end: 1989.08.22
STA_GCU:  CARNUSTY         U:          -82.16 -+   9985.259  E:        -1608.87 -+   9123.656  N:         -557.33 -+   9651.232
STA_CRL:  CARNUSTY         C:  -.083   .040   .074   .000  -.083   .040  -.083   .000   .074  -.083   .040   .074   .000   .040   .074
STA_GCX:  CARROLGA         X:    453520699.98 -+   9996.866  Y:  -5300506736.67 -+   9998.163  Z:   3507207638.65 -+   9995.593 Obs_used:     121 Obs_tot:     128 Ses_used:     1 Ses_tot:     1 Date_beg: 1987.07.18 Date_end: 1987.07.18
STA_GCU:  CARROLGA         U:           87.52 -+   9999.555  E:           11.70 -+   9996.828  N:          188.73 -+   9994.239
STA_CRL:  CARROLGA         C:  -.000   .000  -.000   .000  -.000   .000  -.000   .000  -.000  -.000   .000  -.000   .000   .000  -.000
STA_GCX:  CHICHI10         X:  -4490618171.43 -+      1.703  Y:   3483908507.77 -+      1.431  Z:   2884899260.82 -+      1.268 Obs_used:   92103 Obs_tot:   99705 Ses_used:   165 Ses_tot:   165 Date_beg: 1997.08.26 Date_end: 2015.01.22
STA_GCU:  CHICHI10         U:           17.46 -+      2.491  E:           -2.47 -+      0.423  N:           -4.63 -+      0.412
STA_CRL:  CHICHI10         C:  -.927  -.930   .895  -.255   .255   .282   .243  -.274  -.277  -.899   .255  -.262  -.261  -.919   .899
STA_GCX:  CHLBOLTN         X:   4008317110.79 -+   7839.681  Y:   -100648845.29 -+   5992.845  Z:   4943789993.14 -+   8481.669 Obs_used:    2026 Obs_tot:    2079 Ses_used:     7 Ses_tot:     7 Date_beg: 1980.10.16 Date_end: 1980.10.22
STA_GCU:  CHLBOLTN         U:          638.13 -+   9639.667  E:         1779.41 -+   5976.710  N:        -8701.35 -+   6377.246
STA_CRL:  CHLBOLTN         C:  -.089   .384  -.078   .000  -.089   .384  -.089   .000  -.078  -.089   .384  -.078   .000   .384  -.078
STA_GCX:  CRIMEA           X:   3785230785.42 -+      1.610  Y:   2551207617.63 -+      1.083  Z:   4439796493.33 -+      1.881 Obs_used:   67763 Obs_tot:   77167 Ses_used:   129 Ses_tot:   129 Date_beg: 1994.06.25 Date_end: 2015.06.30
STA_GCU:  CRIMEA           U:          -11.32 -+      2.658  E:            1.98 -+      0.307  N:           -3.85 -+      0.379
STA_CRL:  CRIMEA           C:   .942   .954   .936   .355   .308   .313   .280   .338   .275   .250   .281   .272   .321   .515   .426
STA_GCX:  CTVASBAY         X:   1091444571.57 -+    108.848  Y:  -4351283941.68 -+    314.829  Z:   4518707116.74 -+    299.524 Obs_used:     833 Obs_tot:     857 Ses_used:     6 Ses_tot:     6 Date_beg: 2002.04.17 Date_end: 2002.09.11
STA_GCU:  CTVASBAY         U:          322.56 -+    413.763  E:          -86.02 -+     98.061  N:         -247.71 -+    140.941
STA_CRL:  CTVASBAY         C:  -.457   .515  -.784   .999  -.454   .510  -.451   .999  -.777  -.449   .511  -.783   .999   .508  -.779
STA_GCX:  CTVASTJ          X:   2612545469.76 -+     10.969  Y:  -3426878775.36 -+     15.209  Z:   4686756197.60 -+     18.955 Obs_used:    3864 Obs_tot:    3965 Ses_used:    30 Ses_tot:    30 Date_beg: 2002.11.13 Date_end: 2005.09.07
STA_GCU:  CTVASTJ          U:            0.77 -+     25.200  E:            4.78 -+      5.359  N:           -1.44 -+      6.867
STA_CRL:  CTVASTJ          C:  -.823   .794  -.844   .938  -.763   .717  -.744   .942  -.763  -.799   .710  -.775   .932   .758  -.816
STA_GCX:  DAITO            X:  -3786457932.38 -+   2442.853  Y:   4320155418.79 -+   2854.551  Z:   2762039594.32 -+   2531.221 Obs_used:     462 Obs_tot:     482 Ses_used:     2 Ses_tot:     2 Date_beg: 1990.11.28 Date_end: 1991.12.03
STA_GCU:  DAITO            U:        -1713.10 -+   4465.453  E:        -1689.31 -+    249.776  N:         1636.14 -+    721.395
STA_CRL:  DAITO            C:  -.991  -.982   .985   .999  -.991  -.982  -.991   .999   .985  -.992  -.982   .985   .999  -.983   .985
STA_GCX:  DEADMANL         X:  -2336820640.48 -+    141.039  Y:  -4732588119.19 -+    267.002  Z:   3570330735.10 -+    196.403 Obs_used:     619 Obs_tot:     620 Ses_used:     5 Ses_tot:     5 Date_beg: 1984.02.29 Date_end: 1988.02.02
STA_GCU:  DEADMANL         U:         -889.43 -+    355.026  E:           -2.90 -+     39.437  N:         -306.41 -+     46.445
STA_CRL:  DEADMANL         C:   .950  -.923  -.961   .994   .947  -.915   .942   .994  -.952   .950  -.917  -.959   .993  -.922  -.962
STA_GCX:  DSS13            X:  -2351112783.04 -+      2.367  Y:  -4655530604.75 -+      4.445  Z:   3660912691.05 -+      3.602 Obs_used:   12388 Obs_tot:   13851 Ses_used:    35 Ses_tot:    35 Date_beg: 2000.05.31 Date_end: 2018.02.13
STA_GCU:  DSS13            U:           -4.06 -+      6.076  E:           -1.51 -+      0.809  N:           -0.75 -+      0.871
STA_CRL:  DSS13            C:   .924  -.914  -.951  -.005  -.020   .012  -.022  -.025   .025   .432   .017   .028  -.014  -.473  -.653
STA_GCX:  DSS15            X:  -2353539017.36 -+      2.898  Y:  -4641649388.49 -+      4.141  Z:   3676669940.14 -+      4.267 Obs_used:   30517 Obs_tot:   32322 Ses_used:    99 Ses_tot:    99 Date_beg: 1987.11.01 Date_end: 2009.12.08
STA_GCU:  DSS15            U:           -7.63 -+      5.673  E:           -4.16 -+      2.370  N:           -1.76 -+      2.441
STA_CRL:  DSS15            C:   .472  -.478  -.692   .816   .373  -.378   .401   .785  -.536   .433  -.397  -.527   .762  -.474  -.654
STA_GCX:  DSS15____920627  X:  -2353539038.75 -+      1.679  Y:  -4641649390.54 -+      2.559  Z:   3676669924.95 -+      2.347 Obs_used:       0 Obs_tot:       0 Ses_used:     0 Ses_tot:     0 Date_beg:            Date_end:           
STA_GCU:  DSS15____920627  U:           -7.05 -+      3.509  E:          -22.31 -+      1.135  N:          -20.81 -+      1.130
STA_CRL:  DSS15____920627  C:   .662  -.639  -.794   .774   .374  -.400   .407   .707  -.544   .433  -.373  -.465   .724  -.474  -.654
STA_GCX:  DSS34            X:  -4461116451.53 -+   4926.598  Y:   2682405609.50 -+   4227.646  Z:  -3674391707.39 -+   6523.737 Obs_used:     169 Obs_tot:     189 Ses_used:     2 Ses_tot:     2 Date_beg: 2017.09.13 Date_end: 2017.10.03
STA_GCU:  DSS34            U:       -36363.53 -+   8032.882  E:        13170.59 -+   3289.927  N:       -23845.29 -+   3058.216
STA_CRL:  DSS34            C:  -.476   .855  -.536  -.000   .475  -.854   .477  -.000   .536  -.477  -.856   .535  -.000   .855  -.535
STA_GCX:  DSS45            X:  -4460935870.08 -+      2.392  Y:   2682765706.00 -+      1.647  Z:  -3674380603.02 -+      1.961 Obs_used:   40425 Obs_tot:   41699 Ses_used:   164 Ses_tot:   164 Date_beg: 1987.06.08 Date_end: 2016.08.23
STA_GCU:  DSS45            U:            1.58 -+      3.238  E:            2.10 -+      0.843  N:           -6.26 -+      1.040
STA_CRL:  DSS45            C:  -.805   .778  -.706   .459  -.348   .289  -.256   .380  -.201  -.193   .274  -.256   .420  -.152   .327
STA_GCX:  DSS65            X:   4849336580.94 -+      2.669  Y:   -360488540.28 -+      0.840  Z:   4114749003.44 -+      2.645 Obs_used:   56246 Obs_tot:   57905 Ses_used:   118 Ses_tot:   118 Date_beg: 1988.08.31 Date_end: 2004.12.14
STA_GCU:  DSS65            U:          -15.80 -+      3.626  E:           -1.65 -+      0.875  N:          -10.92 -+      0.954
STA_CRL:  DSS65            C:   .075   .881   .035   .846   .097   .742   .053   .563   .032  -.053   .649   .050   .761   .715   .037
STA_GCX:  DSS65A           X:   4849339577.03 -+      1.488  Y:   -360427553.32 -+      0.308  Z:   4114750795.92 -+      1.333 Obs_used:   31562 Obs_tot:   32699 Ses_used:    37 Ses_tot:    37 Date_beg: 2005.09.05 Date_end: 2018.02.14
STA_GCU:  DSS65A           U:           -6.40 -+      1.962  E:            1.38 -+      0.323  N:           -1.22 -+      0.361
STA_CRL:  DSS65A           C:  -.039   .934  -.062  -.341  -.001  -.332   .007  -.124   .017  -.052  -.268   .024  -.280   .716   .038
STA_GCX:  DSS65____970415  X:   4849336585.43 -+      1.863  Y:   -360488540.91 -+      0.563  Z:   4114749000.68 -+      1.836 Obs_used:       0 Obs_tot:       0 Ses_used:     0 Ses_tot:     0 Date_beg:            Date_end:           
STA_GCU:  DSS65____970415  U:          -14.15 -+      2.531  E:           -1.94 -+      0.578  N:          -15.95 -+      0.646
STA_CRL:  DSS65____970415  C:  -.001   .886  -.035   .708   .088   .626   .041   .508   .020  -.053   .545   .040   .654   .715   .037
STA_GCX:  EFLSBERG         X:   4033947274.83 -+      2.443  Y:    486990727.89 -+      0.695  Z:   4900430931.92 -+      2.836 Obs_used:   43300 Obs_tot:   44724 Ses_used:    49 Ses_tot:    49 Date_beg: 1979.11.25 Date_end: 2016.11.24
STA_GCU:  EFLSBERG         U:            1.49 -+      3.693  E:           -3.43 -+      0.629  N:           -1.93 -+      0.679
STA_CRL:  EFLSBERG         C:   .412   .934   .412   .716   .314   .656   .149   .467   .148  -.040   .596   .283   .669   .628   .104
STA_GCX:  EFLSBERG_961001  X:   4033947290.40 -+      1.628  Y:    486990734.46 -+      0.358  Z:   4900430946.63 -+      1.960 Obs_used:       0 Obs_tot:       0 Ses_used:     0 Ses_tot:     0 Date_beg:            Date_end:           
STA_GCU:  EFLSBERG_961001  U:           23.17 -+      2.533  E:            1.23 -+      0.294  N:           -5.12 -+      0.341
STA_CRL:  EFLSBERG_961001  C:   .562   .963   .552   .434   .247   .398   .088   .275   .083  -.040   .375   .218   .402   .628   .104
STA_GCX:  ELY              X:  -2077236552.26 -+     42.182  Y:  -4486712495.30 -+     89.163  Z:   4018753382.01 -+     74.228 Obs_used:    2228 Obs_tot:    2228 Ses_used:    12 Ses_tot:    12 Date_beg: 1984.04.22 Date_end: 1990.10.16
STA_GCU:  ELY              U:         -139.59 -+    121.418  E:            3.96 -+     13.806  N:           -4.64 -+     17.495
STA_CRL:  ELY              C:   .934  -.930  -.955   .985   .922  -.920   .922   .985  -.943   .939  -.915  -.937   .982  -.936  -.958
STA_GCX:  FD-VLBA          X:  -1324009289.63 -+      0.187  Y:  -5332181953.73 -+      0.275  Z:   3231962406.88 -+      0.248 Obs_used:  646203 Obs_tot:  660690 Ses_used:   304 Ses_tot:   304 Date_beg: 1992.01.13 Date_end: 2019.04.01
STA_GCU:  FD-VLBA          U:            1.40 -+      0.283  E:           -1.41 -+      0.195  N:            0.20 -+      0.232
STA_CRL:  FD-VLBA          C:  -.035  -.214  -.141   .170  -.046  -.018  -.075   .168   .085  -.289  -.013   .044   .144  -.114  -.312
STA_GCX:  FLAGSTAF         X:  -1923993021.72 -+     38.702  Y:  -4850854783.56 -+     92.979  Z:   3658589295.49 -+     70.472 Obs_used:    1210 Obs_tot:    1211 Ses_used:     8 Ses_tot:     8 Date_beg: 1984.04.17 Date_end: 1990.11.06
STA_GCU:  FLAGSTAF         U:           97.13 -+    120.516  E:            7.07 -+     14.508  N:          -19.00 -+     19.354
STA_CRL:  FLAGSTAF         C:   .916  -.881  -.942   .972   .898  -.865   .885   .971  -.917   .923  -.850  -.914   .969  -.891  -.947
STA_GCX:  FORT ORD         X:  -2697027326.38 -+     56.072  Y:  -4354392610.65 -+     90.141  Z:   3788078079.89 -+     77.791 Obs_used:    1878 Obs_tot:    1885 Ses_used:    11 Ses_tot:    11 Date_beg: 1983.08.25 Date_end: 1988.02.18
STA_GCU:  FORT ORD         U:          356.93 -+    129.833  E:           34.30 -+     13.006  N:           13.39 -+     17.173
STA_CRL:  FORT ORD         C:   .963  -.950  -.957   .980   .940  -.927   .946   .980  -.937   .963  -.934  -.938   .978  -.952  -.958
STA_GCX:  FORTLEZA         X:   4985370009.17 -+      0.356  Y:  -3955020380.12 -+      0.288  Z:   -428472124.61 -+      0.214 Obs_used:  607989 Obs_tot:  628862 Ses_used:  1863 Ses_tot:  1863 Date_beg: 1993.04.21 Date_end: 2019.06.03
STA_GCU:  FORTLEZA         U:            4.20 -+      0.419  E:           -3.28 -+      0.183  N:           -1.33 -+      0.215
STA_CRL:  FORTLEZA         C:  -.665  -.096  -.117   .026   .025  -.033   .019  -.008  -.014   .019  -.016  -.014   .071   .706  -.356
STA_GCX:  FORTORDS         X:  -2699840626.97 -+     52.915  Y:  -4359126219.21 -+     84.901  Z:   3781051073.61 -+     73.186 Obs_used:    3444 Obs_tot:    3444 Ses_used:    19 Ses_tot:    19 Date_beg: 1988.11.08 Date_end: 1991.07.23
STA_GCU:  FORTORDS         U:          -95.81 -+    122.428  E:          106.46 -+     11.786  N:         -127.38 -+     15.392
STA_CRL:  FORTORDS         C:   .965  -.955  -.961   .983   .947  -.938   .948   .983  -.944   .963  -.937  -.942   .983  -.952  -.958
STA_GCX:  FORTORDS_891001  X:  -2699840585.91 -+     49.677  Y:  -4359126193.09 -+     79.695  Z:   3781051168.82 -+     68.858 Obs_used:       0 Obs_tot:       0 Ses_used:     0 Ses_tot:     0 Date_beg:            Date_end:           
STA_GCU:  FORTORDS_891001  U:          -74.24 -+    115.015  E:          127.61 -+     11.099  N:          -24.82 -+     14.451
STA_CRL:  FORTORDS_891001  C:   .965  -.955  -.961   .988   .952  -.941   .953   .988  -.948   .963  -.942  -.947   .987  -.952  -.958
STA_GCX:  FTD 7900         X:  -1324228109.99 -+     20.335  Y:  -5332062905.81 -+     37.087  Z:   3232022858.18 -+     27.653 Obs_used:     438 Obs_tot:     438 Ses_used:     1 Ses_tot:     1 Date_beg: 1988.10.08 Date_end: 1988.10.08
STA_GCU:  FTD 7900         U:          -80.54 -+     42.889  E:           48.56 -+     18.751  N:          -22.98 -+     19.041
STA_CRL:  FTD 7900         C:   .334  -.285  -.622   .919   .035  -.035   .055   .588  -.142   .058  -.044  -.114   .732  -.048  -.194
STA_GCX:  GGAO7108         X:   1130794562.83 -+      2.216  Y:  -4831233807.66 -+      7.147  Z:   3994217057.64 -+      6.060 Obs_used:   18948 Obs_tot:   20441 Ses_used:    74 Ses_tot:    74 Date_beg: 1993.04.27 Date_end: 2007.05.15
STA_GCU:  GGAO7108         U:           -3.33 -+      9.311  E:           -0.84 -+      1.629  N:           -1.62 -+      1.836
STA_CRL:  GGAO7108         C:  -.662   .631  -.922   .908  -.548   .523  -.610   .937  -.857  -.576   .569  -.838   .925   .546  -.889
STA_GCX:  GGAO7108_030101  X:   1130794337.32 -+      2.007  Y:  -4831232886.30 -+      6.578  Z:   3994216246.69 -+      5.068 Obs_used:       0 Obs_tot:       0 Ses_used:     0 Ses_tot:     0 Date_beg:            Date_end:           
STA_GCU:  GGAO7108_030101  U:        -1250.82 -+      8.239  E:          -10.43 -+      1.472  N:          -34.46 -+      1.715
STA_CRL:  GGAO7108_030101  C:  -.666   .645  -.913   .339  -.194   .206  -.223   .346  -.348  -.576   .205  -.302   .371   .546  -.889
STA_GCX:  GIFU11           X:  -3787123536.71 -+      8.335  Y:   3564181727.07 -+      7.655  Z:   3680274918.67 -+      7.851 Obs_used:    8517 Obs_tot:    9040 Ses_used:    23 Ses_tot:    23 Date_beg: 2002.07.16 Date_end: 2006.06.22
STA_GCU:  GIFU11           U:           10.15 -+     13.268  E:            4.29 -+      2.482  N:           -8.87 -+      2.744
STA_CRL:  GIFU11           C:  -.904  -.889   .882   .901  -.798  -.782  -.804   .901   .776  -.886  -.781   .770   .890  -.868   .858
STA_GCX:  GIFU3            X:  -3787518421.93 -+     17.300  Y:   3564247169.15 -+     16.018  Z:   3679797042.38 -+     16.642 Obs_used:     982 Obs_tot:    1038 Ses_used:     4 Ses_tot:     4 Date_beg: 2000.09.07 Date_end: 2001.10.11
STA_GCU:  GIFU3            U:           -3.01 -+     28.230  E:           10.81 -+      3.920  N:          -24.40 -+      4.528
STA_CRL:  GIFU3            C:  -.945  -.932   .929   .663  -.582  -.565  -.591   .656   .559  -.885  -.578   .563   .645  -.868   .858
STA_GCX:  GILCREEK         X:  -2281547584.59 -+      3.601  Y:  -1453645126.07 -+      3.541  Z:   5756993053.28 -+      3.630 Obs_used: 1094025 Obs_tot: 1107961 Ses_used:  1994 Ses_tot:  1994 Date_beg: 1984.07.07 Date_end: 2005.12.28
STA_GCU:  GILCREEK         U:           -0.72 -+      3.670  E:           -3.55 -+      3.549  N:           -2.53 -+      3.552
STA_CRL:  GILCREEK         C:   .005  -.037  -.005   .975   .006  -.042   .006   .962  -.008   .012  -.041  -.008   .959  -.026  -.027
STA_GCX:  GOLDMARS         X:  -2353622155.75 -+   9512.578  Y:  -4641338506.39 -+   7040.939  Z:   3677049462.80 -+   7016.431 Obs_used:     566 Obs_tot:     641 Ses_used:     6 Ses_tot:     6 Date_beg: 1988.08.20 Date_end: 1989.12.03
STA_GCU:  GOLDMARS         U:        -3530.85 -+   5447.375  E:        -2318.18 -+   8471.238  N:         -955.42 -+   9373.287
STA_CRL:  GOLDMARS         C:   .192  -.193   .906   .994   .191  -.192   .191   .994   .901   .192  -.192   .901   .994  -.193   .906
STA_GCX:  GOLDVENU         X:  -2351129373.15 -+      9.248  Y:  -4655476864.49 -+     17.462  Z:   3660956741.33 -+     15.797 Obs_used:    2838 Obs_tot:    2845 Ses_used:    11 Ses_tot:    11 Date_beg: 1981.11.19 Date_end: 1991.08.12
STA_GCU:  GOLDVENU         U:         -148.13 -+     24.103  E:          -26.25 -+      5.273  N:          -39.41 -+      5.591
STA_CRL:  GOLDVENU         C:   .787  -.769  -.897   .952   .774  -.745   .745   .957  -.852   .809  -.737  -.873   .958  -.791  -.905
STA_GCX:  GORF7102         X:   1130686311.87 -+      3.657  Y:  -4831353037.08 -+     13.414  Z:   3994110950.90 -+     11.273 Obs_used:    2166 Obs_tot:    2166 Ses_used:     9 Ses_tot:     9 Date_beg: 1989.05.30 Date_end: 1992.06.16
STA_GCU:  GORF7102         U:           -0.65 -+     17.553  E:           -0.15 -+      2.308  N:           -0.89 -+      2.642
STA_CRL:  GORF7102         C:  -.767   .754  -.953   .703  -.358   .344  -.451   .619  -.564  -.575   .425  -.554   .619   .545  -.888
STA_GCX:  GRASSE           X:   4581701423.84 -+   9566.559  Y:    556124305.86 -+   9719.067  Z:   4389347944.18 -+   9697.160 Obs_used:     268 Obs_tot:     268 Ses_used:     2 Ses_tot:     2 Date_beg: 1989.09.14 Date_end: 1989.09.16
STA_GCU:  GRASSE           U:          150.32 -+   9994.512  E:        -2167.27 -+   9643.261  N:        -5223.22 -+   9334.423
STA_CRL:  GRASSE           C:   .064   .076  -.051   .000   .064   .076   .064   .000  -.051   .064   .076  -.051   .000   .076  -.051
STA_GCX:  HALEAKAL         X:  -5465998694.31 -+     37.549  Y:  -2404407180.58 -+     17.038  Z:   2242229184.80 -+     16.396 Obs_used:     707 Obs_tot:     707 Ses_used:     3 Ses_tot:     3 Date_beg: 1988.06.25 Date_end: 1988.07.09
STA_GCU:  HALEAKAL         U:        -2922.01 -+     44.080  E:         5627.19 -+      3.103  N:        11910.46 -+      4.051
STA_CRL:  HALEAKAL         C:   .980  -.964  -.950   .136   .089  -.203   .062   .139  -.104   .433  -.089  -.070   .245  -.711  -.344
STA_GCX:  HART15M          X:   5085490807.75 -+      0.465  Y:   2668161427.02 -+      0.330  Z:  -2768692678.29 -+      0.314 Obs_used:  460433 Obs_tot:  468455 Ses_used:   610 Ses_tot:   610 Date_beg: 2012.10.11 Date_end: 2019.06.24
STA_GCU:  HART15M          U:            9.03 -+      0.495  E:           -4.00 -+      0.315  N:           -5.94 -+      0.282
STA_CRL:  HART15M          C:   .260  -.417  -.020  -.136  -.105   .064  -.074  -.052   .062  -.231   .065   .079  -.058   .419   .547
STA_GCX:  HARTRAO          X:   5085442774.47 -+      0.368  Y:   2668263730.03 -+      0.284  Z:  -2768696806.95 -+      0.268 Obs_used:  368471 Obs_tot:  379229 Ses_used:  1208 Ses_tot:  1208 Date_beg: 1986.01.09 Date_end: 2019.03.27
STA_GCU:  HARTRAO          U:           11.85 -+      0.369  E:           -5.72 -+      0.295  N:           -4.20 -+      0.255
STA_CRL:  HARTRAO          C:   .063  -.328   .171   .082   .023  -.066   .018   .043  -.004  -.232  -.055  -.003   .083   .421   .549
STA_GCX:  HATCREEK         X:  -2523970251.98 -+      6.288  Y:  -4123506181.95 -+     10.496  Z:   4147752424.51 -+     10.408 Obs_used:   40012 Obs_tot:   40057 Ses_used:   180 Ses_tot:   180 Date_beg: 1983.06.06 Date_end: 1990.11.11
STA_GCU:  HATCREEK         U:          -53.96 -+     15.276  E:           -0.94 -+      3.294  N:           10.27 -+      3.719
STA_CRL:  HATCREEK         C:   .816  -.749  -.892   .985   .801  -.739   .806   .990  -.885   .793  -.734  -.875   .985  -.730  -.875
STA_GCX:  HAYSTACK         X:   1492404547.37 -+      2.091  Y:  -4457266545.93 -+      4.743  Z:   4296881840.07 -+      5.045 Obs_used:   28280 Obs_tot:   28456 Ses_used:    86 Ses_tot:    86 Date_beg: 1979.08.03 Date_end: 1992.06.29
STA_GCU:  HAYSTACK         U:           28.05 -+      6.626  E:           15.21 -+      1.844  N:            2.82 -+      2.239
STA_CRL:  HAYSTACK         C:  -.468   .415  -.803   .882  -.398   .358  -.446   .935  -.758  -.420   .379  -.720   .923   .375  -.760
STA_GCX:  HN-VLBA          X:   1446374910.57 -+      0.204  Y:  -4447939672.10 -+      0.295  Z:   4322306170.95 -+      0.285 Obs_used:  505311 Obs_tot:  516559 Ses_used:   247 Ses_tot:   247 Date_beg: 1992.08.28 Date_end: 2019.04.01
STA_GCU:  HN-VLBA          U:            1.32 -+      0.366  E:           -0.75 -+      0.178  N:            0.07 -+      0.211
STA_CRL:  HN-VLBA          C:  -.400   .147  -.518   .232  -.038  -.036  -.062   .158   .042   .123  -.031   .024   .087  -.012  -.053
STA_GCX:  HOBART12         X:  -3949990678.18 -+      0.493  Y:   2522421189.44 -+      0.376  Z:  -4311708174.04 -+      0.537 Obs_used:  480726 Obs_tot:  492097 Ses_used:   680 Ses_tot:   680 Date_beg: 2010.10.07 Date_end: 2017.06.20
STA_GCU:  HOBART12         U:           21.78 -+      0.618  E:            0.05 -+      0.288  N:           -5.78 -+      0.456
STA_CRL:  HOBART12         C:  -.521   .255  -.275  -.033   .037  -.077   .028  -.022   .027  -.030  -.107   .055   .009  -.534   .648
STA_GCX:  HOBART26         X:  -3950237240.03 -+      0.383  Y:   2522347655.02 -+      0.310  Z:  -4311562009.08 -+      0.418 Obs_used:  297210 Obs_tot:  306924 Ses_used:   952 Ses_tot:   952 Date_beg: 1989.09.26 Date_end: 2019.04.16
STA_GCU:  HOBART26         U:            4.84 -+      0.379  E:           -0.00 -+      0.275  N:           -5.17 -+      0.446
STA_CRL:  HOBART26         C:  -.327  -.178   .050   .022   .003  -.052   .004   .018   .004  -.031  -.065   .004   .102  -.537   .650
STA_GCX:  HOFN             X:   2679653628.46 -+   5448.494  Y:   -727914206.24 -+   4670.525  Z:   5722810061.54 -+   9015.213 Obs_used:     555 Obs_tot:     555 Ses_used:     4 Ses_tot:     4 Date_beg: 1992.07.20 Date_end: 1992.07.27
STA_GCU:  HOFN             U:         3464.51 -+   9713.367  E:         2837.05 -+   4421.837  N:        -1366.77 -+   4344.171
STA_CRL:  HOFN             C:  -.218   .571  -.138   .000  -.217   .571  -.218   .000  -.138  -.217   .571  -.138   .000   .571  -.138
STA_GCX:  HOHNBERG         X:   4213688887.65 -+   8982.978  Y:    820421011.61 -+   9227.945  Z:   4702783592.25 -+   9406.044 Obs_used:     348 Obs_tot:     348 Ses_used:     3 Ses_tot:     3 Date_beg: 1992.06.15 Date_end: 1992.06.18
STA_GCU:  HOHNBERG         U:          364.45 -+   9952.215  E:        -2132.17 -+   8928.648  N:        -1318.64 -+   8692.250
STA_CRL:  HOHNBERG         C:   .169   .164  -.117   .000   .169   .164   .169   .000  -.117   .169   .164  -.117   .000   .164  -.117
STA_GCX:  HRAS 085         X:  -1324211110.31 -+     21.460  Y:  -5332022950.60 -+     24.595  Z:   3232118164.18 -+     22.986 Obs_used:  145185 Obs_tot:  146500 Ses_used:   721 Ses_tot:   721 Date_beg: 1980.04.11 Date_end: 1990.10.29
STA_GCU:  HRAS 085         U:         -228.14 -+     26.001  E:            5.47 -+     21.344  N:          -15.76 -+     21.499
STA_CRL:  HRAS 085         C:   .054  -.042  -.172   .998   .057  -.045   .056   .997  -.181   .058  -.044  -.182   .996  -.048  -.194
STA_GCX:  ISHIOKA          X:  -3959635946.39 -+      1.509  Y:   3296825497.48 -+      1.300  Z:   3747042652.91 -+      1.472 Obs_used:  287562 Obs_tot:  292462 Ses_used:   244 Ses_tot:   244 Date_beg: 2015.02.19 Date_end: 2019.06.24
STA_GCU:  ISHIOKA          U:          -41.95 -+      2.331  E:           -0.23 -+      0.577  N:           -7.82 -+      0.607
STA_CRL:  ISHIOKA          C:  -.828  -.825   .830  -.893   .776   .759   .779  -.878  -.786  -.606   .659  -.679  -.738  -.619   .644
STA_GCX:  JPL MV1          X:  -2493306737.75 -+     45.040  Y:  -4655197399.64 -+     82.080  Z:   3565519714.79 -+     61.966 Obs_used:    3314 Obs_tot:    3330 Ses_used:    23 Ses_tot:    23 Date_beg: 1982.10.16 Date_end: 1988.11.05
STA_GCU:  JPL MV1          U:          402.87 -+    110.947  E:            0.74 -+     10.163  N:          -45.57 -+     13.886
STA_CRL:  JPL MV1          C:   .967  -.954  -.960   .977   .945  -.930   .944   .977  -.935   .968  -.934  -.939   .975  -.957  -.961
STA_GCX:  KAINAN           X:  -3751039343.04 -+   9942.401  Y:   3721054572.57 -+   9828.808  Z:   3560815709.48 -+   9973.350 Obs_used:     275 Obs_tot:     290 Ses_used:     2 Ses_tot:     2 Date_beg: 1993.10.12 Date_end: 1993.10.14
STA_GCU:  KAINAN           U:           89.29 -+   9997.151  E:        -2702.13 -+   9788.314  N:        -1070.25 -+   9958.433
STA_CRL:  KAINAN           C:  -.020   .007   .013   .000  -.020   .007  -.019   .000   .013  -.020   .007   .013   .000   .007   .013
STA_GCX:  KANOZAN          X:  -3991744219.22 -+   9638.495  Y:   3355064361.61 -+   9480.870  Z:   3661227001.96 -+   9649.914 Obs_used:     265 Obs_tot:     327 Ses_used:     2 Ses_tot:     2 Date_beg: 1995.01.17 Date_end: 1995.01.19
STA_GCU:  KANOZAN          U:          315.11 -+   9971.809  E:        -3953.43 -+   9284.668  N:         1996.20 -+   9500.856
STA_CRL:  KANOZAN          C:  -.055  -.027   .040   .000  -.055  -.026  -.055   .000   .040  -.055  -.027   .040   .000  -.026   .040
STA_GCX:  KARLBURG         X:   3653210237.48 -+   9543.803  Y:    884430111.29 -+   9414.351  Z:   5135727617.38 -+   9813.821 Obs_used:     337 Obs_tot:     337 Ses_used:     2 Ses_tot:     2 Date_beg: 1992.07.06 Date_end: 1992.07.07
STA_GCU:  KARLBURG         U:          134.12 -+   9984.717  E:         1422.61 -+   9324.336  N:        -6972.77 -+   9454.494
STA_CRL:  KARLBURG         C:   .044   .056  -.013   .000   .044   .056   .044   .000  -.013   .044   .056  -.013   .000   .056  -.013
STA_GCX:  KASHIM11         X:  -3997505691.46 -+      0.814  Y:   3276878500.38 -+      0.696  Z:   3724240626.52 -+      0.813 Obs_used:   96850 Obs_tot:  102052 Ses_used:   125 Ses_tot:   125 Date_beg: 1994.08.29 Date_end: 2019.04.16
STA_GCU:  KASHIM11         U:           24.77 -+      1.242  E:           -3.15 -+      0.336  N:           -8.68 -+      0.390
STA_CRL:  KASHIM11         C:  -.797  -.803   .724  -.039   .079   .075   .078   .014  -.089   .518   .040  -.048   .003  -.091   .109
STA_GCX:  KASHIM34         X:  -3997649259.37 -+      0.450  Y:   3276690860.69 -+      0.413  Z:   3724278756.77 -+      0.525 Obs_used:  149777 Obs_tot:  157226 Ses_used:   236 Ses_tot:   236 Date_beg: 1990.03.22 Date_end: 2019.06.17
STA_GCU:  KASHIM34         U:           28.59 -+      0.655  E:           -2.81 -+      0.305  N:           -4.97 -+      0.357
STA_CRL:  KASHIM34         C:  -.496  -.571   .390  -.042   .109   .102   .117   .052  -.125   .523   .057  -.066   .021  -.092   .109
STA_GCX:  KASHIMA          X:  -3997892295.80 -+      1.085  Y:   3276581352.20 -+      0.931  Z:   3724118167.48 -+      0.984 Obs_used:   95219 Obs_tot:   96739 Ses_used:   297 Ses_tot:   297 Date_beg: 1984.01.24 Date_end: 2002.05.27
STA_GCU:  KASHIMA          U:           25.15 -+      1.633  E:           19.22 -+      0.387  N:           15.70 -+      0.441
STA_CRL:  KASHIMA          C:  -.850  -.838   .788   .154  -.080  -.086  -.080   .183   .062   .519  -.047   .035   .107  -.091   .109
STA_GCX:  KATH12M          X:  -4147354542.13 -+      0.666  Y:   4581542439.41 -+      0.678  Z:  -1573303391.97 -+      0.545 Obs_used:  738808 Obs_tot:  753708 Ses_used:   881 Ses_tot:   881 Date_beg: 2011.06.16 Date_end: 2019.06.24
STA_GCU:  KATH12M          U:           24.60 -+      0.893  E:          -15.20 -+      0.371  N:            8.40 -+      0.514
STA_CRL:  KATH12M          C:  -.697   .177  -.306  -.454   .405  -.213   .419  -.506   .196  -.122  -.162   .145  -.130  -.253   .456
STA_GCX:  KAUAI            X:  -5543846181.17 -+      4.919  Y:  -2054562777.82 -+      2.770  Z:   2387814528.19 -+      4.341 Obs_used:  122506 Obs_tot:  122568 Ses_used:   434 Ses_tot:   434 Date_beg: 1984.07.07 Date_end: 1994.03.14
STA_GCU:  KAUAI            U:          -13.99 -+      6.132  E:          -44.99 -+      2.218  N:            3.73 -+      2.864
STA_CRL:  KAUAI            C:   .535  -.746  -.469   .977   .509  -.735   .447   .846  -.398   .434  -.669  -.415   .906  -.712  -.345
STA_GCX:  KIRSBERG         X:   3879833674.43 -+   7821.756  Y:    987962441.48 -+   6831.587  Z:   4948711180.57 -+   8713.422 Obs_used:     430 Obs_tot:     430 Ses_used:     3 Ses_tot:     3 Date_beg: 1992.06.25 Date_end: 1992.06.28
STA_GCU:  KIRSBERG         U:           62.25 -+   9925.128  E:        -2054.34 -+   6711.143  N:        -2207.74 -+   6342.440
STA_CRL:  KIRSBERG         C:   .098   .426   .017   .000   .098   .426   .098   .000   .017   .098   .426   .018   .000   .426   .018
STA_GCX:  KODIAK           X:  -3026940564.69 -+     66.326  Y:  -1575911723.75 -+     41.896  Z:   5370362532.29 -+    113.148 Obs_used:    3430 Obs_tot:    3430 Ses_used:    15 Ses_tot:    15 Date_beg: 1984.07.23 Date_end: 1990.07.02
STA_GCU:  KODIAK           U:           46.34 -+    135.296  E:           24.24 -+     19.802  N:           41.41 -+     16.120
STA_CRL:  KODIAK           C:   .846  -.960  -.881   .975   .835  -.937   .816   .982  -.854   .846  -.930  -.868   .973  -.959  -.883
STA_GCX:  KOGANEI          X:  -3941937458.44 -+      1.389  Y:   3368150793.47 -+      1.173  Z:   3702235261.02 -+      1.336 Obs_used:   71987 Obs_tot:   75760 Ses_used:    91 Ses_tot:    91 Date_beg: 1994.08.29 Date_end: 2019.04.16
STA_GCU:  KOGANEI          U:           26.59 -+      2.182  E:          172.02 -+      0.353  N:           -0.62 -+      0.449
STA_CRL:  KOGANEI          C:  -.923  -.900   .887  -.407   .398   .359   .412  -.367  -.388  -.633   .315  -.329  -.329  -.575   .621
STA_GCX:  KOGANEI3         X:  -3942077406.18 -+     38.667  Y:   3368331939.06 -+     32.544  Z:   3701904788.17 -+     39.107 Obs_used:     262 Obs_tot:     310 Ses_used:     2 Ses_tot:     2 Date_beg: 1995.01.17 Date_end: 1995.01.19
STA_GCU:  KOGANEI3         U:         -182.82 -+     61.330  E:          201.61 -+      5.689  N:          119.30 -+     17.024
STA_CRL:  KOGANEI3         C:  -.974  -.808   .890   .058  -.053  -.044  -.055   .056   .047  -.631  -.040   .041   .044  -.573   .619
STA_GCX:  KOKEE            X:  -5543837743.29 -+      0.270  Y:  -2054567039.05 -+      0.269  Z:   2387852355.52 -+      0.342 Obs_used: 1429163 Obs_tot: 1468600 Ses_used:  2490 Ses_tot:  2490 Date_beg: 1993.06.08 Date_end: 2019.06.24
STA_GCU:  KOKEE            U:           -1.74 -+      0.313  E:           -0.99 -+      0.252  N:           -4.13 -+      0.317
STA_CRL:  KOKEE            C:   .192  -.180  -.026   .092  -.015   .033  -.012   .162   .009   .032   .025   .007   .174  -.564   .052
STA_GCX:  KP-VLBA          X:  -1995678799.21 -+      0.193  Y:  -5037317695.15 -+      0.277  Z:   3357328039.45 -+      0.256 Obs_used:  591545 Obs_tot:  606149 Ses_used:   245 Ses_tot:   245 Date_beg: 1992.08.28 Date_end: 2019.04.01
STA_GCU:  KP-VLBA          U:           -2.74 -+      0.284  E:           -0.88 -+      0.204  N:           -1.29 -+      0.240
STA_CRL:  KP-VLBA          C:   .030  -.196  -.115   .173  -.049  -.001  -.068   .181   .078  -.353   .004   .044   .156  -.157  -.228
STA_GCX:  KUNMING          X:  -1281152730.75 -+      1.913  Y:   5640864339.33 -+      5.694  Z:   2682653480.34 -+      3.034 Obs_used:   33099 Obs_tot:   33993 Ses_used:    44 Ses_tot:    44 Date_beg: 2011.07.20 Date_end: 2019.04.16
STA_GCU:  KUNMING          U:          -72.49 -+      6.519  E:           -5.42 -+      1.199  N:            4.42 -+      1.160
STA_CRL:  KUNMING          C:  -.772  -.728   .906  -.879   .676   .630   .767  -.975  -.885  -.693   .664  -.822  -.896  -.621   .848
STA_GCX:  KWAJAL26         X:  -6143536004.89 -+     97.525  Y:   1363998771.25 -+     27.341  Z:   1034708060.73 -+     38.244 Obs_used:    5854 Obs_tot:    5873 Ses_used:    20 Ses_tot:    20 Date_beg: 1984.07.07 Date_end: 1988.08.06
STA_GCU:  KWAJAL26         U:           -5.68 -+    102.042  E:          -65.78 -+     20.027  N:           77.70 -+     30.127
STA_CRL:  KWAJAL26         C:  -.672  -.642   .344   .986  -.660  -.633  -.662   .986   .333  -.671  -.636   .335   .992  -.640   .335
STA_GCX:  LA-VLBA          X:  -1449752542.13 -+      0.189  Y:  -4975298573.95 -+      0.264  Z:   3709123857.15 -+      0.246 Obs_used:  673160 Obs_tot:  688093 Ses_used:   309 Ses_tot:   309 Date_beg: 1991.05.21 Date_end: 2019.04.01
STA_GCU:  LA-VLBA          U:           -1.06 -+      0.267  E:           -1.37 -+      0.201  N:           -0.28 -+      0.234
STA_CRL:  LA-VLBA          C:  -.063  -.139  -.098   .199  -.051  -.001  -.074   .215   .082  -.312   .004   .046   .153  -.094  -.172
STA_GCX:  LEONRDOK         X:   -522231049.30 -+   9936.951  Y:  -5145677128.95 -+   9992.518  Z:   3720152161.55 -+   9982.468 Obs_used:     244 Obs_tot:     247 Ses_used:     1 Ses_tot:     1 Date_beg: 1987.08.24 Date_end: 1987.08.24
STA_GCU:  LEONRDOK         U:           44.90 -+   9998.005  E:          486.37 -+   9936.438  N:         -278.76 -+   9977.483
STA_CRL:  LEONRDOK         C:   .001  -.001  -.002   .000   .001  -.001   .001   .000  -.002   .001  -.001  -.002   .000  -.001  -.002
STA_GCX:  MADRID64         X:   4849092934.69 -+   9999.047  Y:   -360180514.59 -+   9999.664  Z:   4115109792.09 -+   9999.995 Obs_used:     141 Obs_tot:     173 Ses_used:     1 Ses_tot:     1 Date_beg: 1989.03.19 Date_end: 1989.03.19
STA_GCU:  MADRID64         U:         -151.63 -+   9999.441  E:         -131.95 -+   9999.577  N:          113.54 -+   9999.687
STA_CRL:  MADRID64         C:  -.000  -.000  -.000   .990  -.000  -.000  -.000   .985  -.000  -.013  -.000  -.000   .981  -.003   .004
STA_GCX:  MAMMOTHL         X:  -2448246991.73 -+    144.100  Y:  -4426737848.65 -+    261.783  Z:   3875435652.19 -+    215.184 Obs_used:     561 Obs_tot:     562 Ses_used:     4 Ses_tot:     4 Date_beg: 1983.06.29 Date_end: 1986.10.22
STA_GCU:  MAMMOTHL         U:          154.22 -+    363.846  E:           72.65 -+     33.312  N:           56.83 -+     45.889
STA_CRL:  MAMMOTHL         C:   .965  -.953  -.964   .992   .954  -.939   .959   .992  -.953   .964  -.948  -.957   .990  -.952  -.963
STA_GCX:  MARCUS           X:  -5227445774.44 -+     76.797  Y:   2551380435.08 -+     55.834  Z:   2607605307.68 -+     51.100 Obs_used:    5120 Obs_tot:    5203 Ses_used:    16 Ses_tot:    16 Date_beg: 1989.07.24 Date_end: 1993.06.28
STA_GCU:  MARCUS           U:         -111.55 -+    100.323  E:          -55.98 -+     28.115  N:           42.31 -+     27.774
STA_CRL:  MARCUS           C:  -.847  -.823   .654   .986  -.845  -.823  -.839   .992   .657  -.856  -.811   .654   .989  -.833   .670
STA_GCX:  MARPOINT         X:   1106629107.98 -+      8.346  Y:  -4882907314.22 -+     27.671  Z:   3938087072.00 -+     22.436 Obs_used:    8191 Obs_tot:    8210 Ses_used:    77 Ses_tot:    77 Date_beg: 1982.06.18 Date_end: 1989.08.24
STA_GCU:  MARPOINT         U:          189.60 -+     35.286  E:          -25.02 -+      5.569  N:          -11.10 -+      7.910
STA_CRL:  MARPOINT         C:  -.730   .702  -.897   .986  -.728   .707  -.730   .996  -.896  -.733   .706  -.896   .994   .714  -.901
STA_GCX:  MATERA           X:   4641938528.78 -+      0.277  Y:   1393003265.07 -+      0.147  Z:   4133325727.43 -+      0.253 Obs_used:  790362 Obs_tot:  821564 Ses_used:  1110 Ses_tot:  1110 Date_beg: 1990.10.04 Date_end: 2019.06.24
STA_GCU:  MATERA           U:            4.20 -+      0.298  E:            0.61 -+      0.144  N:           -3.04 -+      0.230
STA_CRL:  MATERA           C:   .247   .240   .099   .112   .011  -.090   .004   .075  -.029  -.589  -.052  -.036   .043   .035   .030
STA_GCX:  MCD 7850         X:  -1330006318.53 -+   9544.012  Y:  -5328391612.66 -+   9938.065  Z:   3236501807.63 -+   9823.302 Obs_used:     616 Obs_tot:     616 Ses_used:     1 Ses_tot:     1 Date_beg: 1988.10.06 Date_end: 1988.10.06
STA_GCU:  MCD 7850         U:         -811.67 -+   9987.402  E:         1722.28 -+   9551.348  N:         -595.58 -+   9765.967
STA_CRL:  MCD 7850         C:   .007  -.022  -.015   .000   .007  -.022   .007   .000  -.015   .007  -.022  -.015   .000  -.022  -.015
STA_GCX:  MEDICINA         X:   4461369745.73 -+      0.529  Y:    919597066.29 -+      0.246  Z:   4449559345.92 -+      0.525 Obs_used:  527105 Obs_tot:  545244 Ses_used:   563 Ses_tot:   563 Date_beg: 1987.12.08 Date_end: 2019.06.20
STA_GCU:  MEDICINA         U:           -1.61 -+      0.693  E:            0.34 -+      0.230  N:           -1.34 -+      0.289
STA_CRL:  MEDICINA         C:   .322   .703   .263   .195   .052   .072   .020   .105   .005  -.545   .046   .009   .111  -.005  -.018
STA_GCX:  MEDICINA_960601  X:   4461369747.41 -+      0.276  Y:    919597066.76 -+      0.148  Z:   4449559346.37 -+      0.253 Obs_used:       0 Obs_tot:       0 Ses_used:     0 Ses_tot:     0 Date_beg:            Date_end:           
STA_GCU:  MEDICINA_960601  U:           -0.05 -+      0.300  E:            0.46 -+      0.146  N:           -2.24 -+      0.226
STA_CRL:  MEDICINA_960601  C:   .180   .277   .038   .108   .012  -.119   .002   .086  -.031  -.545  -.063  -.035   .017  -.005  -.018
STA_GCX:  METSAHOV         X:   2892584897.59 -+      1.355  Y:   1311715554.59 -+      0.665  Z:   5512640125.91 -+      2.463 Obs_used:   44112 Obs_tot:   49222 Ses_used:    70 Ses_tot:    70 Date_beg: 2004.12.14 Date_end: 2018.02.14
STA_GCU:  METSAHOV         U:           -3.41 -+      2.851  E:            1.62 -+      0.307  N:           -2.27 -+      0.352
STA_CRL:  METSAHOV         C:   .864   .959   .867   .053   .035   .045   .022   .038   .028   .381   .064   .060   .068   .739   .456
STA_GCX:  METSHOVI         X:   2890652515.11 -+     21.160  Y:   1310295518.05 -+      9.610  Z:   5513958820.29 -+     37.550 Obs_used:     575 Obs_tot:     575 Ses_used:     5 Ses_tot:     5 Date_beg: 1989.07.05 Date_end: 1989.07.11
STA_GCU:  METSHOVI         U:          -22.45 -+     43.944  E:            5.54 -+      2.559  N:           -4.48 -+      3.528
STA_CRL:  METSHOVI         C:   .957   .986   .953   .135   .108   .107   .075   .167   .072   .379   .119   .116   .128   .737   .454
STA_GCX:  MIAMI20          X:    961255213.07 -+      1.911  Y:  -5674092607.92 -+      7.607  Z:   2740533822.53 -+      4.053 Obs_used:    5484 Obs_tot:    5512 Ses_used:    19 Ses_tot:    19 Date_beg: 1995.06.13 Date_end: 1996.06.04
STA_GCU:  MIAMI20          U:            5.80 -+      8.623  E:            5.32 -+      1.385  N:          -13.28 -+      1.290
STA_CRL:  MIAMI20          C:  -.678   .620  -.937   .586  -.151   .123  -.288   .421  -.415  -.334   .176  -.313   .442   .237  -.767
STA_GCX:  MILESMON         X:  -1204438507.16 -+   9969.904  Y:  -4239211515.32 -+   9991.791  Z:   4596265804.19 -+   9992.787 Obs_used:     156 Obs_tot:     156 Ses_used:     1 Ses_tot:     1 Date_beg: 1988.04.15 Date_end: 1988.04.15
STA_GCU:  MILESMON         U:           11.83 -+   9999.257  E:          532.19 -+   9969.079  N:         -383.35 -+   9986.140
STA_CRL:  MILESMON         C:   .001  -.001  -.001   .000   .001  -.001   .001   .000  -.001   .001  -.001  -.001   .000  -.001  -.001
STA_GCX:  MIURA            X:  -3976129785.42 -+     18.386  Y:   3377927849.51 -+     15.124  Z:   3656753901.43 -+     16.686 Obs_used:   17662 Obs_tot:   18260 Ses_used:    15 Ses_tot:    15 Date_beg: 1995.05.22 Date_end: 2000.11.07
STA_GCU:  MIURA            U:           98.73 -+     28.692  E:          132.82 -+      3.270  N:           -6.72 -+      3.350
STA_CRL:  MIURA            C:  -.962  -.956   .968   .976  -.940  -.934  -.940   .976   .946  -.958  -.930   .941   .972  -.951   .964
STA_GCX:  MIURA____000901  X:  -3976129776.18 -+     14.994  Y:   3377927834.35 -+     12.353  Z:   3656753900.00 -+     13.628 Obs_used:       0 Obs_tot:       0 Ses_used:     0 Ses_tot:     0 Date_beg:            Date_end:           
STA_GCU:  MIURA____000901  U:           84.13 -+     23.416  E:          138.40 -+      2.675  N:            1.84 -+      2.769
STA_CRL:  MIURA____000901  C:  -.961  -.956   .966   .949  -.914  -.909  -.915   .949   .920  -.958  -.906   .915   .946  -.951   .964
STA_GCX:  MIYAZAKI         X:  -3582767902.06 -+    411.482  Y:   4052033658.55 -+    267.565  Z:   3369020105.30 -+    423.027 Obs_used:     740 Obs_tot:     823 Ses_used:     8 Ses_tot:     8 Date_beg: 1986.10.14 Date_end: 1993.12.02
STA_GCU:  MIYAZAKI         U:         -329.73 -+    461.185  E:           29.37 -+    224.912  N:           39.51 -+    395.705
STA_CRL:  MIYAZAKI         C:  -.694   .178   .577   .985  -.685   .175  -.679   .981   .565  -.696   .175   .570   .985   .171   .580
STA_GCX:  MIZNAO10         X:  -3857236102.26 -+      6.990  Y:   3108803330.02 -+      5.762  Z:   4003883089.79 -+      7.281 Obs_used:    3431 Obs_tot:    3486 Ses_used:    19 Ses_tot:    19 Date_beg: 1993.07.14 Date_end: 2006.10.12
STA_GCU:  MIZNAO10         U:           78.15 -+     11.495  E:           22.46 -+      1.178  N:           36.70 -+      1.241
STA_CRL:  MIZNAO10         C:  -.965  -.971   .963   .241  -.225  -.205  -.212   .255   .199  -.633  -.192   .198   .209  -.650   .648
STA_GCX:  MIZUSGSI         X:  -3862411883.92 -+     27.025  Y:   3105015134.80 -+     15.550  Z:   4001944893.98 -+     16.721 Obs_used:    1047 Obs_tot:    1047 Ses_used:     6 Ses_tot:     6 Date_beg: 1991.09.18 Date_end: 1991.11.26
STA_GCU:  MIZUSGSI         U:           57.99 -+     28.223  E:           40.73 -+     20.969  N:           62.37 -+      3.932
STA_CRL:  MIZUSGSI         C:   .015  -.793   .573   .114  -.148  -.160  -.100   .172   .159  -.633  -.087   .129   .158  -.650   .647
STA_GCX:  MK-VLBA          X:  -5464075142.67 -+      0.552  Y:  -2495248303.10 -+      0.418  Z:   2148297263.77 -+      0.426 Obs_used:  419587 Obs_tot:  429314 Ses_used:   256 Ses_tot:   256 Date_beg: 1993.07.19 Date_end: 2019.04.01
STA_GCU:  MK-VLBA          U:            1.91 -+      0.668  E:           -1.02 -+      0.299  N:           -2.00 -+      0.354
STA_CRL:  MK-VLBA          C:   .619  -.476  -.321   .478   .327  -.239   .171   .297  -.100   .097  -.106  -.087   .259  -.573  -.015
STA_GCX:  MK-VLBA__061015  X:  -5464075142.29 -+      0.442  Y:  -2495248302.05 -+      0.349  Z:   2148297264.94 -+      0.376 Obs_used:       0 Obs_tot:       0 Ses_used:     0 Ses_tot:     0 Date_beg:            Date_end:           
STA_GCU:  MK-VLBA__061015  U:            1.57 -+      0.529  E:           -1.81 -+      0.266  N:           -0.62 -+      0.328
STA_CRL:  MK-VLBA__061015  C:   .545  -.396  -.223  -.267  -.224   .184  -.114  -.026   .087   .097   .081   .072   .069  -.573  -.015
STA_GCX:  MOJ 7288         X:  -2356494340.25 -+     13.676  Y:  -4646607497.17 -+     26.727  Z:   3668426504.04 -+     21.689 Obs_used:     540 Obs_tot:     540 Ses_used:     1 Ses_tot:     1 Date_beg: 1987.11.01 Date_end: 1987.11.01
STA_GCU:  MOJ 7288         U:         -100.41 -+     36.839  E:           49.61 -+      2.196  N:          -40.32 -+      3.129
STA_CRL:  MOJ 7288         C:   .984  -.975  -.983   .141   .079  -.114   .089   .140  -.144   .468  -.090  -.101   .194  -.539  -.676
STA_GCX:  MOJAVE12         X:  -2356171235.95 -+      2.062  Y:  -4646755723.76 -+      3.798  Z:   3668470507.04 -+      4.346 Obs_used:  247993 Obs_tot:  248119 Ses_used:   720 Ses_tot:   720 Date_beg: 1983.06.27 Date_end: 1992.08.31
STA_GCU:  MOJAVE12         U:          -57.57 -+      5.436  E:           -5.66 -+      1.601  N:           -8.17 -+      2.333
STA_CRL:  MOJAVE12         C:   .597  -.608  -.734   .903   .535  -.552   .569   .961  -.706   .470  -.570  -.687   .946  -.541  -.677
STA_GCX:  MOJAVE12_920627  X:  -2356171258.43 -+      2.280  Y:  -4646755728.66 -+      4.185  Z:   3668470499.82 -+      4.510 Obs_used:       0 Obs_tot:       0 Ses_used:     0 Ses_tot:     0 Date_beg:            Date_end:           
STA_GCU:  MOJAVE12_920627  U:          -49.88 -+      5.870  E:          -23.50 -+      1.746  N:          -22.47 -+      2.355
STA_CRL:  MOJAVE12_920627  C:   .606  -.616  -.747   .723   .426  -.475   .452   .772  -.605   .470  -.463  -.553   .821  -.541  -.677
STA_GCX:  MON PEAK         X:  -2386290040.33 -+     23.517  Y:  -4802345893.52 -+     47.573  Z:   3444884172.37 -+     34.198 Obs_used:    8100 Obs_tot:    8121 Ses_used:    37 Ses_tot:    37 Date_beg: 1982.10.16 Date_end: 1990.11.11
STA_GCU:  MON PEAK         U:          -55.82 -+     62.296  E:            7.67 -+      6.360  N:           16.30 -+      8.032
STA_CRL:  MON PEAK         C:   .955  -.929  -.960   .969   .925  -.899   .925   .970  -.930   .954  -.898  -.930   .968  -.929  -.960
STA_GCX:  NL-VLBA          X:   -130872453.79 -+      0.190  Y:  -4762317095.97 -+      0.271  Z:   4226851008.05 -+      0.249 Obs_used:  587843 Obs_tot:  601185 Ses_used:   261 Ses_tot:   261 Date_beg: 1992.08.28 Date_end: 2019.04.01
STA_GCU:  NL-VLBA          U:            0.68 -+      0.293  E:            0.21 -+      0.192  N:            0.80 -+      0.221
STA_CRL:  NL-VLBA          C:  -.172  -.070  -.265   .233  -.050  -.010  -.080   .215   .081  -.112  -.008   .043   .123  -.031  -.058
STA_GCX:  NOBEY 6M         X:  -3871169462.95 -+    361.537  Y:   3428275393.86 -+    328.634  Z:   3723698582.57 -+    329.768 Obs_used:     606 Obs_tot:     606 Ses_used:     6 Ses_tot:     6 Date_beg: 1990.01.23 Date_end: 1991.07.09
STA_GCU:  NOBEY 6M         U:          441.53 -+    565.981  E:          -67.55 -+    110.021  N:          -95.84 -+    122.544
STA_CRL:  NOBEY 6M         C:  -.898  -.890   .862   .998  -.896  -.888  -.893   .998   .859  -.896  -.885   .859   .998  -.888   .860
STA_GCX:  NOME             X:  -2658151019.57 -+     57.353  Y:   -693822090.67 -+     23.890  Z:   5737236659.93 -+    109.606 Obs_used:    1708 Obs_tot:    1708 Ses_used:    10 Ses_tot:    10 Date_beg: 1984.07.14 Date_end: 1990.06.20
STA_GCU:  NOME             U:          192.38 -+    123.048  E:           -7.04 -+     15.582  N:          -15.84 -+     22.132
STA_CRL:  NOME             C:   .749  -.917  -.682   .958   .737  -.855   .724   .979  -.637   .765  -.875  -.664   .947  -.905  -.677
STA_GCX:  NOTO             X:   4934562894.71 -+      0.948  Y:   1321201489.81 -+      0.340  Z:   3806484689.68 -+      0.753 Obs_used:  140555 Obs_tot:  148956 Ses_used:   203 Ses_tot:   203 Date_beg: 1989.06.03 Date_end: 2018.08.01
STA_GCU:  NOTO             U:            8.15 -+      1.206  E:            0.73 -+      0.225  N:           -2.76 -+      0.279
STA_CRL:  NOTO             C:   .730   .886   .713   .260   .182   .203   .075   .175   .074  -.293   .116   .102   .174   .303   .144
STA_GCX:  NRAO 140         X:    882879697.00 -+      0.736  Y:  -4924482328.11 -+      2.019  Z:   3944130713.66 -+      1.640 Obs_used:    6921 Obs_tot:    6965 Ses_used:    15 Ses_tot:    15 Date_beg: 1979.08.03 Date_end: 1996.05.22
STA_GCU:  NRAO 140         U:            4.10 -+      2.456  E:           -5.19 -+      0.694  N:           -4.96 -+      0.891
STA_CRL:  NRAO 140         C:  -.328   .249  -.757   .595  -.178   .148  -.282   .825  -.690  -.163   .190  -.552   .705   .135  -.634
STA_GCX:  NRAO20           X:    883772560.45 -+      0.530  Y:  -4924385621.79 -+      1.390  Z:   3944042532.00 -+      1.182 Obs_used:  207596 Obs_tot:  210520 Ses_used:   327 Ses_tot:   327 Date_beg: 1995.02.07 Date_end: 2000.06.27
STA_GCU:  NRAO20           U:           20.29 -+      1.752  E:           -3.05 -+      0.495  N:           -5.89 -+      0.542
STA_CRL:  NRAO20           C:  -.341   .273  -.822   .623  -.195   .154  -.294   .891  -.723  -.163   .196  -.608   .750   .136  -.635
STA_GCX:  NRAO85 1         X:    883555363.79 -+      0.800  Y:  -4924490913.67 -+      2.364  Z:   3943962020.75 -+      1.944 Obs_used:     742 Obs_tot:     742 Ses_used:     2 Ses_tot:     2 Date_beg: 1992.10.30 Date_end: 1992.11.11
STA_GCU:  NRAO85 1         U:           27.42 -+      2.790  E:           -0.65 -+      0.738  N:           12.39 -+      1.295
STA_CRL:  NRAO85 1         C:  -.380   .196  -.632   .545  -.154   .127  -.260   .700  -.580  -.162   .176  -.473   .597   .135  -.634
STA_GCX:  NRAO85 3         X:    882325383.18 -+      0.683  Y:  -4925138020.38 -+      1.773  Z:   3943397715.41 -+      1.499 Obs_used:  166071 Obs_tot:  166344 Ses_used:   539 Ses_tot:   539 Date_beg: 1989.02.15 Date_end: 1996.08.20
STA_GCU:  NRAO85 3         U:           16.03 -+      2.222  E:           -3.87 -+      0.638  N:           -7.09 -+      0.717
STA_CRL:  NRAO85 3         C:  -.340   .274  -.806   .626  -.206   .166  -.305   .922  -.751  -.163   .209  -.629   .773   .135  -.634
STA_GCX:  NYALES20         X:   1202462568.09 -+      0.238  Y:    252734497.58 -+      0.220  Z:   6237766176.97 -+      0.232 Obs_used: 1862817 Obs_tot: 1906686 Ses_used:  2011 Ses_tot:  2011 Date_beg: 1994.10.04 Date_end: 2019.06.17
STA_GCU:  NYALES20         U:            2.02 -+      0.237  E:            1.52 -+      0.219  N:           -0.03 -+      0.235
STA_CRL:  NYALES20         C:   .049   .154  -.234   .242   .022   .018   .017   .235  -.051  -.182   .016  -.049   .089  -.044  -.508
STA_GCX:  OCOTILLO         X:  -2335604038.58 -+   1577.094  Y:  -4832249247.84 -+   3325.892  Z:   3434393464.89 -+   2856.680 Obs_used:     245 Obs_tot:     248 Ses_used:     2 Ses_tot:     2 Date_beg: 1984.03.03 Date_end: 1985.03.04
STA_GCU:  OCOTILLO         U:         5339.60 -+   4500.971  E:         -556.35 -+    547.097  N:        -2394.35 -+   1073.006
STA_CRL:  OCOTILLO         C:   .927  -.810  -.906   .000   .927  -.810   .926   .000  -.906   .927  -.808  -.905   .000  -.808  -.905
STA_GCX:  OHIGGINS         X:   1525833240.07 -+      1.679  Y:  -2432463667.62 -+      2.399  Z:  -5676174444.12 -+      5.504 Obs_used:   19309 Obs_tot:   20481 Ses_used:   138 Ses_tot:   138 Date_beg: 1993.01.25 Date_end: 2018.05.15
STA_GCU:  OHIGGINS         U:          -42.40 -+      6.121  E:           -3.32 -+      0.828  N:           -0.02 -+      0.844
STA_CRL:  OHIGGINS         C:  -.817  -.858   .926   .232  -.082  -.089  -.094   .173   .090  -.240  -.222   .194   .241  -.241   .357
STA_GCX:  ONSALA60         X:   3370605843.22 -+      0.250  Y:    711917676.12 -+      0.170  Z:   5349830871.45 -+      0.248 Obs_used:  896800 Obs_tot:  917494 Ses_used:  1011 Ses_tot:  1011 Date_beg: 1980.07.26 Date_end: 2019.05.20
STA_GCU:  ONSALA60         U:            2.63 -+      0.268  E:            1.62 -+      0.169  N:           -1.42 -+      0.229
STA_CRL:  ONSALA60         C:   .099   .197  -.112   .198   .024  -.051   .014   .156  -.037  -.455  -.040  -.042   .049  -.153  -.214
STA_GCX:  OV-VLBA          X:  -2409150347.01 -+      0.206  Y:  -4478573136.05 -+      0.286  Z:   3838617346.75 -+      0.272 Obs_used:  590335 Obs_tot:  602765 Ses_used:   253 Ses_tot:   253 Date_beg: 1992.08.28 Date_end: 2019.04.01
STA_GCU:  OV-VLBA          U:           -0.43 -+      0.303  E:           -1.34 -+      0.214  N:            0.02 -+      0.246
STA_CRL:  OV-VLBA          C:   .105  -.169  -.162   .196  -.051   .031  -.058   .202   .067  -.351   .030   .043   .158  -.122  -.100
STA_GCX:  OVR 7853         X:  -2410421509.10 -+     12.710  Y:  -4477800190.48 -+     23.906  Z:   3838690181.00 -+     21.411 Obs_used:     564 Obs_tot:     564 Ses_used:     1 Ses_tot:     1 Date_beg: 1987.11.01 Date_end: 1987.11.01
STA_GCU:  OVR 7853         U:          -16.37 -+     33.942  E:         -423.58 -+      3.943  N:         -168.42 -+      4.886
STA_CRL:  OVR 7853         C:   .939  -.921  -.956   .453   .388  -.368   .356   .492  -.423   .755  -.327  -.410   .491  -.712  -.825
STA_GCX:  OVRO 130         X:  -2409601053.54 -+      5.996  Y:  -4478349368.35 -+     12.168  Z:   3838603108.38 -+     10.926 Obs_used:   30528 Obs_tot:   30731 Ses_used:   127 Ses_tot:   127 Date_beg: 1979.08.03 Date_end: 1988.11.09
STA_GCU:  OVRO 130         U:          -89.80 -+     16.471  E:            3.78 -+      3.509  N:            0.90 -+      4.449
STA_CRL:  OVRO 130         C:   .802  -.751  -.854   .949   .755  -.714   .751   .966  -.823   .755  -.688  -.799   .959  -.713  -.825
STA_GCX:  PARKES           X:  -4554232384.59 -+     10.480  Y:   2816758876.73 -+      6.513  Z:  -3454035165.40 -+      8.032 Obs_used:   21296 Obs_tot:   22000 Ses_used:    62 Ses_tot:    62 Date_beg: 1992.05.23 Date_end: 2016.08.09
STA_GCU:  PARKES           U:          -69.31 -+     14.704  E:           -0.45 -+      0.431  N:           -3.76 -+      0.614
STA_CRL:  PARKES           C:  -.997   .996  -.994   .091  -.091   .091  -.086   .086  -.086  -.865   .091  -.092   .095   .864  -.774
STA_GCX:  PBLOSSOM         X:  -2464071232.72 -+     70.319  Y:  -4649425014.97 -+    130.415  Z:   3593905593.69 -+     97.172 Obs_used:    1517 Obs_tot:    1528 Ses_used:    10 Ses_tot:    10 Date_beg: 1983.02.21 Date_end: 1988.02.08
STA_GCU:  PBLOSSOM         U:          -71.53 -+    174.684  E:          -76.43 -+     16.863  N:         -157.50 -+     24.425
STA_CRL:  PBLOSSOM         C:   .963  -.941  -.953   .980   .947  -.923   .941   .980  -.932   .965  -.921  -.936   .978  -.945  -.956
STA_GCX:  PENTICTN         X:  -2058840707.71 -+      8.233  Y:  -3621286419.04 -+     36.212  Z:   4814420609.93 -+     45.913 Obs_used:    3422 Obs_tot:    3605 Ses_used:    21 Ses_tot:    21 Date_beg: 1984.08.24 Date_end: 2001.06.06
STA_GCU:  PENTICTN         U:          -55.07 -+     57.506  E:          -20.50 -+     12.513  N:           -9.67 -+      4.863
STA_CRL:  PENTICTN         C:   .839  -.839  -.994   .859   .660  -.659   .863   .948  -.940   .834  -.862  -.939   .945  -.838  -.990
STA_GCX:  PIETOWN          X:  -1640953897.04 -+      0.196  Y:  -5014816039.42 -+      0.281  Z:   3575411799.14 -+      0.261 Obs_used:  640663 Obs_tot:  655247 Ses_used:   302 Ses_tot:   302 Date_beg: 1988.09.08 Date_end: 2019.04.01
STA_GCU:  PIETOWN          U:           -1.54 -+      0.291  E:           -2.12 -+      0.207  N:           -2.40 -+      0.242
STA_CRL:  PIETOWN          C:  -.018  -.164  -.146   .161  -.049   .004  -.075   .151   .097  -.323   .008   .057   .117  -.117  -.205
STA_GCX:  PINFLATS         X:  -2369636413.19 -+     46.926  Y:  -4761324570.57 -+     90.608  Z:   3511116288.86 -+     68.559 Obs_used:    3539 Obs_tot:    3550 Ses_used:    20 Ses_tot:    20 Date_beg: 1983.10.31 Date_end: 1990.02.10
STA_GCU:  PINFLATS         U:           -6.32 -+    121.310  E:          -16.90 -+     13.072  N:            6.44 -+     15.007
STA_CRL:  PINFLATS         C:   .950  -.934  -.963   .984   .937  -.918   .932   .983  -.944   .951  -.917  -.948   .982  -.934  -.963
STA_GCX:  PLATTVIL         X:  -1240708376.26 -+     18.590  Y:  -4720454296.32 -+     56.088  Z:   4094481406.29 -+     47.475 Obs_used:    5110 Obs_tot:    5111 Ses_used:    23 Ses_tot:    23 Date_beg: 1983.06.07 Date_end: 1990.10.28
STA_GCU:  PLATTVIL         U:         -144.69 -+     74.497  E:           27.03 -+      8.656  N:          -21.41 -+     10.980
STA_CRL:  PLATTVIL         C:   .881  -.849  -.957   .984   .860  -.829   .869   .978  -.935   .882  -.837  -.934   .976  -.852  -.956
STA_GCX:  PRESIDIO         X:  -2707705198.05 -+     49.434  Y:  -4257608920.25 -+     77.600  Z:   3888374225.74 -+     68.856 Obs_used:    4124 Obs_tot:    4133 Ses_used:    21 Ses_tot:    21 Date_beg: 1983.08.25 Date_end: 1991.07.18
STA_GCU:  PRESIDIO         U:          -54.02 -+    113.210  E:          -24.74 -+     11.993  N:           45.37 -+     15.695
STA_CRL:  PRESIDIO         C:   .959  -.941  -.956   .989   .948  -.933   .949   .989  -.948   .960  -.930  -.943   .988  -.943  -.957
STA_GCX:  PRESIDIO_891001  X:  -2707705191.10 -+     42.475  Y:  -4257608920.47 -+     66.629  Z:   3888374212.78 -+     59.433 Obs_used:       0 Obs_tot:       0 Ses_used:     0 Ses_tot:     0 Date_beg:            Date_end:           
STA_GCU:  PRESIDIO_891001  U:          -64.75 -+     97.403  E:          -18.75 -+     10.358  N:           37.30 -+     13.460
STA_CRL:  PRESIDIO_891001  C:   .958  -.942  -.956   .980   .940  -.923   .940   .981  -.937   .960  -.923  -.937   .979  -.943  -.957
STA_GCX:  PT REYES         X:  -2732333613.22 -+     37.480  Y:  -4217634391.96 -+     56.793  Z:   3914491555.14 -+     53.007 Obs_used:    3350 Obs_tot:    3354 Ses_used:    19 Ses_tot:    19 Date_beg: 1983.08.27 Date_end: 1991.07.13
STA_GCU:  PT REYES         U:         -128.74 -+     84.938  E:            3.09 -+      9.583  N:            3.29 -+     11.558
STA_CRL:  PT REYES         C:   .953  -.941  -.957   .978   .930  -.919   .930   .977  -.934   .952  -.916  -.931   .976  -.939  -.955
STA_GCX:  PVERDES          X:  -2525453256.80 -+     77.868  Y:  -4670034833.74 -+    138.946  Z:   3522886852.06 -+    105.418 Obs_used:    1497 Obs_tot:    1501 Ses_used:     9 Ses_tot:     9 Date_beg: 1983.11.12 Date_end: 1990.02.05
STA_GCU:  PVERDES          U:         -186.38 -+    188.961  E:           -5.56 -+     17.689  N:          -13.72 -+     21.525
STA_CRL:  PVERDES          C:   .966  -.950  -.968   .980   .945  -.927   .946   .978  -.946   .966  -.929  -.946   .977  -.949  -.968
STA_GCX:  QUINCY           X:  -2517231242.91 -+     27.333  Y:  -4198595053.40 -+     44.714  Z:   4076531180.40 -+     41.994 Obs_used:    4791 Obs_tot:    4800 Ses_used:    22 Ses_tot:    22 Date_beg: 1982.10.21 Date_end: 1990.10.08
STA_GCU:  QUINCY           U:           44.04 -+     65.923  E:           21.55 -+      8.116  N:           30.16 -+      9.905
STA_CRL:  QUINCY           C:   .939  -.914  -.954   .975   .915  -.890   .915   .974  -.928   .940  -.889  -.927   .971  -.917  -.955
STA_GCX:  RAEGYEB          X:   4848831123.69 -+      0.772  Y:   -261629590.24 -+      0.212  Z:   4122976432.58 -+      0.699 Obs_used:   40140 Obs_tot:   41035 Ses_used:    35 Ses_tot:    35 Date_beg: 2015.02.16 Date_end: 2016.01.07
STA_GCU:  RAEGYEB          U:          -22.64 -+      1.006  E:          -53.37 -+      0.213  N:          -53.55 -+      0.265
STA_CRL:  RAEGYEB          C:  -.067   .869  -.069  -.297  -.023  -.309  -.007  -.160  -.010  -.258  -.197  -.024  -.215   .353   .030
STA_GCX:  RICHMOND         X:    961257937.67 -+      1.852  Y:  -5674090063.90 -+      4.658  Z:   2740533831.57 -+      2.879 Obs_used:  171966 Obs_tot:  173157 Ses_used:   753 Ses_tot:   753 Date_beg: 1984.01.04 Date_end: 1992.08.20
STA_GCU:  RICHMOND         U:           10.20 -+      5.347  E:            7.04 -+      1.658  N:          -16.46 -+      1.440
STA_CRL:  RICHMOND         C:  -.419   .296  -.838   .829  -.347   .243  -.415   .975  -.822  -.336   .256  -.723   .862   .238  -.769
STA_GCX:  ROBLED32         X:   4849245131.95 -+     50.705  Y:   -360277908.98 -+     11.056  Z:   4114884735.14 -+     34.678 Obs_used:      97 Obs_tot:     103 Ses_used:     1 Ses_tot:     1 Date_beg: 1983.05.05 Date_end: 1983.05.05
STA_GCU:  ROBLED32         U:            3.31 -+     60.595  E:           -0.90 -+      9.275  N:          -39.42 -+     11.751
STA_CRL:  ROBLED32         C:  -.599   .947  -.544   .073   .011   .093   .005   .070   .004  -.052   .056   .005   .096   .714   .037
STA_GCX:  SAGARA           X:  -3913435728.69 -+   4121.617  Y:   3501121967.54 -+   2431.272  Z:   3608591840.48 -+   3927.357 Obs_used:     463 Obs_tot:     539 Ses_used:     3 Ses_tot:     3 Date_beg: 1992.11.23 Date_end: 1993.02.28
STA_GCU:  SAGARA           U:        -2686.14 -+   4529.057  E:         -791.00 -+   2310.176  N:           55.67 -+   3531.809
STA_CRL:  SAGARA           C:  -.552   .070   .745   .000  -.552   .071  -.552   .000   .745  -.552   .071   .745   .000   .071   .745
STA_GCX:  SANPAULA         X:  -2554477389.10 -+     73.932  Y:  -4608627004.89 -+    131.335  Z:   3582138649.86 -+    100.122 Obs_used:    1519 Obs_tot:    1521 Ses_used:    10 Ses_tot:    10 Date_beg: 1983.08.31 Date_end: 1990.01.31
STA_GCU:  SANPAULA         U:         -126.54 -+    178.883  E:          -25.02 -+     16.834  N:          -43.23 -+     21.373
STA_CRL:  SANPAULA         C:   .966  -.956  -.963   .976   .943  -.932   .940   .976  -.937   .965  -.929  -.937   .973  -.955  -.961
STA_GCX:  SANTIA12         X:   1769693406.76 -+      8.585  Y:  -5044504634.48 -+     15.171  Z:  -3468434822.62 -+     11.522 Obs_used:   23631 Obs_tot:   23821 Ses_used:   125 Ses_tot:   125 Date_beg: 1991.11.20 Date_end: 1996.11.25
STA_GCU:  SANTIA12         U:           12.76 -+     18.898  E:           -5.20 -+      6.059  N:          -10.32 -+      6.542
STA_CRL:  SANTIA12         C:  -.665  -.610   .741   .964  -.635  -.588  -.646   .983   .725  -.627  -.596   .723   .990  -.571   .703
STA_GCX:  SC-VLBA          X:   2607848615.72 -+      0.269  Y:  -5488069565.42 -+      0.469  Z:   1932739696.25 -+      0.271 Obs_used:  419900 Obs_tot:  432942 Ses_used:   237 Ses_tot:   237 Date_beg: 1993.06.25 Date_end: 2019.04.01
STA_GCU:  SC-VLBA          U:            2.86 -+      0.538  E:            0.52 -+      0.172  N:           -0.65 -+      0.215
STA_CRL:  SC-VLBA          C:  -.716   .299  -.587   .101  -.022  -.037  -.044   .082  -.026   .137  -.022  -.017   .102   .312  -.526
STA_GCX:  SEATTLE1         X:  -2295348025.87 -+    150.435  Y:  -3638029124.70 -+   1070.307  Z:   4693408142.02 -+   1065.629 Obs_used:     542 Obs_tot:     543 Ses_used:     3 Ses_tot:     3 Date_beg: 1986.08.27 Date_end: 1990.08.09
STA_GCU:  SEATTLE1         U:           75.83 -+   1444.135  E:           58.01 -+    465.702  N:          178.18 -+     36.715
STA_CRL:  SEATTLE1         C:   .863  -.876  -.998   .986   .877  -.887   .856   .999  -.997   .876  -.867  -.998   .999  -.887  -.999
STA_GCX:  SEJONG           X:  -3110079901.25 -+      1.743  Y:   4082066685.83 -+      2.090  Z:   3775076795.78 -+      1.983 Obs_used:  175942 Obs_tot:  182475 Ses_used:   196 Ses_tot:   196 Date_beg: 2014.09.29 Date_end: 2019.06.24
STA_GCU:  SEJONG           U:           43.48 -+      3.211  E:           45.38 -+      0.703  N:          -13.80 -+      0.734
STA_CRL:  SEJONG           C:  -.864  -.846   .874  -.903   .801   .773   .841  -.953  -.852  -.730   .729  -.764  -.832  -.685   .755
STA_GCX:  SESHAN25         X:  -2831687300.81 -+      0.319  Y:   4675733520.91 -+      0.403  Z:   3275327532.46 -+      0.429 Obs_used:  284945 Obs_tot:  292224 Ses_used:   392 Ses_tot:   392 Date_beg: 1988.04.09 Date_end: 2019.06.17
STA_GCU:  SESHAN25         U:           -1.77 -+      0.489  E:           -0.63 -+      0.287  N:           -4.24 -+      0.355
STA_CRL:  SESHAN25         C:  -.312  -.392   .249   .029   .098   .030   .179  -.033  -.156   .446   .027  -.070   .059  -.087   .241
STA_GCX:  SEST             X:   1838237383.80 -+   3730.318  Y:  -5258698520.07 -+   6053.748  Z:  -3100593310.95 -+   3541.938 Obs_used:     353 Obs_tot:     353 Ses_used:     3 Ses_tot:     3 Date_beg: 1990.04.18 Date_end: 1990.05.24
STA_GCU:  SEST             U:         1016.23 -+   6248.844  E:         1237.75 -+   3377.887  N:          662.33 -+   3556.725
STA_CRL:  SEST             C:  -.354  -.127   .335   .000  -.354  -.126  -.353   .000   .334  -.353  -.126   .335   .000  -.126   .334
STA_GCX:  SHANGHAI         X:  -2847696073.83 -+   9999.724  Y:   4659874399.85 -+   9999.342  Z:   3283960536.87 -+   9999.232 Obs_used:     138 Obs_tot:     168 Ses_used:     1 Ses_tot:     1 Date_beg: 1986.06.13 Date_end: 1986.06.13
STA_GCU:  SHANGHAI         U:         1223.42 -+   9999.809  E:        -3293.64 -+   9999.525  N:         1694.17 -+   9998.964
STA_CRL:  SHANGHAI         C:  -.000  -.000   .000   .000  -.000  -.000  -.000   .000   .000  -.000  -.000   .000   .000  -.000   .000
STA_GCX:  SINTOTU          X:  -3642142102.15 -+     76.434  Y:   2861496743.16 -+     66.476  Z:   4370361652.55 -+     73.694 Obs_used:     529 Obs_tot:     529 Ses_used:     3 Ses_tot:     3 Date_beg: 1990.07.26 Date_end: 1990.07.30
STA_GCU:  SINTOTU          U:          160.78 -+    113.686  E:         -249.75 -+     51.491  N:           68.72 -+     10.782
STA_CRL:  SINTOTU          C:  -.468  -.849   .858   .113  -.105  -.124  -.103   .117   .125  -.835  -.106   .109   .130  -.894   .899
STA_GCX:  SINTOTU3         X:  -3642142218.41 -+      3.210  Y:   2861496684.31 -+      2.596  Z:   4370361717.67 -+      3.780 Obs_used:   19740 Obs_tot:   20615 Ses_used:    94 Ses_tot:    94 Date_beg: 1995.11.21 Date_end: 2013.12.04
STA_GCU:  SINTOTU3         U:          -11.10 -+      5.530  E:            9.28 -+      0.647  N:           -3.71 -+      0.579
STA_CRL:  SINTOTU3         C:  -.949  -.970   .961   .132  -.113  -.110  -.096   .103   .084  -.835  -.102   .092   .105  -.895   .899
STA_GCX:  SNDPOINT         X:  -3425462278.09 -+     85.034  Y:  -1214669064.96 -+     50.235  Z:   5223858051.13 -+    127.785 Obs_used:    2437 Obs_tot:    2437 Ses_used:    13 Ses_tot:    13 Date_beg: 1984.07.14 Date_end: 1990.07.12
STA_GCU:  SNDPOINT         U:          241.18 -+    157.669  E:           21.15 -+     29.575  N:            6.55 -+     18.688
STA_CRL:  SNDPOINT         C:   .808  -.966  -.838   .978   .803  -.949   .789   .991  -.821   .810  -.941  -.829   .978  -.967  -.840
STA_GCX:  SOURDOGH         X:  -2419993969.30 -+     84.364  Y:  -1664228728.03 -+     64.279  Z:   5643537982.19 -+    194.597 Obs_used:    4156 Obs_tot:    4158 Ses_used:    16 Ses_tot:    16 Date_beg: 1984.07.31 Date_end: 1989.08.03
STA_GCU:  SOURDOGH         U:           99.67 -+    217.749  E:          -23.58 -+     32.365  N:           18.83 -+     25.592
STA_CRL:  SOURDOGH         C:   .798  -.921  -.903   .993   .790  -.913   .790   .993  -.895   .795  -.913  -.895   .992  -.919  -.901
STA_GCX:  SOURDOGH_871201  X:  -2419993950.16 -+     73.775  Y:  -1664228752.73 -+     56.264  Z:   5643538020.86 -+    169.934 Obs_used:       0 Obs_tot:       0 Ses_used:     0 Ses_tot:     0 Date_beg:            Date_end:           
STA_GCU:  SOURDOGH_871201  U:          133.21 -+    190.204  E:            7.61 -+     28.426  N:           38.16 -+     22.371
STA_CRL:  SOURDOGH_871201  C:   .797  -.920  -.902   .990   .787  -.911   .788   .992  -.894   .795  -.910  -.892   .990  -.919  -.901
STA_GCX:  SUWON            X:  -3062016118.77 -+   7295.734  Y:   4055460570.15 -+   8217.383  Z:   3841810805.66 -+   9952.716 Obs_used:     567 Obs_tot:     575 Ses_used:     3 Ses_tot:     3 Date_beg: 1995.10.24 Date_end: 1995.11.01
STA_GCU:  SUWON            U:          991.24 -+   9953.137  E:       -10765.67 -+   4597.136  N:          511.87 -+   9980.535
STA_CRL:  SUWON            C:  -.647  -.081  -.060   .000  -.647  -.081  -.647   .000  -.060  -.647  -.081  -.060   .000  -.081  -.060
STA_GCX:  SVETLOE          X:   2730173724.34 -+      0.296  Y:   1562442753.59 -+      0.210  Z:   5529969114.60 -+      0.415 Obs_used:  541809 Obs_tot:  566988 Ses_used:   580 Ses_tot:   580 Date_beg: 2003.03.06 Date_end: 2019.05.16
STA_GCU:  SVETLOE          U:            1.11 -+      0.456  E:            2.45 -+      0.188  N:           -2.76 -+      0.246
STA_CRL:  SVETLOE          C:   .363   .487   .258   .118   .006  -.068   .003   .134  -.066  -.357  -.075  -.085  -.046  -.006  -.256
STA_GCX:  SYOWA            X:   1766194197.92 -+      1.701  Y:   1460410913.86 -+      1.423  Z:  -5932273362.12 -+      5.274 Obs_used:   16862 Obs_tot:   17541 Ses_used:    80 Ses_tot:    80 Date_beg: 1999.11.08 Date_end: 2016.02.10
STA_GCU:  SYOWA            U:           18.67 -+      5.629  E:           -3.37 -+      0.746  N:           -4.71 -+      0.700
STA_CRL:  SYOWA            C:   .766  -.891  -.863   .061   .001  -.018   .020   .069  -.033   .139  -.053  -.047   .071  -.417  -.306
STA_GCX:  TATEYAMA         X:  -4000983197.62 -+     27.637  Y:   3375275906.58 -+     22.897  Z:   3632213287.25 -+     25.367 Obs_used:   22620 Obs_tot:   23645 Ses_used:    19 Ses_tot:    19 Date_beg: 1997.11.01 Date_end: 2001.06.11
STA_GCU:  TATEYAMA         U:          173.79 -+     43.570  E:          176.16 -+      4.300  N:           17.97 -+      3.839
STA_CRL:  TATEYAMA         C:  -.971  -.975   .978   .985  -.958  -.962  -.958   .986   .964  -.970  -.960   .963   .984  -.973   .977
STA_GCX:  TATEYAMA_000901  X:  -4000983194.64 -+     22.342  Y:   3375275868.19 -+     18.527  Z:   3632213308.06 -+     20.538 Obs_used:       0 Obs_tot:       0 Ses_used:     0 Ses_tot:     0 Date_beg:            Date_end:           
STA_GCU:  TATEYAMA_000901  U:          163.54 -+     35.287  E:          203.58 -+      3.257  N:           50.51 -+      2.909
STA_CRL:  TATEYAMA_000901  C:  -.974  -.978   .980   .974  -.948  -.951  -.949   .974   .954  -.970  -.951   .953   .973  -.973   .977
STA_GCX:  TIANMA65         X:  -2826708511.62 -+      6.869  Y:   4679237109.27 -+     10.497  Z:   3274667595.00 -+      7.635 Obs_used:   10184 Obs_tot:   10383 Ses_used:    18 Ses_tot:    18 Date_beg: 2014.05.27 Date_end: 2018.01.30
STA_GCU:  TIANMA65         U:           25.75 -+     14.058  E:         -141.40 -+      2.586  N:           62.72 -+      3.368
STA_CRL:  TIANMA65         C:  -.898  -.816   .858  -.880   .756   .666   .790  -.869  -.712  -.882   .707  -.723  -.869  -.782   .817
STA_GCX:  TIDBIN64         X:  -4460895163.44 -+      8.757  Y:   2682361531.97 -+      6.040  Z:  -3674747744.56 -+      8.139 Obs_used:    2664 Obs_tot:    2733 Ses_used:    14 Ses_tot:    14 Date_beg: 1988.08.20 Date_end: 2015.05.16
STA_GCU:  TIDBIN64         U:           52.21 -+     12.607  E:            2.34 -+      2.366  N:           -6.53 -+      3.857
STA_CRL:  TIDBIN64         C:  -.890   .814  -.765   .033  -.033   .035  -.017   .002  -.021  -.192   .016  -.017   .020  -.151   .326
STA_GCX:  TIGOCONC         X:   1492054417.96 -+      0.401  Y:  -4887961020.09 -+      0.925  Z:  -3803541245.59 -+      0.745 Obs_used:  247961 Obs_tot:  258705 Ses_used:  1243 Ses_tot:  1243 Date_beg: 2002.05.13 Date_end: 2014.05.29
STA_GCU:  TIGOCONC         U:           10.07 -+      1.184  E:           -3.65 -+      0.287  N:            0.56 -+      0.298
STA_CRL:  TIGOCONC         C:  -.666  -.658   .865   .117  -.058  -.068  -.119   .156   .138  -.188  -.177   .176   .216   .098  -.117
STA_GCX:  TIGOWTZL         X:   4075572469.29 -+      5.273  Y:    931755343.47 -+      1.310  Z:   4801584485.26 -+      6.148 Obs_used:    9930 Obs_tot:   10294 Ses_used:    21 Ses_tot:    21 Date_beg: 1997.12.08 Date_end: 2000.12.18
STA_GCU:  TIGOWTZL         U:           -1.67 -+      8.159  E:            1.37 -+      0.612  N:           -2.25 -+      0.616
STA_CRL:  TIGOWTZL         C:   .879   .988   .880   .012   .004  -.002   .001   .023  -.001  -.541  -.001  -.004   .004  -.101  -.092
STA_GCX:  TITIJIMA         X:  -4489356532.98 -+   1932.125  Y:   3482990356.87 -+   2162.576  Z:   2887931843.22 -+   1210.870 Obs_used:     357 Obs_tot:     385 Ses_used:     4 Ses_tot:     4 Date_beg: 1987.11.18 Date_end: 1989.12.05
STA_GCU:  TITIJIMA         U:          595.65 -+   2236.001  E:           44.19 -+   2176.022  N:          344.73 -+    375.870
STA_CRL:  TITIJIMA         C:   .102  -.890   .345   .998   .102  -.889   .102   .999   .344   .101  -.888   .344   .998  -.890   .345
STA_GCX:  TOMAKO11         X:  -3680586310.51 -+    424.322  Y:   2917515928.18 -+    324.986  Z:   4300987821.66 -+    406.843 Obs_used:    1114 Obs_tot:    1174 Ses_used:     2 Ses_tot:     2 Date_beg: 2003.05.21 Date_end: 2003.07.16
STA_GCU:  TOMAKO11         U:          -18.83 -+    642.470  E:         -130.53 -+    144.260  N:          136.59 -+    132.697
STA_CRL:  TOMAKO11         C:  -.846  -.899   .884   .000  -.844  -.898  -.847   .000   .884  -.845  -.899   .882   .000  -.899   .883
STA_GCX:  TOULOUSE         X:   4627949016.48 -+   9692.953  Y:    119847982.65 -+   9506.787  Z:   4372864946.05 -+   9686.014 Obs_used:     275 Obs_tot:     275 Ses_used:     3 Ses_tot:     3 Date_beg: 1992.05.10 Date_end: 1992.05.12
STA_GCU:  TOULOUSE         U:          695.25 -+   9988.064  E:         4084.63 -+   9501.952  N:         1774.55 -+   9386.304
STA_CRL:  TOULOUSE         C:   .020   .062  -.013   .000   .020   .063   .020   .000  -.013   .020   .062  -.013   .000   .062  -.013
STA_GCX:  TROMSONO         X:   2102903733.28 -+     48.101  Y:    721602856.28 -+     30.408  Z:   5958201268.36 -+    115.714 Obs_used:    1558 Obs_tot:    1558 Ses_used:     8 Ses_tot:     8 Date_beg: 1989.07.30 Date_end: 1992.08.29
STA_GCU:  TROMSONO         U:         -187.62 -+    124.809  E:           17.37 -+     25.819  N:          -16.46 -+     19.605
STA_CRL:  TROMSONO         C:   .450   .913   .486   .983   .442   .873   .408   .993   .434   .416   .903   .487   .978   .900   .453
STA_GCX:  TRYSILNO         X:   2988029097.89 -+     85.450  Y:    655957196.07 -+     28.825  Z:   5578669485.79 -+    155.942 Obs_used:    3049 Obs_tot:    3049 Ses_used:    15 Ses_tot:    15 Date_beg: 1991.11.08 Date_end: 1993.03.22
STA_GCU:  TRYSILNO         U:          157.92 -+    177.051  E:          -20.47 -+     22.740  N:          -31.14 -+     24.219
STA_CRL:  TRYSILNO         C:   .593   .947   .608   .995   .589   .942   .584   .997   .599   .586   .941   .604   .995   .946   .602
STA_GCX:  TSUKU3           X:  -3957184475.21 -+     32.879  Y:   3310224841.20 -+     27.676  Z:   3737709019.52 -+     31.957 Obs_used:     250 Obs_tot:     258 Ses_used:     1 Ses_tot:     1 Date_beg: 2001.06.14 Date_end: 2001.06.14
STA_GCU:  TSUKU3           U:          -56.30 -+     53.294  E:           -0.48 -+      3.175  N:           -5.32 -+      4.232
STA_CRL:  TSUKU3           C:  -.989  -.985   .983   .001   .000   .000   .000   .003  -.001   .638   .000  -.000   .002  -.057   .079
STA_GCX:  TSUKUB32         X:  -3957408805.57 -+      0.289  Y:   3310229472.76 -+      0.297  Z:   3737494743.27 -+      0.404 Obs_used:  999783 Obs_tot: 1035960 Ses_used:   985 Ses_tot:   985 Date_beg: 1998.06.25 Date_end: 2016.12.27
STA_GCU:  TSUKUB32         U:            0.80 -+      0.371  E:           -1.11 -+      0.288  N:           -3.96 -+      0.339
STA_CRL:  TSUKUB32         C:  -.043  -.260   .005   .096   .064   .026   .079   .186  -.075   .645   .022  -.045   .100  -.057   .079
STA_GCX:  TSUKUBA          X:  -3957172968.97 -+     12.029  Y:   3310238052.12 -+     10.078  Z:   3737708886.42 -+     11.852 Obs_used:    1187 Obs_tot:    1279 Ses_used:    11 Ses_tot:    11 Date_beg: 1984.07.18 Date_end: 1991.07.31
STA_GCU:  TSUKUBA          U:           -2.81 -+     19.307  E:            3.98 -+      1.727  N:            6.28 -+      3.313
STA_CRL:  TSUKUBA          C:  -.975  -.949   .909   .010  -.003  -.004  -.002   .014   .001   .638  -.002   .001   .009  -.057   .079
STA_GCX:  UCHINOUR         X:  -3586229371.13 -+      5.381  Y:   4114103717.19 -+      6.066  Z:   3290224677.86 -+      5.138 Obs_used:    3421 Obs_tot:    3676 Ses_used:     3 Ses_tot:     3 Date_beg: 2008.01.20 Date_end: 2012.02.14
STA_GCU:  UCHINOUR         U:            5.11 -+      9.483  E:            0.46 -+      0.970  N:           -5.61 -+      1.130
STA_CRL:  UCHINOUR         C:  -.971  -.956   .962  -.124   .072   .041   .057  -.042   .000  -.837   .078  -.055  -.083  -.757   .789
STA_GCX:  URUMQI           X:    228310311.99 -+      0.304  Y:   4631922815.80 -+      0.711  Z:   4367064091.66 -+      0.729 Obs_used:  107513 Obs_tot:  116270 Ses_used:   167 Ses_tot:   167 Date_beg: 1994.03.16 Date_end: 2019.04.16
STA_GCU:  URUMQI           U:           74.76 -+      0.954  E:           -0.19 -+      0.302  N:           -3.82 -+      0.358
STA_CRL:  URUMQI           C:   .089  -.040   .758   .059  -.002  -.027   .049  -.240  -.263  -.002  -.014  -.164  -.119  -.006   .287
STA_GCX:  USSURISK         X:  -3059725007.40 -+   9999.948  Y:   3427256804.03 -+   9999.969  Z:   4409485541.08 -+   9999.973 Obs_used:      57 Obs_tot:      59 Ses_used:     1 Ses_tot:     1 Date_beg: 1992.03.12 Date_end: 1992.03.12
STA_GCU:  USSURISK         U:           12.09 -+   9999.992  E:          -22.72 -+   9999.935  N:           20.41 -+   9999.962
STA_CRL:  USSURISK         C:  -.000  -.000   .000   .998   .000   .000  -.000   .998  -.000  -.004  -.000  -.000   .997  -.005   .005
STA_GCX:  USUDA64          X:  -3855355402.73 -+      6.233  Y:   3427427558.22 -+      5.614  Z:   3740971148.56 -+      5.965 Obs_used:    3316 Obs_tot:    4148 Ses_used:     8 Ses_tot:     8 Date_beg: 1990.07.30 Date_end: 2015.01.09
STA_GCU:  USUDA64          U:          -12.35 -+     10.114  E:           -9.15 -+      1.158  N:           -5.15 -+      1.521
STA_CRL:  USUDA64          C:  -.962  -.944   .940   .537  -.498  -.452  -.512   .541   .453  -.930  -.461   .451   .519  -.854   .834
STA_GCX:  USUDA64__110311  X:  -3855355563.78 -+      7.261  Y:   3427427394.62 -+      6.439  Z:   3740971215.45 -+      6.969 Obs_used:       0 Obs_tot:       0 Ses_used:     0 Ses_tot:     0 Date_beg:            Date_end:           
STA_GCU:  USUDA64__110311  U:           36.50 -+     11.618  E:          220.13 -+      1.686  N:           42.00 -+      2.218
STA_CRL:  USUDA64__110311  C:  -.939  -.918   .897  -.558   .523   .475   .513  -.558  -.456  -.930   .505  -.492  -.591  -.854   .834
STA_GCX:  VERAISGK         X:  -3263994959.88 -+      2.927  Y:   4808056342.78 -+      3.978  Z:   2619949021.81 -+      2.439 Obs_used:   31790 Obs_tot:   35618 Ses_used:    55 Ses_tot:    55 Date_beg: 2006.02.16 Date_end: 2015.02.17
STA_GCU:  VERAISGK         U:          -26.89 -+      5.425  E:            1.34 -+      0.646  N:           -2.29 -+      0.700
STA_CRL:  VERAISGK         C:  -.965  -.923   .952  -.270   .194   .219   .224  -.178  -.236  -.894   .219  -.201  -.268  -.782   .888
STA_GCX:  VERAMZSW         X:  -3857241842.55 -+      1.094  Y:   3108784897.47 -+      0.934  Z:   4003900572.18 -+      1.141 Obs_used:   59933 Obs_tot:   64918 Ses_used:   106 Ses_tot:   106 Date_beg: 2003.05.21 Date_end: 2019.02.12
STA_GCU:  VERAMZSW         U:           46.67 -+      1.752  E:           -9.09 -+      0.372  N:           -4.22 -+      0.403
STA_CRL:  VERAMZSW         C:  -.863  -.882   .841  -.383   .381   .391   .386  -.358  -.398  -.634   .387  -.386  -.366  -.651   .648
STA_GCX:  VERNAL           X:  -1631473598.32 -+     45.709  Y:  -4589129186.15 -+    116.409  Z:   4106759872.60 -+     98.821 Obs_used:    1595 Obs_tot:    1595 Ses_used:     8 Ses_tot:     8 Date_beg: 1986.03.30 Date_end: 1990.10.22
STA_GCU:  VERNAL           U:           10.65 -+    156.634  E:           14.55 -+     17.353  N:          -56.78 -+     23.889
STA_CRL:  VERNAL           C:   .915  -.896  -.953   .990   .903  -.886   .906   .989  -.943   .915  -.884  -.938   .988  -.895  -.952
STA_GCX:  VICTORIA         X:  -2341314316.19 -+   9368.997  Y:  -3539078203.52 -+   9597.991  Z:   4745770858.75 -+   9667.374 Obs_used:     521 Obs_tot:     521 Ses_used:     3 Ses_tot:     3 Date_beg: 1990.08.01 Date_end: 1990.08.03
STA_GCU:  VICTORIA         U:          214.22 -+   9986.350  E:        -5305.93 -+   9366.704  N:         3630.05 -+   9267.973
STA_CRL:  VICTORIA         C:   .016  -.054  -.054   .000   .016  -.054   .017   .000  -.054   .017  -.054  -.054   .000  -.054  -.054
STA_GCX:  VLA-N8           X:  -1601147917.80 -+      8.342  Y:  -5041733479.56 -+     23.345  Z:   3555235651.55 -+     15.957 Obs_used:     147 Obs_tot:     155 Ses_used:     1 Ses_tot:     1 Date_beg: 1996.02.09 Date_end: 1996.02.09
STA_GCU:  VLA-N8           U:          -36.66 -+     29.244  E:         -187.34 -+      2.690  N:         -114.59 -+      2.602
STA_CRL:  VLA-N8           C:   .943  -.933  -.982   .008  -.001  -.001  -.001   .005   .000  -.311  -.000   .000   .005  -.114  -.199
STA_GCX:  VNDNBERG         X:  -2678095327.20 -+      8.151  Y:  -4525450135.80 -+     12.950  Z:   3597410574.23 -+     11.419 Obs_used:   45883 Obs_tot:   45935 Ses_used:   178 Ses_tot:   178 Date_beg: 1983.08.22 Date_end: 1991.07.28
STA_GCU:  VNDNBERG         U:          -94.05 -+     18.342  E:          -12.02 -+      3.264  N:          -11.44 -+      4.178
STA_CRL:  VNDNBERG         C:   .887  -.851  -.885   .978   .863  -.832   .868   .980  -.869   .868  -.823  -.854   .975  -.835  -.870
STA_GCX:  WARK12M          X:  -5115324370.17 -+      1.435  Y:    477843307.08 -+      0.564  Z:  -3767192944.74 -+      1.155 Obs_used:  331602 Obs_tot:  336220 Ses_used:   461 Ses_tot:   461 Date_beg: 2011.02.28 Date_end: 2019.03.27
STA_GCU:  WARK12M          U:           21.78 -+      1.748  E:           -4.46 -+      0.513  N:            0.25 -+      0.627
STA_CRL:  WARK12M          C:  -.464   .758  -.366  -.752   .373  -.625   .201  -.355   .178  -.200  -.632   .333  -.700   .283   .085
STA_GCX:  WESTFORD         X:   1492206386.34 -+      0.205  Y:  -4458130529.64 -+      0.251  Z:   4296015591.00 -+      0.255 Obs_used: 1316242 Obs_tot: 1342010 Ses_used:  2276 Ses_tot:  2276 Date_beg: 1981.05.13 Date_end: 2014.09.02
STA_GCU:  WESTFORD         U:            4.63 -+      0.306  E:           -0.52 -+      0.178  N:            1.17 -+      0.212
STA_CRL:  WESTFORD         C:  -.399   .101  -.369   .250  -.062  -.022  -.081   .199   .024   .147  -.018   .012   .130  -.013  -.022
STA_GCX:  WETTZ13N         X:   4075627709.92 -+      0.269  Y:    931774216.17 -+      0.174  Z:   4801552329.44 -+      0.266 Obs_used:  270817 Obs_tot:  276475 Ses_used:   260 Ses_tot:   260 Date_beg: 2015.06.09 Date_end: 2019.05.07
STA_GCU:  WETTZ13N         U:           -4.31 -+      0.291  E:          -73.99 -+      0.173  N:          -70.77 -+      0.242
STA_CRL:  WETTZ13N         C:   .110   .196  -.030   .122   .018  -.074   .009   .052  -.030  -.542  -.049  -.035   .015  -.101  -.092
STA_GCX:  WETTZELL         X:   4075539676.52 -+      0.225  Y:    931735484.97 -+      0.148  Z:   4801629495.54 -+      0.199 Obs_used: 2562737 Obs_tot: 2624647 Ses_used:  3752 Ses_tot:  3752 Date_beg: 1983.07.27 Date_end: 2019.06.17
STA_GCU:  WETTZELL         U:            2.18 -+      0.196  E:            1.14 -+      0.150  N:           -3.23 -+      0.226
STA_CRL:  WETTZELL         C:   .053  -.100  -.204   .203   .026  -.079   .013   .121  -.037  -.551  -.047  -.038   .067  -.102  -.094
STA_GCX:  WHTHORSE         X:  -2215211995.52 -+    203.727  Y:  -2209259786.75 -+    189.144  Z:   5540289329.20 -+    452.274 Obs_used:    1950 Obs_tot:    1950 Ses_used:     9 Ses_tot:     9 Date_beg: 1984.08.07 Date_end: 1989.08.10
STA_GCU:  WHTHORSE         U:        -1753.95 -+    521.898  E:          125.11 -+     67.066  N:          402.54 -+     70.407
STA_CRL:  WHTHORSE         C:   .886  -.917  -.937   .996   .882  -.914   .881   .996  -.932   .885  -.912  -.932   .996  -.917  -.936
STA_GCX:  WHTHORSE_871201  X:  -2215212209.22 -+    181.353  Y:  -2209259996.81 -+    168.738  Z:   5540289662.29 -+    403.160 Obs_used:       0 Obs_tot:       0 Ses_used:     0 Ses_tot:     0 Date_beg:            Date_end:           
STA_GCU:  WHTHORSE_871201  U:        -1316.84 -+    465.283  E:          122.94 -+     59.576  N:          304.15 -+     62.148
STA_CRL:  WHTHORSE_871201  C:   .886  -.919  -.937   .997   .882  -.915   .882   .996  -.933   .885  -.914  -.932   .996  -.917  -.936
STA_GCX:  YAKATAGA         X:  -2529744476.39 -+     96.448  Y:  -1942091070.14 -+     78.352  Z:   5505029134.08 -+    199.742 Obs_used:    3542 Obs_tot:    3542 Ses_used:    16 Ses_tot:    16 Date_beg: 1984.07.31 Date_end: 1990.06.10
STA_GCU:  YAKATAGA         U:          511.38 -+    230.535  E:          216.90 -+     35.509  N:          254.32 -+     30.516
STA_CRL:  YAKATAGA         C:   .829  -.910  -.925   .990   .816  -.899   .814   .991  -.915   .818  -.897  -.915   .990  -.905  -.924
STA_GCX:  YAKATAGA_871201  X:  -2529744532.98 -+     85.761  Y:  -1942091010.33 -+     69.782  Z:   5505028962.67 -+    177.677 Obs_used:       0 Obs_tot:       0 Ses_used:     0 Ses_tot:     0 Date_beg:            Date_end:           
STA_GCU:  YAKATAGA_871201  U:          367.04 -+    204.977  E:          135.00 -+     32.326  N:          161.49 -+     27.079
STA_CRL:  YAKATAGA_871201  C:   .821  -.907  -.925   .990   .810  -.897   .810   .991  -.915   .818  -.895  -.914   .989  -.905  -.924
STA_GCX:  YARRA12M         X:  -2388895997.38 -+      0.567  Y:   5043349969.13 -+      0.774  Z:  -3078591019.16 -+      0.649 Obs_used:  711833 Obs_tot:  725262 Ses_used:   883 Ses_tot:   883 Date_beg: 2011.05.26 Date_end: 2019.06.24
STA_GCU:  YARRA12M         U:           31.96 -+      0.956  E:            8.85 -+      0.403  N:           -7.60 -+      0.515
STA_CRL:  YARRA12M         C:  -.617   .266  -.518  -.309   .274  -.227   .358  -.525   .341  -.155  -.257   .299  -.297  -.169   .434
STA_GCX:  YEBES            X:   4848780166.23 -+      3.900  Y:   -261701825.01 -+      0.504  Z:   4123035901.56 -+      3.403 Obs_used:   18088 Obs_tot:   18758 Ses_used:    36 Ses_tot:    36 Date_beg: 1995.06.08 Date_end: 2003.07.15
STA_GCU:  YEBES            U:          -62.48 -+      5.152  E:            1.51 -+      0.474  N:           -2.43 -+      0.529
STA_CRL:  YEBES            C:  -.345   .979  -.342   .117   .025   .094   .003   .169   .002  -.258   .059   .011   .084   .353   .030
STA_GCX:  YEBES40M         X:   4848761841.18 -+      0.449  Y:   -261484245.68 -+      0.173  Z:   4123084995.41 -+      0.406 Obs_used:  366069 Obs_tot:  384180 Ses_used:   306 Ses_tot:   306 Date_beg: 2008.09.11 Date_end: 2019.06.20
STA_GCU:  YEBES40M         U:           19.72 -+      0.556  E:            0.20 -+      0.174  N:           -1.85 -+      0.237
STA_CRL:  YEBES40M         C:  -.052   .689  -.064  -.506  -.011  -.546  -.006  -.130  -.010  -.261  -.345  -.018  -.354   .356   .031
STA_GCX:  YELLOWKN         X:  -1224124908.09 -+     17.329  Y:  -2689530741.23 -+     37.951  Z:   5633555347.58 -+     79.032 Obs_used:     832 Obs_tot:     836 Ses_used:     2 Ses_tot:     2 Date_beg: 1984.08.24 Date_end: 1985.09.04
STA_GCU:  YELLOWKN         U:          -24.07 -+     89.285  E:            4.14 -+      2.297  N:            4.17 -+      3.107
STA_CRL:  YELLOWKN         C:   .989  -.990  -.996   .092   .029  -.026   .046   .063  -.040   .340  -.051  -.050   .058  -.378  -.646
STA_GCX:  YLOW7296         X:  -1224399840.14 -+      1.091  Y:  -2689273318.19 -+      1.884  Z:   5633620276.41 -+      3.561 Obs_used:   27417 Obs_tot:   28192 Ses_used:    94 Ses_tot:    94 Date_beg: 1991.06.30 Date_end: 2006.08.02
STA_GCU:  YLOW7296         U:            5.29 -+      4.010  E:           -1.87 -+      0.790  N:            1.56 -+      0.849
STA_CRL:  YLOW7296         C:   .627  -.651  -.872   .707   .285  -.279   .367   .667  -.478   .344  -.406  -.539   .661  -.381  -.649
STA_GCX:  YUMA             X:  -2196778260.53 -+     45.896  Y:  -4887337304.81 -+    101.060  Z:   3448425235.29 -+     70.927 Obs_used:    4581 Obs_tot:    4584 Ses_used:    20 Ses_tot:    20 Date_beg: 1983.11.05 Date_end: 1988.10.21
STA_GCU:  YUMA             U:           75.63 -+    129.744  E:           -4.29 -+     13.094  N:          -29.59 -+     18.585
STA_CRL:  YUMA             C:   .951  -.921  -.950   .990   .942  -.914   .942   .991  -.942   .953  -.912  -.940   .990  -.925  -.952
STA_GCX:  ZELENCHK         X:   3451207594.77 -+      0.622  Y:   3060375369.88 -+      0.520  Z:   4391915012.87 -+      0.785 Obs_used:  514426 Obs_tot:  535924 Ses_used:   531 Ses_tot:   531 Date_beg: 2005.12.22 Date_end: 2019.06.20
STA_GCU:  ZELENCHK         U:           11.82 -+      1.052  E:            1.49 -+      0.254  N:           -4.58 -+      0.322
STA_CRL:  ZELENCHK         C:   .801   .787   .792   .119   .063   .041   .070   .115   .046  -.206   .039   .039   .087   .176   .171
STA_GCX:  ZELENCHK_070701  X:   3451207603.79 -+      0.429  Y:   3060375375.34 -+      0.350  Z:   4391915019.11 -+      0.523 Obs_used:       0 Obs_tot:       0 Ses_used:     0 Ses_tot:     0 Date_beg:            Date_end:           
STA_GCU:  ZELENCHK_070701  U:           23.62 -+      0.688  E:           -0.41 -+      0.188  N:           -7.26 -+      0.268
STA_CRL:  ZELENCHK_070701  C:   .767   .677   .718  -.132  -.174  -.226  -.193  -.206  -.258  -.206  -.194  -.202  -.175   .176   .171
