# GETPAR_STA format version 1.0  of 2001.05.25
# icrf250-fix.spl
STA_GCX:  AGGO             X:   2765116660.36 -+     66.146  Y:  -4449233670.13 -+     81.641  Z:  -3626420649.31 -+     68.113 Obs_used:    4509 Obs_tot:    4617 Ses_used:    16 Ses_tot:    16 Date_beg: 2018.07.02 Date_end: 2019.06.24
STA_GCU:  AGGO             U:          -12.55 -+    116.295  E:           40.31 -+     33.821  N:         -127.36 -+     31.805
STA_CRL:  AGGO             C:  -.799  -.742   .833  -.999   .799   .747   .799  -.998  -.836  -.802   .741  -.829  -.998  -.748   .836
STA_GCX:  AIRA             X:  -3530219644.50 -+      1.228  Y:   4118797501.93 -+      1.293  Z:   3344015635.52 -+      1.174 Obs_used:  101043 Obs_tot:  108904 Ses_used:   181 Ses_tot:   181 Date_beg: 1997.07.17 Date_end: 2015.03.21
STA_GCU:  AIRA             U:            3.78 -+      2.058  E:           -1.31 -+      0.358  N:           -4.09 -+      0.443
STA_CRL:  AIRA             C:  -.924  -.872   .885  -.463   .408   .372   .461  -.402  -.419  -.825   .365  -.363  -.373  -.700   .795
STA_GCX:  ALGOPARK         X:    918034534.98 -+      0.259  Y:  -4346132316.95 -+      0.549  Z:   4561971216.55 -+      0.585 Obs_used:  334887 Obs_tot:  341510 Ses_used:   746 Ses_tot:   746 Date_beg: 1984.08.24 Date_end: 2006.08.03
STA_GCU:  ALGOPARK         U:            2.44 -+      0.769  E:           -0.43 -+      0.228  N:           -0.29 -+      0.259
STA_CRL:  ALGOPARK         C:  -.438   .340  -.800   .360  -.109   .075  -.200   .477  -.344  -.070   .113  -.277   .390   .041  -.297
STA_GCX:  AUSTINTX         X:   -737794284.26 -+   9934.070  Y:  -5459892557.71 -+   9992.300  Z:   3202989657.88 -+   9984.790 Obs_used:     226 Obs_tot:     230 Ses_used:     1 Ses_tot:     1 Date_beg: 1987.07.11 Date_end: 1987.07.11
STA_GCU:  AUSTINTX         U:         -120.13 -+   9998.741  E:         -506.86 -+   9933.193  N:         -899.64 -+   9979.212
STA_CRL:  AUSTINTX         C:   .001  -.001  -.002   .000   .001  -.001   .001   .000  -.002   .001  -.001  -.002   .000  -.001  -.002
STA_GCX:  AZORES           X:   4552169425.17 -+   7914.601  Y:  -2186665822.70 -+   5798.570  Z:   3882780771.35 -+   7390.995 Obs_used:     803 Obs_tot:     803 Ses_used:     5 Ses_tot:     5 Date_beg: 1992.05.29 Date_end: 1992.06.03
STA_GCU:  AZORES           U:        -2654.66 -+   9649.840  E:        -3412.36 -+   5049.292  N:         3117.47 -+   5681.231
STA_CRL:  AZORES           C:  -.379   .446  -.315   .000  -.379   .446  -.379   .000  -.315  -.379   .446  -.315   .000   .446  -.315
STA_GCX:  BADARY           X:   -838200986.87 -+      0.279  Y:   3865751562.50 -+      0.477  Z:   4987670892.06 -+      0.640 Obs_used:  407980 Obs_tot:  421818 Ses_used:   425 Ses_tot:   425 Date_beg: 2007.03.01 Date_end: 2019.06.20
STA_GCU:  BADARY           U:          -10.26 -+      0.729  E:           -0.57 -+      0.283  N:           -4.67 -+      0.321
STA_CRL:  BADARY           C:  -.085  -.229   .636   .046   .071   .040   .158  -.321  -.426   .149   .060  -.273  -.240   .021   .101
STA_GCX:  BERMUDA          X:   2307204117.47 -+   6707.898  Y:  -4874226473.50 -+   8747.702  Z:   3394338380.43 -+   7710.066 Obs_used:     718 Obs_tot:     730 Ses_used:     4 Ses_tot:     4 Date_beg: 1987.08.02 Date_end: 1987.08.08
STA_GCU:  BERMUDA          U:        16683.87 -+   9883.608  E:       -13309.17 -+   6278.674  N:        11543.04 -+   6622.376
STA_CRL:  BERMUDA          C:  -.250   .049  -.383   .000  -.250   .049  -.250   .000  -.383  -.250   .048  -.383   .000   .049  -.383
STA_GCX:  BLKBUTTE         X:  -2306307293.03 -+     71.803  Y:  -4787914382.21 -+    146.013  Z:   3515736293.98 -+    103.809 Obs_used:    2178 Obs_tot:    2179 Ses_used:    12 Ses_tot:    12 Date_beg: 1983.11.08 Date_end: 1988.10.26
STA_GCU:  BLKBUTTE         U:           57.44 -+    190.617  E:           15.26 -+     17.403  N:           29.01 -+     24.778
STA_CRL:  BLKBUTTE         C:   .963  -.946  -.958   .989   .950  -.936   .954   .989  -.949   .963  -.933  -.943   .987  -.946  -.958
STA_GCX:  BLOOMIND         X:    302384603.07 -+   9998.900  Y:  -4941698995.89 -+   9998.937  Z:   4007908521.14 -+   9998.334 Obs_used:      72 Obs_tot:      73 Ses_used:     1 Ses_tot:     1 Date_beg: 1987.08.19 Date_end: 1987.08.19
STA_GCU:  BLOOMIND         U:          -22.08 -+   9999.638  E:           78.15 -+   9998.909  N:           74.94 -+   9997.623
STA_CRL:  BLOOMIND         C:   .000  -.000  -.000   .000   .000  -.000   .000   .000  -.000   .000  -.000  -.000   .000  -.000  -.000
STA_GCX:  BR-VLBA          X:  -2112065162.99 -+      0.214  Y:  -3705356504.96 -+      0.287  Z:   4726813694.47 -+      0.289 Obs_used:  585090 Obs_tot:  597040 Ses_used:   260 Ses_tot:   260 Date_beg: 1993.04.21 Date_end: 2019.04.01
STA_GCU:  BR-VLBA          U:           -5.47 -+      0.318  E:           -0.63 -+      0.225  N:           -0.68 -+      0.245
STA_CRL:  BR-VLBA          C:   .076  -.097  -.241   .257  -.043   .061  -.044   .245   .041  -.243   .057   .031   .159   .073   .014
STA_GCX:  BREST            X:   4228868083.85 -+   9440.257  Y:   -333120208.80 -+   8516.889  Z:   4747193308.69 -+   9369.292 Obs_used:     354 Obs_tot:     354 Ses_used:     2 Ses_tot:     2 Date_beg: 1989.08.30 Date_end: 1989.09.02
STA_GCU:  BREST            U:         4103.71 -+   9971.804  E:       -16908.47 -+   8566.725  N:        13730.42 -+   8752.934
STA_CRL:  BREST            C:   .060   .128  -.035   .000   .059   .128   .059   .000  -.035   .059   .128  -.035   .000   .128  -.035
STA_GCX:  CARNUSTY         X:   3526416278.96 -+   9775.509  Y:   -171422944.83 -+   9161.496  Z:   5294098756.56 -+   9828.495 Obs_used:     369 Obs_tot:     369 Ses_used:     4 Ses_tot:     4 Date_beg: 1989.08.18 Date_end: 1989.08.22
STA_GCU:  CARNUSTY         U:          -44.52 -+   9985.261  E:        -1806.72 -+   9123.655  N:         -406.20 -+   9651.237
STA_CRL:  CARNUSTY         C:  -.083   .040   .074   .000  -.083   .040  -.083   .000   .074  -.083   .040   .074   .000   .040   .074
STA_GCX:  CARROLGA         X:    453520704.39 -+   9996.866  Y:  -5300506729.04 -+   9998.163  Z:   3507207651.48 -+   9995.593 Obs_used:     121 Obs_tot:     128 Ses_used:     1 Ses_tot:     1 Date_beg: 1987.07.18 Date_end: 1987.07.18
STA_GCU:  CARROLGA         U:           88.60 -+   9999.555  E:           16.75 -+   9996.828  N:          203.42 -+   9994.239
STA_CRL:  CARROLGA         C:  -.000   .000  -.000   .000  -.000   .000  -.000   .000  -.000  -.000   .000  -.000   .000   .000  -.000
STA_GCX:  CHICHI10         X:  -4490618172.19 -+      1.703  Y:   3483908509.46 -+      1.431  Z:   2884899261.42 -+      1.268 Obs_used:   92103 Obs_tot:   99705 Ses_used:   165 Ses_tot:   165 Date_beg: 1997.08.26 Date_end: 2015.01.22
STA_GCU:  CHICHI10         U:           19.18 -+      2.491  E:           -3.34 -+      0.423  N:           -4.84 -+      0.412
STA_CRL:  CHICHI10         C:  -.927  -.930   .895  -.255   .255   .282   .243  -.274  -.277  -.899   .255  -.262  -.261  -.919   .899
STA_GCX:  CHLBOLTN         X:   4008314484.49 -+   7839.682  Y:   -100650600.05 -+   5992.846  Z:   4943791403.30 -+   8481.670 Obs_used:    2026 Obs_tot:    2079 Ses_used:     7 Ses_tot:     7 Date_beg: 1980.10.16 Date_end: 1980.10.22
STA_GCU:  CHLBOLTN         U:          116.81 -+   9639.668  E:          -40.72 -+   5976.710  N:        -5806.43 -+   6377.246
STA_CRL:  CHLBOLTN         C:  -.089   .384  -.078   .000  -.089   .384  -.089   .000  -.078  -.089   .384  -.078   .000   .384  -.078
STA_GCX:  CRIMEA           X:   3785230787.89 -+      1.610  Y:   2551207618.67 -+      1.083  Z:   4439796495.54 -+      1.881 Obs_used:   67763 Obs_tot:   77167 Ses_used:   129 Ses_tot:   129 Date_beg: 1994.06.25 Date_end: 2015.06.30
STA_GCU:  CRIMEA           U:           -7.89 -+      2.658  E:            1.47 -+      0.307  N:           -4.11 -+      0.379
STA_CRL:  CRIMEA           C:   .942   .954   .936   .355   .308   .313   .280   .338   .275   .250   .281   .272   .321   .515   .426
STA_GCX:  CTVASBAY         X:   1091444565.11 -+    108.848  Y:  -4351283938.83 -+    314.829  Z:   4518707128.54 -+    299.524 Obs_used:     833 Obs_tot:     857 Ses_used:     6 Ses_tot:     6 Date_beg: 2002.04.17 Date_end: 2002.09.11
STA_GCU:  CTVASBAY         U:          327.91 -+    413.763  E:          -91.60 -+     98.061  N:         -236.33 -+    140.941
STA_CRL:  CTVASBAY         C:  -.457   .515  -.784   .999  -.454   .510  -.451   .999  -.777  -.449   .511  -.783   .999   .508  -.779
STA_GCX:  CTVASTJ          X:   2612545467.05 -+     10.969  Y:  -3426878763.98 -+     15.209  Z:   4686756182.68 -+     18.955 Obs_used:    3864 Obs_tot:    3965 Ses_used:    30 Ses_tot:    30 Date_beg: 2002.11.13 Date_end: 2005.09.07
STA_GCU:  CTVASTJ          U:          -17.46 -+     25.200  E:            9.52 -+      5.359  N:           -3.60 -+      6.867
STA_CRL:  CTVASTJ          C:  -.823   .794  -.844   .938  -.763   .717  -.744   .942  -.763  -.799   .710  -.775   .932   .758  -.816
STA_GCX:  DAITO            X:  -3786457932.58 -+   2442.853  Y:   4320155417.67 -+   2854.551  Z:   2762039613.10 -+   2531.221 Obs_used:     462 Obs_tot:     482 Ses_used:     2 Ses_tot:     2 Date_beg: 1990.11.28 Date_end: 1991.12.03
STA_GCU:  DAITO            U:        -1705.56 -+   4465.453  E:        -1688.43 -+    249.776  N:         1653.36 -+    721.395
STA_CRL:  DAITO            C:  -.991  -.982   .985   .999  -.991  -.982  -.991   .999   .985  -.992  -.982   .985   .999  -.983   .985
STA_GCX:  DEADMANL         X:  -2336820639.45 -+    141.039  Y:  -4732588121.11 -+    267.002  Z:   3570330732.85 -+    196.403 Obs_used:     619 Obs_tot:     620 Ses_used:     5 Ses_tot:     5 Date_beg: 1984.02.29 Date_end: 1988.02.02
STA_GCU:  DEADMANL         U:         -889.65 -+    355.026  E:           -1.12 -+     39.437  N:         -308.98 -+     46.445
STA_CRL:  DEADMANL         C:   .950  -.923  -.961   .994   .947  -.915   .942   .994  -.952   .950  -.917  -.959   .993  -.922  -.962
STA_GCX:  DSS13            X:  -2351112781.98 -+      2.367  Y:  -4655530601.39 -+      4.445  Z:   3660912686.14 -+      3.602 Obs_used:   12388 Obs_tot:   13851 Ses_used:    35 Ses_tot:    35 Date_beg: 2000.05.31 Date_end: 2018.02.13
STA_GCU:  DSS13            U:           -9.73 -+      6.076  E:           -2.07 -+      0.809  N:           -2.75 -+      0.871
STA_CRL:  DSS13            C:   .924  -.914  -.951  -.005  -.020   .012  -.022  -.025   .025   .432   .017   .028  -.014  -.473  -.653
STA_GCX:  DSS15            X:  -2353539017.13 -+      2.898  Y:  -4641649391.86 -+      4.141  Z:   3676669944.75 -+      4.267 Obs_used:   30517 Obs_tot:   32322 Ses_used:    99 Ses_tot:    99 Date_beg: 1987.11.01 Date_end: 2009.12.08
STA_GCU:  DSS15            U:           -2.59 -+      5.673  E:           -2.42 -+      2.370  N:            0.31 -+      2.441
STA_CRL:  DSS15            C:   .472  -.478  -.692   .816   .373  -.378   .401   .785  -.536   .433  -.397  -.527   .762  -.474  -.654
STA_GCX:  DSS15____920627  X:  -2353539038.42 -+      1.679  Y:  -4641649390.70 -+      2.559  Z:   3676669925.20 -+      2.347 Obs_used:       0 Obs_tot:       0 Ses_used:     0 Ses_tot:     0 Date_beg:            Date_end:           
STA_GCU:  DSS15____920627  U:           -6.92 -+      3.509  E:          -21.94 -+      1.135  N:          -20.60 -+      1.130
STA_CRL:  DSS15____920627  C:   .662  -.639  -.794   .774   .374  -.400   .407   .707  -.544   .433  -.373  -.465   .724  -.474  -.654
STA_GCX:  DSS34            X:  -4461114559.10 -+   4926.566  Y:   2682404133.12 -+   4227.637  Z:  -3674389827.77 -+   6523.692 Obs_used:     169 Obs_tot:     189 Ses_used:     2 Ses_tot:     2 Date_beg: 2017.09.13 Date_end: 2017.10.03
STA_GCU:  DSS34            U:       -39394.49 -+   8032.826  E:        13460.67 -+   3289.926  N:       -23693.27 -+   3058.204
STA_CRL:  DSS34            C:  -.476   .855  -.536  -.000   .475  -.854   .477  -.000   .536  -.477  -.856   .535  -.000   .855  -.535
STA_GCX:  DSS45            X:  -4460935872.48 -+      2.392  Y:   2682765707.89 -+      1.647  Z:  -3674380607.48 -+      1.961 Obs_used:   40425 Obs_tot:   41699 Ses_used:   164 Ses_tot:   164 Date_beg: 1987.06.08 Date_end: 2016.08.23
STA_GCU:  DSS45            U:            6.64 -+      3.238  E:            1.72 -+      0.843  N:           -8.15 -+      1.040
STA_CRL:  DSS45            C:  -.805   .778  -.706   .459  -.348   .289  -.256   .380  -.201  -.193   .274  -.256   .420  -.152   .327
STA_GCX:  DSS65            X:   4849336579.90 -+      2.669  Y:   -360488539.39 -+      0.840  Z:   4114749002.70 -+      2.645 Obs_used:   56246 Obs_tot:   57905 Ses_used:   118 Ses_tot:   118 Date_beg: 1988.08.31 Date_end: 2004.12.14
STA_GCU:  DSS65            U:          -17.12 -+      3.626  E:           -0.84 -+      0.875  N:          -10.77 -+      0.954
STA_CRL:  DSS65            C:   .075   .881   .035   .846   .097   .742   .053   .563   .032  -.053   .649   .050   .761   .715   .037
STA_GCX:  DSS65A           X:   4849339579.25 -+      1.488  Y:   -360427553.31 -+      0.308  Z:   4114750796.64 -+      1.333 Obs_used:   31562 Obs_tot:   32699 Ses_used:    37 Ses_tot:    37 Date_beg: 2005.09.05 Date_end: 2018.02.14
STA_GCU:  DSS65A           U:           -4.25 -+      1.962  E:            1.55 -+      0.323  N:           -2.10 -+      0.361
STA_CRL:  DSS65A           C:  -.039   .934  -.062  -.341  -.001  -.332   .007  -.124   .017  -.052  -.268   .024  -.280   .716   .038
STA_GCX:  DSS65____970415  X:   4849336585.99 -+      1.863  Y:   -360488540.12 -+      0.563  Z:   4114749001.07 -+      1.836 Obs_used:       0 Obs_tot:       0 Ses_used:     0 Ses_tot:     0 Date_beg:            Date_end:           
STA_GCU:  DSS65____970415  U:          -13.52 -+      2.531  E:           -1.12 -+      0.578  N:          -15.98 -+      0.646
STA_CRL:  DSS65____970415  C:  -.001   .886  -.035   .708   .088   .626   .041   .508   .020  -.053   .545   .040   .654   .715   .037
STA_GCX:  EFLSBERG         X:   4033947277.30 -+      2.443  Y:    486990728.52 -+      0.695  Z:   4900430934.51 -+      2.836 Obs_used:   43300 Obs_tot:   44724 Ses_used:    49 Ses_tot:    49 Date_beg: 1979.11.25 Date_end: 2016.11.24
STA_GCU:  EFLSBERG         U:            5.10 -+      3.693  E:           -3.09 -+      0.629  N:           -2.24 -+      0.679
STA_CRL:  EFLSBERG         C:   .412   .934   .412   .716   .314   .656   .149   .467   .148  -.040   .596   .283   .669   .628   .104
STA_GCX:  EFLSBERG_961001  X:   4033947292.79 -+      1.628  Y:    486990735.10 -+      0.358  Z:   4900430948.70 -+      1.960 Obs_used:       0 Obs_tot:       0 Ses_used:     0 Ses_tot:     0 Date_beg:            Date_end:           
STA_GCU:  EFLSBERG_961001  U:           26.32 -+      2.533  E:            1.58 -+      0.294  N:           -5.69 -+      0.341
STA_CRL:  EFLSBERG_961001  C:   .562   .963   .552   .434   .247   .398   .088   .275   .083  -.040   .375   .218   .402   .628   .104
STA_GCX:  ELY              X:  -2077236553.04 -+     42.182  Y:  -4486712500.46 -+     89.163  Z:   4018753381.69 -+     74.228 Obs_used:    2228 Obs_tot:    2228 Ses_used:    12 Ses_tot:    12 Date_beg: 1984.04.22 Date_end: 1990.10.16
STA_GCU:  ELY              U:         -135.91 -+    121.418  E:            5.42 -+     13.806  N:           -8.07 -+     17.495
STA_CRL:  ELY              C:   .934  -.930  -.955   .985   .922  -.920   .922   .985  -.943   .939  -.915  -.937   .982  -.936  -.958
STA_GCX:  FD-VLBA          X:  -1324009290.36 -+      0.187  Y:  -5332181954.51 -+      0.275  Z:   3231962406.79 -+      0.248 Obs_used:  646203 Obs_tot:  660690 Ses_used:   304 Ses_tot:   304 Date_beg: 1992.01.13 Date_end: 2019.04.01
STA_GCU:  FD-VLBA          U:            2.15 -+      0.283  E:           -1.92 -+      0.195  N:           -0.35 -+      0.232
STA_CRL:  FD-VLBA          C:  -.035  -.214  -.141   .170  -.046  -.018  -.075   .168   .085  -.289  -.013   .044   .144  -.114  -.312
STA_GCX:  FLAGSTAF         X:  -1923993025.05 -+     38.702  Y:  -4850854794.01 -+     92.979  Z:   3658589298.68 -+     70.472 Obs_used:    1210 Obs_tot:    1211 Ses_used:     8 Ses_tot:     8 Date_beg: 1984.04.17 Date_end: 1990.11.06
STA_GCU:  FLAGSTAF         U:          107.91 -+    120.516  E:            7.83 -+     14.508  N:          -22.70 -+     19.354
STA_CRL:  FLAGSTAF         C:   .916  -.881  -.942   .972   .898  -.865   .885   .971  -.917   .923  -.850  -.914   .969  -.891  -.947
STA_GCX:  FORT ORD         X:  -2697027327.45 -+     56.072  Y:  -4354392617.38 -+     90.141  Z:   3788078081.91 -+     77.791 Obs_used:    1878 Obs_tot:    1885 Ses_used:    11 Ses_tot:    11 Date_beg: 1983.08.25 Date_end: 1988.02.18
STA_GCU:  FORT ORD         U:          363.17 -+    129.833  E:           36.93 -+     13.006  N:           11.25 -+     17.173
STA_CRL:  FORT ORD         C:   .963  -.950  -.957   .980   .940  -.927   .946   .980  -.937   .963  -.934  -.938   .978  -.952  -.958
STA_GCX:  FORTLEZA         X:   4985370011.30 -+      0.356  Y:  -3955020379.37 -+      0.288  Z:   -428472125.14 -+      0.214 Obs_used:  607989 Obs_tot:  628862 Ses_used:  1863 Ses_tot:  1863 Date_beg: 1993.04.21 Date_end: 2019.06.03
STA_GCU:  FORTLEZA         U:            5.43 -+      0.419  E:           -1.37 -+      0.183  N:           -1.78 -+      0.215
STA_CRL:  FORTLEZA         C:  -.665  -.096  -.117   .026   .025  -.033   .019  -.008  -.014   .019  -.016  -.014   .071   .706  -.356
STA_GCX:  FORTORDS         X:  -2699840627.56 -+     52.915  Y:  -4359126225.21 -+     84.901  Z:   3781051075.02 -+     73.186 Obs_used:    3444 Obs_tot:    3444 Ses_used:    19 Ses_tot:    19 Date_beg: 1988.11.08 Date_end: 1991.07.23
STA_GCU:  FORTORDS         U:          -90.62 -+    122.428  E:          109.11 -+     11.786  N:         -129.48 -+     15.392
STA_CRL:  FORTORDS         C:   .965  -.955  -.961   .983   .947  -.938   .948   .983  -.944   .963  -.937  -.942   .983  -.952  -.958
STA_GCX:  FORTORDS_891001  X:  -2699840586.56 -+     49.677  Y:  -4359126199.17 -+     79.695  Z:   3781051170.12 -+     68.858 Obs_used:       0 Obs_tot:       0 Ses_used:     0 Ses_tot:     0 Date_beg:            Date_end:           
STA_GCU:  FORTORDS_891001  U:          -69.04 -+    115.015  E:          130.26 -+     11.099  N:          -27.06 -+     14.451
STA_CRL:  FORTORDS_891001  C:   .965  -.955  -.961   .988   .952  -.941   .953   .988  -.948   .963  -.942  -.947   .987  -.952  -.958
STA_GCX:  FTD 7900         X:  -1324228115.31 -+     20.335  Y:  -5332062932.14 -+     37.087  Z:   3232022867.47 -+     27.653 Obs_used:     438 Obs_tot:     438 Ses_used:     1 Ses_tot:     1 Date_beg: 1988.10.08 Date_end: 1988.10.08
STA_GCU:  FTD 7900         U:          -52.73 -+     42.889  E:           49.75 -+     18.751  N:          -28.67 -+     19.041
STA_CRL:  FTD 7900         C:   .334  -.285  -.622   .919   .035  -.035   .055   .588  -.142   .058  -.044  -.114   .732  -.048  -.194
STA_GCX:  GGAO7108         X:   1130794562.58 -+      2.216  Y:  -4831233809.54 -+      7.147  Z:   3994217058.41 -+      6.060 Obs_used:   18948 Obs_tot:   20441 Ses_used:    74 Ses_tot:    74 Date_beg: 1993.04.27 Date_end: 2007.05.15
STA_GCU:  GGAO7108         U:           -1.47 -+      9.311  E:           -1.51 -+      1.629  N:           -2.13 -+      1.836
STA_CRL:  GGAO7108         C:  -.662   .631  -.922   .908  -.548   .523  -.610   .937  -.857  -.576   .569  -.838   .925   .546  -.889
STA_GCX:  GGAO7108_030101  X:   1130794337.09 -+      2.007  Y:  -4831232883.89 -+      6.578  Z:   3994216243.71 -+      5.068 Obs_used:       0 Obs_tot:       0 Ses_used:     0 Ses_tot:     0 Date_beg:            Date_end:           
STA_GCU:  GGAO7108_030101  U:        -1254.56 -+      8.239  E:          -10.11 -+      1.472  N:          -35.26 -+      1.715
STA_CRL:  GGAO7108_030101  C:  -.666   .645  -.913   .339  -.194   .206  -.223   .346  -.348  -.576   .205  -.302   .371   .546  -.889
STA_GCX:  GIFU11           X:  -3787123536.92 -+      8.335  Y:   3564181728.44 -+      7.655  Z:   3680274918.15 -+      7.851 Obs_used:    8517 Obs_tot:    9040 Ses_used:    23 Ses_tot:    23 Date_beg: 2002.07.16 Date_end: 2006.06.22
STA_GCU:  GIFU11           U:           10.74 -+     13.268  E:            3.43 -+      2.482  N:           -9.92 -+      2.744
STA_CRL:  GIFU11           C:  -.904  -.889   .882   .901  -.798  -.782  -.804   .901   .776  -.886  -.781   .770   .890  -.868   .858
STA_GCX:  GIFU3            X:  -3787518421.55 -+     17.300  Y:   3564247169.94 -+     16.018  Z:   3679797041.37 -+     16.642 Obs_used:     982 Obs_tot:    1038 Ses_used:     4 Ses_tot:     4 Date_beg: 2000.09.07 Date_end: 2001.10.11
STA_GCU:  GIFU3            U:           -3.38 -+     28.230  E:            9.98 -+      3.920  N:          -25.37 -+      4.528
STA_CRL:  GIFU3            C:  -.945  -.932   .929   .663  -.582  -.565  -.591   .656   .559  -.885  -.578   .563   .645  -.868   .858
STA_GCX:  GILCREEK         X:  -2281547584.29 -+      3.601  Y:  -1453645125.56 -+      3.541  Z:   5756993051.10 -+      3.630 Obs_used: 1094025 Obs_tot: 1107961 Ses_used:  1994 Ses_tot:  1994 Date_beg: 1984.07.07 Date_end: 2005.12.28
STA_GCU:  GILCREEK         U:           -2.91 -+      3.670  E:           -3.82 -+      3.549  N:           -2.98 -+      3.552
STA_CRL:  GILCREEK         C:   .005  -.037  -.005   .975   .006  -.042   .006   .962  -.008   .012  -.041  -.008   .959  -.026  -.027
STA_GCX:  GOLDMARS         X:  -2353621982.60 -+   9512.579  Y:  -4641339016.41 -+   7040.945  Z:   3677049949.65 -+   7016.439 Obs_used:     566 Obs_tot:     641 Ses_used:     6 Ses_tot:     6 Date_beg: 1988.08.20 Date_end: 1989.12.03
STA_GCU:  GOLDMARS         U:        -2941.80 -+   5447.374  E:        -1933.09 -+   8471.242  N:         -776.97 -+   9373.294
STA_CRL:  GOLDMARS         C:   .192  -.193   .906   .994   .191  -.192   .191   .994   .901   .192  -.192   .901   .994  -.193   .906
STA_GCX:  GOLDVENU         X:  -2351129374.29 -+      9.248  Y:  -4655476873.84 -+     17.462  Z:   3660956743.39 -+     15.797 Obs_used:    2838 Obs_tot:    2845 Ses_used:    11 Ses_tot:    11 Date_beg: 1981.11.19 Date_end: 1991.08.12
STA_GCU:  GOLDVENU         U:         -139.70 -+     24.103  E:          -23.05 -+      5.273  N:          -42.84 -+      5.591
STA_CRL:  GOLDVENU         C:   .787  -.769  -.897   .952   .774  -.745   .745   .957  -.852   .809  -.737  -.873   .958  -.791  -.905
STA_GCX:  GORF7102         X:   1130686312.07 -+      3.657  Y:  -4831353039.36 -+     13.414  Z:   3994110952.75 -+     11.273 Obs_used:    2166 Obs_tot:    2166 Ses_used:     9 Ses_tot:     9 Date_beg: 1989.05.30 Date_end: 1992.06.16
STA_GCU:  GORF7102         U:            2.26 -+     17.553  E:           -0.47 -+      2.308  N:           -0.87 -+      2.642
STA_CRL:  GORF7102         C:  -.767   .754  -.953   .703  -.358   .344  -.451   .619  -.564  -.575   .425  -.554   .619   .545  -.888
STA_GCX:  GRASSE           X:   4581701300.50 -+   9566.553  Y:    556124392.73 -+   9719.066  Z:   4389348050.01 -+   9697.159 Obs_used:     268 Obs_tot:     268 Ses_used:     2 Ses_tot:     2 Date_beg: 1989.09.14 Date_end: 1989.09.16
STA_GCU:  GRASSE           U:          142.63 -+   9994.511  E:        -2066.18 -+   9643.263  N:        -5069.34 -+   9334.415
STA_CRL:  GRASSE           C:   .064   .076  -.051   .000   .064   .076   .064   .000  -.051   .064   .076  -.051   .000   .076  -.051
STA_GCX:  HALEAKAL         X:  -5465998695.50 -+     37.549  Y:  -2404407178.80 -+     17.038  Z:   2242229176.86 -+     16.396 Obs_used:     707 Obs_tot:     707 Ses_used:     3 Ses_tot:     3 Date_beg: 1988.06.25 Date_end: 1988.07.09
STA_GCU:  HALEAKAL         U:        -2924.46 -+     44.080  E:         5625.08 -+      3.103  N:        11902.90 -+      4.051
STA_CRL:  HALEAKAL         C:   .980  -.964  -.950   .136   .089  -.203   .062   .139  -.104   .433  -.089  -.070   .245  -.711  -.344
STA_GCX:  HART15M          X:   5085490805.24 -+      0.465  Y:   2668161427.86 -+      0.330  Z:  -2768692677.20 -+      0.314 Obs_used:  460433 Obs_tot:  468455 Ses_used:   610 Ses_tot:   610 Date_beg: 2012.10.11 Date_end: 2019.06.24
STA_GCU:  HART15M          U:            6.89 -+      0.495  E:           -2.10 -+      0.315  N:           -5.76 -+      0.282
STA_CRL:  HART15M          C:   .260  -.417  -.020  -.136  -.105   .064  -.074  -.052   .062  -.231   .065   .079  -.058   .419   .547
STA_GCX:  HARTRAO          X:   5085442770.20 -+      0.368  Y:   2668263729.76 -+      0.284  Z:  -2768696805.87 -+      0.268 Obs_used:  368471 Obs_tot:  379229 Ses_used:  1208 Ses_tot:  1208 Date_beg: 1986.01.09 Date_end: 2019.03.27
STA_GCU:  HARTRAO          U:            7.86 -+      0.369  E:           -3.98 -+      0.295  N:           -4.94 -+      0.255
STA_CRL:  HARTRAO          C:   .063  -.328   .171   .082   .023  -.066   .018   .043  -.004  -.232  -.055  -.003   .083   .421   .549
STA_GCX:  HATCREEK         X:  -2523970251.37 -+      6.288  Y:  -4123506186.63 -+     10.496  Z:   4147752424.33 -+     10.408 Obs_used:   40012 Obs_tot:   40057 Ses_used:   180 Ses_tot:   180 Date_beg: 1983.06.06 Date_end: 1990.11.11
STA_GCU:  HATCREEK         U:          -51.29 -+     15.276  E:            2.02 -+      3.294  N:            7.74 -+      3.719
STA_CRL:  HATCREEK         C:   .816  -.749  -.892   .985   .801  -.739   .806   .990  -.885   .793  -.734  -.875   .985  -.730  -.875
STA_GCX:  HAYSTACK         X:   1492404546.46 -+      2.091  Y:  -4457266549.66 -+      4.743  Z:   4296881839.29 -+      5.045 Obs_used:   28280 Obs_tot:   28456 Ses_used:    86 Ses_tot:    86 Date_beg: 1979.08.03 Date_end: 1992.06.29
STA_GCU:  HAYSTACK         U:           29.91 -+      6.626  E:           13.17 -+      1.844  N:            0.05 -+      2.239
STA_CRL:  HAYSTACK         C:  -.468   .415  -.803   .882  -.398   .358  -.446   .935  -.758  -.420   .379  -.720   .923   .375  -.760
STA_GCX:  HN-VLBA          X:   1446374910.68 -+      0.204  Y:  -4447939671.77 -+      0.295  Z:   4322306170.31 -+      0.285 Obs_used:  505311 Obs_tot:  516559 Ses_used:   247 Ses_tot:   247 Date_beg: 1992.08.28 Date_end: 2019.04.01
STA_GCU:  HN-VLBA          U:            0.67 -+      0.366  E:           -0.54 -+      0.178  N:           -0.20 -+      0.211
STA_CRL:  HN-VLBA          C:  -.400   .147  -.518   .232  -.038  -.036  -.062   .158   .042   .123  -.031   .024   .087  -.012  -.053
STA_GCX:  HOBART12         X:  -3949990678.38 -+      0.493  Y:   2522421187.91 -+      0.376  Z:  -4311708175.08 -+      0.537 Obs_used:  480726 Obs_tot:  492097 Ses_used:   680 Ses_tot:   680 Date_beg: 2010.10.07 Date_end: 2017.06.20
STA_GCU:  HOBART12         U:           22.00 -+      0.618  E:            1.44 -+      0.288  N:           -6.99 -+      0.456
STA_CRL:  HOBART12         C:  -.521   .255  -.275  -.033   .037  -.077   .028  -.022   .027  -.030  -.107   .055   .009  -.534   .648
STA_GCX:  HOBART26         X:  -3950237238.92 -+      0.383  Y:   2522347652.97 -+      0.310  Z:  -4311562009.67 -+      0.418 Obs_used:  297210 Obs_tot:  306924 Ses_used:   952 Ses_tot:   952 Date_beg: 1989.09.26 Date_end: 2019.04.16
STA_GCU:  HOBART26         U:            3.74 -+      0.379  E:            1.13 -+      0.275  N:           -6.99 -+      0.446
STA_CRL:  HOBART26         C:  -.327  -.178   .050   .022   .003  -.052   .004   .018   .004  -.031  -.065   .004   .102  -.537   .650
STA_GCX:  HOFN             X:   2679653343.30 -+   5448.494  Y:   -727914815.89 -+   4670.525  Z:   5722810150.38 -+   9015.213 Obs_used:     555 Obs_tot:     555 Ses_used:     4 Ses_tot:     4 Date_beg: 1992.07.20 Date_end: 1992.07.27
STA_GCU:  HOFN             U:         3494.45 -+   9713.367  E:         2173.96 -+   4421.837  N:        -1224.26 -+   4344.171
STA_CRL:  HOFN             C:  -.218   .571  -.138   .000  -.217   .571  -.218   .000  -.138  -.217   .571  -.138   .000   .571  -.138
STA_GCX:  HOHNBERG         X:   4213688772.52 -+   8982.978  Y:    820421160.52 -+   9227.945  Z:   4702783670.96 -+   9406.045 Obs_used:     348 Obs_tot:     348 Ses_used:     3 Ses_tot:     3 Date_beg: 1992.06.15 Date_end: 1992.06.18
STA_GCU:  HOHNBERG         U:          365.97 -+   9952.215  E:        -1964.00 -+   8928.648  N:        -1203.14 -+   8692.250
STA_CRL:  HOHNBERG         C:   .169   .164  -.117   .000   .169   .164   .169   .000  -.117   .169   .164  -.117   .000   .164  -.117
STA_GCX:  HRAS 085         X:  -1324211115.61 -+     21.460  Y:  -5332022977.32 -+     24.595  Z:   3232118174.00 -+     22.986 Obs_used:  145185 Obs_tot:  146500 Ses_used:   721 Ses_tot:   721 Date_beg: 1980.04.11 Date_end: 1990.10.29
STA_GCU:  HRAS 085         U:         -199.73 -+     26.001  E:            6.77 -+     21.344  N:          -21.17 -+     21.499
STA_CRL:  HRAS 085         C:   .054  -.042  -.172   .998   .057  -.045   .056   .997  -.181   .058  -.044  -.182   .996  -.048  -.194
STA_GCX:  ISHIOKA          X:  -3959635942.76 -+      1.509  Y:   3296825496.85 -+      1.300  Z:   3747042652.68 -+      1.472 Obs_used:  287562 Obs_tot:  292462 Ses_used:   244 Ses_tot:   244 Date_beg: 2015.02.19 Date_end: 2019.06.24
STA_GCU:  ISHIOKA          U:          -44.66 -+      2.331  E:           -2.07 -+      0.577  N:           -6.12 -+      0.607
STA_CRL:  ISHIOKA          C:  -.828  -.825   .830  -.893   .776   .759   .779  -.878  -.786  -.606   .659  -.679  -.738  -.619   .644
STA_GCX:  JPL MV1          X:  -2493306738.97 -+     45.040  Y:  -4655197406.57 -+     82.080  Z:   3565519716.85 -+     61.966 Obs_used:    3314 Obs_tot:    3330 Ses_used:    23 Ses_tot:    23 Date_beg: 1982.10.16 Date_end: 1988.11.05
STA_GCU:  JPL MV1          U:          409.55 -+    110.947  E:            2.94 -+     10.163  N:          -47.62 -+     13.886
STA_CRL:  JPL MV1          C:   .967  -.954  -.960   .977   .945  -.930   .944   .977  -.935   .968  -.934  -.939   .975  -.957  -.961
STA_GCX:  KAINAN           X:  -3751039328.56 -+   9942.401  Y:   3721054596.85 -+   9828.808  Z:   3560815698.50 -+   9973.350 Obs_used:     275 Obs_tot:     290 Ses_used:     2 Ses_tot:     2 Date_beg: 1993.10.12 Date_end: 1993.10.14
STA_GCU:  KAINAN           U:           88.76 -+   9997.152  E:        -2729.57 -+   9788.314  N:        -1083.17 -+   9958.433
STA_CRL:  KAINAN           C:  -.020   .007   .013   .000  -.020   .007  -.019   .000   .013  -.020   .007   .013   .000   .007   .013
STA_GCX:  KANOZAN          X:  -3991744220.25 -+   9638.495  Y:   3355064360.63 -+   9480.870  Z:   3661227004.83 -+   9649.914 Obs_used:     265 Obs_tot:     327 Ses_used:     2 Ses_tot:     2 Date_beg: 1995.01.17 Date_end: 1995.01.19
STA_GCU:  KANOZAN          U:          316.89 -+   9971.809  E:        -3952.02 -+   9284.668  N:         1998.45 -+   9500.856
STA_CRL:  KANOZAN          C:  -.055  -.027   .040   .000  -.055  -.026  -.055   .000   .040  -.055  -.027   .040   .000  -.026   .040
STA_GCX:  KARLBURG         X:   3653210261.39 -+   9543.803  Y:    884430161.57 -+   9414.351  Z:   5135727592.19 -+   9813.822 Obs_used:     337 Obs_tot:     337 Ses_used:     2 Ses_tot:     2 Date_beg: 1992.07.06 Date_end: 1992.07.07
STA_GCU:  KARLBURG         U:          134.37 -+   9984.717  E:         1465.85 -+   9324.336  N:        -7015.94 -+   9454.494
STA_CRL:  KARLBURG         C:   .044   .056  -.013   .000   .044   .056   .044   .000  -.013   .044   .056  -.013   .000   .056  -.013
STA_GCX:  KASHIM11         X:  -3997505692.26 -+      0.814  Y:   3276878501.95 -+      0.696  Z:   3724240626.71 -+      0.813 Obs_used:   96850 Obs_tot:  102052 Ses_used:   125 Ses_tot:   125 Date_beg: 1994.08.29 Date_end: 2019.04.16
STA_GCU:  KASHIM11         U:           26.20 -+      1.242  E:           -3.85 -+      0.336  N:           -9.48 -+      0.390
STA_CRL:  KASHIM11         C:  -.797  -.803   .724  -.039   .079   .075   .078   .014  -.089   .518   .040  -.048   .003  -.091   .109
STA_GCX:  KASHIM34         X:  -3997649260.67 -+      0.450  Y:   3276690862.54 -+      0.413  Z:   3724278757.33 -+      0.525 Obs_used:  149777 Obs_tot:  157226 Ses_used:   236 Ses_tot:   236 Date_beg: 1990.03.22 Date_end: 2019.06.17
STA_GCU:  KASHIM34         U:           30.68 -+      0.655  E:           -3.41 -+      0.305  N:           -5.79 -+      0.357
STA_CRL:  KASHIM34         C:  -.496  -.571   .390  -.042   .109   .102   .117   .052  -.125   .523   .057  -.066   .021  -.092   .109
STA_GCX:  KASHIMA          X:  -3997892294.84 -+      1.085  Y:   3276581352.30 -+      0.931  Z:   3724118166.07 -+      0.984 Obs_used:   95219 Obs_tot:   96739 Ses_used:   297 Ses_tot:   297 Date_beg: 1984.01.24 Date_end: 2002.05.27
STA_GCU:  KASHIMA          U:           23.78 -+      1.633  E:           18.53 -+      0.387  N:           14.96 -+      0.441
STA_CRL:  KASHIMA          C:  -.850  -.838   .788   .154  -.080  -.086  -.080   .183   .062   .519  -.047   .035   .107  -.091   .109
STA_GCX:  KATH12M          X:  -4147354542.47 -+      0.666  Y:   4581542436.56 -+      0.678  Z:  -1573303393.23 -+      0.545 Obs_used:  738808 Obs_tot:  753708 Ses_used:   881 Ses_tot:   881 Date_beg: 2011.06.16 Date_end: 2019.06.24
STA_GCU:  KATH12M          U:           23.09 -+      0.893  E:          -13.03 -+      0.371  N:            6.72 -+      0.514
STA_CRL:  KATH12M          C:  -.697   .177  -.306  -.454   .405  -.213   .419  -.506   .196  -.122  -.162   .145  -.130  -.253   .456
STA_GCX:  KAUAI            X:  -5543846182.55 -+      4.919  Y:  -2054562775.80 -+      2.770  Z:   2387814519.76 -+      4.341 Obs_used:  122506 Obs_tot:  122568 Ses_used:   434 Ses_tot:   434 Date_beg: 1984.07.07 Date_end: 1994.03.14
STA_GCU:  KAUAI            U:          -16.61 -+      6.132  E:          -47.37 -+      2.218  N:           -4.30 -+      2.864
STA_CRL:  KAUAI            C:   .535  -.746  -.469   .977   .509  -.735   .447   .846  -.398   .434  -.669  -.415   .906  -.712  -.345
STA_GCX:  KIRSBERG         X:   3879833645.87 -+   7821.756  Y:    987962457.68 -+   6831.586  Z:   4948711196.42 -+   8713.422 Obs_used:     430 Obs_tot:     430 Ses_used:     3 Ses_tot:     3 Date_beg: 1992.06.25 Date_end: 1992.06.28
STA_GCU:  KIRSBERG         U:           59.77 -+   9925.129  E:        -2031.59 -+   6711.143  N:        -2179.36 -+   6342.440
STA_CRL:  KIRSBERG         C:   .098   .426   .017   .000   .098   .426   .098   .000   .017   .098   .426   .018   .000   .426   .018
STA_GCX:  KODIAK           X:  -3026940573.14 -+     66.326  Y:  -1575911730.32 -+     41.896  Z:   5370362537.64 -+    113.148 Obs_used:    3430 Obs_tot:    3430 Ses_used:    15 Ses_tot:    15 Date_beg: 1984.07.23 Date_end: 1990.07.02
STA_GCU:  KODIAK           U:           56.48 -+    135.296  E:           26.16 -+     19.802  N:           35.36 -+     16.120
STA_CRL:  KODIAK           C:   .846  -.960  -.881   .975   .835  -.937   .816   .982  -.854   .846  -.930  -.868   .973  -.959  -.883
STA_GCX:  KOGANEI          X:  -3941937459.57 -+      1.389  Y:   3368150795.18 -+      1.173  Z:   3702235261.18 -+      1.336 Obs_used:   71987 Obs_tot:   75760 Ses_used:    91 Ses_tot:    91 Date_beg: 1994.08.29 Date_end: 2019.04.16
STA_GCU:  KOGANEI          U:           28.28 -+      2.182  E:          171.46 -+      0.353  N:           -1.64 -+      0.449
STA_CRL:  KOGANEI          C:  -.923  -.900   .887  -.407   .398   .359   .412  -.367  -.388  -.633   .315  -.329  -.329  -.575   .621
STA_GCX:  KOGANEI3         X:  -3942077407.16 -+     38.667  Y:   3368331940.75 -+     32.544  Z:   3701904789.43 -+     39.107 Obs_used:     262 Obs_tot:     310 Ses_used:     2 Ses_tot:     2 Date_beg: 1995.01.17 Date_end: 1995.01.19
STA_GCU:  KOGANEI3         U:         -180.58 -+     61.330  E:          200.96 -+      5.689  N:          119.24 -+     17.024
STA_CRL:  KOGANEI3         C:  -.974  -.808   .890   .058  -.053  -.044  -.055   .056   .047  -.631  -.040   .041   .044  -.573   .619
STA_GCX:  KOKEE            X:  -5543837746.64 -+      0.270  Y:  -2054567040.24 -+      0.269  Z:   2387852357.59 -+      0.342 Obs_used: 1429163 Obs_tot: 1468600 Ses_used:  2490 Ses_tot:  2490 Date_beg: 1993.06.08 Date_end: 2019.06.24
STA_GCU:  KOKEE            U:            2.33 -+      0.313  E:           -1.04 -+      0.252  N:           -3.55 -+      0.317
STA_CRL:  KOKEE            C:   .192  -.180  -.026   .092  -.015   .033  -.012   .162   .009   .032   .025   .007   .174  -.564   .052
STA_GCX:  KP-VLBA          X:  -1995678800.03 -+      0.193  Y:  -5037317695.80 -+      0.277  Z:   3357328039.35 -+      0.256 Obs_used:  591545 Obs_tot:  606149 Ses_used:   245 Ses_tot:   245 Date_beg: 1992.08.28 Date_end: 2019.04.01
STA_GCU:  KP-VLBA          U:           -2.02 -+      0.284  E:           -1.40 -+      0.204  N:           -1.86 -+      0.240
STA_CRL:  KP-VLBA          C:   .030  -.196  -.115   .173  -.049  -.001  -.068   .181   .078  -.353   .004   .044   .156  -.157  -.228
STA_GCX:  KUNMING          X:  -1281152730.24 -+      1.913  Y:   5640864340.11 -+      5.694  Z:   2682653479.32 -+      3.034 Obs_used:   33099 Obs_tot:   33993 Ses_used:    44 Ses_tot:    44 Date_beg: 2011.07.20 Date_end: 2019.04.16
STA_GCU:  KUNMING          U:          -72.32 -+      6.519  E:           -6.09 -+      1.199  N:            3.22 -+      1.160
STA_CRL:  KUNMING          C:  -.772  -.728   .906  -.879   .676   .630   .767  -.975  -.885  -.693   .664  -.822  -.896  -.621   .848
STA_GCX:  KWAJAL26         X:  -6143536034.76 -+     97.525  Y:   1363998780.13 -+     27.341  Z:   1034708080.79 -+     38.244 Obs_used:    5854 Obs_tot:    5873 Ses_used:    20 Ses_tot:    20 Date_beg: 1984.07.07 Date_end: 1988.08.06
STA_GCU:  KWAJAL26         U:           28.27 -+    102.042  E:          -67.97 -+     20.027  N:           92.41 -+     30.127
STA_CRL:  KWAJAL26         C:  -.672  -.642   .344   .986  -.660  -.633  -.662   .986   .333  -.671  -.636   .335   .992  -.640   .335
STA_GCX:  LA-VLBA          X:  -1449752542.62 -+      0.189  Y:  -4975298574.16 -+      0.264  Z:   3709123856.65 -+      0.246 Obs_used:  673160 Obs_tot:  688093 Ses_used:   309 Ses_tot:   309 Date_beg: 1991.05.21 Date_end: 2019.04.01
STA_GCU:  LA-VLBA          U:           -1.08 -+      0.267  E:           -1.79 -+      0.201  N:           -0.89 -+      0.234
STA_CRL:  LA-VLBA          C:  -.063  -.139  -.098   .199  -.051  -.001  -.074   .215   .082  -.312   .004   .046   .153  -.094  -.172
STA_GCX:  LEONRDOK         X:   -522231025.93 -+   9936.950  Y:  -5145677106.67 -+   9992.518  Z:   3720152206.10 -+   9982.468 Obs_used:     244 Obs_tot:     247 Ses_used:     1 Ses_tot:     1 Date_beg: 1987.08.24 Date_end: 1987.08.24
STA_GCU:  LEONRDOK         U:           51.16 -+   9998.005  E:          507.37 -+   9936.438  N:         -228.30 -+   9977.483
STA_CRL:  LEONRDOK         C:   .001  -.001  -.002   .000   .001  -.001   .001   .000  -.002   .001  -.001  -.002   .000  -.001  -.002
STA_GCX:  MADRID64         X:   4849092991.99 -+   9999.047  Y:   -360180480.79 -+   9999.665  Z:   4115109795.62 -+  10000.001 Obs_used:     141 Obs_tot:     173 Ses_used:     1 Ses_tot:     1 Date_beg: 1989.03.19 Date_end: 1989.03.19
STA_GCU:  MADRID64         U:         -107.75 -+   9999.442  E:          -94.01 -+   9999.579  N:           80.79 -+   9999.693
STA_CRL:  MADRID64         C:  -.000  -.000  -.000   .990  -.000  -.000  -.000   .985  -.000  -.013  -.000  -.000   .981  -.003   .004
STA_GCX:  MAMMOTHL         X:  -2448246994.60 -+    144.100  Y:  -4426737860.62 -+    261.783  Z:   3875435657.00 -+    215.184 Obs_used:     561 Obs_tot:     562 Ses_used:     4 Ses_tot:     4 Date_beg: 1983.06.29 Date_end: 1986.10.22
STA_GCU:  MAMMOTHL         U:          166.55 -+    363.846  E:           75.93 -+     33.312  N:           53.40 -+     45.889
STA_CRL:  MAMMOTHL         C:   .965  -.953  -.964   .992   .954  -.939   .959   .992  -.953   .964  -.948  -.957   .990  -.952  -.963
STA_GCX:  MARCUS           X:  -5227445780.04 -+     76.797  Y:   2551380444.14 -+     55.834  Z:   2607605311.23 -+     51.100 Obs_used:    5120 Obs_tot:    5203 Ses_used:    16 Ses_tot:    16 Date_beg: 1989.07.24 Date_end: 1993.06.28
STA_GCU:  MARCUS           U:         -101.87 -+    100.323  E:          -61.67 -+     28.115  N:           41.84 -+     27.774
STA_CRL:  MARCUS           C:  -.847  -.823   .654   .986  -.845  -.823  -.839   .992   .657  -.856  -.811   .654   .989  -.833   .670
STA_GCX:  MARPOINT         X:   1106629107.53 -+      8.346  Y:  -4882907317.69 -+     27.671  Z:   3938087071.13 -+     22.436 Obs_used:    8191 Obs_tot:    8210 Ses_used:    77 Ses_tot:    77 Date_beg: 1982.06.18 Date_end: 1989.08.24
STA_GCU:  MARPOINT         U:          191.64 -+     35.286  E:          -26.22 -+      5.569  N:          -13.83 -+      7.910
STA_CRL:  MARPOINT         C:  -.730   .702  -.897   .986  -.728   .707  -.730   .996  -.896  -.733   .706  -.896   .994   .714  -.901
STA_GCX:  MATERA           X:   4641938530.94 -+      0.277  Y:   1393003265.74 -+      0.147  Z:   4133325729.04 -+      0.253 Obs_used:  790362 Obs_tot:  821564 Ses_used:  1110 Ses_tot:  1110 Date_beg: 1990.10.04 Date_end: 2019.06.24
STA_GCU:  MATERA           U:            6.97 -+      0.298  E:            0.63 -+      0.144  N:           -3.30 -+      0.230
STA_CRL:  MATERA           C:   .247   .240   .099   .112   .011  -.090   .004   .075  -.029  -.589  -.052  -.036   .043   .035   .030
STA_GCX:  MCD 7850         X:  -1330006322.84 -+   9544.012  Y:  -5328391615.72 -+   9938.064  Z:   3236501796.15 -+   9823.302 Obs_used:     616 Obs_tot:     616 Ses_used:     1 Ses_tot:     1 Date_beg: 1988.10.06 Date_end: 1988.10.06
STA_GCU:  MCD 7850         U:         -814.08 -+   9987.402  E:         1718.84 -+   9551.348  N:         -607.50 -+   9765.967
STA_CRL:  MCD 7850         C:   .007  -.022  -.015   .000   .007  -.022   .007   .000  -.015   .007  -.022  -.015   .000  -.022  -.015
STA_GCX:  MEDICINA         X:   4461369746.74 -+      0.529  Y:    919597066.38 -+      0.246  Z:   4449559346.29 -+      0.525 Obs_used:  527105 Obs_tot:  545244 Ses_used:   563 Ses_tot:   563 Date_beg: 1987.12.08 Date_end: 2019.06.20
STA_GCU:  MEDICINA         U:           -0.63 -+      0.693  E:            0.22 -+      0.230  N:           -1.78 -+      0.289
STA_CRL:  MEDICINA         C:   .322   .703   .263   .195   .052   .072   .020   .105   .005  -.545   .046   .009   .111  -.005  -.018
STA_GCX:  MEDICINA_960601  X:   4461369749.18 -+      0.276  Y:    919597067.17 -+      0.148  Z:   4449559347.45 -+      0.253 Obs_used:       0 Obs_tot:       0 Ses_used:     0 Ses_tot:     0 Date_beg:            Date_end:           
STA_GCU:  MEDICINA_960601  U:            2.01 -+      0.300  E:            0.50 -+      0.146  N:           -2.74 -+      0.226
STA_CRL:  MEDICINA_960601  C:   .180   .277   .038   .108   .012  -.119   .002   .086  -.031  -.545  -.063  -.035   .017  -.005  -.018
STA_GCX:  METSAHOV         X:   2892584900.02 -+      1.355  Y:   1311715555.66 -+      0.665  Z:   5512640128.48 -+      2.463 Obs_used:   44112 Obs_tot:   49222 Ses_used:    70 Ses_tot:    70 Date_beg: 2004.12.14 Date_end: 2018.02.14
STA_GCU:  METSAHOV         U:            0.14 -+      2.851  E:            1.59 -+      0.307  N:           -3.30 -+      0.352
STA_CRL:  METSAHOV         C:   .864   .959   .867   .053   .035   .045   .022   .038   .028   .381   .064   .060   .068   .739   .456
STA_GCX:  METSHOVI         X:   2890652513.56 -+     21.160  Y:   1310295517.07 -+      9.610  Z:   5513958816.64 -+     37.550 Obs_used:     575 Obs_tot:     575 Ses_used:     5 Ses_tot:     5 Date_beg: 1989.07.05 Date_end: 1989.07.11
STA_GCU:  METSHOVI         U:          -26.52 -+     43.944  E:            5.28 -+      2.559  N:           -4.71 -+      3.528
STA_CRL:  METSHOVI         C:   .957   .986   .953   .135   .108   .107   .075   .167   .072   .379   .119   .116   .128   .737   .454
STA_GCX:  MIAMI20          X:    961255210.10 -+      1.911  Y:  -5674092606.09 -+      7.607  Z:   2740533820.10 -+      4.053 Obs_used:    5484 Obs_tot:    5512 Ses_used:    19 Ses_tot:    19 Date_beg: 1995.06.13 Date_end: 1996.06.04
STA_GCU:  MIAMI20          U:            2.67 -+      8.623  E:            2.69 -+      1.385  N:          -14.48 -+      1.290
STA_CRL:  MIAMI20          C:  -.678   .620  -.937   .586  -.151   .123  -.288   .421  -.415  -.334   .176  -.313   .442   .237  -.767
STA_GCX:  MILESMON         X:  -1204438484.60 -+   9969.904  Y:  -4239211560.34 -+   9991.791  Z:   4596265772.61 -+   9992.787 Obs_used:     156 Obs_tot:     156 Ses_used:     1 Ses_tot:     1 Date_beg: 1988.04.15 Date_end: 1988.04.15
STA_GCU:  MILESMON         U:           14.58 -+   9999.257  E:          566.20 -+   9969.079  N:         -432.01 -+   9986.141
STA_CRL:  MILESMON         C:   .001  -.001  -.001   .000   .001  -.001   .001   .000  -.001   .001  -.001  -.001   .000  -.001  -.001
STA_GCX:  MIURA            X:  -3976129786.87 -+     18.386  Y:   3377927851.19 -+     15.124  Z:   3656753901.68 -+     16.686 Obs_used:   17662 Obs_tot:   18260 Ses_used:    15 Ses_tot:    15 Date_beg: 1995.05.22 Date_end: 2000.11.07
STA_GCU:  MIURA            U:          100.66 -+     28.692  E:          132.48 -+      3.270  N:           -7.78 -+      3.350
STA_CRL:  MIURA            C:  -.962  -.956   .968   .976  -.940  -.934  -.940   .976   .946  -.958  -.930   .941   .972  -.951   .964
STA_GCX:  MIURA____000901  X:  -3976129777.64 -+     14.994  Y:   3377927836.02 -+     12.353  Z:   3656753900.19 -+     13.628 Obs_used:       0 Obs_tot:       0 Ses_used:     0 Ses_tot:     0 Date_beg:            Date_end:           
STA_GCU:  MIURA____000901  U:           86.02 -+     23.416  E:          138.07 -+      2.675  N:            0.72 -+      2.769
STA_CRL:  MIURA____000901  C:  -.961  -.956   .966   .949  -.914  -.909  -.915   .949   .920  -.958  -.906   .915   .946  -.951   .964
STA_GCX:  MIYAZAKI         X:  -3582767902.50 -+    411.482  Y:   4052033661.59 -+    267.565  Z:   3369020106.16 -+    423.027 Obs_used:     740 Obs_tot:     823 Ses_used:     8 Ses_tot:     8 Date_beg: 1986.10.14 Date_end: 1993.12.02
STA_GCU:  MIYAZAKI         U:         -327.09 -+    461.185  E:           27.68 -+    224.912  N:           38.87 -+    395.705
STA_CRL:  MIYAZAKI         C:  -.694   .178   .577   .985  -.685   .175  -.679   .981   .565  -.696   .175   .570   .985   .171   .580
STA_GCX:  MIZNAO10         X:  -3857236101.95 -+      6.990  Y:   3108803329.91 -+      5.762  Z:   4003883088.48 -+      7.281 Obs_used:    3431 Obs_tot:    3486 Ses_used:    19 Ses_tot:    19 Date_beg: 1993.07.14 Date_end: 2006.10.12
STA_GCU:  MIZNAO10         U:           77.08 -+     11.495  E:           22.35 -+      1.178  N:           35.88 -+      1.241
STA_CRL:  MIZNAO10         C:  -.965  -.971   .963   .241  -.225  -.205  -.212   .255   .199  -.633  -.192   .198   .209  -.650   .648
STA_GCX:  MIZUSGSI         X:  -3862411883.85 -+     27.025  Y:   3105015134.24 -+     15.550  Z:   4001944892.47 -+     16.721 Obs_used:    1047 Obs_tot:    1047 Ses_used:     6 Ses_tot:     6 Date_beg: 1991.09.18 Date_end: 1991.11.26
STA_GCU:  MIZUSGSI         U:           56.72 -+     28.223  E:           41.11 -+     20.969  N:           61.46 -+      3.932
STA_CRL:  MIZUSGSI         C:   .015  -.793   .573   .114  -.148  -.160  -.100   .172   .159  -.633  -.087   .129   .158  -.650   .647
STA_GCX:  MK-VLBA          X:  -5464075143.69 -+      0.552  Y:  -2495248302.26 -+      0.418  Z:   2148297263.56 -+      0.426 Obs_used:  419587 Obs_tot:  429314 Ses_used:   256 Ses_tot:   256 Date_beg: 1993.07.19 Date_end: 2019.04.01
STA_GCU:  MK-VLBA          U:            2.38 -+      0.668  E:           -2.21 -+      0.299  N:           -2.39 -+      0.354
STA_CRL:  MK-VLBA          C:   .619  -.476  -.321   .478   .327  -.239   .171   .297  -.100   .097  -.106  -.087   .259  -.573  -.015
STA_GCX:  MK-VLBA__061015  X:  -5464075145.77 -+      0.442  Y:  -2495248302.86 -+      0.349  Z:   2148297265.24 -+      0.376 Obs_used:       0 Obs_tot:       0 Ses_used:     0 Ses_tot:     0 Date_beg:            Date_end:           
STA_GCU:  MK-VLBA__061015  U:            4.96 -+      0.529  E:           -2.53 -+      0.266  N:           -1.53 -+      0.328
STA_CRL:  MK-VLBA__061015  C:   .545  -.396  -.223  -.267  -.224   .184  -.114  -.026   .087   .097   .081   .072   .069  -.573  -.015
STA_GCX:  MOJ 7288         X:  -2356494339.50 -+     13.676  Y:  -4646607499.62 -+     26.727  Z:   3668426501.83 -+     21.689 Obs_used:     540 Obs_tot:     540 Ses_used:     1 Ses_tot:     1 Date_beg: 1987.11.01 Date_end: 1987.11.01
STA_GCU:  MOJ 7288         U:         -100.18 -+     36.839  E:           51.38 -+      2.196  N:          -43.18 -+      3.129
STA_CRL:  MOJ 7288         C:   .984  -.975  -.983   .141   .079  -.114   .089   .140  -.144   .468  -.090  -.101   .194  -.539  -.676
STA_GCX:  MOJAVE12         X:  -2356171235.57 -+      2.062  Y:  -4646755727.04 -+      3.798  Z:   3668470505.47 -+      4.346 Obs_used:  247993 Obs_tot:  248119 Ses_used:   720 Ses_tot:   720 Date_beg: 1983.06.27 Date_end: 1992.08.31
STA_GCU:  MOJAVE12         U:          -56.23 -+      5.436  E:           -3.84 -+      1.601  N:          -11.05 -+      2.333
STA_CRL:  MOJAVE12         C:   .597  -.608  -.734   .903   .535  -.552   .569   .961  -.706   .470  -.570  -.687   .946  -.541  -.677
STA_GCX:  MOJAVE12_920627  X:  -2356171258.43 -+      2.280  Y:  -4646755731.30 -+      4.185  Z:   3668470497.40 -+      4.510 Obs_used:       0 Obs_tot:       0 Ses_used:     0 Ses_tot:     0 Date_beg:            Date_end:           
STA_GCU:  MOJAVE12_920627  U:          -49.37 -+      5.870  E:          -22.31 -+      1.746  N:          -25.80 -+      2.355
STA_CRL:  MOJAVE12_920627  C:   .606  -.616  -.747   .723   .426  -.475   .452   .772  -.605   .470  -.463  -.553   .821  -.541  -.677
STA_GCX:  MON PEAK         X:  -2386290042.01 -+     23.517  Y:  -4802345900.42 -+     47.573  Z:   3444884174.17 -+     34.198 Obs_used:    8100 Obs_tot:    8121 Ses_used:    37 Ses_tot:    37 Date_beg: 1982.10.16 Date_end: 1990.11.11
STA_GCU:  MON PEAK         U:          -49.03 -+     62.296  E:            9.24 -+      6.360  N:           14.04 -+      8.032
STA_CRL:  MON PEAK         C:   .955  -.929  -.960   .969   .925  -.899   .925   .970  -.930   .954  -.898  -.930   .968  -.929  -.960
STA_GCX:  NL-VLBA          X:   -130872453.85 -+      0.190  Y:  -4762317095.67 -+      0.271  Z:   4226851007.02 -+      0.249 Obs_used:  587843 Obs_tot:  601185 Ses_used:   261 Ses_tot:   261 Date_beg: 1992.08.28 Date_end: 2019.04.01
STA_GCU:  NL-VLBA          U:           -0.24 -+      0.293  E:            0.14 -+      0.192  N:            0.24 -+      0.221
STA_CRL:  NL-VLBA          C:  -.172  -.070  -.265   .233  -.050  -.010  -.080   .215   .081  -.112  -.008   .043   .123  -.031  -.058
STA_GCX:  NOBEY 6M         X:  -3871169482.50 -+    361.537  Y:   3428275343.91 -+    328.634  Z:   3723698590.66 -+    329.768 Obs_used:     606 Obs_tot:     606 Ses_used:     6 Ses_tot:     6 Date_beg: 1990.01.23 Date_end: 1991.07.09
STA_GCU:  NOBEY 6M         U:          431.32 -+    565.981  E:          -17.19 -+    110.021  N:          -78.43 -+    122.544
STA_CRL:  NOBEY 6M         C:  -.898  -.890   .862   .998  -.896  -.888  -.893   .998   .859  -.896  -.885   .859   .998  -.888   .860
STA_GCX:  NOME             X:  -2658151029.39 -+     57.353  Y:   -693822095.41 -+     23.890  Z:   5737236668.11 -+    109.606 Obs_used:    1708 Obs_tot:    1708 Ses_used:    10 Ses_tot:    10 Date_beg: 1984.07.14 Date_end: 1990.06.20
STA_GCU:  NOME             U:          204.37 -+    123.048  E:           -4.93 -+     15.582  N:          -21.99 -+     22.132
STA_CRL:  NOME             C:   .749  -.917  -.682   .958   .737  -.855   .724   .979  -.637   .765  -.875  -.664   .947  -.905  -.677
STA_GCX:  NOTO             X:   4934562896.76 -+      0.948  Y:   1321201490.20 -+      0.340  Z:   3806484690.93 -+      0.753 Obs_used:  140555 Obs_tot:  148956 Ses_used:   203 Ses_tot:   203 Date_beg: 1989.06.03 Date_end: 2018.08.01
STA_GCU:  NOTO             U:           10.56 -+      1.206  E:            0.57 -+      0.225  N:           -3.01 -+      0.279
STA_CRL:  NOTO             C:   .730   .886   .713   .260   .182   .203   .075   .175   .074  -.293   .116   .102   .174   .303   .144
STA_GCX:  NRAO 140         X:    882879697.14 -+      0.736  Y:  -4924482328.82 -+      2.019  Z:   3944130713.93 -+      1.640 Obs_used:    6921 Obs_tot:    6965 Ses_used:    15 Ses_tot:    15 Date_beg: 1979.08.03 Date_end: 1996.05.22
STA_GCU:  NRAO 140         U:            4.83 -+      2.456  E:           -5.18 -+      0.694  N:           -5.20 -+      0.891
STA_CRL:  NRAO 140         C:  -.328   .249  -.757   .595  -.178   .148  -.282   .825  -.690  -.163   .190  -.552   .705   .135  -.634
STA_GCX:  NRAO20           X:    883772560.14 -+      0.530  Y:  -4924385620.28 -+      1.390  Z:   3944042529.32 -+      1.182 Obs_used:  207596 Obs_tot:  210520 Ses_used:   327 Ses_tot:   327 Date_beg: 1995.02.07 Date_end: 2000.06.27
STA_GCU:  NRAO20           U:           17.42 -+      1.752  E:           -3.09 -+      0.495  N:           -7.03 -+      0.542
STA_CRL:  NRAO20           C:  -.341   .273  -.822   .623  -.195   .154  -.294   .891  -.723  -.163   .196  -.608   .750   .136  -.635
STA_GCX:  NRAO85 1         X:    883555363.96 -+      0.800  Y:  -4924490914.76 -+      2.364  Z:   3943962021.22 -+      1.944 Obs_used:     742 Obs_tot:     742 Ses_used:     2 Ses_tot:     2 Date_beg: 1992.10.30 Date_end: 1992.11.11
STA_GCU:  NRAO85 1         U:           28.57 -+      2.790  E:           -0.68 -+      0.738  N:           12.08 -+      1.295
STA_CRL:  NRAO85 1         C:  -.380   .196  -.632   .545  -.154   .127  -.260   .700  -.580  -.162   .176  -.473   .597   .135  -.634
STA_GCX:  NRAO85 3         X:    882325383.30 -+      0.683  Y:  -4925138021.27 -+      1.773  Z:   3943397716.22 -+      1.499 Obs_used:  166071 Obs_tot:  166344 Ses_used:   539 Ses_tot:   539 Date_beg: 1989.02.15 Date_end: 1996.08.20
STA_GCU:  NRAO85 3         U:           17.23 -+      2.222  E:           -3.91 -+      0.638  N:           -7.01 -+      0.717
STA_CRL:  NRAO85 3         C:  -.340   .274  -.806   .626  -.206   .166  -.305   .922  -.751  -.163   .209  -.629   .773   .135  -.634
STA_GCX:  NYALES20         X:   1202462568.63 -+      0.238  Y:    252734498.10 -+      0.220  Z:   6237766176.10 -+      0.232 Obs_used: 1862817 Obs_tot: 1906686 Ses_used:  2011 Ses_tot:  2011 Date_beg: 1994.10.04 Date_end: 2019.06.17
STA_GCU:  NYALES20         U:            1.28 -+      0.237  E:            1.92 -+      0.219  N:           -0.82 -+      0.235
STA_CRL:  NYALES20         C:   .049   .154  -.234   .242   .022   .018   .017   .235  -.051  -.182   .016  -.049   .089  -.044  -.508
STA_GCX:  OCOTILLO         X:  -2335604047.05 -+   1577.094  Y:  -4832249271.04 -+   3325.892  Z:   3434393484.65 -+   2856.680 Obs_used:     245 Obs_tot:     248 Ses_used:     2 Ses_tot:     2 Date_beg: 1984.03.03 Date_end: 1985.03.04
STA_GCU:  OCOTILLO         U:         5370.96 -+   4500.971  E:         -553.87 -+    547.097  N:        -2391.05 -+   1073.006
STA_CRL:  OCOTILLO         C:   .927  -.810  -.906   .000   .927  -.810   .926   .000  -.906   .927  -.808  -.905   .000  -.808  -.905
STA_GCX:  OHIGGINS         X:   1525833236.99 -+      1.679  Y:  -2432463660.96 -+      2.399  Z:  -5676174430.19 -+      5.504 Obs_used:   19309 Obs_tot:   20481 Ses_used:   138 Ses_tot:   138 Date_beg: 1993.01.25 Date_end: 2018.05.15
STA_GCU:  OHIGGINS         U:          -58.12 -+      6.121  E:           -2.38 -+      0.828  N:           -0.26 -+      0.844
STA_CRL:  OHIGGINS         C:  -.817  -.858   .926   .232  -.082  -.089  -.094   .173   .090  -.240  -.222   .194   .241  -.241   .357
STA_GCX:  ONSALA60         X:   3370605844.96 -+      0.250  Y:    711917676.62 -+      0.170  Z:   5349830872.66 -+      0.248 Obs_used:  896800 Obs_tot:  917494 Ses_used:  1011 Ses_tot:  1011 Date_beg: 1980.07.26 Date_end: 2019.05.20
STA_GCU:  ONSALA60         U:            4.62 -+      0.268  E:            1.75 -+      0.169  N:           -2.28 -+      0.229
STA_CRL:  ONSALA60         C:   .099   .197  -.112   .198   .024  -.051   .014   .156  -.037  -.455  -.040  -.042   .049  -.153  -.214
STA_GCX:  OV-VLBA          X:  -2409150347.62 -+      0.206  Y:  -4478573136.19 -+      0.286  Z:   3838617346.26 -+      0.272 Obs_used:  590335 Obs_tot:  602765 Ses_used:   253 Ses_tot:   253 Date_beg: 1992.08.28 Date_end: 2019.04.01
STA_GCU:  OV-VLBA          U:           -0.40 -+      0.303  E:           -1.81 -+      0.214  N:           -0.63 -+      0.246
STA_CRL:  OV-VLBA          C:   .105  -.169  -.162   .196  -.051   .031  -.058   .202   .067  -.351   .030   .043   .158  -.122  -.100
STA_GCX:  OVR 7853         X:  -2410421512.41 -+     12.710  Y:  -4477800205.93 -+     23.906  Z:   3838690188.54 -+     21.411 Obs_used:     564 Obs_tot:     564 Ses_used:     1 Ses_tot:     1 Date_beg: 1987.11.01 Date_end: 1987.11.01
STA_GCU:  OVR 7853         U:            0.28 -+     33.942  E:         -419.18 -+      3.943  N:         -171.60 -+      4.886
STA_CRL:  OVR 7853         C:   .939  -.921  -.956   .453   .388  -.368   .356   .492  -.423   .755  -.327  -.410   .491  -.712  -.825
STA_GCX:  OVRO 130         X:  -2409601057.92 -+      5.996  Y:  -4478349385.76 -+     12.168  Z:   3838603117.58 -+     10.926 Obs_used:   30528 Obs_tot:   30731 Ses_used:   127 Ses_tot:   127 Date_beg: 1979.08.03 Date_end: 1988.11.09
STA_GCU:  OVRO 130         U:          -70.37 -+     16.471  E:            8.17 -+      3.509  N:           -2.31 -+      4.449
STA_CRL:  OVRO 130         C:   .802  -.751  -.854   .949   .755  -.714   .751   .966  -.823   .755  -.688  -.799   .959  -.713  -.825
STA_GCX:  PARKES           X:  -4554232374.04 -+     10.480  Y:   2816758869.47 -+      6.513  Z:  -3454035158.92 -+      8.032 Obs_used:   21296 Obs_tot:   22000 Ses_used:    62 Ses_tot:    62 Date_beg: 1992.05.23 Date_end: 2016.08.09
STA_GCU:  PARKES           U:          -83.57 -+     14.704  E:            0.17 -+      0.431  N:           -5.28 -+      0.614
STA_CRL:  PARKES           C:  -.997   .996  -.994   .091  -.091   .091  -.086   .086  -.086  -.865   .091  -.092   .095   .864  -.774
STA_GCX:  PBLOSSOM         X:  -2464071232.52 -+     70.319  Y:  -4649425018.51 -+    130.415  Z:   3593905592.49 -+     97.172 Obs_used:    1517 Obs_tot:    1528 Ses_used:    10 Ses_tot:    10 Date_beg: 1983.02.21 Date_end: 1988.02.08
STA_GCU:  PBLOSSOM         U:          -69.71 -+    174.684  E:          -74.60 -+     16.863  N:         -160.20 -+     24.425
STA_CRL:  PBLOSSOM         C:   .963  -.941  -.953   .980   .947  -.923   .941   .980  -.932   .965  -.921  -.936   .978  -.945  -.956
STA_GCX:  PENTICTN         X:  -2058840706.95 -+      8.233  Y:  -3621286418.23 -+     36.212  Z:   4814420606.98 -+     45.913 Obs_used:    3422 Obs_tot:    3605 Ses_used:    21 Ses_tot:    21 Date_beg: 1984.08.24 Date_end: 2001.06.06
STA_GCU:  PENTICTN         U:          -58.01 -+     57.506  E:          -20.25 -+     12.513  N:          -10.78 -+      4.863
STA_CRL:  PENTICTN         C:   .839  -.839  -.994   .859   .660  -.659   .863   .948  -.940   .834  -.862  -.939   .945  -.838  -.990
STA_GCX:  PIETOWN          X:  -1640953897.56 -+      0.196  Y:  -5014816039.70 -+      0.281  Z:   3575411798.86 -+      0.261 Obs_used:  640663 Obs_tot:  655247 Ses_used:   302 Ses_tot:   302 Date_beg: 1988.09.08 Date_end: 2019.04.01
STA_GCU:  PIETOWN          U:           -1.35 -+      0.291  E:           -2.53 -+      0.207  N:           -2.89 -+      0.242
STA_CRL:  PIETOWN          C:  -.018  -.164  -.146   .161  -.049   .004  -.075   .151   .097  -.323   .008   .057   .117  -.117  -.205
STA_GCX:  PINFLATS         X:  -2369636412.76 -+     46.926  Y:  -4761324574.07 -+     90.608  Z:   3511116287.09 -+     68.559 Obs_used:    3539 Obs_tot:    3550 Ses_used:    20 Ses_tot:    20 Date_beg: 1983.10.31 Date_end: 1990.02.10
STA_GCU:  PINFLATS         U:           -4.85 -+    121.310  E:          -14.95 -+     13.072  N:            3.33 -+     15.007
STA_CRL:  PINFLATS         C:   .950  -.934  -.963   .984   .937  -.918   .932   .983  -.944   .951  -.917  -.948   .982  -.934  -.963
STA_GCX:  PLATTVIL         X:  -1240708380.47 -+     18.590  Y:  -4720454315.07 -+     56.088  Z:   4094481414.37 -+     47.475 Obs_used:    5110 Obs_tot:    5111 Ses_used:    23 Ses_tot:    23 Date_beg: 1983.06.07 Date_end: 1990.10.28
STA_GCU:  PLATTVIL         U:         -124.80 -+     74.497  E:           27.74 -+      8.656  N:          -27.62 -+     10.980
STA_CRL:  PLATTVIL         C:   .881  -.849  -.957   .984   .860  -.829   .869   .978  -.935   .882  -.837  -.934   .976  -.852  -.956
STA_GCX:  PRESIDIO         X:  -2707705198.54 -+     49.434  Y:  -4257608927.01 -+     77.600  Z:   3888374227.27 -+     68.856 Obs_used:    4124 Obs_tot:    4133 Ses_used:    21 Ses_tot:    21 Date_beg: 1983.08.25 Date_end: 1991.07.18
STA_GCU:  PRESIDIO         U:          -48.35 -+    113.210  E:          -21.52 -+     11.993  N:           42.92 -+     15.695
STA_CRL:  PRESIDIO         C:   .959  -.941  -.956   .989   .948  -.933   .949   .989  -.948   .960  -.930  -.943   .988  -.943  -.957
STA_GCX:  PRESIDIO_891001  X:  -2707705191.37 -+     42.475  Y:  -4257608926.74 -+     66.629  Z:   3888374213.56 -+     59.433 Obs_used:       0 Obs_tot:       0 Ses_used:     0 Ses_tot:     0 Date_beg:            Date_end:           
STA_GCU:  PRESIDIO_891001  U:          -59.98 -+     97.403  E:          -15.62 -+     10.358  N:           34.59 -+     13.460
STA_CRL:  PRESIDIO_891001  C:   .958  -.942  -.956   .980   .940  -.923   .940   .981  -.937   .960  -.923  -.937   .979  -.943  -.957
STA_GCX:  PT REYES         X:  -2732333615.51 -+     37.480  Y:  -4217634400.66 -+     56.793  Z:   3914491557.81 -+     53.007 Obs_used:    3350 Obs_tot:    3354 Ses_used:    19 Ses_tot:    19 Date_beg: 1983.08.27 Date_end: 1991.07.13
STA_GCU:  PT REYES         U:         -120.36 -+     84.938  E:            5.90 -+      9.583  N:            0.11 -+     11.558
STA_CRL:  PT REYES         C:   .953  -.941  -.957   .978   .930  -.919   .930   .977  -.934   .952  -.916  -.931   .976  -.939  -.955
STA_GCX:  PVERDES          X:  -2525453258.56 -+     77.868  Y:  -4670034840.83 -+    138.946  Z:   3522886852.69 -+    105.418 Obs_used:    1497 Obs_tot:    1501 Ses_used:     9 Ses_tot:     9 Date_beg: 1983.11.12 Date_end: 1990.02.05
STA_GCU:  PVERDES          U:         -180.15 -+    188.961  E:           -3.74 -+     17.689  N:          -17.13 -+     21.525
STA_CRL:  PVERDES          C:   .966  -.950  -.968   .980   .945  -.927   .946   .978  -.946   .966  -.929  -.946   .977  -.949  -.968
STA_GCX:  QUINCY           X:  -2517231243.65 -+     27.333  Y:  -4198595061.54 -+     44.714  Z:   4076531182.69 -+     41.994 Obs_used:    4791 Obs_tot:    4800 Ses_used:    22 Ses_tot:    22 Date_beg: 1982.10.21 Date_end: 1990.10.08
STA_GCU:  QUINCY           U:           51.15 -+     65.923  E:           25.10 -+      8.116  N:           27.19 -+      9.905
STA_CRL:  QUINCY           C:   .939  -.914  -.954   .975   .915  -.890   .915   .974  -.928   .940  -.889  -.927   .971  -.917  -.955
STA_GCX:  RAEGYEB          X:   4848831127.06 -+      0.772  Y:   -261629590.26 -+      0.212  Z:   4122976434.10 -+      0.699 Obs_used:   40140 Obs_tot:   41035 Ses_used:    35 Ses_tot:    35 Date_beg: 2015.02.16 Date_end: 2016.01.07
STA_GCU:  RAEGYEB          U:          -19.10 -+      1.006  E:          -53.21 -+      0.213  N:          -54.59 -+      0.265
STA_CRL:  RAEGYEB          C:  -.067   .869  -.069  -.297  -.023  -.309  -.007  -.160  -.010  -.258  -.197  -.024  -.215   .353   .030
STA_GCX:  RICHMOND         X:    961257933.98 -+      1.852  Y:  -5674090062.40 -+      4.658  Z:   2740533829.79 -+      2.879 Obs_used:  171966 Obs_tot:  173157 Ses_used:   753 Ses_tot:   753 Date_beg: 1984.01.04 Date_end: 1992.08.20
STA_GCU:  RICHMOND         U:            7.54 -+      5.347  E:            3.65 -+      1.658  N:          -17.15 -+      1.440
STA_CRL:  RICHMOND         C:  -.419   .296  -.838   .829  -.347   .243  -.415   .975  -.822  -.336   .256  -.723   .862   .238  -.769
STA_GCX:  ROBLED32         X:   4849245142.16 -+     50.705  Y:   -360277909.66 -+     11.056  Z:   4114884746.28 -+     34.678 Obs_used:      97 Obs_tot:     103 Ses_used:     1 Ses_tot:     1 Date_beg: 1983.05.05 Date_end: 1983.05.05
STA_GCU:  ROBLED32         U:           18.33 -+     60.595  E:           -0.82 -+      9.275  N:          -37.59 -+     11.751
STA_CRL:  ROBLED32         C:  -.599   .947  -.544   .073   .011   .093   .005   .070   .004  -.052   .056   .005   .096   .714   .037
STA_GCX:  SAGARA           X:  -3913435729.90 -+   4121.617  Y:   3501121969.79 -+   2431.272  Z:   3608591843.56 -+   3927.357 Obs_used:     463 Obs_tot:     539 Ses_used:     3 Ses_tot:     3 Date_beg: 1992.11.23 Date_end: 1993.02.28
STA_GCU:  SAGARA           U:        -2682.40 -+   4529.057  E:         -791.87 -+   2310.176  N:           56.83 -+   3531.809
STA_CRL:  SAGARA           C:  -.552   .070   .745   .000  -.552   .071  -.552   .000   .745  -.552   .071   .745   .000   .071   .745
STA_GCX:  SANPAULA         X:  -2554477392.20 -+     73.932  Y:  -4608627014.67 -+    131.335  Z:   3582138652.71 -+    100.122 Obs_used:    1519 Obs_tot:    1521 Ses_used:    10 Ses_tot:    10 Date_beg: 1983.08.31 Date_end: 1990.01.31
STA_GCU:  SANPAULA         U:         -116.63 -+    178.883  E:          -23.00 -+     16.834  N:          -46.56 -+     21.373
STA_CRL:  SANPAULA         C:   .966  -.956  -.963   .976   .943  -.932   .940   .976  -.937   .965  -.929  -.937   .973  -.955  -.961
STA_GCX:  SANTIA12         X:   1769693419.30 -+      8.585  Y:  -5044504629.01 -+     15.171  Z:  -3468434817.73 -+     11.522 Obs_used:   23631 Obs_tot:   23821 Ses_used:   125 Ses_tot:   125 Date_beg: 1991.11.20 Date_end: 1996.11.25
STA_GCU:  SANTIA12         U:            9.24 -+     18.898  E:            8.44 -+      6.059  N:           -6.78 -+      6.542
STA_CRL:  SANTIA12         C:  -.665  -.610   .741   .964  -.635  -.588  -.646   .983   .725  -.627  -.596   .723   .990  -.571   .703
STA_GCX:  SC-VLBA          X:   2607848616.95 -+      0.269  Y:  -5488069568.60 -+      0.469  Z:   1932739697.24 -+      0.271 Obs_used:  419900 Obs_tot:  432942 Ses_used:   237 Ses_tot:   237 Date_beg: 1993.06.25 Date_end: 2019.04.01
STA_GCU:  SC-VLBA          U:            6.40 -+      0.538  E:            0.26 -+      0.172  N:           -0.75 -+      0.215
STA_CRL:  SC-VLBA          C:  -.716   .299  -.587   .101  -.022  -.037  -.044   .082  -.026   .137  -.022  -.017   .102   .312  -.526
STA_GCX:  SEATTLE1         X:  -2295348033.05 -+    150.435  Y:  -3638029138.89 -+   1070.307  Z:   4693408147.59 -+   1065.629 Obs_used:     542 Obs_tot:     543 Ses_used:     3 Ses_tot:     3 Date_beg: 1986.08.27 Date_end: 1990.08.09
STA_GCU:  SEATTLE1         U:           90.61 -+   1444.135  E:           59.51 -+    465.702  N:          170.22 -+     36.715
STA_CRL:  SEATTLE1         C:   .863  -.876  -.998   .986   .877  -.887   .856   .999  -.997   .876  -.867  -.998   .999  -.887  -.999
STA_GCX:  SEJONG           X:  -3110079901.22 -+      1.743  Y:   4082066687.36 -+      2.090  Z:   3775076796.83 -+      1.983 Obs_used:  175942 Obs_tot:  182475 Ses_used:   196 Ses_tot:   196 Date_beg: 2014.09.29 Date_end: 2019.06.24
STA_GCU:  SEJONG           U:           45.07 -+      3.211  E:           44.42 -+      0.703  N:          -13.68 -+      0.734
STA_CRL:  SEJONG           C:  -.864  -.846   .874  -.903   .801   .773   .841  -.953  -.852  -.730   .729  -.764  -.832  -.685   .755
STA_GCX:  SESHAN25         X:  -2831687302.05 -+      0.319  Y:   4675733523.40 -+      0.403  Z:   3275327532.95 -+      0.429 Obs_used:  284945 Obs_tot:  292224 Ses_used:   392 Ses_tot:   392 Date_beg: 1988.04.09 Date_end: 2019.06.17
STA_GCU:  SESHAN25         U:            0.86 -+      0.489  E:           -0.86 -+      0.287  N:           -5.25 -+      0.355
STA_CRL:  SESHAN25         C:  -.312  -.392   .249   .029   .098   .030   .179  -.033  -.156   .446   .027  -.070   .059  -.087   .241
STA_GCX:  SEST             X:   1838235728.94 -+   3730.318  Y:  -5258694477.96 -+   6053.748  Z:  -3100593928.54 -+   3541.938 Obs_used:     353 Obs_tot:     353 Ses_used:     3 Ses_tot:     3 Date_beg: 1990.04.18 Date_end: 1990.05.24
STA_GCU:  SEST             U:        -2487.01 -+   6248.844  E:         1009.41 -+   3377.887  N:        -2008.59 -+   3556.725
STA_CRL:  SEST             C:  -.354  -.127   .335   .000  -.354  -.126  -.353   .000   .334  -.353  -.126   .335   .000  -.126   .334
STA_GCX:  SHANGHAI         X:  -2847696068.22 -+   9999.724  Y:   4659874402.37 -+   9999.342  Z:   3283960545.48 -+   9999.232 Obs_used:     138 Obs_tot:     168 Ses_used:     1 Ses_tot:     1 Date_beg: 1986.06.13 Date_end: 1986.06.13
STA_GCU:  SHANGHAI         U:         1227.22 -+   9999.809  E:        -3299.74 -+   9999.525  N:         1701.94 -+   9998.964
STA_CRL:  SHANGHAI         C:  -.000  -.000   .000   .000  -.000  -.000  -.000   .000   .000  -.000  -.000   .000   .000  -.000   .000
STA_GCX:  SINTOTU          X:  -3642142099.09 -+     76.434  Y:   2861496743.77 -+     66.476  Z:   4370361650.14 -+     73.694 Obs_used:     529 Obs_tot:     529 Ses_used:     3 Ses_tot:     3 Date_beg: 1990.07.26 Date_end: 1990.07.30
STA_GCU:  SINTOTU          U:          157.64 -+    113.686  E:         -252.12 -+     51.491  N:           68.37 -+     10.782
STA_CRL:  SINTOTU          C:  -.468  -.849   .858   .113  -.105  -.124  -.103   .117   .125  -.835  -.106   .109   .130  -.894   .899
STA_GCX:  SINTOTU3         X:  -3642142219.64 -+      3.210  Y:   2861496686.29 -+      2.596  Z:   4370361718.24 -+      3.780 Obs_used:   19740 Obs_tot:   20615 Ses_used:    94 Ses_tot:    94 Date_beg: 1995.11.21 Date_end: 2013.12.04
STA_GCU:  SINTOTU3         U:           -9.12 -+      5.530  E:            8.48 -+      0.647  N:           -4.80 -+      0.579
STA_CRL:  SINTOTU3         C:  -.949  -.970   .961   .132  -.113  -.110  -.096   .103   .084  -.835  -.102   .092   .105  -.895   .899
STA_GCX:  SNDPOINT         X:  -3425462289.05 -+     85.034  Y:  -1214669073.69 -+     50.235  Z:   5223858061.13 -+    127.785 Obs_used:    2437 Obs_tot:    2437 Ses_used:    13 Ses_tot:    13 Date_beg: 1984.07.14 Date_end: 1990.07.12
STA_GCU:  SNDPOINT         U:          256.93 -+    157.669  E:           25.71 -+     29.575  N:            1.33 -+     18.688
STA_CRL:  SNDPOINT         C:   .808  -.966  -.838   .978   .803  -.949   .789   .991  -.821   .810  -.941  -.829   .978  -.967  -.840
STA_GCX:  SOURDOGH         X:  -2419993972.83 -+     84.364  Y:  -1664228732.13 -+     64.279  Z:   5643537985.94 -+    194.597 Obs_used:    4156 Obs_tot:    4158 Ses_used:    16 Ses_tot:    16 Date_beg: 1984.07.31 Date_end: 1989.08.03
STA_GCU:  SOURDOGH         U:          105.41 -+    217.749  E:          -22.20 -+     32.365  N:           15.90 -+     25.592
STA_CRL:  SOURDOGH         C:   .798  -.921  -.903   .993   .790  -.913   .790   .993  -.895   .795  -.913  -.895   .992  -.919  -.901
STA_GCX:  SOURDOGH_871201  X:  -2419993954.12 -+     73.775  Y:  -1664228757.10 -+     56.264  Z:   5643538024.98 -+    169.934 Obs_used:       0 Obs_tot:       0 Ses_used:     0 Ses_tot:     0 Date_beg:            Date_end:           
STA_GCU:  SOURDOGH_871201  U:          139.51 -+    190.204  E:            8.97 -+     28.426  N:           34.96 -+     22.371
STA_CRL:  SOURDOGH_871201  C:   .797  -.920  -.902   .990   .787  -.911   .788   .992  -.894   .795  -.910  -.892   .990  -.919  -.901
STA_GCX:  SUWON            X:  -3062016075.33 -+   7295.734  Y:   4055460609.53 -+   8217.384  Z:   3841810812.36 -+   9952.717 Obs_used:     567 Obs_tot:     575 Ses_used:     3 Ses_tot:     3 Date_beg: 1995.10.24 Date_end: 1995.11.01
STA_GCU:  SUWON            U:          999.48 -+   9953.137  E:       -10824.07 -+   4597.137  N:          514.03 -+   9980.537
STA_CRL:  SUWON            C:  -.647  -.081  -.060   .000  -.647  -.081  -.647   .000  -.060  -.647  -.081  -.060   .000  -.081  -.060
STA_GCX:  SVETLOE          X:   2730173726.48 -+      0.296  Y:   1562442754.68 -+      0.210  Z:   5529969116.91 -+      0.415 Obs_used:  541809 Obs_tot:  566988 Ses_used:   580 Ses_tot:   580 Date_beg: 2003.03.06 Date_end: 2019.05.16
STA_GCU:  SVETLOE          U:            4.29 -+      0.456  E:            2.33 -+      0.188  N:           -3.71 -+      0.246
STA_CRL:  SVETLOE          C:   .363   .487   .258   .118   .006  -.068   .003   .134  -.066  -.357  -.075  -.085  -.046  -.006  -.256
STA_GCX:  SYOWA            X:   1766194197.64 -+      1.701  Y:   1460410913.24 -+      1.423  Z:  -5932273356.41 -+      5.274 Obs_used:   16862 Obs_tot:   17541 Ses_used:    80 Ses_tot:    80 Date_beg: 1999.11.08 Date_end: 2016.02.10
STA_GCU:  SYOWA            U:           13.13 -+      5.629  E:           -3.68 -+      0.746  N:           -3.23 -+      0.700
STA_CRL:  SYOWA            C:   .766  -.891  -.863   .061   .001  -.018   .020   .069  -.033   .139  -.053  -.047   .071  -.417  -.306
STA_GCX:  TATEYAMA         X:  -4000983199.32 -+     27.637  Y:   3375275908.32 -+     22.897  Z:   3632213287.74 -+     25.367 Obs_used:   22620 Obs_tot:   23645 Ses_used:    19 Ses_tot:    19 Date_beg: 1997.11.01 Date_end: 2001.06.11
STA_GCU:  TATEYAMA         U:          176.05 -+     43.570  E:          175.93 -+      4.300  N:           16.99 -+      3.839
STA_CRL:  TATEYAMA         C:  -.971  -.975   .978   .985  -.958  -.962  -.958   .986   .964  -.970  -.960   .963   .984  -.973   .977
STA_GCX:  TATEYAMA_000901  X:  -4000983196.31 -+     22.342  Y:   3375275869.93 -+     18.527  Z:   3632213308.54 -+     20.538 Obs_used:       0 Obs_tot:       0 Ses_used:     0 Ses_tot:     0 Date_beg:            Date_end:           
STA_GCU:  TATEYAMA_000901  U:          165.78 -+     35.287  E:          203.33 -+      3.257  N:           49.53 -+      2.909
STA_CRL:  TATEYAMA_000901  C:  -.974  -.978   .980   .974  -.948  -.951  -.949   .974   .954  -.970  -.951   .953   .973  -.973   .977
STA_GCX:  TIANMA65         X:  -2826708521.44 -+      6.869  Y:   4679237116.57 -+     10.497  Z:   3274667597.10 -+      7.635 Obs_used:   10184 Obs_tot:   10383 Ses_used:    18 Ses_tot:    18 Date_beg: 2014.05.27 Date_end: 2018.01.30
STA_GCU:  TIANMA65         U:           36.53 -+     14.058  E:         -136.78 -+      2.586  N:           58.66 -+      3.368
STA_CRL:  TIANMA65         C:  -.898  -.816   .858  -.880   .756   .666   .790  -.869  -.712  -.882   .707  -.723  -.869  -.782   .817
STA_GCX:  TIDBIN64         X:  -4460895164.25 -+      8.757  Y:   2682361529.56 -+      6.040  Z:  -3674747747.33 -+      8.139 Obs_used:    2664 Obs_tot:    2733 Ses_used:    14 Ses_tot:    14 Date_beg: 1988.08.20 Date_end: 2015.05.16
STA_GCU:  TIDBIN64         U:           53.36 -+     12.607  E:            4.83 -+      2.366  N:           -9.09 -+      3.857
STA_CRL:  TIDBIN64         C:  -.890   .814  -.765   .033  -.033   .035  -.017   .002  -.021  -.192   .016  -.017   .020  -.151   .326
STA_GCX:  TIGOCONC         X:   1492054420.00 -+      0.401  Y:  -4887961014.73 -+      0.925  Z:  -3803541242.27 -+      0.745 Obs_used:  247961 Obs_tot:  258705 Ses_used:  1243 Ses_tot:  1243 Date_beg: 2002.05.13 Date_end: 2014.05.29
STA_GCU:  TIGOCONC         U:            4.45 -+      1.184  E:           -0.14 -+      0.287  N:            0.50 -+      0.298
STA_CRL:  TIGOCONC         C:  -.666  -.658   .865   .117  -.058  -.068  -.119   .156   .138  -.188  -.177   .176   .216   .098  -.117
STA_GCX:  TIGOWTZL         X:   4075572471.36 -+      5.273  Y:    931755343.99 -+      1.310  Z:   4801584486.57 -+      6.148 Obs_used:    9930 Obs_tot:   10294 Ses_used:    21 Ses_tot:    21 Date_beg: 1997.12.08 Date_end: 2000.12.18
STA_GCU:  TIGOWTZL         U:            0.71 -+      8.159  E:            1.42 -+      0.612  N:           -3.01 -+      0.616
STA_CRL:  TIGOWTZL         C:   .879   .988   .880   .012   .004  -.002   .001   .023  -.001  -.541  -.001  -.004   .004  -.101  -.092
STA_GCX:  TITIJIMA         X:  -4489356531.89 -+   1932.125  Y:   3482990356.48 -+   2162.576  Z:   2887931837.40 -+   1210.870 Obs_used:     357 Obs_tot:     385 Ses_used:     4 Ses_tot:     4 Date_beg: 1987.11.18 Date_end: 1989.12.05
STA_GCU:  TITIJIMA         U:          592.02 -+   2236.001  E:           43.83 -+   2176.022  N:          340.06 -+    375.870
STA_CRL:  TITIJIMA         C:   .102  -.890   .345   .998   .102  -.889   .102   .999   .344   .101  -.888   .344   .998  -.890   .345
STA_GCX:  TOMAKO11         X:  -3680586333.60 -+    424.322  Y:   2917515924.91 -+    324.986  Z:   4300987855.52 -+    406.843 Obs_used:    1114 Obs_tot:    1174 Ses_used:     2 Ses_tot:     2 Date_beg: 2003.05.21 Date_end: 2003.07.16
STA_GCU:  TOMAKO11         U:           15.93 -+    642.470  E:         -113.63 -+    144.260  N:          150.60 -+    132.697
STA_CRL:  TOMAKO11         C:  -.846  -.899   .884   .000  -.844  -.898  -.847   .000   .884  -.845  -.899   .882   .000  -.899   .883
STA_GCX:  TOULOUSE         X:   4627949192.64 -+   9692.954  Y:    119848183.18 -+   9506.789  Z:   4372864788.67 -+   9686.015 Obs_used:     275 Obs_tot:     275 Ses_used:     3 Ses_tot:     3 Date_beg: 1992.05.10 Date_end: 1992.05.12
STA_GCU:  TOULOUSE         U:          718.18 -+   9988.063  E:         4280.54 -+   9501.953  N:         1535.57 -+   9386.307
STA_CRL:  TOULOUSE         C:   .020   .062  -.013   .000   .020   .063   .020   .000  -.013   .020   .062  -.013   .000   .062  -.013
STA_GCX:  TROMSONO         X:   2102903742.70 -+     48.101  Y:    721602866.04 -+     30.408  Z:   5958201302.74 -+    115.714 Obs_used:    1558 Obs_tot:    1558 Ses_used:     8 Ses_tot:     8 Date_beg: 1989.07.30 Date_end: 1992.08.29
STA_GCU:  TROMSONO         U:         -151.19 -+    124.809  E:           23.55 -+     25.819  N:          -15.83 -+     19.605
STA_CRL:  TROMSONO         C:   .450   .913   .486   .983   .442   .873   .408   .993   .434   .416   .903   .487   .978   .900   .453
STA_GCX:  TRYSILNO         X:   2988029098.17 -+     85.450  Y:    655957198.04 -+     28.825  Z:   5578669493.37 -+    155.942 Obs_used:    3049 Obs_tot:    3049 Ses_used:    15 Ses_tot:    15 Date_beg: 1991.11.08 Date_end: 1993.03.22
STA_GCU:  TRYSILNO         U:          164.92 -+    177.051  E:          -18.61 -+     22.740  N:          -28.13 -+     24.219
STA_CRL:  TRYSILNO         C:   .593   .947   .608   .995   .589   .942   .584   .997   .599   .586   .941   .604   .995   .946   .602
STA_GCX:  TSUKU3           X:  -3957184474.80 -+     32.879  Y:   3310224841.75 -+     27.676  Z:   3737709018.55 -+     31.957 Obs_used:     250 Obs_tot:     258 Ses_used:     1 Ses_tot:     1 Date_beg: 2001.06.14 Date_end: 2001.06.14
STA_GCU:  TSUKU3           U:          -56.83 -+     53.294  E:           -1.17 -+      3.175  N:           -6.13 -+      4.232
STA_CRL:  TSUKU3           C:  -.989  -.985   .983   .001   .000   .000   .000   .003  -.001   .638   .000  -.000   .002  -.057   .079
STA_GCX:  TSUKUB32         X:  -3957408805.64 -+      0.289  Y:   3310229473.97 -+      0.297  Z:   3737494742.84 -+      0.404 Obs_used:  999783 Obs_tot: 1035960 Ses_used:   985 Ses_tot:   985 Date_beg: 1998.06.25 Date_end: 2016.12.27
STA_GCU:  TSUKUB32         U:            1.21 -+      0.371  E:           -1.99 -+      0.288  N:           -4.79 -+      0.339
STA_CRL:  TSUKUB32         C:  -.043  -.260   .005   .096   .064   .026   .079   .186  -.075   .645   .022  -.045   .100  -.057   .079
STA_GCX:  TSUKUBA          X:  -3957172968.23 -+     12.029  Y:   3310238051.39 -+     10.078  Z:   3737708885.80 -+     11.852 Obs_used:    1187 Obs_tot:    1279 Ses_used:    11 Ses_tot:    11 Date_beg: 1984.07.18 Date_end: 1991.07.31
STA_GCU:  TSUKUBA          U:           -4.01 -+     19.307  E:            4.06 -+      1.727  N:            6.39 -+      3.313
STA_CRL:  TSUKUBA          C:  -.975  -.949   .909   .010  -.003  -.004  -.002   .014   .001   .638  -.002   .001   .009  -.057   .079
STA_GCX:  UCHINOUR         X:  -3586229371.87 -+      5.381  Y:   4114103719.28 -+      6.066  Z:   3290224678.08 -+      5.138 Obs_used:    3421 Obs_tot:    3676 Ses_used:     3 Ses_tot:     3 Date_beg: 2008.01.20 Date_end: 2012.02.14
STA_GCU:  UCHINOUR         U:            6.99 -+      9.483  E:           -0.36 -+      0.970  N:           -6.49 -+      1.130
STA_CRL:  UCHINOUR         C:  -.971  -.956   .962  -.124   .072   .041   .057  -.042   .000  -.837   .078  -.055  -.083  -.757   .789
STA_GCX:  URUMQI           X:    228310312.33 -+      0.304  Y:   4631922815.70 -+      0.711  Z:   4367064089.21 -+      0.729 Obs_used:  107513 Obs_tot:  116270 Ses_used:   167 Ses_tot:   167 Date_beg: 1994.03.16 Date_end: 2019.04.16
STA_GCU:  URUMQI           U:           73.01 -+      0.954  E:           -0.54 -+      0.302  N:           -5.54 -+      0.358
STA_CRL:  URUMQI           C:   .089  -.040   .758   .059  -.002  -.027   .049  -.240  -.263  -.002  -.014  -.164  -.119  -.006   .287
STA_GCX:  USSURISK         X:  -3059725005.27 -+   9999.948  Y:   3427256802.53 -+   9999.969  Z:   4409485544.32 -+   9999.973 Obs_used:      57 Obs_tot:      59 Ses_used:     1 Ses_tot:     1 Date_beg: 1992.03.12 Date_end: 1992.03.12
STA_GCU:  USSURISK         U:           12.51 -+   9999.992  E:          -23.30 -+   9999.935  N:           24.51 -+   9999.962
STA_CRL:  USSURISK         C:  -.000  -.000   .000   .998   .000   .000  -.000   .998  -.000  -.004  -.000  -.000   .997  -.005   .005
STA_GCX:  USUDA64          X:  -3855355403.20 -+      6.233  Y:   3427427559.79 -+      5.614  Z:   3740971148.41 -+      5.965 Obs_used:    3316 Obs_tot:    4148 Ses_used:     8 Ses_tot:     8 Date_beg: 1990.07.30 Date_end: 2015.01.09
STA_GCU:  USUDA64          U:          -11.32 -+     10.114  E:          -10.01 -+      1.158  N:           -6.08 -+      1.521
STA_CRL:  USUDA64          C:  -.962  -.944   .940   .537  -.498  -.452  -.512   .541   .453  -.930  -.461   .451   .519  -.854   .834
STA_GCX:  USUDA64__110311  X:  -3855355564.34 -+      7.261  Y:   3427427396.06 -+      6.439  Z:   3740971215.38 -+      6.969 Obs_used:       0 Obs_tot:       0 Ses_used:     0 Ses_tot:     0 Date_beg:            Date_end:           
STA_GCU:  USUDA64__110311  U:           37.58 -+     11.618  E:          219.42 -+      1.686  N:           41.14 -+      2.218
STA_CRL:  USUDA64__110311  C:  -.939  -.918   .897  -.558   .523   .475   .513  -.558  -.456  -.930   .505  -.492  -.591  -.854   .834
STA_GCX:  VERAISGK         X:  -3263994962.94 -+      2.927  Y:   4808056348.49 -+      3.978  Z:   2619949024.21 -+      2.439 Obs_used:   31790 Obs_tot:   35618 Ses_used:    55 Ses_tot:    55 Date_beg: 2006.02.16 Date_end: 2015.02.17
STA_GCU:  VERAISGK         U:          -20.03 -+      5.425  E:            0.65 -+      0.646  N:           -2.76 -+      0.700
STA_CRL:  VERAISGK         C:  -.965  -.923   .952  -.270   .194   .219   .224  -.178  -.236  -.894   .219  -.201  -.268  -.782   .888
STA_GCX:  VERAMZSW         X:  -3857241843.49 -+      1.094  Y:   3108784899.32 -+      0.934  Z:   4003900572.42 -+      1.141 Obs_used:   59933 Obs_tot:   64918 Ses_used:   106 Ses_tot:   106 Date_beg: 2003.05.21 Date_end: 2019.02.12
STA_GCU:  VERAMZSW         U:           48.29 -+      1.752  E:           -9.95 -+      0.372  N:           -5.22 -+      0.403
STA_CRL:  VERAMZSW         C:  -.863  -.882   .841  -.383   .381   .391   .386  -.358  -.398  -.634   .387  -.386  -.366  -.651   .648
STA_GCX:  VERNAL           X:  -1631473599.48 -+     45.709  Y:  -4589129193.63 -+    116.409  Z:   4106759875.13 -+     98.821 Obs_used:    1595 Obs_tot:    1595 Ses_used:     8 Ses_tot:     8 Date_beg: 1986.03.30 Date_end: 1990.10.22
STA_GCU:  VERNAL           U:           17.96 -+    156.634  E:           15.97 -+     17.353  N:          -59.67 -+     23.889
STA_CRL:  VERNAL           C:   .915  -.896  -.953   .990   .903  -.886   .906   .989  -.943   .915  -.884  -.938   .988  -.895  -.952
STA_GCX:  VICTORIA         X:  -2341314400.53 -+   9368.997  Y:  -3539078123.63 -+   9597.991  Z:   4745770859.64 -+   9667.374 Obs_used:     521 Obs_tot:     521 Ses_used:     3 Ses_tot:     3 Date_beg: 1990.08.01 Date_end: 1990.08.03
STA_GCU:  VICTORIA         U:          201.54 -+   9986.350  E:        -5420.35 -+   9366.704  N:         3645.66 -+   9267.973
STA_CRL:  VICTORIA         C:   .016  -.054  -.054   .000   .016  -.054   .017   .000  -.054   .017  -.054  -.054   .000  -.054  -.054
STA_GCX:  VLA-N8           X:  -1601147918.59 -+      8.342  Y:  -5041733480.29 -+     23.345  Z:   3555235651.08 -+     15.957 Obs_used:     147 Obs_tot:     155 Ses_used:     1 Ses_tot:     1 Date_beg: 1996.02.09 Date_end: 1996.02.09
STA_GCU:  VLA-N8           U:          -36.15 -+     29.244  E:         -187.87 -+      2.690  N:         -115.51 -+      2.602
STA_CRL:  VLA-N8           C:   .943  -.933  -.982   .008  -.001  -.001  -.001   .005   .000  -.311  -.000   .000   .005  -.114  -.199
STA_GCX:  VNDNBERG         X:  -2678095327.13 -+      8.151  Y:  -4525450140.21 -+     12.950  Z:   3597410574.12 -+     11.419 Obs_used:   45883 Obs_tot:   45935 Ses_used:   178 Ses_tot:   178 Date_beg: 1983.08.22 Date_end: 1991.07.28
STA_GCU:  VNDNBERG         U:          -91.02 -+     18.342  E:           -9.72 -+      3.264  N:          -13.66 -+      4.178
STA_CRL:  VNDNBERG         C:   .887  -.851  -.885   .978   .863  -.832   .868   .980  -.869   .868  -.823  -.854   .975  -.835  -.870
STA_GCX:  WARK12M          X:  -5115324367.93 -+      1.435  Y:    477843302.62 -+      0.564  Z:  -3767192943.34 -+      1.155 Obs_used:  331602 Obs_tot:  336220 Ses_used:   461 Ses_tot:   461 Date_beg: 2011.02.28 Date_end: 2019.03.27
STA_GCU:  WARK12M          U:           18.82 -+      1.748  E:           -0.23 -+      0.513  N:           -0.21 -+      0.627
STA_CRL:  WARK12M          C:  -.464   .758  -.366  -.752   .373  -.625   .201  -.355   .178  -.200  -.632   .333  -.700   .283   .085
STA_GCX:  WESTFORD         X:   1492206386.27 -+      0.205  Y:  -4458130529.11 -+      0.251  Z:   4296015588.53 -+      0.255 Obs_used: 1316242 Obs_tot: 1342010 Ses_used:  2276 Ses_tot:  2276 Date_beg: 1981.05.13 Date_end: 2014.09.02
STA_GCU:  WESTFORD         U:            2.57 -+      0.306  E:           -0.41 -+      0.178  N:           -0.28 -+      0.212
STA_CRL:  WESTFORD         C:  -.399   .101  -.369   .250  -.062  -.022  -.081   .199   .024   .147  -.018   .012   .130  -.013  -.022
STA_GCX:  WETTZ13N         X:   4075627712.39 -+      0.269  Y:    931774216.70 -+      0.174  Z:   4801552331.43 -+      0.266 Obs_used:  270817 Obs_tot:  276475 Ses_used:   260 Ses_tot:   260 Date_beg: 2015.06.09 Date_end: 2019.05.07
STA_GCU:  WETTZ13N         U:           -1.16 -+      0.291  E:          -74.03 -+      0.173  N:          -71.38 -+      0.242
STA_CRL:  WETTZ13N         C:   .110   .196  -.030   .122   .018  -.074   .009   .052  -.030  -.542  -.049  -.035   .015  -.101  -.092
STA_GCX:  WETTZELL         X:   4075539678.09 -+      0.225  Y:    931735485.36 -+      0.148  Z:   4801629496.53 -+      0.199 Obs_used: 2562737 Obs_tot: 2624647 Ses_used:  3752 Ses_tot:  3752 Date_beg: 1983.07.27 Date_end: 2019.06.17
STA_GCU:  WETTZELL         U:            3.99 -+      0.196  E:            1.17 -+      0.150  N:           -3.81 -+      0.226
STA_CRL:  WETTZELL         C:   .053  -.100  -.204   .203   .026  -.079   .013   .121  -.037  -.551  -.047  -.038   .067  -.102  -.094
STA_GCX:  WHTHORSE         X:  -2215211991.02 -+    203.727  Y:  -2209259790.51 -+    189.144  Z:   5540289332.08 -+    452.274 Obs_used:    1950 Obs_tot:    1950 Ses_used:     9 Ses_tot:     9 Date_beg: 1984.08.07 Date_end: 1989.08.10
STA_GCU:  WHTHORSE         U:        -1751.69 -+    521.898  E:          130.95 -+     67.066  N:          404.41 -+     70.407
STA_CRL:  WHTHORSE         C:   .886  -.917  -.937   .996   .882  -.914   .881   .996  -.932   .885  -.912  -.932   .996  -.917  -.936
STA_GCX:  WHTHORSE_871201  X:  -2215212205.71 -+    181.353  Y:  -2209260000.89 -+    168.738  Z:   5540289665.26 -+    403.160 Obs_used:       0 Obs_tot:       0 Ses_used:     0 Ses_tot:     0 Date_beg:            Date_end:           
STA_GCU:  WHTHORSE_871201  U:        -1314.06 -+    465.283  E:          128.30 -+     59.576  N:          305.26 -+     62.148
STA_CRL:  WHTHORSE_871201  C:   .886  -.919  -.937   .997   .882  -.915   .882   .996  -.933   .885  -.914  -.932   .996  -.917  -.936
STA_GCX:  YAKATAGA         X:  -2529744478.56 -+     96.448  Y:  -1942091073.45 -+     78.352  Z:   5505029134.13 -+    199.742 Obs_used:    3542 Obs_tot:    3542 Ses_used:    16 Ses_tot:    16 Date_beg: 1984.07.31 Date_end: 1990.06.10
STA_GCU:  YAKATAGA         U:          513.30 -+    230.535  E:          218.21 -+     35.509  N:          251.10 -+     30.516
STA_CRL:  YAKATAGA         C:   .829  -.910  -.925   .990   .816  -.899   .814   .991  -.915   .818  -.897  -.915   .990  -.905  -.924
STA_GCX:  YAKATAGA_871201  X:  -2529744535.62 -+     85.761  Y:  -1942091014.19 -+     69.782  Z:   5505028963.46 -+    177.677 Obs_used:       0 Obs_tot:       0 Ses_used:     0 Ses_tot:     0 Date_beg:            Date_end:           
STA_GCU:  YAKATAGA_871201  U:          369.94 -+    204.977  E:          136.45 -+     32.326  N:          158.02 -+     27.079
STA_CRL:  YAKATAGA_871201  C:   .821  -.907  -.925   .990   .810  -.897   .810   .991  -.915   .818  -.895  -.914   .989  -.905  -.924
STA_GCX:  YARRA12M         X:  -2388895994.74 -+      0.567  Y:   5043349964.90 -+      0.774  Z:  -3078591016.56 -+      0.649 Obs_used:  711833 Obs_tot:  725262 Ses_used:   883 Ses_tot:   883 Date_beg: 2011.05.26 Date_end: 2019.06.24
STA_GCU:  YARRA12M         U:           26.37 -+      0.956  E:            8.28 -+      0.403  N:           -7.73 -+      0.515
STA_CRL:  YARRA12M         C:  -.617   .266  -.518  -.309   .274  -.227   .358  -.525   .341  -.155  -.257   .299  -.297  -.169   .434
STA_GCX:  YEBES            X:   4848780168.05 -+      3.900  Y:   -261701824.20 -+      0.504  Z:   4123035902.85 -+      3.403 Obs_used:   18088 Obs_tot:   18758 Ses_used:    36 Ses_tot:    36 Date_beg: 1995.06.08 Date_end: 2003.07.15
STA_GCU:  YEBES            U:          -60.29 -+      5.152  E:            2.42 -+      0.474  N:           -2.59 -+      0.529
STA_CRL:  YEBES            C:  -.345   .979  -.342   .117   .025   .094   .003   .169   .002  -.258   .059   .011   .084   .353   .030
STA_GCX:  YEBES40M         X:   4848761843.95 -+      0.449  Y:   -261484245.65 -+      0.173  Z:   4123084996.27 -+      0.406 Obs_used:  366069 Obs_tot:  384180 Ses_used:   306 Ses_tot:   306 Date_beg: 2008.09.11 Date_end: 2019.06.20
STA_GCU:  YEBES40M         U:           22.39 -+      0.556  E:            0.37 -+      0.174  N:           -2.99 -+      0.237
STA_CRL:  YEBES40M         C:  -.052   .689  -.064  -.506  -.011  -.546  -.006  -.130  -.010  -.261  -.345  -.018  -.354   .356   .031
STA_GCX:  YELLOWKN         X:  -1224124906.83 -+     17.329  Y:  -2689530740.62 -+     37.951  Z:   5633555344.22 -+     79.032 Obs_used:     832 Obs_tot:     836 Ses_used:     2 Ses_tot:     2 Date_beg: 1984.08.24 Date_end: 1985.09.04
STA_GCU:  YELLOWKN         U:          -27.55 -+     89.285  E:            5.04 -+      2.297  N:            3.57 -+      3.107
STA_CRL:  YELLOWKN         C:   .989  -.990  -.996   .092   .029  -.026   .046   .063  -.040   .340  -.051  -.050   .058  -.378  -.646
STA_GCX:  YLOW7296         X:  -1224399840.20 -+      1.091  Y:  -2689273320.03 -+      1.884  Z:   5633620277.24 -+      3.561 Obs_used:   27417 Obs_tot:   28192 Ses_used:    94 Ses_tot:    94 Date_beg: 1991.06.30 Date_end: 2006.08.02
STA_GCU:  YLOW7296         U:            6.81 -+      4.010  E:           -1.16 -+      0.790  N:            0.44 -+      0.849
STA_CRL:  YLOW7296         C:   .627  -.651  -.872   .707   .285  -.279   .367   .667  -.478   .344  -.406  -.539   .661  -.381  -.649
STA_GCX:  YUMA             X:  -2196778261.81 -+     45.896  Y:  -4887337306.83 -+    101.060  Z:   3448425234.28 -+     70.927 Obs_used:    4581 Obs_tot:    4584 Ses_used:    20 Ses_tot:    20 Date_beg: 1983.11.05 Date_end: 1988.10.21
STA_GCU:  YUMA             U:           77.06 -+    129.744  E:           -4.63 -+     13.094  N:          -31.73 -+     18.585
STA_CRL:  YUMA             C:   .951  -.921  -.950   .990   .942  -.914   .942   .991  -.942   .953  -.912  -.940   .990  -.925  -.952
STA_GCX:  ZELENCHK         X:   3451207597.62 -+      0.622  Y:   3060375372.35 -+      0.520  Z:   4391915016.87 -+      0.785 Obs_used:  514426 Obs_tot:  535924 Ses_used:   531 Ses_tot:   531 Date_beg: 2005.12.22 Date_end: 2019.06.20
STA_GCU:  ZELENCHK         U:           17.31 -+      1.052  E:            1.45 -+      0.254  N:           -4.31 -+      0.322
STA_CRL:  ZELENCHK         C:   .801   .787   .792   .119   .063   .041   .070   .115   .046  -.206   .039   .039   .087   .176   .171
STA_GCX:  ZELENCHK_070701  X:   3451207606.77 -+      0.429  Y:   3060375377.15 -+      0.350  Z:   4391915022.15 -+      0.523 Obs_used:       0 Obs_tot:       0 Ses_used:     0 Ses_tot:     0 Date_beg:            Date_end:           
STA_GCU:  ZELENCHK_070701  U:           28.21 -+      0.688  E:           -1.04 -+      0.188  N:           -7.44 -+      0.268
STA_CRL:  ZELENCHK_070701  C:   .767   .677   .718  -.132  -.174  -.226  -.193  -.206  -.258  -.206  -.194  -.202  -.175   .176   .171
