# GETPAR_STA format version 1.0  of 2001.05.25
# opa2019a.spl
STA_GCX:  AGGO             X:   2765116662.29 -+     66.163  Y:  -4449233665.75 -+     81.651  Z:  -3626420645.72 -+     68.123 Obs_used:    4509 Obs_tot:    4617 Ses_used:    16 Ses_tot:    16 Date_beg: 2018.07.02 Date_end: 2019.06.24
STA_GCU:  AGGO             U:          -16.82 -+    116.314  E:           44.26 -+     33.828  N:         -125.96 -+     31.811
STA_CRL:  AGGO             C:  -.799  -.742   .833  -.999   .799   .747   .799  -.998  -.836  -.802   .741  -.829  -.998  -.748   .836
STA_GCX:  AIRA             X:  -3530219644.68 -+      1.228  Y:   4118797501.99 -+      1.293  Z:   3344015635.40 -+      1.174 Obs_used:  101043 Obs_tot:  108904 Ses_used:   181 Ses_tot:   181 Date_beg: 1997.07.17 Date_end: 2015.03.21
STA_GCU:  AIRA             U:            3.86 -+      2.058  E:           -1.21 -+      0.358  N:           -4.28 -+      0.444
STA_CRL:  AIRA             C:  -.924  -.871   .885  -.462   .408   .372   .461  -.402  -.419  -.825   .365  -.363  -.373  -.700   .795
STA_GCX:  ALGOPARK         X:    918034534.99 -+      0.260  Y:  -4346132316.84 -+      0.549  Z:   4561971216.20 -+      0.585 Obs_used:  334887 Obs_tot:  341510 Ses_used:   746 Ses_tot:   746 Date_beg: 1984.08.24 Date_end: 2006.08.03
STA_GCU:  ALGOPARK         U:            2.11 -+      0.770  E:           -0.39 -+      0.228  N:           -0.46 -+      0.259
STA_CRL:  ALGOPARK         C:  -.438   .340  -.800   .360  -.109   .075  -.200   .477  -.344  -.070   .113  -.277   .390   .041  -.297
STA_GCX:  AUSTINTX         X:   -737794278.56 -+   9934.070  Y:  -5459892554.93 -+   9992.300  Z:   3202989662.10 -+   9984.790 Obs_used:     226 Obs_tot:     230 Ses_used:     1 Ses_tot:     1 Date_beg: 1987.07.11 Date_end: 1987.07.11
STA_GCU:  AUSTINTX         U:         -121.04 -+   9998.741  E:         -501.58 -+   9933.193  N:         -894.23 -+   9979.212
STA_CRL:  AUSTINTX         C:   .001  -.001  -.002   .000   .001  -.001   .001   .000  -.002   .001  -.001  -.002   .000  -.001  -.002
STA_GCX:  AZORES           X:   4552169516.40 -+   7914.602  Y:  -2186665847.88 -+   5798.573  Z:   3882780834.18 -+   7390.995 Obs_used:     803 Obs_tot:     803 Ses_used:     5 Ses_tot:     5 Date_beg: 1992.05.29 Date_end: 1992.06.03
STA_GCU:  AZORES           U:        -2542.55 -+   9649.840  E:        -3395.55 -+   5049.296  N:         3110.14 -+   5681.231
STA_CRL:  AZORES           C:  -.379   .446  -.315   .000  -.379   .446  -.379   .000  -.315  -.379   .446  -.315   .000   .446  -.315
STA_GCX:  BADARY           X:   -838200986.93 -+      0.279  Y:   3865751562.50 -+      0.478  Z:   4987670891.28 -+      0.641 Obs_used:  407980 Obs_tot:  421818 Ses_used:   425 Ses_tot:   425 Date_beg: 2007.03.01 Date_end: 2019.06.20
STA_GCU:  BADARY           U:          -10.86 -+      0.731  E:           -0.51 -+      0.283  N:           -5.15 -+      0.322
STA_CRL:  BADARY           C:  -.086  -.229   .635   .046   .071   .040   .158  -.320  -.426   .149   .060  -.272  -.240   .021   .102
STA_GCX:  BERMUDA          X:   2307204098.44 -+   6707.898  Y:  -4874226464.29 -+   8747.702  Z:   3394338408.14 -+   7710.066 Obs_used:     718 Obs_tot:     730 Ses_used:     4 Ses_tot:     4 Date_beg: 1987.08.02 Date_end: 1987.08.08
STA_GCU:  BERMUDA          U:        16684.79 -+   9883.608  E:       -13322.43 -+   6278.674  N:        11575.27 -+   6622.376
STA_CRL:  BERMUDA          C:  -.250   .049  -.383   .000  -.250   .049  -.250   .000  -.383  -.250   .048  -.383   .000   .049  -.383
STA_GCX:  BLKBUTTE         X:  -2306307292.47 -+     71.803  Y:  -4787914382.22 -+    146.013  Z:   3515736294.02 -+    103.809 Obs_used:    2178 Obs_tot:    2179 Ses_used:    12 Ses_tot:    12 Date_beg: 1983.11.08 Date_end: 1988.10.26
STA_GCU:  BLKBUTTE         U:           57.27 -+    190.617  E:           15.76 -+     17.403  N:           29.16 -+     24.778
STA_CRL:  BLKBUTTE         C:   .963  -.946  -.958   .989   .950  -.936   .954   .989  -.949   .963  -.933  -.943   .987  -.946  -.958
STA_GCX:  BLOOMIND         X:    302384600.50 -+   9998.900  Y:  -4941698995.43 -+   9998.937  Z:   4007908519.56 -+   9998.334 Obs_used:      72 Obs_tot:      73 Ses_used:     1 Ses_tot:     1 Date_beg: 1987.08.19 Date_end: 1987.08.19
STA_GCU:  BLOOMIND         U:          -23.56 -+   9999.638  E:           75.62 -+   9998.909  N:           74.10 -+   9997.623
STA_CRL:  BLOOMIND         C:   .000  -.000  -.000   .000   .000  -.000   .000   .000  -.000   .000  -.000  -.000   .000  -.000  -.000
STA_GCX:  BR-VLBA          X:  -2112065162.97 -+      0.214  Y:  -3705356504.87 -+      0.287  Z:   4726813693.97 -+      0.290 Obs_used:  585090 Obs_tot:  597040 Ses_used:   260 Ses_tot:   260 Date_beg: 1993.04.21 Date_end: 2019.04.01
STA_GCU:  BR-VLBA          U:           -5.90 -+      0.318  E:           -0.65 -+      0.225  N:           -0.96 -+      0.245
STA_CRL:  BR-VLBA          C:   .077  -.096  -.241   .257  -.043   .061  -.044   .245   .040  -.243   .057   .030   .158   .073   .014
STA_GCX:  BREST            X:   4228868079.96 -+   9440.258  Y:   -333120232.06 -+   8516.890  Z:   4747193311.94 -+   9369.293 Obs_used:     354 Obs_tot:     354 Ses_used:     2 Ses_tot:     2 Date_beg: 1989.08.30 Date_end: 1989.09.02
STA_GCU:  BREST            U:         4104.77 -+   9971.804  E:       -16931.96 -+   8566.725  N:        13734.12 -+   8752.935
STA_CRL:  BREST            C:   .060   .128  -.035   .000   .059   .128   .059   .000  -.035   .059   .128  -.035   .000   .128  -.035
STA_GCX:  CARNUSTY         X:   3526416306.91 -+   9775.509  Y:   -171422913.31 -+   9161.496  Z:   5294098728.45 -+   9828.495 Obs_used:     369 Obs_tot:     369 Ses_used:     4 Ses_tot:     4 Date_beg: 1989.08.18 Date_end: 1989.08.22
STA_GCU:  CARNUSTY         U:          -53.38 -+   9985.261  E:        -1773.87 -+   9123.655  N:         -443.72 -+   9651.237
STA_CRL:  CARNUSTY         C:  -.083   .040   .074   .000  -.083   .040  -.083   .000   .074  -.083   .040   .074   .000   .040   .074
STA_GCX:  CARROLGA         X:    453520706.15 -+   9996.866  Y:  -5300506729.43 -+   9998.163  Z:   3507207649.19 -+   9995.593 Obs_used:     121 Obs_tot:     128 Ses_used:     1 Ses_tot:     1 Date_beg: 1987.07.18 Date_end: 1987.07.18
STA_GCU:  CARROLGA         U:           87.78 -+   9999.555  E:           18.47 -+   9996.828  N:          201.22 -+   9994.239
STA_CRL:  CARROLGA         C:  -.000   .000  -.000   .000  -.000   .000  -.000   .000  -.000  -.000   .000  -.000   .000   .000  -.000
STA_GCX:  CHICHI10         X:  -4490618172.47 -+      1.703  Y:   3483908509.56 -+      1.431  Z:   2884899261.51 -+      1.269 Obs_used:   92103 Obs_tot:   99705 Ses_used:   165 Ses_tot:   165 Date_beg: 1997.08.26 Date_end: 2015.01.22
STA_GCU:  CHICHI10         U:           19.48 -+      2.492  E:           -3.25 -+      0.423  N:           -4.89 -+      0.413
STA_CRL:  CHICHI10         C:  -.927  -.930   .895  -.255   .255   .281   .243  -.274  -.277  -.899   .255  -.262  -.261  -.919   .899
STA_GCX:  CHLBOLTN         X:   4008314494.51 -+   7839.685  Y:   -100650557.28 -+   5992.847  Z:   4943791427.35 -+   8481.671 Obs_used:    2026 Obs_tot:    2079 Ses_used:     7 Ses_tot:     7 Date_beg: 1980.10.16 Date_end: 1980.10.22
STA_GCU:  CHLBOLTN         U:          141.16 -+   9639.668  E:            2.29 -+   5976.712  N:        -5798.30 -+   6377.250
STA_CRL:  CHLBOLTN         C:  -.089   .384  -.078   .000  -.089   .384  -.089   .000  -.078  -.089   .384  -.078   .000   .384  -.078
STA_GCX:  CRIMEA           X:   3785230787.62 -+      1.610  Y:   2551207618.44 -+      1.083  Z:   4439796494.77 -+      1.881 Obs_used:   67763 Obs_tot:   77167 Ses_used:   129 Ses_tot:   129 Date_beg: 1994.06.25 Date_end: 2015.06.30
STA_GCU:  CRIMEA           U:           -8.68 -+      2.658  E:            1.42 -+      0.307  N:           -4.41 -+      0.380
STA_CRL:  CRIMEA           C:   .942   .954   .935   .355   .308   .313   .280   .338   .275   .250   .281   .272   .321   .515   .426
STA_GCX:  CTVASBAY         X:   1091444566.29 -+    108.848  Y:  -4351283937.66 -+    314.830  Z:   4518707129.75 -+    299.524 Obs_used:     833 Obs_tot:     857 Ses_used:     6 Ses_tot:     6 Date_beg: 2002.04.17 Date_end: 2002.09.11
STA_GCU:  CTVASBAY         U:          328.18 -+    413.763  E:          -90.18 -+     98.061  N:         -234.88 -+    140.941
STA_CRL:  CTVASBAY         C:  -.457   .515  -.784   .999  -.454   .510  -.451   .999  -.777  -.449   .511  -.783   .999   .508  -.779
STA_GCX:  CTVASTJ          X:   2612545466.73 -+     10.969  Y:  -3426878763.54 -+     15.209  Z:   4686756182.58 -+     18.956 Obs_used:    3864 Obs_tot:    3965 Ses_used:    30 Ses_tot:    30 Date_beg: 2002.11.13 Date_end: 2005.09.07
STA_GCU:  CTVASTJ          U:          -17.90 -+     25.200  E:            9.54 -+      5.359  N:           -3.26 -+      6.868
STA_CRL:  CTVASTJ          C:  -.823   .794  -.844   .938  -.763   .717  -.744   .942  -.763  -.799   .710  -.775   .932   .758  -.816
STA_GCX:  DAITO            X:  -3786457931.97 -+   2442.853  Y:   4320155417.03 -+   2854.551  Z:   2762039610.23 -+   2531.221 Obs_used:     462 Obs_tot:     482 Ses_used:     2 Ses_tot:     2 Date_beg: 1990.11.28 Date_end: 1991.12.03
STA_GCU:  DAITO            U:        -1707.60 -+   4465.453  E:        -1688.47 -+    249.776  N:         1651.16 -+    721.395
STA_CRL:  DAITO            C:  -.991  -.982   .985   .999  -.991  -.982  -.991   .999   .985  -.992  -.982   .985   .999  -.983   .985
STA_GCX:  DEADMANL         X:  -2336820638.62 -+    141.039  Y:  -4732588120.88 -+    267.002  Z:   3570330732.52 -+    196.403 Obs_used:     619 Obs_tot:     620 Ses_used:     5 Ses_tot:     5 Date_beg: 1984.02.29 Date_end: 1988.02.02
STA_GCU:  DEADMANL         U:         -890.31 -+    355.026  E:           -0.49 -+     39.437  N:         -308.93 -+     46.445
STA_CRL:  DEADMANL         C:   .950  -.923  -.961   .994   .947  -.915   .942   .994  -.952   .950  -.917  -.959   .993  -.922  -.962
STA_GCX:  DSS13            X:  -2351112781.73 -+      2.367  Y:  -4655530601.08 -+      4.445  Z:   3660912686.09 -+      3.602 Obs_used:   12388 Obs_tot:   13851 Ses_used:    35 Ses_tot:    35 Date_beg: 2000.05.31 Date_end: 2018.02.13
STA_GCU:  DSS13            U:          -10.08 -+      6.076  E:           -1.99 -+      0.809  N:           -2.57 -+      0.871
STA_CRL:  DSS13            C:   .924  -.914  -.951  -.005  -.020   .012  -.022  -.025   .025   .432   .017   .028  -.014  -.473  -.653
STA_GCX:  DSS15            X:  -2353539017.59 -+      2.898  Y:  -4641649391.94 -+      4.142  Z:   3676669944.80 -+      4.268 Obs_used:   30517 Obs_tot:   32322 Ses_used:    99 Ses_tot:    99 Date_beg: 1987.11.01 Date_end: 2009.12.08
STA_GCU:  DSS15            U:           -2.34 -+      5.674  E:           -2.80 -+      2.371  N:            0.19 -+      2.441
STA_CRL:  DSS15            C:   .472  -.478  -.692   .816   .373  -.378   .401   .785  -.536   .434  -.397  -.527   .762  -.474  -.654
STA_GCX:  DSS15____920627  X:  -2353539038.55 -+      1.679  Y:  -4641649390.81 -+      2.560  Z:   3676669925.39 -+      2.348 Obs_used:       0 Obs_tot:       0 Ses_used:     0 Ses_tot:     0 Date_beg:            Date_end:           
STA_GCU:  DSS15____920627  U:           -6.68 -+      3.510  E:          -22.01 -+      1.135  N:          -20.54 -+      1.130
STA_CRL:  DSS15____920627  C:   .662  -.639  -.795   .774   .374  -.400   .407   .707  -.544   .434  -.373  -.465   .724  -.474  -.654
STA_GCX:  DSS34            X:  -4461113972.54 -+   4926.960  Y:   2682404541.21 -+   4227.918  Z:  -3674389048.31 -+   6523.972 Obs_used:     169 Obs_tot:     189 Ses_used:     2 Ses_tot:     2 Date_beg: 2017.09.13 Date_end: 2017.10.03
STA_GCU:  DSS34            U:       -40084.34 -+   8033.315  E:        12808.68 -+   3290.159  N:       -23227.28 -+   3058.290
STA_CRL:  DSS34            C:  -.476   .855  -.536  -.000   .475  -.854   .477  -.000   .536  -.477  -.856   .535  -.000   .855  -.535
STA_GCX:  DSS45            X:  -4460935870.58 -+      2.393  Y:   2682765706.47 -+      1.647  Z:  -3674380602.29 -+      1.964 Obs_used:   40425 Obs_tot:   41699 Ses_used:   164 Ses_tot:   164 Date_beg: 1987.06.08 Date_end: 2016.08.23
STA_GCU:  DSS45            U:            1.71 -+      3.241  E:            1.95 -+      0.843  N:           -5.27 -+      1.043
STA_CRL:  DSS45            C:  -.805   .778  -.706   .459  -.348   .289  -.256   .380  -.201  -.193   .274  -.256   .420  -.151   .327
STA_GCX:  DSS65            X:   4849336580.09 -+      2.669  Y:   -360488539.54 -+      0.840  Z:   4114749002.58 -+      2.645 Obs_used:   56246 Obs_tot:   57905 Ses_used:   118 Ses_tot:   118 Date_beg: 1988.08.31 Date_end: 2004.12.14
STA_GCU:  DSS65            U:          -17.06 -+      3.626  E:           -0.97 -+      0.875  N:          -10.99 -+      0.954
STA_CRL:  DSS65            C:   .075   .881   .035   .846   .097   .742   .053   .563   .032  -.053   .649   .050   .761   .715   .037
STA_GCX:  DSS65A           X:   4849339579.16 -+      1.488  Y:   -360427553.34 -+      0.308  Z:   4114750796.35 -+      1.333 Obs_used:   31562 Obs_tot:   32699 Ses_used:    37 Ses_tot:    37 Date_beg: 2005.09.05 Date_end: 2018.02.14
STA_GCU:  DSS65A           U:           -4.50 -+      1.963  E:            1.51 -+      0.323  N:           -2.27 -+      0.362
STA_CRL:  DSS65A           C:  -.038   .934  -.062  -.341  -.001  -.332   .007  -.124   .017  -.052  -.268   .024  -.280   .716   .038
STA_GCX:  DSS65____970415  X:   4849336585.87 -+      1.863  Y:   -360488540.22 -+      0.563  Z:   4114749000.68 -+      1.836 Obs_used:       0 Obs_tot:       0 Ses_used:     0 Ses_tot:     0 Date_beg:            Date_end:           
STA_GCU:  DSS65____970415  U:          -13.86 -+      2.531  E:           -1.23 -+      0.578  N:          -16.20 -+      0.647
STA_CRL:  DSS65____970415  C:  -.001   .886  -.035   .708   .088   .626   .041   .507   .020  -.053   .545   .040   .654   .715   .037
STA_GCX:  EFLSBERG         X:   4033947276.99 -+      2.444  Y:    486990728.46 -+      0.695  Z:   4900430933.60 -+      2.836 Obs_used:   43300 Obs_tot:   44724 Ses_used:    49 Ses_tot:    49 Date_beg: 1979.11.25 Date_end: 2016.11.24
STA_GCU:  EFLSBERG         U:            4.19 -+      3.694  E:           -3.12 -+      0.629  N:           -2.57 -+      0.679
STA_CRL:  EFLSBERG         C:   .412   .934   .412   .716   .314   .656   .149   .467   .148  -.040   .596   .283   .669   .628   .104
STA_GCX:  EFLSBERG_961001  X:   4033947292.41 -+      1.628  Y:    486990735.01 -+      0.359  Z:   4900430947.78 -+      1.960 Obs_used:       0 Obs_tot:       0 Ses_used:     0 Ses_tot:     0 Date_beg:            Date_end:           
STA_GCU:  EFLSBERG_961001  U:           25.37 -+      2.533  E:            1.53 -+      0.295  N:           -5.98 -+      0.341
STA_CRL:  EFLSBERG_961001  C:   .562   .963   .552   .434   .247   .398   .088   .275   .083  -.040   .375   .218   .402   .628   .104
STA_GCX:  ELY              X:  -2077236551.95 -+     42.182  Y:  -4486712498.91 -+     89.163  Z:   4018753380.16 -+     74.228 Obs_used:    2228 Obs_tot:    2228 Ses_used:    12 Ses_tot:    12 Date_beg: 1984.04.22 Date_end: 1990.10.16
STA_GCU:  ELY              U:         -138.32 -+    121.418  E:            5.75 -+     13.806  N:           -8.07 -+     17.495
STA_CRL:  ELY              C:   .934  -.930  -.955   .985   .922  -.920   .922   .985  -.943   .939  -.915  -.937   .982  -.936  -.958
STA_GCX:  FD-VLBA          X:  -1324009290.29 -+      0.187  Y:  -5332181954.42 -+      0.275  Z:   3231962406.93 -+      0.248 Obs_used:  646203 Obs_tot:  660690 Ses_used:   304 Ses_tot:   304 Date_beg: 1992.01.13 Date_end: 2019.04.01
STA_GCU:  FD-VLBA          U:            2.13 -+      0.283  E:           -1.88 -+      0.195  N:           -0.18 -+      0.233
STA_CRL:  FD-VLBA          C:  -.032  -.213  -.140   .170  -.046  -.018  -.075   .168   .085  -.289  -.013   .043   .144  -.114  -.312
STA_GCX:  FLAGSTAF         X:  -1923993024.27 -+     38.702  Y:  -4850854793.19 -+     92.979  Z:   3658589298.24 -+     70.472 Obs_used:    1210 Obs_tot:    1211 Ses_used:     8 Ses_tot:     8 Date_beg: 1984.04.17 Date_end: 1990.11.06
STA_GCU:  FLAGSTAF         U:          106.81 -+    120.516  E:            8.26 -+     14.508  N:          -22.46 -+     19.354
STA_CRL:  FLAGSTAF         C:   .916  -.881  -.942   .972   .898  -.865   .885   .971  -.917   .923  -.850  -.914   .969  -.891  -.947
STA_GCX:  FORT ORD         X:  -2697027326.52 -+     56.072  Y:  -4354392616.71 -+     90.141  Z:   3788078081.25 -+     77.791 Obs_used:    1878 Obs_tot:    1885 Ses_used:    11 Ses_tot:    11 Date_beg: 1983.08.25 Date_end: 1988.02.18
STA_GCU:  FORT ORD         U:          361.93 -+    129.833  E:           37.37 -+     13.006  N:           11.35 -+     17.173
STA_CRL:  FORT ORD         C:   .963  -.950  -.957   .980   .940  -.927   .946   .980  -.937   .963  -.934  -.938   .978  -.952  -.958
STA_GCX:  FORTLEZA         X:   4985370011.94 -+      0.357  Y:  -3955020380.17 -+      0.289  Z:   -428472122.72 -+      0.222 Obs_used:  607989 Obs_tot:  628862 Ses_used:  1863 Ses_tot:  1863 Date_beg: 1993.04.21 Date_end: 2019.06.03
STA_GCU:  FORTLEZA         U:            6.27 -+      0.421  E:           -1.60 -+      0.184  N:            0.70 -+      0.223
STA_CRL:  FORTLEZA         C:  -.666  -.083  -.128   .026   .025  -.032   .019  -.008  -.014   .019  -.016  -.015   .069   .706  -.356
STA_GCX:  FORTORDS         X:  -2699840626.61 -+     52.915  Y:  -4359126224.49 -+     84.901  Z:   3781051074.30 -+     73.186 Obs_used:    3444 Obs_tot:    3444 Ses_used:    19 Ses_tot:    19 Date_beg: 1988.11.08 Date_end: 1991.07.23
STA_GCU:  FORTORDS         U:          -91.95 -+    122.428  E:          109.54 -+     11.786  N:         -129.40 -+     15.392
STA_CRL:  FORTORDS         C:   .965  -.955  -.961   .983   .947  -.938   .948   .983  -.944   .963  -.937  -.942   .983  -.952  -.958
STA_GCX:  FORTORDS_891001  X:  -2699840585.66 -+     49.677  Y:  -4359126198.56 -+     79.695  Z:   3781051169.47 -+     68.858 Obs_used:       0 Obs_tot:       0 Ses_used:     0 Ses_tot:     0 Date_beg:            Date_end:           
STA_GCU:  FORTORDS_891001  U:          -70.23 -+    115.015  E:          130.70 -+     11.099  N:          -26.98 -+     14.451
STA_CRL:  FORTORDS_891001  C:   .965  -.955  -.961   .988   .952  -.941   .953   .988  -.948   .963  -.942  -.947   .987  -.952  -.958
STA_GCX:  FTD 7900         X:  -1324228114.55 -+     20.335  Y:  -5332062931.34 -+     37.087  Z:   3232022867.36 -+     27.653 Obs_used:     438 Obs_tot:     438 Ses_used:     1 Ses_tot:     1 Date_beg: 1988.10.08 Date_end: 1988.10.08
STA_GCU:  FTD 7900         U:          -53.61 -+     42.889  E:           50.29 -+     18.751  N:          -28.27 -+     19.041
STA_CRL:  FTD 7900         C:   .334  -.285  -.622   .919   .035  -.035   .055   .588  -.142   .058  -.044  -.114   .732  -.048  -.194
STA_GCX:  GGAO7108         X:   1130794562.63 -+      2.216  Y:  -4831233809.78 -+      7.147  Z:   3994217058.60 -+      6.060 Obs_used:   18948 Obs_tot:   20441 Ses_used:    74 Ses_tot:    74 Date_beg: 1993.04.27 Date_end: 2007.05.15
STA_GCU:  GGAO7108         U:           -1.16 -+      9.311  E:           -1.51 -+      1.629  N:           -2.14 -+      1.836
STA_CRL:  GGAO7108         C:  -.662   .631  -.922   .908  -.548   .523  -.610   .937  -.857  -.576   .569  -.838   .925   .546  -.889
STA_GCX:  GGAO7108_030101  X:   1130794337.11 -+      2.007  Y:  -4831232884.15 -+      6.578  Z:   3994216243.90 -+      5.068 Obs_used:       0 Obs_tot:       0 Ses_used:     0 Ses_tot:     0 Date_beg:            Date_end:           
STA_GCU:  GGAO7108_030101  U:        -1254.25 -+      8.239  E:          -10.15 -+      1.472  N:          -35.27 -+      1.715
STA_CRL:  GGAO7108_030101  C:  -.666   .645  -.913   .339  -.194   .206  -.223   .346  -.348  -.576   .205  -.302   .371   .546  -.889
STA_GCX:  GIFU11           X:  -3787123537.30 -+      8.335  Y:   3564181728.64 -+      7.655  Z:   3680274918.13 -+      7.851 Obs_used:    8517 Obs_tot:    9040 Ses_used:    23 Ses_tot:    23 Date_beg: 2002.07.16 Date_end: 2006.06.22
STA_GCU:  GIFU11           U:           11.06 -+     13.268  E:            3.55 -+      2.482  N:          -10.18 -+      2.744
STA_CRL:  GIFU11           C:  -.904  -.889   .882   .901  -.798  -.782  -.804   .901   .776  -.886  -.781   .770   .890  -.868   .858
STA_GCX:  GIFU3            X:  -3787518422.05 -+     17.300  Y:   3564247170.22 -+     16.018  Z:   3679797041.45 -+     16.642 Obs_used:     982 Obs_tot:    1038 Ses_used:     4 Ses_tot:     4 Date_beg: 2000.09.07 Date_end: 2001.10.11
STA_GCU:  GIFU3            U:           -2.89 -+     28.230  E:           10.11 -+      3.920  N:          -25.63 -+      4.529
STA_CRL:  GIFU3            C:  -.945  -.932   .929   .663  -.582  -.565  -.591   .656   .559  -.885  -.578   .563   .645  -.868   .858
STA_GCX:  GILCREEK         X:  -2281547584.04 -+      3.601  Y:  -1453645125.45 -+      3.541  Z:   5756993050.12 -+      3.630 Obs_used: 1094025 Obs_tot: 1107961 Ses_used:  1994 Ses_tot:  1994 Date_beg: 1984.07.07 Date_end: 2005.12.28
STA_GCU:  GILCREEK         U:           -3.92 -+      3.670  E:           -3.78 -+      3.549  N:           -3.14 -+      3.552
STA_CRL:  GILCREEK         C:   .005  -.037  -.005   .975   .006  -.042   .006   .962  -.008   .012  -.041  -.008   .959  -.026  -.027
STA_GCX:  GOLDMARS         X:  -2353621985.69 -+   9512.582  Y:  -4641339003.21 -+   7040.957  Z:   3677049928.83 -+   7016.449 Obs_used:     566 Obs_tot:     641 Ses_used:     6 Ses_tot:     6 Date_beg: 1988.08.20 Date_end: 1989.12.03
STA_GCU:  GOLDMARS         U:        -2962.32 -+   5447.421  E:        -1941.81 -+   8471.251  N:         -787.93 -+   9373.279
STA_CRL:  GOLDMARS         C:   .192  -.193   .906   .994   .191  -.192   .191   .994   .901   .192  -.192   .901   .994  -.193   .906
STA_GCX:  GOLDVENU         X:  -2351129374.07 -+      9.248  Y:  -4655476874.78 -+     17.462  Z:   3660956744.40 -+     15.798 Obs_used:    2838 Obs_tot:    2845 Ses_used:    11 Ses_tot:    11 Date_beg: 1981.11.19 Date_end: 1991.08.12
STA_GCU:  GOLDVENU         U:         -138.51 -+     24.103  E:          -22.42 -+      5.273  N:          -42.44 -+      5.592
STA_CRL:  GOLDVENU         C:   .787  -.769  -.897   .952   .774  -.745   .745   .957  -.852   .809  -.737  -.873   .958  -.791  -.905
STA_GCX:  GORF7102         X:   1130686312.05 -+      3.657  Y:  -4831353039.24 -+     13.414  Z:   3994110952.61 -+     11.273 Obs_used:    2166 Obs_tot:    2166 Ses_used:     9 Ses_tot:     9 Date_beg: 1989.05.30 Date_end: 1992.06.16
STA_GCU:  GORF7102         U:            2.09 -+     17.553  E:           -0.46 -+      2.308  N:           -0.91 -+      2.642
STA_CRL:  GORF7102         C:  -.767   .754  -.953   .703  -.358   .344  -.451   .619  -.564  -.575   .425  -.554   .619   .545  -.888
STA_GCX:  GRASSE           X:   4581701319.59 -+   9566.553  Y:    556124376.42 -+   9719.066  Z:   4389348032.21 -+   9697.159 Obs_used:     268 Obs_tot:     268 Ses_used:     2 Ses_tot:     2 Date_beg: 1989.09.14 Date_end: 1989.09.16
STA_GCU:  GRASSE           U:          142.58 -+   9994.511  E:        -2084.66 -+   9643.263  N:        -5093.95 -+   9334.415
STA_CRL:  GRASSE           C:   .064   .076  -.051   .000   .064   .076   .064   .000  -.051   .064   .076  -.051   .000   .076  -.051
STA_GCX:  HALEAKAL         X:  -5465998696.61 -+     37.549  Y:  -2404407179.82 -+     17.038  Z:   2242229178.21 -+     16.396 Obs_used:     707 Obs_tot:     707 Ses_used:     3 Ses_tot:     3 Date_beg: 1988.06.25 Date_end: 1988.07.09
STA_GCU:  HALEAKAL         U:        -2922.66 -+     44.080  E:         5625.57 -+      3.103  N:        11903.66 -+      4.052
STA_CRL:  HALEAKAL         C:   .980  -.964  -.950   .136   .089  -.203   .062   .139  -.104   .433  -.089  -.070   .245  -.711  -.344
STA_GCX:  HART15M          X:   5085490805.61 -+      0.467  Y:   2668161427.44 -+      0.331  Z:  -2768692674.03 -+      0.323 Obs_used:  460433 Obs_tot:  468455 Ses_used:   610 Ses_tot:   610 Date_beg: 2012.10.11 Date_end: 2019.06.24
STA_GCU:  HART15M          U:            5.63 -+      0.496  E:           -2.63 -+      0.315  N:           -2.86 -+      0.293
STA_CRL:  HART15M          C:   .262  -.395  -.021  -.136  -.105   .061  -.074  -.052   .060  -.231   .065   .079  -.057   .419   .547
STA_GCX:  HARTRAO          X:   5085442771.34 -+      0.372  Y:   2668263729.72 -+      0.284  Z:  -2768696803.18 -+      0.279 Obs_used:  368471 Obs_tot:  379229 Ses_used:  1208 Ses_tot:  1208 Date_beg: 1986.01.09 Date_end: 2019.03.27
STA_GCU:  HARTRAO          U:            7.57 -+      0.372  E:           -4.54 -+      0.296  N:           -2.08 -+      0.267
STA_CRL:  HARTRAO          C:   .067  -.300   .166   .082   .023  -.065   .018   .043  -.004  -.232  -.054  -.003   .080   .421   .549
STA_GCX:  HATCREEK         X:  -2523970250.48 -+      6.288  Y:  -4123506185.91 -+     10.496  Z:   4147752423.46 -+     10.408 Obs_used:   40012 Obs_tot:   40057 Ses_used:   180 Ses_tot:   180 Date_beg: 1983.06.06 Date_end: 1990.11.11
STA_GCU:  HATCREEK         U:          -52.68 -+     15.276  E:            2.41 -+      3.294  N:            7.79 -+      3.720
STA_CRL:  HATCREEK         C:   .816  -.749  -.892   .985   .801  -.739   .806   .990  -.885   .793  -.734  -.875   .985  -.730  -.875
STA_GCX:  HAYSTACK         X:   1492404546.40 -+      2.091  Y:  -4457266548.70 -+      4.743  Z:   4296881838.49 -+      5.045 Obs_used:   28280 Obs_tot:   28456 Ses_used:    86 Ses_tot:    86 Date_beg: 1979.08.03 Date_end: 1992.06.29
STA_GCU:  HAYSTACK         U:           28.69 -+      6.626  E:           13.41 -+      1.845  N:            0.09 -+      2.239
STA_CRL:  HAYSTACK         C:  -.468   .415  -.802   .882  -.398   .358  -.446   .935  -.758  -.420   .379  -.720   .923   .375  -.760
STA_GCX:  HN-VLBA          X:   1446374910.56 -+      0.204  Y:  -4447939671.50 -+      0.296  Z:   4322306169.85 -+      0.286 Obs_used:  505311 Obs_tot:  516559 Ses_used:   247 Ses_tot:   247 Date_beg: 1992.08.28 Date_end: 2019.04.01
STA_GCU:  HN-VLBA          U:            0.15 -+      0.366  E:           -0.57 -+      0.178  N:           -0.34 -+      0.211
STA_CRL:  HN-VLBA          C:  -.401   .148  -.518   .232  -.038  -.036  -.062   .158   .041   .123  -.030   .024   .087  -.012  -.053
STA_GCX:  HOBART12         X:  -3949990678.48 -+      0.495  Y:   2522421187.48 -+      0.376  Z:  -4311708171.44 -+      0.544 Obs_used:  480726 Obs_tot:  492097 Ses_used:   680 Ses_tot:   680 Date_beg: 2010.10.07 Date_end: 2017.06.20
STA_GCU:  HOBART12         U:           19.42 -+      0.621  E:            1.86 -+      0.289  N:           -4.42 -+      0.462
STA_CRL:  HOBART12         C:  -.522   .246  -.273  -.034   .037  -.076   .028  -.022   .027  -.031  -.107   .054   .009  -.534   .648
STA_GCX:  HOBART26         X:  -3950237240.34 -+      0.385  Y:   2522347653.40 -+      0.311  Z:  -4311562007.51 -+      0.426 Obs_used:  297210 Obs_tot:  306924 Ses_used:   952 Ses_tot:   952 Date_beg: 1989.09.26 Date_end: 2019.04.16
STA_GCU:  HOBART26         U:            3.33 -+      0.383  E:            1.53 -+      0.275  N:           -4.43 -+      0.452
STA_CRL:  HOBART26         C:  -.329  -.183   .047   .021   .003  -.051   .005   .018   .003  -.031  -.065   .005   .099  -.536   .650
STA_GCX:  HOFN             X:   2679653315.67 -+   5448.495  Y:   -727914750.12 -+   4670.526  Z:   5722810210.22 -+   9015.213 Obs_used:     555 Obs_tot:     555 Ses_used:     4 Ses_tot:     4 Date_beg: 1992.07.20 Date_end: 1992.07.27
STA_GCU:  HOFN             U:         3529.29 -+   9713.367  E:         2230.20 -+   4421.839  N:        -1158.73 -+   4344.172
STA_CRL:  HOFN             C:  -.218   .571  -.138   .000  -.217   .571  -.218   .000  -.138  -.217   .571  -.138   .000   .571  -.138
STA_GCX:  HOHNBERG         X:   4213688810.38 -+   8982.978  Y:    820421146.71 -+   9227.945  Z:   4702783637.02 -+   9406.045 Obs_used:     348 Obs_tot:     348 Ses_used:     3 Ses_tot:     3 Date_beg: 1992.06.15 Date_end: 1992.06.18
STA_GCU:  HOHNBERG         U:          364.02 -+   9952.215  E:        -1984.80 -+   8928.648  N:        -1251.52 -+   8692.250
STA_CRL:  HOHNBERG         C:   .169   .164  -.117   .000   .169   .164   .169   .000  -.117   .169   .164  -.117   .000   .164  -.117
STA_GCX:  HRAS 085         X:  -1324211114.89 -+     21.460  Y:  -5332022976.54 -+     24.595  Z:   3232118173.85 -+     22.986 Obs_used:  145185 Obs_tot:  146500 Ses_used:   721 Ses_tot:   721 Date_beg: 1980.04.11 Date_end: 1990.10.29
STA_GCU:  HRAS 085         U:         -200.61 -+     26.001  E:            7.28 -+     21.344  N:          -20.83 -+     21.499
STA_CRL:  HRAS 085         C:   .054  -.042  -.172   .998   .057  -.045   .056   .997  -.181   .058  -.044  -.182   .996  -.048  -.194
STA_GCX:  ISHIOKA          X:  -3959635945.15 -+      1.510  Y:   3296825498.54 -+      1.301  Z:   3747042654.06 -+      1.472 Obs_used:  287562 Obs_tot:  292462 Ses_used:   244 Ses_tot:   244 Date_beg: 2015.02.19 Date_end: 2019.06.24
STA_GCU:  ISHIOKA          U:          -41.49 -+      2.332  E:           -1.85 -+      0.577  N:           -6.73 -+      0.608
STA_CRL:  ISHIOKA          C:  -.828  -.825   .829  -.893   .776   .759   .779  -.878  -.786  -.607   .659  -.679  -.738  -.619   .644
STA_GCX:  JPL MV1          X:  -2493306738.53 -+     45.040  Y:  -4655197406.85 -+     82.080  Z:   3565519716.87 -+     61.966 Obs_used:    3314 Obs_tot:    3330 Ses_used:    23 Ses_tot:    23 Date_beg: 1982.10.16 Date_end: 1988.11.05
STA_GCU:  JPL MV1          U:          409.59 -+    110.947  E:            3.46 -+     10.163  N:          -47.63 -+     13.886
STA_CRL:  JPL MV1          C:   .967  -.954  -.960   .977   .945  -.930   .944   .977  -.935   .968  -.934  -.939   .975  -.957  -.961
STA_GCX:  KAINAN           X:  -3751039330.64 -+   9942.401  Y:   3721054593.51 -+   9828.808  Z:   3560815699.81 -+   9973.350 Obs_used:     275 Obs_tot:     290 Ses_used:     2 Ses_tot:     2 Date_beg: 1993.10.12 Date_end: 1993.10.14
STA_GCU:  KAINAN           U:           88.77 -+   9997.151  E:        -2725.73 -+   9788.314  N:        -1081.59 -+   9958.433
STA_CRL:  KAINAN           C:  -.020   .007   .013   .000  -.020   .007  -.019   .000   .013  -.020   .007   .013   .000   .007   .013
STA_GCX:  KANOZAN          X:  -3991744220.48 -+   9638.495  Y:   3355064362.01 -+   9480.870  Z:   3661227002.94 -+   9649.914 Obs_used:     265 Obs_tot:     327 Ses_used:     2 Ses_tot:     2 Date_beg: 1995.01.17 Date_end: 1995.01.19
STA_GCU:  KANOZAN          U:          316.68 -+   9971.809  E:        -3952.93 -+   9284.668  N:         1996.29 -+   9500.856
STA_CRL:  KANOZAN          C:  -.055  -.027   .040   .000  -.055  -.026  -.055   .000   .040  -.055  -.027   .040   .000  -.026   .040
STA_GCX:  KARLBURG         X:   3653210311.93 -+   9543.803  Y:    884430194.99 -+   9414.352  Z:   5135727544.05 -+   9813.822 Obs_used:     337 Obs_tot:     337 Ses_used:     2 Ses_tot:     2 Date_beg: 1992.07.06 Date_end: 1992.07.07
STA_GCU:  KARLBURG         U:          128.94 -+   9984.717  E:         1486.44 -+   9324.336  N:        -7090.35 -+   9454.494
STA_CRL:  KARLBURG         C:   .044   .056  -.013   .000   .044   .056   .044   .000  -.013   .044   .056  -.013   .000   .056  -.013
STA_GCX:  KASHIM11         X:  -3997505692.31 -+      0.814  Y:   3276878501.90 -+      0.697  Z:   3724240626.33 -+      0.814 Obs_used:   96850 Obs_tot:  102052 Ses_used:   125 Ses_tot:   125 Date_beg: 1994.08.29 Date_end: 2019.04.16
STA_GCU:  KASHIM11         U:           25.98 -+      1.243  E:           -3.78 -+      0.336  N:           -9.78 -+      0.391
STA_CRL:  KASHIM11         C:  -.797  -.802   .724  -.039   .079   .075   .078   .014  -.089   .518   .040  -.048   .003  -.091   .109
STA_GCX:  KASHIM34         X:  -3997649260.48 -+      0.451  Y:   3276690862.25 -+      0.414  Z:   3724278756.73 -+      0.526 Obs_used:  149777 Obs_tot:  157226 Ses_used:   236 Ses_tot:   236 Date_beg: 1990.03.22 Date_end: 2019.06.17
STA_GCU:  KASHIM34         U:           30.06 -+      0.656  E:           -3.31 -+      0.305  N:           -6.08 -+      0.358
STA_CRL:  KASHIM34         C:  -.498  -.570   .389  -.042   .109   .102   .117   .052  -.125   .522   .057  -.066   .021  -.092   .109
STA_GCX:  KASHIMA          X:  -3997892295.11 -+      1.085  Y:   3276581352.44 -+      0.931  Z:   3724118165.91 -+      0.985 Obs_used:   95219 Obs_tot:   96703 Ses_used:   297 Ses_tot:   297 Date_beg: 1984.01.24 Date_end: 2002.05.27
STA_GCU:  KASHIMA          U:           23.92 -+      1.633  E:           18.59 -+      0.387  N:           14.65 -+      0.442
STA_CRL:  KASHIMA          C:  -.850  -.838   .788   .154  -.080  -.086  -.080   .183   .063   .519  -.047   .035   .107  -.091   .109
STA_GCX:  KATH12M          X:  -4147354543.87 -+      0.669  Y:   4581542437.88 -+      0.680  Z:  -1573303391.19 -+      0.547 Obs_used:  738808 Obs_tot:  753708 Ses_used:   881 Ses_tot:   881 Date_beg: 2011.06.16 Date_end: 2019.06.24
STA_GCU:  KATH12M          U:           24.44 -+      0.896  E:          -12.88 -+      0.371  N:            9.16 -+      0.518
STA_CRL:  KATH12M          C:  -.699   .171  -.300  -.454   .405  -.212   .420  -.507   .194  -.123  -.162   .145  -.129  -.252   .456
STA_GCX:  KAUAI            X:  -5543846182.02 -+      4.920  Y:  -2054562776.14 -+      2.771  Z:   2387814520.38 -+      4.342 Obs_used:  122506 Obs_tot:  122568 Ses_used:   434 Ses_tot:   434 Date_beg: 1984.07.07 Date_end: 1994.03.14
STA_GCU:  KAUAI            U:          -16.73 -+      6.133  E:          -46.86 -+      2.218  N:           -3.59 -+      2.865
STA_CRL:  KAUAI            C:   .535  -.746  -.469   .977   .509  -.735   .447   .846  -.398   .434  -.669  -.415   .906  -.712  -.345
STA_GCX:  KIRSBERG         X:   3879833649.87 -+   7821.756  Y:    987962444.64 -+   6831.587  Z:   4948711193.56 -+   8713.422 Obs_used:     430 Obs_tot:     430 Ses_used:     3 Ses_tot:     3 Date_beg: 1992.06.25 Date_end: 1992.06.28
STA_GCU:  KIRSBERG         U:           57.95 -+   9925.128  E:        -2045.21 -+   6711.143  N:        -2181.66 -+   6342.440
STA_CRL:  KIRSBERG         C:   .098   .426   .017   .000   .098   .426   .098   .000   .017   .098   .426   .018   .000   .426   .018
STA_GCX:  KODIAK           X:  -3026940573.13 -+     66.326  Y:  -1575911731.86 -+     41.896  Z:   5370362537.20 -+    113.148 Obs_used:    3430 Obs_tot:    3430 Ses_used:    15 Ses_tot:    15 Date_beg: 1984.07.23 Date_end: 1990.07.02
STA_GCU:  KODIAK           U:           56.49 -+    135.296  E:           27.53 -+     19.802  N:           34.53 -+     16.120
STA_CRL:  KODIAK           C:   .846  -.960  -.881   .975   .835  -.937   .816   .982  -.854   .846  -.930  -.868   .973  -.959  -.883
STA_GCX:  KOGANEI          X:  -3941937459.56 -+      1.389  Y:   3368150795.09 -+      1.174  Z:   3702235260.83 -+      1.336 Obs_used:   71987 Obs_tot:   75760 Ses_used:    91 Ses_tot:    91 Date_beg: 1994.08.29 Date_end: 2019.04.16
STA_GCU:  KOGANEI          U:           28.03 -+      2.183  E:          171.52 -+      0.353  N:           -1.88 -+      0.449
STA_CRL:  KOGANEI          C:  -.923  -.899   .887  -.407   .398   .359   .412  -.367  -.388  -.633   .314  -.329  -.329  -.575   .621
STA_GCX:  KOGANEI3         X:  -3942077406.96 -+     38.667  Y:   3368331940.36 -+     32.544  Z:   3701904788.54 -+     39.107 Obs_used:     262 Obs_tot:     310 Ses_used:     2 Ses_tot:     2 Date_beg: 1995.01.17 Date_end: 1995.01.19
STA_GCU:  KOGANEI3         U:         -181.43 -+     61.330  E:          201.13 -+      5.689  N:          118.76 -+     17.024
STA_CRL:  KOGANEI3         C:  -.974  -.808   .890   .058  -.053  -.044  -.055   .056   .047  -.631  -.040   .041   .044  -.573   .619
STA_GCX:  KOKEE            X:  -5543837746.45 -+      0.273  Y:  -2054567040.28 -+      0.270  Z:   2387852357.95 -+      0.342 Obs_used: 1429163 Obs_tot: 1468600 Ses_used:  2490 Ses_tot:  2490 Date_beg: 1993.06.08 Date_end: 2019.06.24
STA_GCU:  KOKEE            U:            2.32 -+      0.316  E:           -0.93 -+      0.252  N:           -3.15 -+      0.317
STA_CRL:  KOKEE            C:   .194  -.180  -.027   .092  -.015   .033  -.012   .162   .008   .032   .024   .007   .174  -.564   .052
STA_GCX:  KP-VLBA          X:  -1995678799.94 -+      0.193  Y:  -5037317695.71 -+      0.277  Z:   3357328039.41 -+      0.257 Obs_used:  591545 Obs_tot:  606149 Ses_used:   245 Ses_tot:   245 Date_beg: 1992.08.28 Date_end: 2019.04.01
STA_GCU:  KP-VLBA          U:           -2.09 -+      0.284  E:           -1.35 -+      0.204  N:           -1.74 -+      0.240
STA_CRL:  KP-VLBA          C:   .033  -.195  -.114   .173  -.049  -.001  -.068   .181   .077  -.353   .004   .044   .156  -.157  -.228
STA_GCX:  KUNMING          X:  -1281152731.10 -+      1.913  Y:   5640864341.41 -+      5.694  Z:   2682653480.00 -+      3.034 Obs_used:   33099 Obs_tot:   33993 Ses_used:    44 Ses_tot:    44 Date_beg: 2011.07.20 Date_end: 2019.04.16
STA_GCU:  KUNMING          U:          -70.72 -+      6.520  E:           -5.55 -+      1.199  N:            3.22 -+      1.160
STA_CRL:  KUNMING          C:  -.772  -.728   .906  -.879   .676   .630   .767  -.975  -.885  -.693   .664  -.822  -.896  -.621   .848
STA_GCX:  KWAJAL26         X:  -6143536028.61 -+     97.525  Y:   1363998779.80 -+     27.341  Z:   1034708078.77 -+     38.244 Obs_used:    5854 Obs_tot:    5873 Ses_used:    20 Ses_tot:    20 Date_beg: 1984.07.07 Date_end: 1988.08.06
STA_GCU:  KWAJAL26         U:           21.95 -+    102.042  E:          -68.98 -+     20.027  N:           91.42 -+     30.127
STA_CRL:  KWAJAL26         C:  -.672  -.642   .344   .986  -.660  -.633  -.662   .986   .333  -.671  -.636   .335   .992  -.640   .335
STA_GCX:  LA-VLBA          X:  -1449752542.60 -+      0.190  Y:  -4975298574.15 -+      0.264  Z:   3709123856.67 -+      0.246 Obs_used:  673160 Obs_tot:  688093 Ses_used:   309 Ses_tot:   309 Date_beg: 1991.05.21 Date_end: 2019.04.01
STA_GCU:  LA-VLBA          U:           -1.08 -+      0.267  E:           -1.77 -+      0.201  N:           -0.87 -+      0.234
STA_CRL:  LA-VLBA          C:  -.061  -.138  -.098   .199  -.051  -.001  -.074   .215   .082  -.312   .004   .046   .153  -.094  -.172
STA_GCX:  LEONRDOK         X:   -522231062.35 -+   9936.951  Y:  -5145677109.98 -+   9992.518  Z:   3720152189.15 -+   9982.468 Obs_used:     244 Obs_tot:     247 Ses_used:     1 Ses_tot:     1 Date_beg: 1987.08.24 Date_end: 1987.08.24
STA_GCU:  LEONRDOK         U:           46.87 -+   9998.005  E:          471.46 -+   9936.438  N:         -246.11 -+   9977.483
STA_CRL:  LEONRDOK         C:   .001  -.001  -.002   .000   .001  -.001   .001   .000  -.002   .001  -.001  -.002   .000  -.001  -.002
STA_GCX:  MADRID64         X:   4849092985.52 -+   9999.048  Y:   -360180484.58 -+   9999.664  Z:   4115109795.21 -+  10000.000 Obs_used:     141 Obs_tot:     173 Ses_used:     1 Ses_tot:     1 Date_beg: 1989.03.19 Date_end: 1989.03.19
STA_GCU:  MADRID64         U:         -112.71 -+   9999.441  E:          -98.26 -+   9999.577  N:           84.48 -+   9999.693
STA_CRL:  MADRID64         C:  -.000  -.000  -.000   .990  -.000  -.000  -.000   .985  -.000  -.013  -.000  -.000   .981  -.003   .004
STA_GCX:  MAMMOTHL         X:  -2448246994.42 -+    144.100  Y:  -4426737861.22 -+    261.783  Z:   3875435657.25 -+    215.184 Obs_used:     561 Obs_tot:     562 Ses_used:     4 Ses_tot:     4 Date_beg: 1983.06.29 Date_end: 1986.10.22
STA_GCU:  MAMMOTHL         U:          167.06 -+    363.846  E:           76.38 -+     33.312  N:           53.33 -+     45.889
STA_CRL:  MAMMOTHL         C:   .965  -.953  -.964   .992   .954  -.939   .959   .992  -.953   .964  -.948  -.957   .990  -.952  -.963
STA_GCX:  MARCUS           X:  -5227445781.09 -+     76.797  Y:   2551380444.67 -+     55.834  Z:   2607605313.49 -+     51.100 Obs_used:    5120 Obs_tot:    5203 Ses_used:    16 Ses_tot:    16 Date_beg: 1989.07.24 Date_end: 1993.06.28
STA_GCU:  MARCUS           U:          -99.87 -+    100.323  E:          -61.68 -+     28.115  N:           43.41 -+     27.774
STA_CRL:  MARCUS           C:  -.847  -.823   .654   .986  -.845  -.823  -.839   .992   .657  -.856  -.811   .654   .989  -.833   .670
STA_GCX:  MARPOINT         X:   1106629107.64 -+      8.346  Y:  -4882907317.87 -+     27.671  Z:   3938087071.26 -+     22.436 Obs_used:    8191 Obs_tot:    8210 Ses_used:    77 Ses_tot:    77 Date_beg: 1982.06.18 Date_end: 1989.08.24
STA_GCU:  MARPOINT         U:          191.87 -+     35.287  E:          -26.15 -+      5.569  N:          -13.84 -+      7.910
STA_CRL:  MARPOINT         C:  -.730   .702  -.897   .986  -.728   .707  -.730   .996  -.896  -.733   .706  -.896   .994   .714  -.901
STA_GCX:  MATERA           X:   4641938530.58 -+      0.278  Y:   1393003265.55 -+      0.148  Z:   4133325728.39 -+      0.253 Obs_used:  790362 Obs_tot:  821564 Ses_used:  1110 Ses_tot:  1110 Date_beg: 1990.10.04 Date_end: 2019.06.24
STA_GCU:  MATERA           U:            6.24 -+      0.299  E:            0.55 -+      0.144  N:           -3.53 -+      0.231
STA_CRL:  MATERA           C:   .255   .241   .100   .112   .011  -.089   .004   .074  -.029  -.589  -.052  -.036   .043   .035   .030
STA_GCX:  MCD 7850         X:  -1330006304.84 -+   9544.012  Y:  -5328391615.43 -+   9938.064  Z:   3236501799.61 -+   9823.302 Obs_used:     616 Obs_tot:     616 Ses_used:     1 Ses_tot:     1 Date_beg: 1988.10.06 Date_end: 1988.10.06
STA_GCU:  MCD 7850         U:         -816.31 -+   9987.402  E:         1736.23 -+   9551.348  N:         -602.15 -+   9765.967
STA_CRL:  MCD 7850         C:   .007  -.022  -.015   .000   .007  -.022   .007   .000  -.015   .007  -.022  -.015   .000  -.022  -.015
STA_GCX:  MEDICINA         X:   4461369746.59 -+      0.529  Y:    919597066.28 -+      0.247  Z:   4449559345.76 -+      0.526 Obs_used:  527105 Obs_tot:  545244 Ses_used:   563 Ses_tot:   563 Date_beg: 1987.12.08 Date_end: 2019.06.20
STA_GCU:  MEDICINA         U:           -1.12 -+      0.693  E:            0.16 -+      0.231  N:           -2.04 -+      0.289
STA_CRL:  MEDICINA         C:   .324   .703   .263   .195   .052   .072   .020   .105   .005  -.545   .046   .009   .111  -.005  -.018
STA_GCX:  MEDICINA_960601  X:   4461369748.88 -+      0.278  Y:    919597067.04 -+      0.148  Z:   4449559346.76 -+      0.254 Obs_used:       0 Obs_tot:       0 Ses_used:     0 Ses_tot:     0 Date_beg:            Date_end:           
STA_GCU:  MEDICINA_960601  U:            1.29 -+      0.301  E:            0.44 -+      0.146  N:           -3.00 -+      0.227
STA_CRL:  MEDICINA_960601  C:   .187   .278   .039   .108   .012  -.119   .002   .085  -.031  -.545  -.063  -.035   .017  -.005  -.018
STA_GCX:  METSAHOV         X:   2892584899.59 -+      1.355  Y:   1311715555.47 -+      0.665  Z:   5512640127.06 -+      2.463 Obs_used:   44112 Obs_tot:   49222 Ses_used:    70 Ses_tot:    70 Date_beg: 2004.12.14 Date_end: 2018.02.14
STA_GCU:  METSAHOV         U:           -1.33 -+      2.851  E:            1.59 -+      0.307  N:           -3.61 -+      0.352
STA_CRL:  METSAHOV         C:   .864   .959   .867   .053   .035   .045   .022   .038   .028   .381   .064   .060   .068   .739   .456
STA_GCX:  METSHOVI         X:   2890652513.55 -+     21.160  Y:   1310295517.06 -+      9.610  Z:   5513958816.02 -+     37.550 Obs_used:     575 Obs_tot:     575 Ses_used:     5 Ses_tot:     5 Date_beg: 1989.07.05 Date_end: 1989.07.11
STA_GCU:  METSHOVI         U:          -27.06 -+     43.944  E:            5.28 -+      2.559  N:           -5.01 -+      3.528
STA_CRL:  METSHOVI         C:   .957   .986   .953   .135   .108   .107   .075   .167   .072   .379   .119   .116   .128   .737   .454
STA_GCX:  MIAMI20          X:    961255210.38 -+      1.912  Y:  -5674092607.04 -+      7.607  Z:   2740533821.44 -+      4.053 Obs_used:    5484 Obs_tot:    5512 Ses_used:    19 Ses_tot:    19 Date_beg: 1995.06.13 Date_end: 1996.06.04
STA_GCU:  MIAMI20          U:            4.13 -+      8.623  E:            2.81 -+      1.385  N:          -13.69 -+      1.291
STA_CRL:  MIAMI20          C:  -.678   .620  -.937   .586  -.151   .123  -.288   .421  -.415  -.334   .176  -.313   .442   .237  -.767
STA_GCX:  MILESMON         X:  -1204438493.83 -+   9969.904  Y:  -4239211546.36 -+   9991.791  Z:   4596265782.35 -+   9992.787 Obs_used:     156 Obs_tot:     156 Ses_used:     1 Ses_tot:     1 Date_beg: 1988.04.15 Date_end: 1988.04.15
STA_GCU:  MILESMON         U:           14.10 -+   9999.257  E:          553.51 -+   9969.079  N:         -417.39 -+   9986.141
STA_CRL:  MILESMON         C:   .001  -.001  -.001   .000   .001  -.001   .001   .000  -.001   .001  -.001  -.001   .000  -.001  -.001
STA_GCX:  MIURA            X:  -3976129786.93 -+     18.386  Y:   3377927851.22 -+     15.124  Z:   3656753901.43 -+     16.686 Obs_used:   17662 Obs_tot:   18260 Ses_used:    15 Ses_tot:    15 Date_beg: 1995.05.22 Date_end: 2000.11.07
STA_GCU:  MIURA            U:          100.57 -+     28.692  E:          132.50 -+      3.270  N:           -8.02 -+      3.350
STA_CRL:  MIURA            C:  -.962  -.956   .968   .976  -.940  -.934  -.940   .976   .946  -.958  -.930   .941   .972  -.951   .964
STA_GCX:  MIURA____000901  X:  -3976129777.73 -+     14.994  Y:   3377927836.07 -+     12.353  Z:   3656753899.96 -+     13.628 Obs_used:       0 Obs_tot:       0 Ses_used:     0 Ses_tot:     0 Date_beg:            Date_end:           
STA_GCU:  MIURA____000901  U:           85.98 -+     23.416  E:          138.08 -+      2.675  N:            0.48 -+      2.769
STA_CRL:  MIURA____000901  C:  -.961  -.956   .966   .949  -.914  -.909  -.915   .949   .920  -.958  -.906   .915   .946  -.951   .964
STA_GCX:  MIYAZAKI         X:  -3582767902.38 -+    411.482  Y:   4052033661.13 -+    267.565  Z:   3369020105.68 -+    423.027 Obs_used:     740 Obs_tot:     823 Ses_used:     8 Ses_tot:     8 Date_beg: 1986.10.14 Date_end: 1993.12.02
STA_GCU:  MIYAZAKI         U:         -327.71 -+    461.185  E:           27.90 -+    224.912  N:           38.69 -+    395.705
STA_CRL:  MIYAZAKI         C:  -.694   .178   .577   .985  -.685   .175  -.679   .981   .565  -.696   .175   .570   .985   .171   .580
STA_GCX:  MIZNAO10         X:  -3857236101.54 -+      6.990  Y:   3108803329.55 -+      5.762  Z:   4003883087.50 -+      7.281 Obs_used:    3431 Obs_tot:    3486 Ses_used:    19 Ses_tot:    19 Date_beg: 1993.07.14 Date_end: 2006.10.12
STA_GCU:  MIZNAO10         U:           76.04 -+     11.495  E:           22.37 -+      1.178  N:           35.47 -+      1.242
STA_CRL:  MIZNAO10         C:  -.965  -.971   .963   .241  -.225  -.205  -.212   .255   .199  -.633  -.192   .198   .209  -.650   .648
STA_GCX:  MIZUSGSI         X:  -3862411883.87 -+     27.025  Y:   3105015134.30 -+     15.550  Z:   4001944892.05 -+     16.721 Obs_used:    1047 Obs_tot:    1047 Ses_used:     6 Ses_tot:     6 Date_beg: 1991.09.18 Date_end: 1991.11.26
STA_GCU:  MIZUSGSI         U:           56.50 -+     28.223  E:           41.08 -+     20.969  N:           61.10 -+      3.933
STA_CRL:  MIZUSGSI         C:   .015  -.793   .573   .114  -.148  -.160  -.100   .172   .159  -.633  -.087   .129   .158  -.650   .647
STA_GCX:  MK-VLBA          X:  -5464075143.03 -+      0.553  Y:  -2495248302.20 -+      0.418  Z:   2148297263.74 -+      0.427 Obs_used:  419587 Obs_tot:  429314 Ses_used:   256 Ses_tot:   256 Date_beg: 1993.07.19 Date_end: 2019.04.01
STA_GCU:  MK-VLBA          U:            1.85 -+      0.669  E:           -1.99 -+      0.299  N:           -2.01 -+      0.355
STA_CRL:  MK-VLBA          C:   .619  -.475  -.321   .477   .327  -.239   .171   .297  -.100   .097  -.106  -.087   .259  -.573  -.015
STA_GCX:  MK-VLBA__061015  X:  -5464075145.18 -+      0.443  Y:  -2495248302.75 -+      0.349  Z:   2148297265.57 -+      0.376 Obs_used:       0 Obs_tot:       0 Ses_used:     0 Ses_tot:     0 Date_beg:            Date_end:           
STA_GCU:  MK-VLBA__061015  U:            4.53 -+      0.530  E:           -2.38 -+      0.266  N:           -1.03 -+      0.328
STA_CRL:  MK-VLBA__061015  C:   .545  -.395  -.223  -.266  -.224   .184  -.114  -.026   .087   .097   .081   .072   .069  -.573  -.015
STA_GCX:  MOJ 7288         X:  -2356494338.82 -+     13.676  Y:  -4646607499.33 -+     26.727  Z:   3668426501.53 -+     21.689 Obs_used:     540 Obs_tot:     540 Ses_used:     1 Ses_tot:     1 Date_beg: 1987.11.01 Date_end: 1987.11.01
STA_GCU:  MOJ 7288         U:         -100.82 -+     36.839  E:           51.86 -+      2.196  N:          -43.10 -+      3.129
STA_CRL:  MOJ 7288         C:   .984  -.975  -.983   .141   .079  -.114   .089   .140  -.144   .468  -.090  -.101   .194  -.539  -.676
STA_GCX:  MOJAVE12         X:  -2356171234.75 -+      2.062  Y:  -4646755726.52 -+      3.798  Z:   3668470504.95 -+      4.346 Obs_used:  247993 Obs_tot:  248119 Ses_used:   720 Ses_tot:   720 Date_beg: 1983.06.27 Date_end: 1992.08.31
STA_GCU:  MOJAVE12         U:          -57.22 -+      5.437  E:           -3.35 -+      1.601  N:          -10.98 -+      2.333
STA_CRL:  MOJAVE12         C:   .597  -.608  -.734   .903   .535  -.552   .569   .961  -.706   .470  -.570  -.686   .946  -.541  -.677
STA_GCX:  MOJAVE12_920627  X:  -2356171257.69 -+      2.280  Y:  -4646755730.98 -+      4.185  Z:   3668470497.04 -+      4.510 Obs_used:       0 Obs_tot:       0 Ses_used:     0 Ses_tot:     0 Date_beg:            Date_end:           
STA_GCU:  MOJAVE12_920627  U:          -50.08 -+      5.870  E:          -21.79 -+      1.747  N:          -25.74 -+      2.355
STA_CRL:  MOJAVE12_920627  C:   .606  -.616  -.747   .723   .426  -.475   .452   .772  -.605   .470  -.463  -.553   .821  -.541  -.677
STA_GCX:  MON PEAK         X:  -2386290041.24 -+     23.517  Y:  -4802345900.11 -+     47.573  Z:   3444884173.99 -+     34.198 Obs_used:    8100 Obs_tot:    8121 Ses_used:    37 Ses_tot:    37 Date_beg: 1982.10.16 Date_end: 1990.11.11
STA_GCU:  MON PEAK         U:          -49.64 -+     62.296  E:            9.80 -+      6.360  N:           14.23 -+      8.032
STA_CRL:  MON PEAK         C:   .955  -.929  -.960   .969   .925  -.899   .925   .970  -.930   .954  -.898  -.930   .968  -.929  -.960
STA_GCX:  NL-VLBA          X:   -130872453.86 -+      0.191  Y:  -4762317095.54 -+      0.271  Z:   4226851006.79 -+      0.250 Obs_used:  587843 Obs_tot:  601185 Ses_used:   261 Ses_tot:   261 Date_beg: 1992.08.28 Date_end: 2019.04.01
STA_GCU:  NL-VLBA          U:           -0.49 -+      0.293  E:            0.12 -+      0.192  N:            0.15 -+      0.222
STA_CRL:  NL-VLBA          C:  -.172  -.069  -.265   .233  -.050  -.011  -.080   .215   .081  -.112  -.008   .043   .123  -.031  -.058
STA_GCX:  NOBEY 6M         X:  -3871169474.63 -+    361.537  Y:   3428275346.52 -+    328.634  Z:   3723698582.85 -+    329.768 Obs_used:     606 Obs_tot:     606 Ses_used:     6 Ses_tot:     6 Date_beg: 1990.01.23 Date_end: 1991.07.09
STA_GCU:  NOBEY 6M         U:          423.37 -+    565.981  E:          -24.36 -+    110.022  N:          -82.32 -+    122.545
STA_CRL:  NOBEY 6M         C:  -.898  -.890   .862   .998  -.896  -.888  -.893   .998   .859  -.896  -.885   .859   .998  -.888   .860
STA_GCX:  NOME             X:  -2658151031.38 -+     57.353  Y:   -693822096.64 -+     23.890  Z:   5737236667.63 -+    109.606 Obs_used:    1708 Obs_tot:    1708 Ses_used:    10 Ses_tot:    10 Date_beg: 1984.07.14 Date_end: 1990.06.20
STA_GCU:  NOME             U:          204.89 -+    123.049  E:           -4.24 -+     15.583  N:          -24.21 -+     22.132
STA_CRL:  NOME             C:   .749  -.917  -.682   .958   .737  -.855   .724   .979  -.637   .765  -.875  -.664   .947  -.905  -.677
STA_GCX:  NOTO             X:   4934562896.61 -+      0.949  Y:   1321201490.05 -+      0.341  Z:   3806484690.61 -+      0.753 Obs_used:  140555 Obs_tot:  148956 Ses_used:   203 Ses_tot:   203 Date_beg: 1989.06.03 Date_end: 2018.08.01
STA_GCU:  NOTO             U:           10.22 -+      1.206  E:            0.47 -+      0.225  N:           -3.16 -+      0.280
STA_CRL:  NOTO             C:   .730   .886   .713   .260   .182   .203   .075   .175   .074  -.293   .116   .102   .174   .303   .144
STA_GCX:  NRAO 140         X:    882879697.18 -+      0.736  Y:  -4924482328.64 -+      2.019  Z:   3944130713.55 -+      1.640 Obs_used:    6921 Obs_tot:    6965 Ses_used:    15 Ses_tot:    15 Date_beg: 1979.08.03 Date_end: 1996.05.22
STA_GCU:  NRAO 140         U:            4.46 -+      2.456  E:           -5.10 -+      0.694  N:           -5.39 -+      0.891
STA_CRL:  NRAO 140         C:  -.328   .249  -.757   .595  -.178   .148  -.282   .825  -.690  -.163   .190  -.552   .705   .135  -.634
STA_GCX:  NRAO20           X:    883772560.23 -+      0.530  Y:  -4924385620.39 -+      1.390  Z:   3944042529.37 -+      1.182 Obs_used:  207596 Obs_tot:  210520 Ses_used:   327 Ses_tot:   327 Date_beg: 1995.02.07 Date_end: 2000.06.27
STA_GCU:  NRAO20           U:           17.54 -+      1.753  E:           -3.02 -+      0.496  N:           -7.07 -+      0.542
STA_CRL:  NRAO20           C:  -.341   .273  -.822   .623  -.195   .154  -.294   .891  -.723  -.163   .196  -.608   .750   .136  -.635
STA_GCX:  NRAO85 1         X:    883555363.99 -+      0.800  Y:  -4924490914.50 -+      2.364  Z:   3943962020.80 -+      1.944 Obs_used:     742 Obs_tot:     742 Ses_used:     2 Ses_tot:     2 Date_beg: 1992.10.30 Date_end: 1992.11.11
STA_GCU:  NRAO85 1         U:           28.12 -+      2.790  E:           -0.60 -+      0.738  N:           11.91 -+      1.295
STA_CRL:  NRAO85 1         C:  -.380   .196  -.632   .545  -.154   .127  -.260   .700  -.580  -.162   .176  -.473   .597   .135  -.634
STA_GCX:  NRAO85 3         X:    882325383.32 -+      0.684  Y:  -4925138021.00 -+      1.774  Z:   3943397715.74 -+      1.499 Obs_used:  166071 Obs_tot:  166344 Ses_used:   539 Ses_tot:   539 Date_beg: 1989.02.15 Date_end: 1996.08.20
STA_GCU:  NRAO85 3         U:           16.73 -+      2.222  E:           -3.84 -+      0.638  N:           -7.23 -+      0.717
STA_CRL:  NRAO85 3         C:  -.340   .274  -.806   .626  -.206   .166  -.305   .922  -.751  -.163   .209  -.629   .773   .135  -.634
STA_GCX:  NYALES20         X:   1202462568.49 -+      0.238  Y:    252734498.12 -+      0.221  Z:   6237766174.69 -+      0.237 Obs_used: 1862817 Obs_tot: 1906686 Ses_used:  2011 Ses_tot:  2011 Date_beg: 1994.10.04 Date_end: 2019.06.17
STA_GCU:  NYALES20         U:           -0.13 -+      0.242  E:            1.97 -+      0.219  N:           -0.96 -+      0.235
STA_CRL:  NYALES20         C:   .051   .154  -.228   .241   .022   .017   .017   .235  -.050  -.182   .016  -.048   .088  -.044  -.508
STA_GCX:  OCOTILLO         X:  -2335604047.67 -+   1577.094  Y:  -4832249273.93 -+   3325.892  Z:   3434393485.59 -+   2856.680 Obs_used:     245 Obs_tot:     248 Ses_used:     2 Ses_tot:     2 Date_beg: 1984.03.03 Date_end: 1985.03.04
STA_GCU:  OCOTILLO         U:         5373.89 -+   4500.971  E:         -553.18 -+    547.097  N:        -2391.82 -+   1073.006
STA_CRL:  OCOTILLO         C:   .927  -.810  -.906   .000   .927  -.810   .926   .000  -.906   .927  -.808  -.905   .000  -.808  -.905
STA_GCX:  OHIGGINS         X:   1525833237.27 -+      1.680  Y:  -2432463662.32 -+      2.400  Z:  -5676174426.63 -+      5.507 Obs_used:   19309 Obs_tot:   20481 Ses_used:   138 Ses_tot:   138 Date_beg: 1993.01.25 Date_end: 2018.05.15
STA_GCU:  OHIGGINS         U:          -60.71 -+      6.124  E:           -2.87 -+      0.829  N:            2.50 -+      0.850
STA_CRL:  OHIGGINS         C:  -.817  -.857   .926   .232  -.082  -.089  -.094   .173   .090  -.240  -.222   .194   .241  -.241   .357
STA_GCX:  ONSALA60         X:   3370605844.62 -+      0.250  Y:    711917676.54 -+      0.171  Z:   5349830871.50 -+      0.249 Obs_used:  896800 Obs_tot:  917494 Ses_used:  1011 Ses_tot:  1011 Date_beg: 1980.07.26 Date_end: 2019.05.20
STA_GCU:  ONSALA60         U:            3.46 -+      0.269  E:            1.74 -+      0.170  N:           -2.61 -+      0.230
STA_CRL:  ONSALA60         C:   .104   .197  -.110   .197   .024  -.051   .014   .155  -.036  -.455  -.039  -.042   .049  -.153  -.214
STA_GCX:  OV-VLBA          X:  -2409150347.59 -+      0.206  Y:  -4478573136.19 -+      0.286  Z:   3838617346.17 -+      0.272 Obs_used:  590335 Obs_tot:  602765 Ses_used:   253 Ses_tot:   253 Date_beg: 1992.08.28 Date_end: 2019.04.01
STA_GCU:  OV-VLBA          U:           -0.47 -+      0.303  E:           -1.78 -+      0.214  N:           -0.68 -+      0.246
STA_CRL:  OV-VLBA          C:   .107  -.168  -.162   .196  -.051   .031  -.058   .202   .067  -.351   .030   .042   .158  -.122  -.100
STA_GCX:  OVR 7853         X:  -2410421511.93 -+     12.710  Y:  -4477800206.17 -+     23.906  Z:   3838690188.34 -+     21.411 Obs_used:     564 Obs_tot:     564 Ses_used:     1 Ses_tot:     1 Date_beg: 1987.11.01 Date_end: 1987.11.01
STA_GCU:  OVR 7853         U:            0.14 -+     33.942  E:         -418.64 -+      3.943  N:         -171.75 -+      4.886
STA_CRL:  OVR 7853         C:   .939  -.921  -.956   .453   .388  -.368   .356   .492  -.423   .755  -.327  -.410   .491  -.712  -.825
STA_GCX:  OVRO 130         X:  -2409601057.22 -+      5.996  Y:  -4478349385.58 -+     12.168  Z:   3838603117.00 -+     10.927 Obs_used:   30528 Obs_tot:   30731 Ses_used:   127 Ses_tot:   127 Date_beg: 1979.08.03 Date_end: 1988.11.09
STA_GCU:  OVRO 130         U:          -71.12 -+     16.471  E:            8.70 -+      3.509  N:           -2.48 -+      4.450
STA_CRL:  OVRO 130         C:   .802  -.751  -.854   .949   .755  -.714   .751   .966  -.823   .755  -.688  -.799   .959  -.713  -.825
STA_GCX:  PARKES           X:  -4554232376.35 -+     10.482  Y:   2816758870.48 -+      6.515  Z:  -3454035157.24 -+      8.035 Obs_used:   21296 Obs_tot:   22000 Ses_used:    62 Ses_tot:    62 Date_beg: 1992.05.23 Date_end: 2016.08.09
STA_GCU:  PARKES           U:          -82.39 -+     14.708  E:            0.53 -+      0.431  N:           -2.51 -+      0.619
STA_CRL:  PARKES           C:  -.997   .995  -.994   .091  -.091   .091  -.086   .086  -.086  -.865   .091  -.092   .095   .864  -.774
STA_GCX:  PBLOSSOM         X:  -2464071231.82 -+     70.319  Y:  -4649425018.29 -+    130.415  Z:   3593905592.13 -+     97.172 Obs_used:    1517 Obs_tot:    1528 Ses_used:    10 Ses_tot:    10 Date_beg: 1983.02.21 Date_end: 1988.02.08
STA_GCU:  PBLOSSOM         U:          -70.35 -+    174.684  E:          -74.08 -+     16.863  N:         -160.21 -+     24.425
STA_CRL:  PBLOSSOM         C:   .963  -.941  -.953   .980   .947  -.923   .941   .980  -.932   .965  -.921  -.936   .978  -.945  -.956
STA_GCX:  PENTICTN         X:  -2058840706.62 -+      8.233  Y:  -3621286418.09 -+     36.212  Z:   4814420606.70 -+     45.914 Obs_used:    3422 Obs_tot:    3605 Ses_used:    21 Ses_tot:    21 Date_beg: 1984.08.24 Date_end: 2001.06.06
STA_GCU:  PENTICTN         U:          -58.41 -+     57.506  E:          -20.03 -+     12.513  N:          -10.74 -+      4.863
STA_CRL:  PENTICTN         C:   .839  -.839  -.994   .859   .660  -.659   .863   .948  -.940   .834  -.862  -.939   .945  -.838  -.990
STA_GCX:  PIETOWN          X:  -1640953897.51 -+      0.196  Y:  -5014816039.66 -+      0.282  Z:   3575411798.88 -+      0.261 Obs_used:  640663 Obs_tot:  655247 Ses_used:   302 Ses_tot:   302 Date_beg: 1988.09.08 Date_end: 2019.04.01
STA_GCU:  PIETOWN          U:           -1.38 -+      0.291  E:           -2.49 -+      0.207  N:           -2.84 -+      0.242
STA_CRL:  PIETOWN          C:  -.016  -.163  -.145   .161  -.049   .004  -.075   .151   .096  -.323   .008   .057   .117  -.117  -.205
STA_GCX:  PINFLATS         X:  -2369636412.10 -+     46.926  Y:  -4761324573.73 -+     90.608  Z:   3511116286.76 -+     68.559 Obs_used:    3539 Obs_tot:    3550 Ses_used:    20 Ses_tot:    20 Date_beg: 1983.10.31 Date_end: 1990.02.10
STA_GCU:  PINFLATS         U:           -5.54 -+    121.310  E:          -14.51 -+     13.072  N:            3.39 -+     15.007
STA_CRL:  PINFLATS         C:   .950  -.934  -.963   .984   .937  -.918   .932   .983  -.944   .951  -.917  -.948   .982  -.934  -.963
STA_GCX:  PLATTVIL         X:  -1240708379.86 -+     18.590  Y:  -4720454314.21 -+     56.088  Z:   4094481414.07 -+     47.476 Obs_used:    5110 Obs_tot:    5111 Ses_used:    23 Ses_tot:    23 Date_beg: 1983.06.07 Date_end: 1990.10.28
STA_GCU:  PLATTVIL         U:         -125.75 -+     74.497  E:           28.11 -+      8.656  N:          -27.21 -+     10.980
STA_CRL:  PLATTVIL         C:   .881  -.849  -.957   .984   .860  -.829   .869   .978  -.935   .882  -.837  -.934   .976  -.852  -.956
STA_GCX:  PRESIDIO         X:  -2707705197.49 -+     49.434  Y:  -4257608925.81 -+     77.600  Z:   3888374226.29 -+     68.856 Obs_used:    4124 Obs_tot:    4133 Ses_used:    21 Ses_tot:    21 Date_beg: 1983.08.25 Date_end: 1991.07.18
STA_GCU:  PRESIDIO         U:          -50.20 -+    113.210  E:          -21.28 -+     11.993  N:           43.11 -+     15.695
STA_CRL:  PRESIDIO         C:   .959  -.941  -.956   .989   .948  -.933   .949   .989  -.948   .960  -.930  -.943   .988  -.943  -.957
STA_GCX:  PRESIDIO_891001  X:  -2707705190.37 -+     42.475  Y:  -4257608925.66 -+     66.629  Z:   3888374212.62 -+     59.433 Obs_used:       0 Obs_tot:       0 Ses_used:     0 Ses_tot:     0 Date_beg:            Date_end:           
STA_GCU:  PRESIDIO_891001  U:          -61.70 -+     97.403  E:          -15.35 -+     10.358  N:           34.73 -+     13.460
STA_CRL:  PRESIDIO_891001  C:   .958  -.942  -.956   .980   .940  -.923   .940   .981  -.937   .960  -.923  -.937   .979  -.943  -.957
STA_GCX:  PT REYES         X:  -2732333614.40 -+     37.480  Y:  -4217634399.76 -+     56.793  Z:   3914491556.60 -+     53.007 Obs_used:    3350 Obs_tot:    3354 Ses_used:    19 Ses_tot:    19 Date_beg: 1983.08.27 Date_end: 1991.07.13
STA_GCU:  PT REYES         U:         -122.18 -+     84.938  E:            6.34 -+      9.583  N:            0.00 -+     11.558
STA_CRL:  PT REYES         C:   .953  -.941  -.957   .978   .930  -.919   .930   .977  -.934   .952  -.916  -.931   .976  -.939  -.955
STA_GCX:  PVERDES          X:  -2525453257.44 -+     77.868  Y:  -4670034839.74 -+    138.946  Z:   3522886851.90 -+    105.418 Obs_used:    1497 Obs_tot:    1501 Ses_used:     9 Ses_tot:     9 Date_beg: 1983.11.12 Date_end: 1990.02.05
STA_GCU:  PVERDES          U:         -181.82 -+    188.961  E:           -3.27 -+     17.689  N:          -16.96 -+     21.525
STA_CRL:  PVERDES          C:   .966  -.950  -.968   .980   .945  -.927   .946   .978  -.946   .966  -.929  -.946   .977  -.949  -.968
STA_GCX:  QUINCY           X:  -2517231242.88 -+     27.333  Y:  -4198595061.03 -+     44.714  Z:   4076531181.92 -+     41.994 Obs_used:    4791 Obs_tot:    4800 Ses_used:    22 Ses_tot:    22 Date_beg: 1982.10.21 Date_end: 1990.10.08
STA_GCU:  QUINCY           U:           50.01 -+     65.923  E:           25.49 -+      8.116  N:           27.13 -+      9.905
STA_CRL:  QUINCY           C:   .939  -.914  -.954   .975   .915  -.890   .915   .974  -.928   .940  -.889  -.927   .971  -.917  -.955
STA_GCX:  RAEGYEB          X:   4848831126.73 -+      0.772  Y:   -261629590.29 -+      0.212  Z:   4122976433.55 -+      0.699 Obs_used:   40140 Obs_tot:   41035 Ses_used:    35 Ses_tot:    35 Date_beg: 2015.02.16 Date_end: 2016.01.07
STA_GCU:  RAEGYEB          U:          -19.70 -+      1.007  E:          -53.26 -+      0.213  N:          -54.79 -+      0.266
STA_CRL:  RAEGYEB          C:  -.065   .869  -.069  -.296  -.022  -.309  -.007  -.160  -.010  -.258  -.197  -.024  -.215   .353   .030
STA_GCX:  RICHMOND         X:    961257934.15 -+      1.852  Y:  -5674090061.72 -+      4.659  Z:   2740533830.34 -+      2.879 Obs_used:  171966 Obs_tot:  173157 Ses_used:   753 Ses_tot:   753 Date_beg: 1984.01.04 Date_end: 1992.08.20
STA_GCU:  RICHMOND         U:            7.20 -+      5.348  E:            3.94 -+      1.658  N:          -16.38 -+      1.440
STA_CRL:  RICHMOND         C:  -.419   .296  -.838   .829  -.347   .243  -.415   .975  -.822  -.336   .256  -.723   .862   .238  -.769
STA_GCX:  ROBLED32         X:   4849245142.01 -+     50.706  Y:   -360277909.55 -+     11.056  Z:   4114884746.15 -+     34.680 Obs_used:      97 Obs_tot:     103 Ses_used:     1 Ses_tot:     1 Date_beg: 1983.05.05 Date_end: 1983.05.05
STA_GCU:  ROBLED32         U:           18.13 -+     60.596  E:           -0.73 -+      9.275  N:          -37.58 -+     11.752
STA_CRL:  ROBLED32         C:  -.599   .947  -.544   .073   .011   .093   .005   .070   .004  -.052   .056   .005   .096   .714   .037
STA_GCX:  SAGARA           X:  -3913435645.14 -+   4124.408  Y:   3501122336.24 -+   2434.299  Z:   3608592140.72 -+   3930.141 Obs_used:     463 Obs_tot:     503 Ses_used:     3 Ses_tot:     3 Date_beg: 1992.11.23 Date_end: 1993.02.28
STA_GCU:  SAGARA           U:        -2364.35 -+   4534.174  E:        -1121.48 -+   2311.262  N:          198.13 -+   3532.973
STA_CRL:  SAGARA           C:  -.552   .069   .744   .000  -.552   .070  -.552   .000   .744  -.552   .070   .744   .000   .070   .744
STA_GCX:  SANPAULA         X:  -2554477391.41 -+     73.932  Y:  -4608627014.24 -+    131.335  Z:   3582138652.24 -+    100.122 Obs_used:    1519 Obs_tot:    1521 Ses_used:    10 Ses_tot:    10 Date_beg: 1983.08.31 Date_end: 1990.01.31
STA_GCU:  SANPAULA         U:         -117.52 -+    178.883  E:          -22.52 -+     16.834  N:          -46.51 -+     21.374
STA_CRL:  SANPAULA         C:   .966  -.956  -.963   .976   .943  -.932   .940   .976  -.937   .965  -.929  -.937   .973  -.955  -.961
STA_GCX:  SANTIA12         X:   1769693418.34 -+      8.587  Y:  -5044504630.65 -+     15.173  Z:  -3468434816.86 -+     11.524 Obs_used:   23631 Obs_tot:   23821 Ses_used:   125 Ses_tot:   125 Date_beg: 1991.11.20 Date_end: 1996.11.25
STA_GCU:  SANTIA12         U:            9.80 -+     18.899  E:            6.99 -+      6.060  N:           -5.38 -+      6.544
STA_CRL:  SANTIA12         C:  -.665  -.610   .741   .964  -.635  -.588  -.646   .983   .725  -.627  -.596   .723   .990  -.571   .703
STA_GCX:  SC-VLBA          X:   2607848616.88 -+      0.270  Y:  -5488069568.43 -+      0.470  Z:   1932739697.83 -+      0.272 Obs_used:  419900 Obs_tot:  432942 Ses_used:   237 Ses_tot:   237 Date_beg: 1993.06.25 Date_end: 2019.04.01
STA_GCU:  SC-VLBA          U:            6.41 -+      0.540  E:            0.28 -+      0.172  N:           -0.13 -+      0.216
STA_CRL:  SC-VLBA          C:  -.716   .299  -.587   .100  -.022  -.037  -.044   .082  -.026   .137  -.022  -.017   .102   .312  -.526
STA_GCX:  SEATTLE1         X:  -2295348031.88 -+    150.435  Y:  -3638029139.46 -+   1070.307  Z:   4693408147.92 -+   1065.629 Obs_used:     542 Obs_tot:     543 Ses_used:     3 Ses_tot:     3 Date_beg: 1986.08.27 Date_end: 1990.08.09
STA_GCU:  SEATTLE1         U:           90.75 -+   1444.135  E:           60.81 -+    465.702  N:          170.54 -+     36.715
STA_CRL:  SEATTLE1         C:   .863  -.876  -.998   .986   .877  -.887   .856   .999  -.997   .876  -.867  -.998   .999  -.887  -.999
STA_GCX:  SEJONG           X:  -3110079902.15 -+      1.744  Y:   4082066688.18 -+      2.091  Z:   3775076797.13 -+      1.984 Obs_used:  175942 Obs_tot:  182475 Ses_used:   196 Ses_tot:   196 Date_beg: 2014.09.29 Date_end: 2019.06.24
STA_GCU:  SEJONG           U:           46.23 -+      3.212  E:           44.67 -+      0.703  N:          -14.16 -+      0.735
STA_CRL:  SEJONG           C:  -.864  -.846   .873  -.903   .801   .773   .841  -.952  -.852  -.730   .729  -.764  -.832  -.685   .755
STA_GCX:  SESHAN25         X:  -2831687302.04 -+      0.320  Y:   4675733523.17 -+      0.404  Z:   3275327532.66 -+      0.429 Obs_used:  284945 Obs_tot:  292224 Ses_used:   392 Ses_tot:   392 Date_beg: 1988.04.09 Date_end: 2019.06.17
STA_GCU:  SESHAN25         U:            0.55 -+      0.490  E:           -0.75 -+      0.287  N:           -5.39 -+      0.356
STA_CRL:  SESHAN25         C:  -.315  -.391   .247   .029   .098   .030   .179  -.033  -.156   .446   .028  -.070   .059  -.087   .241
STA_GCX:  SEST             X:   1838235930.26 -+   3730.465  Y:  -5258695123.87 -+   6053.864  Z:  -3100594277.29 -+   3541.991 Obs_used:     353 Obs_tot:     353 Ses_used:     3 Ses_tot:     3 Date_beg: 1990.04.18 Date_end: 1990.05.24
STA_GCU:  SEST             U:        -1726.67 -+   6248.924  E:          986.32 -+   3378.101  N:        -1982.31 -+   3556.785
STA_CRL:  SEST             C:  -.354  -.127   .335   .000  -.354  -.126  -.353   .000   .334  -.353  -.126   .335   .000  -.126   .334
STA_GCX:  SHANGHAI         X:  -2847696068.59 -+   9999.724  Y:   4659874404.14 -+   9999.342  Z:   3283960544.40 -+   9999.232 Obs_used:     138 Obs_tot:     168 Ses_used:     1 Ses_tot:     1 Date_beg: 1986.06.13 Date_end: 1986.06.13
STA_GCU:  SHANGHAI         U:         1228.12 -+   9999.809  E:        -3300.34 -+   9999.525  N:         1700.13 -+   9998.964
STA_CRL:  SHANGHAI         C:  -.000  -.000   .000   .000  -.000  -.000  -.000   .000   .000  -.000  -.000   .000   .000  -.000   .000
STA_GCX:  SINTOTU          X:  -3642142101.62 -+     76.434  Y:   2861496745.38 -+     66.476  Z:   4370361651.82 -+     73.694 Obs_used:     529 Obs_tot:     529 Ses_used:     3 Ses_tot:     3 Date_beg: 1990.07.26 Date_end: 1990.07.30
STA_GCU:  SINTOTU          U:          160.97 -+    113.686  E:         -251.82 -+     51.491  N:           67.53 -+     10.782
STA_CRL:  SINTOTU          C:  -.468  -.849   .858   .113  -.105  -.124  -.103   .117   .125  -.835  -.106   .109   .130  -.894   .899
STA_GCX:  SINTOTU3         X:  -3642142219.96 -+      3.210  Y:   2861496686.44 -+      2.596  Z:   4370361717.96 -+      3.780 Obs_used:   19740 Obs_tot:   20615 Ses_used:    94 Ses_tot:    94 Date_beg: 1995.11.21 Date_end: 2013.12.04
STA_GCU:  SINTOTU3         U:           -9.06 -+      5.530  E:            8.56 -+      0.647  N:           -5.24 -+      0.580
STA_CRL:  SINTOTU3         C:  -.949  -.970   .960   .132  -.113  -.110  -.096   .103   .084  -.835  -.102   .092   .105  -.895   .899
STA_GCX:  SNDPOINT         X:  -3425462289.10 -+     85.034  Y:  -1214669075.58 -+     50.235  Z:   5223858060.36 -+    127.786 Obs_used:    2437 Obs_tot:    2437 Ses_used:    13 Ses_tot:    13 Date_beg: 1984.07.14 Date_end: 1990.07.12
STA_GCU:  SNDPOINT         U:          256.69 -+    157.669  E:           27.48 -+     29.575  N:            0.33 -+     18.688
STA_CRL:  SNDPOINT         C:   .808  -.966  -.838   .978   .803  -.949   .789   .991  -.821   .810  -.941  -.829   .978  -.967  -.840
STA_GCX:  SOURDOGH         X:  -2419993973.60 -+     84.364  Y:  -1664228732.43 -+     64.279  Z:   5643537986.68 -+    194.597 Obs_used:    4156 Obs_tot:    4158 Ses_used:    16 Ses_tot:    16 Date_beg: 1984.07.31 Date_end: 1989.08.03
STA_GCU:  SOURDOGH         U:          106.44 -+    217.749  E:          -22.39 -+     32.365  N:           15.52 -+     25.593
STA_CRL:  SOURDOGH         C:   .798  -.921  -.903   .993   .790  -.913   .790   .993  -.895   .795  -.913  -.895   .992  -.919  -.901
STA_GCX:  SOURDOGH_871201  X:  -2419993954.93 -+     73.776  Y:  -1664228757.44 -+     56.265  Z:   5643538025.72 -+    169.934 Obs_used:       0 Obs_tot:       0 Ses_used:     0 Ses_tot:     0 Date_beg:            Date_end:           
STA_GCU:  SOURDOGH_871201  U:          140.57 -+    190.204  E:            8.80 -+     28.426  N:           34.53 -+     22.371
STA_CRL:  SOURDOGH_871201  C:   .797  -.920  -.902   .990   .787  -.911   .788   .992  -.894   .795  -.910  -.892   .990  -.919  -.901
STA_GCX:  SUWON            X:  -3062016076.86 -+   7295.735  Y:   4055460608.18 -+   8217.384  Z:   3841810812.21 -+   9952.717 Obs_used:     567 Obs_tot:     575 Ses_used:     3 Ses_tot:     3 Date_beg: 1995.10.24 Date_end: 1995.11.01
STA_GCU:  SUWON            U:          999.27 -+   9953.137  E:       -10822.03 -+   4597.137  N:          514.00 -+   9980.537
STA_CRL:  SUWON            C:  -.647  -.081  -.060   .000  -.647  -.081  -.647   .000  -.060  -.647  -.081  -.060   .000  -.081  -.060
STA_GCX:  SVETLOE          X:   2730173726.27 -+      0.296  Y:   1562442754.56 -+      0.211  Z:   5529969115.76 -+      0.416 Obs_used:  541809 Obs_tot:  566988 Ses_used:   580 Ses_tot:   580 Date_beg: 2003.03.06 Date_end: 2019.05.16
STA_GCU:  SVETLOE          U:            3.17 -+      0.457  E:            2.33 -+      0.188  N:           -4.07 -+      0.247
STA_CRL:  SVETLOE          C:   .366   .487   .258   .117   .006  -.068   .003   .133  -.066  -.357  -.075  -.085  -.046  -.006  -.255
STA_GCX:  SYOWA            X:   1766194196.72 -+      1.701  Y:   1460410911.79 -+      1.423  Z:  -5932273349.17 -+      5.279 Obs_used:   16862 Obs_tot:   17541 Ses_used:    80 Ses_tot:    80 Date_beg: 1999.11.08 Date_end: 2016.02.10
STA_GCU:  SYOWA            U:            5.78 -+      5.634  E:           -4.21 -+      0.746  N:           -2.16 -+      0.703
STA_CRL:  SYOWA            C:   .766  -.891  -.862   .061   .001  -.018   .020   .068  -.033   .139  -.053  -.047   .071  -.417  -.306
STA_GCX:  TATEYAMA         X:  -4000983199.43 -+     27.637  Y:   3375275908.39 -+     22.897  Z:   3632213287.54 -+     25.367 Obs_used:   22620 Obs_tot:   23645 Ses_used:    19 Ses_tot:    19 Date_beg: 1997.11.01 Date_end: 2001.06.11
STA_GCU:  TATEYAMA         U:          176.04 -+     43.570  E:          175.95 -+      4.300  N:           16.74 -+      3.839
STA_CRL:  TATEYAMA         C:  -.971  -.975   .978   .985  -.958  -.962  -.958   .986   .964  -.970  -.960   .963   .984  -.973   .977
STA_GCX:  TATEYAMA_000901  X:  -4000983196.45 -+     22.342  Y:   3375275870.03 -+     18.527  Z:   3632213308.37 -+     20.538 Obs_used:       0 Obs_tot:       0 Ses_used:     0 Ses_tot:     0 Date_beg:            Date_end:           
STA_GCU:  TATEYAMA_000901  U:          165.83 -+     35.287  E:          203.35 -+      3.257  N:           49.29 -+      2.909
STA_CRL:  TATEYAMA_000901  C:  -.974  -.978   .980   .974  -.948  -.951  -.949   .974   .954  -.970  -.951   .953   .973  -.973   .977
STA_GCX:  TIANMA65         X:  -2826708521.65 -+      6.873  Y:   4679237116.70 -+     10.503  Z:   3274667597.72 -+      7.639 Obs_used:   10184 Obs_tot:   10383 Ses_used:    18 Ses_tot:    18 Date_beg: 2014.05.27 Date_end: 2018.01.30
STA_GCU:  TIANMA65         U:           37.04 -+     14.067  E:         -136.67 -+      2.587  N:           59.08 -+      3.369
STA_CRL:  TIANMA65         C:  -.899  -.816   .858  -.880   .756   .666   .790  -.870  -.713  -.882   .707  -.723  -.869  -.783   .818
STA_GCX:  TIDBIN64         X:  -4460895165.60 -+      8.779  Y:   2682361529.67 -+      6.054  Z:  -3674747742.94 -+      8.162 Obs_used:    2664 Obs_tot:    2733 Ses_used:    14 Ses_tot:    14 Date_beg: 1988.08.20 Date_end: 2015.05.16
STA_GCU:  TIDBIN64         U:           51.81 -+     12.643  E:            5.43 -+      2.367  N:           -4.82 -+      3.861
STA_CRL:  TIDBIN64         C:  -.890   .814  -.766   .032  -.033   .035  -.017   .002  -.021  -.192   .016  -.017   .020  -.151   .326
STA_GCX:  TIGOCONC         X:   1492054419.65 -+      0.403  Y:  -4887961015.05 -+      0.930  Z:  -3803541238.14 -+      0.755 Obs_used:  247961 Obs_tot:  258705 Ses_used:  1243 Ses_tot:  1243 Date_beg: 2002.05.13 Date_end: 2014.05.29
STA_GCU:  TIGOCONC         U:            2.14 -+      1.189  E:           -0.56 -+      0.288  N:            3.93 -+      0.314
STA_CRL:  TIGOCONC         C:  -.665  -.652   .854   .118  -.057  -.067  -.120   .156   .136  -.189  -.177   .175   .210   .096  -.115
STA_GCX:  TIGOWTZL         X:   4075572471.15 -+      5.273  Y:    931755343.89 -+      1.310  Z:   4801584485.88 -+      6.148 Obs_used:    9930 Obs_tot:   10294 Ses_used:    21 Ses_tot:    21 Date_beg: 1997.12.08 Date_end: 2000.12.18
STA_GCU:  TIGOWTZL         U:            0.05 -+      8.159  E:            1.37 -+      0.612  N:           -3.29 -+      0.616
STA_CRL:  TIGOWTZL         C:   .879   .988   .880   .012   .004  -.002   .001   .023  -.001  -.541  -.001  -.004   .004  -.101  -.092
STA_GCX:  TITIJIMA         X:  -4489356532.70 -+   1932.125  Y:   3482990357.02 -+   2162.576  Z:   2887931838.58 -+   1210.870 Obs_used:     357 Obs_tot:     385 Ses_used:     4 Ses_tot:     4 Date_beg: 1987.11.18 Date_end: 1989.12.05
STA_GCU:  TITIJIMA         U:          593.42 -+   2236.001  E:           43.90 -+   2176.022  N:          340.66 -+    375.870
STA_CRL:  TITIJIMA         C:   .102  -.890   .345   .998   .102  -.889   .102   .999   .344   .101  -.888   .344   .998  -.890   .345
STA_GCX:  TOMAKO11         X:  -3680586327.19 -+    424.322  Y:   2917515919.29 -+    324.986  Z:   4300987844.20 -+    406.844 Obs_used:    1114 Obs_tot:    1174 Ses_used:     2 Ses_tot:     2 Date_beg: 2003.05.21 Date_end: 2003.07.16
STA_GCU:  TOMAKO11         U:            1.99 -+    642.470  E:         -113.20 -+    144.260  N:          148.05 -+    132.697
STA_CRL:  TOMAKO11         C:  -.846  -.899   .884   .000  -.844  -.898  -.847   .000   .884  -.845  -.899   .882   .000  -.899   .883
STA_GCX:  TOULOUSE         X:   4627949160.81 -+   9692.954  Y:    119848164.73 -+   9506.786  Z:   4372864809.86 -+   9686.012 Obs_used:     275 Obs_tot:     275 Ses_used:     3 Ses_tot:     3 Date_beg: 1992.05.10 Date_end: 1992.05.12
STA_GCU:  TOULOUSE         U:          709.37 -+   9988.063  E:         4262.91 -+   9501.951  N:         1573.18 -+   9386.304
STA_CRL:  TOULOUSE         C:   .020   .062  -.013   .000   .020   .063   .020   .000  -.013   .020   .062  -.013   .000   .062  -.013
STA_GCX:  TROMSONO         X:   2102903737.71 -+     48.101  Y:    721602863.67 -+     30.408  Z:   5958201291.56 -+    115.715 Obs_used:    1558 Obs_tot:    1558 Ses_used:     8 Ses_tot:     8 Date_beg: 1989.07.30 Date_end: 1992.08.29
STA_GCU:  TROMSONO         U:         -163.58 -+    124.809  E:           22.93 -+     25.819  N:          -14.57 -+     19.605
STA_CRL:  TROMSONO         C:   .450   .913   .486   .983   .442   .873   .408   .993   .434   .416   .903   .487   .978   .900   .453
STA_GCX:  TRYSILNO         X:   2988029103.83 -+     85.451  Y:    655957196.57 -+     28.826  Z:   5578669498.24 -+    155.942 Obs_used:    3049 Obs_tot:    3049 Ses_used:    15 Ses_tot:    15 Date_beg: 1991.11.08 Date_end: 1993.03.22
STA_GCU:  TRYSILNO         U:          171.69 -+    177.051  E:          -21.25 -+     22.740  N:          -30.38 -+     24.219
STA_CRL:  TRYSILNO         C:   .593   .947   .608   .995   .589   .942   .584   .997   .599   .586   .941   .604   .995   .946   .602
STA_GCX:  TSUKU3           X:  -3957184475.33 -+     32.879  Y:   3310224842.06 -+     27.676  Z:   3737709018.62 -+     31.957 Obs_used:     250 Obs_tot:     258 Ses_used:     1 Ses_tot:     1 Date_beg: 2001.06.14 Date_end: 2001.06.14
STA_GCU:  TSUKU3           U:          -56.31 -+     53.294  E:           -1.07 -+      3.175  N:           -6.44 -+      4.232
STA_CRL:  TSUKU3           C:  -.989  -.985   .983   .001   .000   .000   .000   .003  -.001   .637   .000  -.000   .002  -.057   .079
STA_GCX:  TSUKUB32         X:  -3957408806.16 -+      0.290  Y:   3310229474.28 -+      0.299  Z:   3737494742.91 -+      0.405 Obs_used:  999783 Obs_tot: 1035960 Ses_used:   985 Ses_tot:   985 Date_beg: 1998.06.25 Date_end: 2016.12.27
STA_GCU:  TSUKUB32         U:            1.74 -+      0.373  E:           -1.90 -+      0.288  N:           -5.09 -+      0.340
STA_CRL:  TSUKUB32         C:  -.052  -.261   .007   .097   .063   .026   .078   .185  -.074   .645   .022  -.045   .100  -.058   .079
STA_GCX:  TSUKUBA          X:  -3957172969.12 -+     12.029  Y:   3310238051.91 -+     10.078  Z:   3737708885.82 -+     11.852 Obs_used:    1187 Obs_tot:    1279 Ses_used:    11 Ses_tot:    11 Date_beg: 1984.07.18 Date_end: 1991.07.31
STA_GCU:  TSUKUBA          U:           -3.18 -+     19.307  E:            4.24 -+      1.727  N:            5.81 -+      3.313
STA_CRL:  TSUKUBA          C:  -.975  -.949   .909   .010  -.003  -.004  -.002   .014   .001   .637  -.002   .001   .009  -.057   .079
STA_GCX:  UCHINOUR         X:  -3586229372.14 -+      5.381  Y:   4114103719.45 -+      6.066  Z:   3290224678.07 -+      5.138 Obs_used:    3421 Obs_tot:    3676 Ses_used:     3 Ses_tot:     3 Date_beg: 2008.01.20 Date_end: 2012.02.14
STA_GCU:  UCHINOUR         U:            7.25 -+      9.483  E:           -0.27 -+      0.970  N:           -6.66 -+      1.130
STA_CRL:  UCHINOUR         C:  -.971  -.956   .962  -.124   .072   .041   .057  -.042   .000  -.837   .078  -.055  -.083  -.757   .789
STA_GCX:  URUMQI           X:    228310312.26 -+      0.304  Y:   4631922815.36 -+      0.712  Z:   4367064088.34 -+      0.729 Obs_used:  107513 Obs_tot:  116270 Ses_used:   167 Ses_tot:   167 Date_beg: 1994.03.16 Date_end: 2019.04.16
STA_GCU:  URUMQI           U:           72.16 -+      0.954  E:           -0.49 -+      0.302  N:           -5.94 -+      0.359
STA_CRL:  URUMQI           C:   .088  -.040   .757   .059  -.002  -.027   .049  -.240  -.263  -.002  -.014  -.163  -.119  -.006   .287
STA_GCX:  USSURISK         X:  -3059725005.51 -+   9999.948  Y:   3427256802.63 -+   9999.969  Z:   4409485544.32 -+   9999.973 Obs_used:      57 Obs_tot:      59 Ses_used:     1 Ses_tot:     1 Date_beg: 1992.03.12 Date_end: 1992.03.12
STA_GCU:  USSURISK         U:           12.69 -+   9999.992  E:          -23.19 -+   9999.935  N:           24.35 -+   9999.962
STA_CRL:  USSURISK         C:  -.000  -.000   .000   .998   .000   .000  -.000   .998  -.000  -.004  -.000  -.000   .997  -.005   .005
STA_GCX:  USUDA64          X:  -3855355403.56 -+      6.233  Y:   3427427559.99 -+      5.614  Z:   3740971148.37 -+      5.965 Obs_used:    3316 Obs_tot:    4148 Ses_used:     8 Ses_tot:     8 Date_beg: 1990.07.30 Date_end: 2015.01.09
STA_GCU:  USUDA64          U:          -11.02 -+     10.114  E:           -9.92 -+      1.158  N:           -6.35 -+      1.521
STA_CRL:  USUDA64          C:  -.962  -.944   .940   .537  -.498  -.452  -.512   .541   .453  -.930  -.461   .451   .519  -.854   .834
STA_GCX:  USUDA64__110311  X:  -3855355564.79 -+      7.261  Y:   3427427396.32 -+      6.439  Z:   3740971215.37 -+      6.969 Obs_used:       0 Obs_tot:       0 Ses_used:     0 Ses_tot:     0 Date_beg:            Date_end:           
STA_GCU:  USUDA64__110311  U:           37.98 -+     11.618  E:          219.52 -+      1.686  N:           40.83 -+      2.218
STA_CRL:  USUDA64__110311  C:  -.939  -.918   .897  -.558   .523   .475   .513  -.558  -.456  -.930   .505  -.492  -.591  -.854   .834
STA_GCX:  VERAISGK         X:  -3263994962.97 -+      2.927  Y:   4808056348.34 -+      3.978  Z:   2619949024.16 -+      2.439 Obs_used:   31790 Obs_tot:   35618 Ses_used:    55 Ses_tot:    55 Date_beg: 2006.02.16 Date_end: 2015.02.17
STA_GCU:  VERAISGK         U:          -20.14 -+      5.425  E:            0.76 -+      0.646  N:           -2.76 -+      0.700
STA_CRL:  VERAISGK         C:  -.965  -.923   .952  -.270   .194   .219   .224  -.178  -.236  -.894   .219  -.201  -.268  -.782   .888
STA_GCX:  VERAMZSW         X:  -3857241843.42 -+      1.095  Y:   3108784899.15 -+      0.935  Z:   4003900571.87 -+      1.141 Obs_used:   59933 Obs_tot:   64918 Ses_used:   106 Ses_tot:   106 Date_beg: 2003.05.21 Date_end: 2019.02.12
STA_GCU:  VERAMZSW         U:           47.81 -+      1.753  E:           -9.86 -+      0.372  N:           -5.55 -+      0.404
STA_CRL:  VERAMZSW         C:  -.863  -.881   .841  -.383   .380   .391   .386  -.358  -.397  -.634   .387  -.386  -.366  -.651   .648
STA_GCX:  VERNAL           X:  -1631473598.73 -+     45.709  Y:  -4589129192.34 -+    116.410  Z:   4106759873.93 -+     98.821 Obs_used:    1595 Obs_tot:    1595 Ses_used:     8 Ses_tot:     8 Date_beg: 1986.03.30 Date_end: 1990.10.22
STA_GCU:  VERNAL           U:           16.06 -+    156.634  E:           16.24 -+     17.353  N:          -59.63 -+     23.889
STA_CRL:  VERNAL           C:   .915  -.896  -.953   .990   .903  -.886   .906   .989  -.943   .915  -.884  -.938   .988  -.895  -.952
STA_GCX:  VICTORIA         X:  -2341314401.51 -+   9368.997  Y:  -3539078138.98 -+   9597.991  Z:   4745770844.65 -+   9667.374 Obs_used:     521 Obs_tot:     521 Ses_used:     3 Ses_tot:     3 Date_beg: 1990.08.01 Date_end: 1990.08.03
STA_GCU:  VICTORIA         U:          199.20 -+   9986.350  E:        -5412.69 -+   9366.704  N:         3625.73 -+   9267.973
STA_CRL:  VICTORIA         C:   .016  -.054  -.054   .000   .016  -.054   .017   .000  -.054   .017  -.054  -.054   .000  -.054  -.054
STA_GCX:  VLA-N8           X:  -1601147918.54 -+      8.342  Y:  -5041733480.19 -+     23.345  Z:   3555235651.14 -+     15.957 Obs_used:     147 Obs_tot:     155 Ses_used:     1 Ses_tot:     1 Date_beg: 1996.02.09 Date_end: 1996.02.09
STA_GCU:  VLA-N8           U:          -36.21 -+     29.244  E:         -187.85 -+      2.690  N:         -115.40 -+      2.602
STA_CRL:  VLA-N8           C:   .943  -.933  -.982   .008  -.001  -.001  -.001   .005   .000  -.311  -.000   .000   .005  -.114  -.199
STA_GCX:  VNDNBERG         X:  -2678095326.29 -+      8.151  Y:  -4525450139.65 -+     12.950  Z:   3597410573.50 -+     11.419 Obs_used:   45883 Obs_tot:   45935 Ses_used:   178 Ses_tot:   178 Date_beg: 1983.08.22 Date_end: 1991.07.28
STA_GCU:  VNDNBERG         U:          -92.11 -+     18.342  E:           -9.28 -+      3.264  N:          -13.66 -+      4.179
STA_CRL:  VNDNBERG         C:   .887  -.851  -.885   .978   .863  -.832   .868   .980  -.869   .868  -.823  -.854   .975  -.835  -.870
STA_GCX:  WARK12M          X:  -5115324365.26 -+      1.437  Y:    477843302.09 -+      0.564  Z:  -3767192938.99 -+      1.161 Obs_used:  331602 Obs_tot:  336220 Ses_used:   461 Ses_tot:   461 Date_beg: 2011.02.28 Date_end: 2019.03.27
STA_GCU:  WARK12M          U:           14.05 -+      1.751  E:            0.05 -+      0.514  N:            1.68 -+      0.633
STA_CRL:  WARK12M          C:  -.464   .755  -.367  -.752   .373  -.623   .201  -.355   .177  -.200  -.632   .333  -.699   .284   .084
STA_GCX:  WESTFORD         X:   1492206386.22 -+      0.205  Y:  -4458130529.07 -+      0.252  Z:   4296015588.32 -+      0.256 Obs_used: 1316242 Obs_tot: 1342010 Ses_used:  2276 Ses_tot:  2276 Date_beg: 1981.05.13 Date_end: 2014.09.02
STA_GCU:  WESTFORD         U:            2.39 -+      0.307  E:           -0.45 -+      0.178  N:           -0.40 -+      0.212
STA_CRL:  WESTFORD         C:  -.399   .101  -.371   .250  -.062  -.022  -.081   .199   .023   .147  -.018   .012   .130  -.013  -.022
STA_GCX:  WETTZ13N         X:   4075627712.00 -+      0.270  Y:    931774216.55 -+      0.174  Z:   4801552330.44 -+      0.267 Obs_used:  270817 Obs_tot:  276475 Ses_used:   260 Ses_tot:   260 Date_beg: 2015.06.09 Date_end: 2019.05.07
STA_GCU:  WETTZ13N         U:           -2.18 -+      0.292  E:          -74.08 -+      0.174  N:          -71.71 -+      0.243
STA_CRL:  WETTZ13N         C:   .116   .197  -.027   .122   .019  -.074   .009   .052  -.030  -.541  -.049  -.035   .015  -.101  -.092
STA_GCX:  WETTZELL         X:   4075539677.75 -+      0.226  Y:    931735485.24 -+      0.149  Z:   4801629495.63 -+      0.200 Obs_used: 2562737 Obs_tot: 2624647 Ses_used:  3752 Ses_tot:  3752 Date_beg: 1983.07.27 Date_end: 2019.06.17
STA_GCU:  WETTZELL         U:            3.07 -+      0.197  E:            1.13 -+      0.150  N:           -4.12 -+      0.227
STA_CRL:  WETTZELL         C:   .061  -.096  -.200   .202   .026  -.078   .013   .120  -.037  -.551  -.047  -.038   .067  -.102  -.094
STA_GCX:  WHTHORSE         X:  -2215211990.71 -+    203.727  Y:  -2209259790.19 -+    189.144  Z:   5540289330.67 -+    452.274 Obs_used:    1950 Obs_tot:    1950 Ses_used:     9 Ses_tot:     9 Date_beg: 1984.08.07 Date_end: 1989.08.10
STA_GCU:  WHTHORSE         U:        -1753.14 -+    521.898  E:          130.94 -+     67.066  N:          404.11 -+     70.407
STA_CRL:  WHTHORSE         C:   .886  -.917  -.937   .996   .882  -.914   .881   .996  -.932   .885  -.912  -.932   .996  -.917  -.936
STA_GCX:  WHTHORSE_871201  X:  -2215212205.46 -+    181.353  Y:  -2209260000.63 -+    168.738  Z:   5540289663.94 -+    403.161 Obs_used:       0 Obs_tot:       0 Ses_used:     0 Ses_tot:     0 Date_beg:            Date_end:           
STA_GCU:  WHTHORSE_871201  U:        -1315.38 -+    465.283  E:          128.29 -+     59.576  N:          304.93 -+     62.148
STA_CRL:  WHTHORSE_871201  C:   .886  -.919  -.937   .997   .882  -.915   .882   .996  -.933   .885  -.914  -.932   .996  -.917  -.936
STA_GCX:  YAKATAGA         X:  -2529744478.13 -+     96.448  Y:  -1942091073.46 -+     78.352  Z:   5505029132.14 -+    199.743 Obs_used:    3542 Obs_tot:    3542 Ses_used:    16 Ses_tot:    16 Date_beg: 1984.07.31 Date_end: 1990.06.10
STA_GCU:  YAKATAGA         U:          511.40 -+    230.535  E:          218.48 -+     35.509  N:          250.40 -+     30.516
STA_CRL:  YAKATAGA         C:   .829  -.910  -.925   .990   .816  -.899   .814   .991  -.915   .818  -.897  -.915   .990  -.905  -.924
STA_GCX:  YAKATAGA_871201  X:  -2529744535.20 -+     85.761  Y:  -1942091014.20 -+     69.782  Z:   5505028961.47 -+    177.677 Obs_used:       0 Obs_tot:       0 Ses_used:     0 Ses_tot:     0 Date_beg:            Date_end:           
STA_GCU:  YAKATAGA_871201  U:          368.05 -+    204.977  E:          136.72 -+     32.326  N:          157.32 -+     27.079
STA_CRL:  YAKATAGA_871201  C:   .821  -.907  -.925   .990   .810  -.897   .810   .991  -.915   .818  -.895  -.914   .989  -.905  -.924
STA_GCX:  YARRA12M         X:  -2388895995.93 -+      0.568  Y:   5043349966.14 -+      0.775  Z:  -3078591014.36 -+      0.653 Obs_used:  711833 Obs_tot:  725262 Ses_used:   883 Ses_tot:   883 Date_beg: 2011.05.26 Date_end: 2019.06.24
STA_GCU:  YARRA12M         U:           26.73 -+      0.957  E:            8.82 -+      0.404  N:           -5.01 -+      0.520
STA_CRL:  YARRA12M         C:  -.617   .262  -.513  -.309   .274  -.225   .359  -.525   .340  -.156  -.257   .299  -.296  -.168   .433
STA_GCX:  YEBES            X:   4848780167.64 -+      3.900  Y:   -261701824.27 -+      0.504  Z:   4123035902.38 -+      3.403 Obs_used:   18088 Obs_tot:   18758 Ses_used:    36 Ses_tot:    36 Date_beg: 1995.06.08 Date_end: 2003.07.15
STA_GCU:  YEBES            U:          -60.91 -+      5.152  E:            2.33 -+      0.474  N:           -2.69 -+      0.529
STA_CRL:  YEBES            C:  -.345   .979  -.342   .117   .025   .094   .003   .169   .002  -.258   .059   .011   .084   .353   .030
STA_GCX:  YEBES40M         X:   4848761843.67 -+      0.449  Y:   -261484245.71 -+      0.174  Z:   4123084995.76 -+      0.406 Obs_used:  366069 Obs_tot:  384180 Ses_used:   306 Ses_tot:   306 Date_beg: 2008.09.11 Date_end: 2019.06.20
STA_GCU:  YEBES40M         U:           21.84 -+      0.557  E:            0.30 -+      0.174  N:           -3.20 -+      0.237
STA_CRL:  YEBES40M         C:  -.050   .688  -.064  -.505  -.011  -.546  -.005  -.130  -.010  -.261  -.344  -.018  -.354   .356   .031
STA_GCX:  YELLOWKN         X:  -1224124905.81 -+     17.329  Y:  -2689530738.93 -+     37.951  Z:   5633555340.98 -+     79.032 Obs_used:     832 Obs_tot:     836 Ses_used:     2 Ses_tot:     2 Date_beg: 1984.08.24 Date_end: 1985.09.04
STA_GCU:  YELLOWKN         U:          -31.32 -+     89.285  E:            5.26 -+      2.298  N:            3.81 -+      3.107
STA_CRL:  YELLOWKN         C:   .989  -.990  -.996   .092   .029  -.026   .046   .063  -.040   .340  -.051  -.050   .058  -.378  -.646
STA_GCX:  YLOW7296         X:  -1224399839.87 -+      1.091  Y:  -2689273319.54 -+      1.885  Z:   5633620276.27 -+      3.561 Obs_used:   27417 Obs_tot:   28192 Ses_used:    94 Ses_tot:    94 Date_beg: 1991.06.30 Date_end: 2006.08.02
STA_GCU:  YLOW7296         U:            5.68 -+      4.010  E:           -1.07 -+      0.790  N:            0.51 -+      0.849
STA_CRL:  YLOW7296         C:   .627  -.651  -.872   .707   .285  -.279   .367   .667  -.478   .344  -.406  -.539   .661  -.381  -.649
STA_GCX:  YUMA             X:  -2196778261.31 -+     45.896  Y:  -4887337307.25 -+    101.060  Z:   3448425234.71 -+     70.927 Obs_used:    4581 Obs_tot:    4584 Ses_used:    20 Ses_tot:    20 Date_beg: 1983.11.05 Date_end: 1988.10.21
STA_GCU:  YUMA             U:           77.46 -+    129.744  E:           -4.00 -+     13.094  N:          -31.46 -+     18.585
STA_CRL:  YUMA             C:   .951  -.921  -.950   .990   .942  -.914   .942   .991  -.942   .953  -.912  -.940   .990  -.925  -.952
STA_GCX:  ZELENCHK         X:   3451207597.48 -+      0.623  Y:   3060375372.08 -+      0.520  Z:   4391915016.07 -+      0.786 Obs_used:  514426 Obs_tot:  535924 Ses_used:   531 Ses_tot:   531 Date_beg: 2005.12.22 Date_end: 2019.06.20
STA_GCU:  ZELENCHK         U:           16.55 -+      1.052  E:            1.34 -+      0.254  N:           -4.69 -+      0.323
STA_CRL:  ZELENCHK         C:   .802   .787   .791   .119   .063   .041   .070   .115   .046  -.205   .039   .039   .087   .177   .171
STA_GCX:  ZELENCHK_070701  X:   3451207606.68 -+      0.430  Y:   3060375377.01 -+      0.351  Z:   4391915021.53 -+      0.524 Obs_used:       0 Obs_tot:       0 Ses_used:     0 Ses_tot:     0 Date_beg:            Date_end:           
STA_GCU:  ZELENCHK_070701  U:           27.66 -+      0.689  E:           -1.08 -+      0.188  N:           -7.77 -+      0.269
STA_CRL:  ZELENCHK_070701  C:   .768   .676   .716  -.132  -.174  -.226  -.192  -.205  -.257  -.205  -.194  -.201  -.175   .177   .171
